[2025-11-04T18:17:43.199+0000] {local_task_job_runner.py:123} INFO - ::group::Pre task execution logs
[2025-11-04T18:17:43.236+0000] {taskinstance.py:2613} INFO - Dependencies all met for dep_context=non-requeueable deps ti=<TaskInstance: hiring_lineal.download_data manual__2025-11-04T18:04:05.832610+00:00 [queued]>
[2025-11-04T18:17:43.261+0000] {taskinstance.py:2613} INFO - Dependencies all met for dep_context=requeueable deps ti=<TaskInstance: hiring_lineal.download_data manual__2025-11-04T18:04:05.832610+00:00 [queued]>
[2025-11-04T18:17:43.264+0000] {taskinstance.py:2866} INFO - Starting attempt 3 of 3
[2025-11-04T18:17:43.297+0000] {taskinstance.py:2889} INFO - Executing <Task(BashOperator): download_data> on 2025-11-04 18:04:05.832610+00:00
[2025-11-04T18:17:43.317+0000] {standard_task_runner.py:72} INFO - Started process 734 to run task
[2025-11-04T18:17:43.325+0000] {standard_task_runner.py:104} INFO - Running: ['airflow', 'tasks', 'run', 'hiring_lineal', 'download_data', 'manual__2025-11-04T18:04:05.832610+00:00', '--job-id', '15', '--raw', '--subdir', 'DAGS_FOLDER/dag_lineal.py', '--cfg-path', '/tmp/tmp5fpn6a1c']
[2025-11-04T18:17:43.332+0000] {standard_task_runner.py:105} INFO - Job 15: Subtask download_data
[2025-11-04T18:17:43.423+0000] {task_command.py:467} INFO - Running <TaskInstance: hiring_lineal.download_data manual__2025-11-04T18:04:05.832610+00:00 [running]> on host 94ae2b4d245a
[2025-11-04T18:17:43.631+0000] {taskinstance.py:3132} INFO - Exporting env vars: AIRFLOW_CTX_DAG_OWNER='airflow' AIRFLOW_CTX_DAG_ID='hiring_lineal' AIRFLOW_CTX_TASK_ID='download_data' AIRFLOW_CTX_EXECUTION_DATE='2025-11-04T18:04:05.832610+00:00' AIRFLOW_CTX_TRY_NUMBER='3' AIRFLOW_CTX_DAG_RUN_ID='manual__2025-11-04T18:04:05.832610+00:00'
[2025-11-04T18:17:43.634+0000] {taskinstance.py:731} INFO - ::endgroup::
[2025-11-04T18:17:43.665+0000] {subprocess.py:78} INFO - Tmp dir root location: /tmp
[2025-11-04T18:17:43.670+0000] {subprocess.py:88} INFO - Running command: ['/usr/bin/bash', '-c', 'curl -o /opt/airflow/dags/2025-11-04/raw/data_1.csv https://gitlab.com/eduardomoyab/laboratorio-13/-/raw/main/files/data_1.csv']
[2025-11-04T18:17:43.701+0000] {subprocess.py:99} INFO - Output:
[2025-11-04T18:17:43.722+0000] {subprocess.py:106} INFO -   % Total    % Received % Xferd  Average Speed   Time    Time     Time  Current
[2025-11-04T18:17:43.724+0000] {subprocess.py:106} INFO -                                  Dload  Upload   Total   Spent    Left  Speed
[2025-11-04T18:17:44.127+0000] {subprocess.py:106} INFO -   0     0    0     0    0     0      0      0 --:--:-- --:--:-- --:--:--     0100 32735  100 32735    0     0  80655      0 --:--:-- --:--:-- --:--:-- 81027
[2025-11-04T18:17:44.133+0000] {subprocess.py:110} INFO - Command exited with return code 0
[2025-11-04T18:17:44.170+0000] {taskinstance.py:340} INFO - ::group::Post task execution logs
[2025-11-04T18:17:44.172+0000] {taskinstance.py:352} INFO - Marking task as SUCCESS. dag_id=hiring_lineal, task_id=download_data, run_id=manual__2025-11-04T18:04:05.832610+00:00, execution_date=20251104T180405, start_date=20251104T181743, end_date=20251104T181744
[2025-11-04T18:17:44.213+0000] {local_task_job_runner.py:266} INFO - Task exited with return code 0
[2025-11-04T18:17:44.252+0000] {taskinstance.py:3895} INFO - 1 downstream tasks scheduled from follow-on schedule check
[2025-11-04T18:17:44.260+0000] {local_task_job_runner.py:245} INFO - ::endgroup::
