{"timestamp":"2025-12-03T15:15:27.213395Z","level":"info","event":"DAG bundles loaded: dags-folder, example_dags","logger":"airflow.dag_processing.bundles.manager.DagBundlesManager","filename":"manager.py","lineno":179}
{"timestamp":"2025-12-03T15:15:27.213671Z","level":"info","event":"Filling up the DagBag from /Users/jesu/Desktop/Magister/LabProgramacionCientifica/NanSquad/Proyecto/entrega3/airflow/dags/dag.py","logger":"airflow.models.dagbag.DagBag","filename":"dagbag.py","lineno":593}
{"timestamp":"2025-12-03T15:15:27.220065Z","level":"warning","event":"The `airflow.operators.python.PythonOperator` attribute is deprecated. Please use `'airflow.providers.standard.operators.python.PythonOperator'`.","category":"DeprecatedImportWarning","filename":"/Users/jesu/Desktop/Magister/LabProgramacionCientifica/NanSquad/Proyecto/entrega3/airflow/dags/dag.py","lineno":5,"logger":"py.warnings"}
{"timestamp":"2025-12-03T15:15:27.220119Z","level":"warning","event":"The `airflow.operators.python.BranchPythonOperator` attribute is deprecated. Please use `'airflow.providers.standard.operators.python.BranchPythonOperator'`.","category":"DeprecatedImportWarning","filename":"/Users/jesu/Desktop/Magister/LabProgramacionCientifica/NanSquad/Proyecto/entrega3/airflow/dags/dag.py","lineno":5,"logger":"py.warnings"}
{"timestamp":"2025-12-03T15:15:27.220155Z","level":"warning","event":"The `airflow.operators.empty.EmptyOperator` attribute is deprecated. Please use `'airflow.providers.standard.operators.empty.EmptyOperator'`.","category":"DeprecatedImportWarning","filename":"/Users/jesu/Desktop/Magister/LabProgramacionCientifica/NanSquad/Proyecto/entrega3/airflow/dags/dag.py","lineno":6,"logger":"py.warnings"}
{"timestamp":"2025-12-03T15:15:27.220188Z","level":"warning","event":"The `airflow.models.baseoperator.cross_downstream` attribute is deprecated. Please use `'airflow.sdk.bases.operator.cross_downstream'`.","category":"DeprecatedImportWarning","filename":"/Users/jesu/Desktop/Magister/LabProgramacionCientifica/NanSquad/Proyecto/entrega3/airflow/dags/dag.py","lineno":8,"logger":"py.warnings"}
{"timestamp":"2025-12-03T15:15:27.220218Z","level":"warning","event":"No system locale set. Falling back to 'en_US'. Set LANG/LC_ALL or pass locale_code to override.","category":"UserWarning","filename":"/Users/jesu/Desktop/Magister/LabProgramacionCientifica/NanSquad/Proyecto/entrega3/venv/lib/python3.10/site-packages/cron_descriptor/ExpressionDescriptor.py","lineno":69,"logger":"py.warnings"}
{"timestamp":"2025-12-03T15:15:27.232378Z","level":"info","event":"Task instance is in running state","logger":"task.stdout"}
{"timestamp":"2025-12-03T15:15:27.232452Z","level":"info","event":" Previous state of the Task instance: TaskInstanceState.QUEUED","logger":"task.stdout"}
{"timestamp":"2025-12-03T15:15:27.232661Z","level":"info","event":"Current task name:train_final_model","logger":"task.stdout"}
{"timestamp":"2025-12-03T15:15:27.232692Z","level":"info","event":"Dag name:product_purchase_prediction","logger":"task.stdout"}
{"timestamp":"2025-12-03T15:15:27.501039Z","level":"warning","event":"Filesystem tracking backend (e.g., './mlruns') is deprecated. Please switch to a database backend (e.g., 'sqlite:///mlflow.db'). For feedback, see: https://github.com/mlflow/mlflow/issues/18534","category":"FutureWarning","filename":"/Users/jesu/Desktop/Magister/LabProgramacionCientifica/NanSquad/Proyecto/entrega3/venv/lib/python3.10/site-packages/mlflow/tracking/_tracking_service/utils.py","lineno":140,"logger":"py.warnings"}
{"timestamp":"2025-12-03T15:15:30.361450Z","level":"warning","event":"Filesystem model registry backend (e.g., './mlruns') is deprecated. Please switch to a database backend (e.g., 'sqlite:///mlflow.db'). For feedback, see: https://github.com/mlflow/mlflow/issues/18534","category":"FutureWarning","filename":"/Users/jesu/Desktop/Magister/LabProgramacionCientifica/NanSquad/Proyecto/entrega3/venv/lib/python3.10/site-packages/mlflow/tracking/_model_registry/utils.py","lineno":215,"logger":"py.warnings"}
{"timestamp":"2025-12-03T15:15:30.363113Z","level":"error","event":"Successfully registered model 'product_priority_model'.","logger":"task.stderr"}
{"timestamp":"2025-12-03T15:15:30.364865Z","level":"error","event":"Created version '1' of model 'product_priority_model'.","logger":"task.stderr"}
{"timestamp":"2025-12-03T15:15:30.375615Z","level":"info","event":"Done. Returned value was: None","logger":"airflow.task.operators.airflow.providers.standard.operators.python.PythonOperator","filename":"python.py","lineno":218}
{"timestamp":"2025-12-03T15:15:30.392413Z","level":"info","event":"Task instance in success state","logger":"task.stdout"}
{"timestamp":"2025-12-03T15:15:30.392582Z","level":"info","event":" Previous state of the Task instance: TaskInstanceState.RUNNING","logger":"task.stdout"}
{"timestamp":"2025-12-03T15:15:30.393291Z","level":"info","event":"Task operator:<Task(PythonOperator): train_final_model>","logger":"task.stdout"}
{"timestamp":"2025-12-03T15:51:08.768468Z","level":"info","event":"DAG bundles loaded: dags-folder, example_dags","logger":"airflow.dag_processing.bundles.manager.DagBundlesManager","filename":"manager.py","lineno":179}
{"timestamp":"2025-12-03T15:51:08.768721Z","level":"info","event":"Filling up the DagBag from /Users/jesu/Desktop/Magister/LabProgramacionCientifica/NanSquad/Proyecto/entrega3/airflow/dags/dag.py","logger":"airflow.models.dagbag.DagBag","filename":"dagbag.py","lineno":593}
{"timestamp":"2025-12-03T15:51:08.774877Z","level":"warning","event":"The `airflow.operators.python.PythonOperator` attribute is deprecated. Please use `'airflow.providers.standard.operators.python.PythonOperator'`.","category":"DeprecatedImportWarning","filename":"/Users/jesu/Desktop/Magister/LabProgramacionCientifica/NanSquad/Proyecto/entrega3/airflow/dags/dag.py","lineno":5,"logger":"py.warnings"}
{"timestamp":"2025-12-03T15:51:08.774928Z","level":"warning","event":"The `airflow.operators.python.BranchPythonOperator` attribute is deprecated. Please use `'airflow.providers.standard.operators.python.BranchPythonOperator'`.","category":"DeprecatedImportWarning","filename":"/Users/jesu/Desktop/Magister/LabProgramacionCientifica/NanSquad/Proyecto/entrega3/airflow/dags/dag.py","lineno":5,"logger":"py.warnings"}
{"timestamp":"2025-12-03T15:51:08.774965Z","level":"warning","event":"The `airflow.operators.empty.EmptyOperator` attribute is deprecated. Please use `'airflow.providers.standard.operators.empty.EmptyOperator'`.","category":"DeprecatedImportWarning","filename":"/Users/jesu/Desktop/Magister/LabProgramacionCientifica/NanSquad/Proyecto/entrega3/airflow/dags/dag.py","lineno":6,"logger":"py.warnings"}
{"timestamp":"2025-12-03T15:51:08.774997Z","level":"warning","event":"The `airflow.models.baseoperator.cross_downstream` attribute is deprecated. Please use `'airflow.sdk.bases.operator.cross_downstream'`.","category":"DeprecatedImportWarning","filename":"/Users/jesu/Desktop/Magister/LabProgramacionCientifica/NanSquad/Proyecto/entrega3/airflow/dags/dag.py","lineno":8,"logger":"py.warnings"}
{"timestamp":"2025-12-03T15:51:08.775029Z","level":"warning","event":"No system locale set. Falling back to 'en_US'. Set LANG/LC_ALL or pass locale_code to override.","category":"UserWarning","filename":"/Users/jesu/Desktop/Magister/LabProgramacionCientifica/NanSquad/Proyecto/entrega3/venv/lib/python3.10/site-packages/cron_descriptor/ExpressionDescriptor.py","lineno":69,"logger":"py.warnings"}
{"timestamp":"2025-12-03T15:51:08.787914Z","level":"info","event":"Task instance is in running state","logger":"task.stdout"}
{"timestamp":"2025-12-03T15:51:08.787970Z","level":"info","event":" Previous state of the Task instance: TaskInstanceState.QUEUED","logger":"task.stdout"}
{"timestamp":"2025-12-03T15:51:08.788171Z","level":"info","event":"Current task name:train_final_model","logger":"task.stdout"}
{"timestamp":"2025-12-03T15:51:08.788199Z","level":"info","event":"Dag name:product_purchase_prediction","logger":"task.stdout"}
{"timestamp":"2025-12-03T15:51:09.069119Z","level":"warning","event":"Filesystem tracking backend (e.g., './mlruns') is deprecated. Please switch to a database backend (e.g., 'sqlite:///mlflow.db'). For feedback, see: https://github.com/mlflow/mlflow/issues/18534","category":"FutureWarning","filename":"/Users/jesu/Desktop/Magister/LabProgramacionCientifica/NanSquad/Proyecto/entrega3/venv/lib/python3.10/site-packages/mlflow/tracking/_tracking_service/utils.py","lineno":140,"logger":"py.warnings"}
{"timestamp":"2025-12-03T15:51:11.913451Z","level":"warning","event":"Filesystem model registry backend (e.g., './mlruns') is deprecated. Please switch to a database backend (e.g., 'sqlite:///mlflow.db'). For feedback, see: https://github.com/mlflow/mlflow/issues/18534","category":"FutureWarning","filename":"/Users/jesu/Desktop/Magister/LabProgramacionCientifica/NanSquad/Proyecto/entrega3/venv/lib/python3.10/site-packages/mlflow/tracking/_model_registry/utils.py","lineno":215,"logger":"py.warnings"}
{"timestamp":"2025-12-03T15:51:11.913944Z","level":"error","event":"Successfully registered model 'product_priority_model'.","logger":"task.stderr"}
{"timestamp":"2025-12-03T15:51:11.916764Z","level":"error","event":"Created version '1' of model 'product_priority_model'.","logger":"task.stderr"}
{"timestamp":"2025-12-03T15:51:11.927099Z","level":"info","event":"Done. Returned value was: None","logger":"airflow.task.operators.airflow.providers.standard.operators.python.PythonOperator","filename":"python.py","lineno":218}
{"timestamp":"2025-12-03T15:51:11.940015Z","level":"info","event":"Task instance in success state","logger":"task.stdout"}
{"timestamp":"2025-12-03T15:51:11.940191Z","level":"info","event":" Previous state of the Task instance: TaskInstanceState.RUNNING","logger":"task.stdout"}
{"timestamp":"2025-12-03T15:51:11.940314Z","level":"info","event":"Task operator:<Task(PythonOperator): train_final_model>","logger":"task.stdout"}
