{"timestamp":"2025-12-02T15:57:07.113620Z","level":"info","event":"DAG bundles loaded: dags-folder, example_dags","logger":"airflow.dag_processing.bundles.manager.DagBundlesManager","filename":"manager.py","lineno":179}
{"timestamp":"2025-12-02T15:57:07.113867Z","level":"info","event":"Filling up the DagBag from /Users/jesu/Desktop/Magister/LabProgramacionCientifica/NanSquad/Proyecto/entrega3/airflow/dags/dag.py","logger":"airflow.models.dagbag.DagBag","filename":"dagbag.py","lineno":593}
{"timestamp":"2025-12-02T15:57:07.119831Z","level":"warning","event":"The `airflow.operators.python.PythonOperator` attribute is deprecated. Please use `'airflow.providers.standard.operators.python.PythonOperator'`.","category":"DeprecatedImportWarning","filename":"/Users/jesu/Desktop/Magister/LabProgramacionCientifica/NanSquad/Proyecto/entrega3/airflow/dags/dag.py","lineno":5,"logger":"py.warnings"}
{"timestamp":"2025-12-02T15:57:07.119895Z","level":"warning","event":"The `airflow.operators.python.BranchPythonOperator` attribute is deprecated. Please use `'airflow.providers.standard.operators.python.BranchPythonOperator'`.","category":"DeprecatedImportWarning","filename":"/Users/jesu/Desktop/Magister/LabProgramacionCientifica/NanSquad/Proyecto/entrega3/airflow/dags/dag.py","lineno":5,"logger":"py.warnings"}
{"timestamp":"2025-12-02T15:57:07.119930Z","level":"warning","event":"The `airflow.operators.empty.EmptyOperator` attribute is deprecated. Please use `'airflow.providers.standard.operators.empty.EmptyOperator'`.","category":"DeprecatedImportWarning","filename":"/Users/jesu/Desktop/Magister/LabProgramacionCientifica/NanSquad/Proyecto/entrega3/airflow/dags/dag.py","lineno":6,"logger":"py.warnings"}
{"timestamp":"2025-12-02T15:57:07.119966Z","level":"warning","event":"The `airflow.models.baseoperator.cross_downstream` attribute is deprecated. Please use `'airflow.sdk.bases.operator.cross_downstream'`.","category":"DeprecatedImportWarning","filename":"/Users/jesu/Desktop/Magister/LabProgramacionCientifica/NanSquad/Proyecto/entrega3/airflow/dags/dag.py","lineno":8,"logger":"py.warnings"}
{"timestamp":"2025-12-02T15:57:07.119998Z","level":"warning","event":"No system locale set. Falling back to 'en_US'. Set LANG/LC_ALL or pass locale_code to override.","category":"UserWarning","filename":"/Users/jesu/Desktop/Magister/LabProgramacionCientifica/NanSquad/Proyecto/entrega3/venv/lib/python3.10/site-packages/cron_descriptor/ExpressionDescriptor.py","lineno":69,"logger":"py.warnings"}
{"timestamp":"2025-12-02T15:57:07.133327Z","level":"info","event":"Task instance is in running state","logger":"task.stdout"}
{"timestamp":"2025-12-02T15:57:07.133379Z","level":"info","event":" Previous state of the Task instance: TaskInstanceState.QUEUED","logger":"task.stdout"}
{"timestamp":"2025-12-02T15:57:07.133604Z","level":"info","event":"Current task name:load_best_params","logger":"task.stdout"}
{"timestamp":"2025-12-02T15:57:07.133631Z","level":"info","event":"Dag name:product_purchase_prediction","logger":"task.stdout"}
{"timestamp":"2025-12-02T15:57:07.134361Z","level":"info","event":"Hiperparámetros cargados desde /Users/jesu/Desktop/Magister/LabProgramacionCientifica/NanSquad/Proyecto/entrega3/airflow/models/best_hyperparameters.json","logger":"task.stdout"}
{"timestamp":"2025-12-02T15:57:07.134392Z","level":"info","event":"  - Optimizados el: 2025-12-02","logger":"task.stdout"}
{"timestamp":"2025-12-02T15:57:07.134420Z","level":"info","event":"  - Mejor F1-score: N/A","logger":"task.stdout"}
{"timestamp":"2025-12-02T15:57:07.134452Z","level":"info","event":"  - Parámetros: {'n_neighbors': 49, 'weights': 'distance', 'p': 1, 'leaf_size': 28, 'algorithm': 'ball_tree'}","logger":"task.stdout"}
{"timestamp":"2025-12-02T15:57:07.134398Z","level":"info","event":"Done. Returned value was: {'n_neighbors': 49, 'weights': 'distance', 'p': 1, 'leaf_size': 28, 'algorithm': 'ball_tree'}","logger":"airflow.task.operators.airflow.providers.standard.operators.python.PythonOperator","filename":"python.py","lineno":218}
{"timestamp":"2025-12-02T15:57:07.134484Z","level":"info","event":"Pushing xcom","ti":"RuntimeTaskInstance(id=UUID('019adfc7-d12e-752f-b204-a796e0b50752'), task_id='load_best_params', dag_id='product_purchase_prediction', run_id='manual__2025-12-02T15:56:44+00:00', try_number=1, dag_version_id=UUID('019adfc3-0ded-7e5e-b897-c38068bb3e01'), map_index=-1, hostname='mac-mini-de-maria.local', context_carrier={}, task=<Task(PythonOperator): load_best_params>, bundle_instance=LocalDagBundle(name=dags-folder), max_tries=1, start_date=datetime.datetime(2025, 12, 2, 15, 57, 6, 179487, tzinfo=datetime.timezone.utc), end_date=None, state=<TaskInstanceState.RUNNING: 'running'>, is_mapped=False, rendered_map_index=None)","logger":"task","filename":"task_runner.py","lineno":1360}
{"timestamp":"2025-12-02T15:57:07.142788Z","level":"info","event":"Task instance in success state","logger":"task.stdout"}
{"timestamp":"2025-12-02T15:57:07.142827Z","level":"info","event":" Previous state of the Task instance: TaskInstanceState.RUNNING","logger":"task.stdout"}
{"timestamp":"2025-12-02T15:57:07.143050Z","level":"info","event":"Task operator:<Task(PythonOperator): load_best_params>","logger":"task.stdout"}
