{"timestamp":"2025-12-02T15:57:06.025937Z","level":"info","event":"DAG bundles loaded: dags-folder, example_dags","logger":"airflow.dag_processing.bundles.manager.DagBundlesManager","filename":"manager.py","lineno":179}
{"timestamp":"2025-12-02T15:57:06.026177Z","level":"info","event":"Filling up the DagBag from /Users/jesu/Desktop/Magister/LabProgramacionCientifica/NanSquad/Proyecto/entrega3/airflow/dags/dag.py","logger":"airflow.models.dagbag.DagBag","filename":"dagbag.py","lineno":593}
{"timestamp":"2025-12-02T15:57:06.031829Z","level":"warning","event":"The `airflow.operators.python.PythonOperator` attribute is deprecated. Please use `'airflow.providers.standard.operators.python.PythonOperator'`.","category":"DeprecatedImportWarning","filename":"/Users/jesu/Desktop/Magister/LabProgramacionCientifica/NanSquad/Proyecto/entrega3/airflow/dags/dag.py","lineno":5,"logger":"py.warnings"}
{"timestamp":"2025-12-02T15:57:06.031879Z","level":"warning","event":"The `airflow.operators.python.BranchPythonOperator` attribute is deprecated. Please use `'airflow.providers.standard.operators.python.BranchPythonOperator'`.","category":"DeprecatedImportWarning","filename":"/Users/jesu/Desktop/Magister/LabProgramacionCientifica/NanSquad/Proyecto/entrega3/airflow/dags/dag.py","lineno":5,"logger":"py.warnings"}
{"timestamp":"2025-12-02T15:57:06.031915Z","level":"warning","event":"The `airflow.operators.empty.EmptyOperator` attribute is deprecated. Please use `'airflow.providers.standard.operators.empty.EmptyOperator'`.","category":"DeprecatedImportWarning","filename":"/Users/jesu/Desktop/Magister/LabProgramacionCientifica/NanSquad/Proyecto/entrega3/airflow/dags/dag.py","lineno":6,"logger":"py.warnings"}
{"timestamp":"2025-12-02T15:57:06.031953Z","level":"warning","event":"The `airflow.models.baseoperator.cross_downstream` attribute is deprecated. Please use `'airflow.sdk.bases.operator.cross_downstream'`.","category":"DeprecatedImportWarning","filename":"/Users/jesu/Desktop/Magister/LabProgramacionCientifica/NanSquad/Proyecto/entrega3/airflow/dags/dag.py","lineno":8,"logger":"py.warnings"}
{"timestamp":"2025-12-02T15:57:06.031983Z","level":"warning","event":"No system locale set. Falling back to 'en_US'. Set LANG/LC_ALL or pass locale_code to override.","category":"UserWarning","filename":"/Users/jesu/Desktop/Magister/LabProgramacionCientifica/NanSquad/Proyecto/entrega3/venv/lib/python3.10/site-packages/cron_descriptor/ExpressionDescriptor.py","lineno":69,"logger":"py.warnings"}
{"timestamp":"2025-12-02T15:57:06.039060Z","level":"info","event":"Task instance is in running state","logger":"task.stdout"}
{"timestamp":"2025-12-02T15:57:06.039108Z","level":"info","event":" Previous state of the Task instance: TaskInstanceState.QUEUED","logger":"task.stdout"}
{"timestamp":"2025-12-02T15:57:06.039306Z","level":"info","event":"Current task name:check_if_should_optimize","logger":"task.stdout"}
{"timestamp":"2025-12-02T15:57:06.039334Z","level":"info","event":"Dag name:product_purchase_prediction","logger":"task.stdout"}
{"timestamp":"2025-12-02T15:57:06.040939Z","level":"info","event":"Usando hiperparámetros existentes (1/4 semanas)","logger":"task.stdout"}
{"timestamp":"2025-12-02T15:57:06.040950Z","level":"info","event":"Done. Returned value was: load_best_params","logger":"airflow.task.operators.airflow.providers.standard.operators.python.BranchPythonOperator","filename":"python.py","lineno":218}
{"timestamp":"2025-12-02T15:57:06.040988Z","level":"info","event":"Branch into load_best_params","logger":"airflow.task.operators.airflow.providers.standard.operators.python.BranchPythonOperator","filename":"branch.py","lineno":44}
{"timestamp":"2025-12-02T15:57:06.041104Z","level":"info","event":"Following branch {'load_best_params'}","logger":"airflow.task.operators.airflow.providers.standard.operators.python.BranchPythonOperator","filename":"skipmixin.py","lineno":146}
{"timestamp":"2025-12-02T15:57:06.041207Z","level":"info","event":"Skipping tasks [('optimize_model', -1)]","logger":"airflow.task.operators.airflow.providers.standard.operators.python.BranchPythonOperator","filename":"skipmixin.py","lineno":185}
{"timestamp":"2025-12-02T15:57:06.048469Z","level":"info","event":"Skipping downstream tasks.","logger":"task","filename":"task_runner.py","lineno":943}
{"timestamp":"2025-12-02T15:57:06.058060Z","level":"info","event":"Task instance in success state","logger":"task.stdout"}
{"timestamp":"2025-12-02T15:57:06.058147Z","level":"info","event":" Previous state of the Task instance: TaskInstanceState.RUNNING","logger":"task.stdout"}
{"timestamp":"2025-12-02T15:57:06.058450Z","level":"info","event":"Task operator:<Task(BranchPythonOperator): check_if_should_optimize>","logger":"task.stdout"}
