[2025-11-04T18:08:08.593+0000] {local_task_job_runner.py:123} INFO - ::group::Pre task execution logs
[2025-11-04T18:08:08.621+0000] {taskinstance.py:2613} INFO - Dependencies all met for dep_context=non-requeueable deps ti=<TaskInstance: hiring_lineal.download_data manual__2025-11-04T18:07:43.953951+00:00 [queued]>
[2025-11-04T18:08:08.640+0000] {taskinstance.py:2613} INFO - Dependencies all met for dep_context=requeueable deps ti=<TaskInstance: hiring_lineal.download_data manual__2025-11-04T18:07:43.953951+00:00 [queued]>
[2025-11-04T18:08:08.641+0000] {taskinstance.py:2866} INFO - Starting attempt 1 of 1
[2025-11-04T18:08:08.669+0000] {taskinstance.py:2889} INFO - Executing <Task(BashOperator): download_data> on 2025-11-04 18:07:43.953951+00:00
[2025-11-04T18:08:08.688+0000] {standard_task_runner.py:72} INFO - Started process 328 to run task
[2025-11-04T18:08:08.694+0000] {standard_task_runner.py:104} INFO - Running: ['airflow', 'tasks', 'run', 'hiring_lineal', 'download_data', 'manual__2025-11-04T18:07:43.953951+00:00', '--job-id', '6', '--raw', '--subdir', 'DAGS_FOLDER/dag_lineal.py', '--cfg-path', '/tmp/tmp__os6rif']
[2025-11-04T18:08:08.699+0000] {standard_task_runner.py:105} INFO - Job 6: Subtask download_data
[2025-11-04T18:08:08.758+0000] {task_command.py:467} INFO - Running <TaskInstance: hiring_lineal.download_data manual__2025-11-04T18:07:43.953951+00:00 [running]> on host 94ae2b4d245a
[2025-11-04T18:08:08.834+0000] {taskinstance.py:3132} INFO - Exporting env vars: AIRFLOW_CTX_DAG_OWNER='airflow' AIRFLOW_CTX_DAG_ID='hiring_lineal' AIRFLOW_CTX_TASK_ID='download_data' AIRFLOW_CTX_EXECUTION_DATE='2025-11-04T18:07:43.953951+00:00' AIRFLOW_CTX_TRY_NUMBER='1' AIRFLOW_CTX_DAG_RUN_ID='manual__2025-11-04T18:07:43.953951+00:00'
[2025-11-04T18:08:08.835+0000] {taskinstance.py:731} INFO - ::endgroup::
[2025-11-04T18:08:08.850+0000] {subprocess.py:78} INFO - Tmp dir root location: /tmp
[2025-11-04T18:08:08.856+0000] {subprocess.py:88} INFO - Running command: ['/usr/bin/bash', '-c', 'curl -o /opt/airflow/dags/2025-11-04/raw/data_1.csv https://gitlab.com/eduardomoyab/laboratorio-13/-/raw/main/files/data_1.csv']
[2025-11-04T18:08:08.935+0000] {subprocess.py:99} INFO - Output:
[2025-11-04T18:08:08.957+0000] {subprocess.py:106} INFO -   % Total    % Received % Xferd  Average Speed   Time    Time     Time  Current
[2025-11-04T18:08:08.959+0000] {subprocess.py:106} INFO -                                  Dload  Upload   Total   Spent    Left  Speed
[2025-11-04T18:08:09.472+0000] {subprocess.py:106} INFO -   0     0    0     0    0     0      0      0 --:--:-- --:--:-- --:--:--     0100 32735  100 32735    0     0  63259      0 --:--:-- --:--:-- --:--:-- 63439100 32735  100 32735    0     0  63234      0 --:--:-- --:--:-- --:--:-- 63439
[2025-11-04T18:08:09.479+0000] {subprocess.py:110} INFO - Command exited with return code 0
[2025-11-04T18:08:09.520+0000] {taskinstance.py:340} INFO - ::group::Post task execution logs
[2025-11-04T18:08:09.521+0000] {taskinstance.py:352} INFO - Marking task as SUCCESS. dag_id=hiring_lineal, task_id=download_data, run_id=manual__2025-11-04T18:07:43.953951+00:00, execution_date=20251104T180743, start_date=20251104T180808, end_date=20251104T180809
[2025-11-04T18:08:09.575+0000] {local_task_job_runner.py:266} INFO - Task exited with return code 0
[2025-11-04T18:08:09.614+0000] {taskinstance.py:3895} INFO - 1 downstream tasks scheduled from follow-on schedule check
[2025-11-04T18:08:09.621+0000] {local_task_job_runner.py:245} INFO - ::endgroup::
