[2025-11-04T20:16:36.674+0000] {local_task_job_runner.py:123} INFO - ::group::Pre task execution logs
[2025-11-04T20:16:36.689+0000] {taskinstance.py:2613} INFO - Dependencies all met for dep_context=non-requeueable deps ti=<TaskInstance: monthly_hiring_pipeline.evaluate_models scheduled__2025-04-05T15:00:00+00:00 [queued]>
[2025-11-04T20:16:36.700+0000] {taskinstance.py:2613} INFO - Dependencies all met for dep_context=requeueable deps ti=<TaskInstance: monthly_hiring_pipeline.evaluate_models scheduled__2025-04-05T15:00:00+00:00 [queued]>
[2025-11-04T20:16:36.701+0000] {taskinstance.py:2866} INFO - Starting attempt 1 of 1
[2025-11-04T20:16:36.723+0000] {taskinstance.py:2889} INFO - Executing <Task(PythonOperator): evaluate_models> on 2025-04-05 15:00:00+00:00
[2025-11-04T20:16:36.732+0000] {standard_task_runner.py:72} INFO - Started process 6954 to run task
[2025-11-04T20:16:36.738+0000] {standard_task_runner.py:104} INFO - Running: ['airflow', 'tasks', 'run', 'monthly_hiring_pipeline', 'evaluate_models', 'scheduled__2025-04-05T15:00:00+00:00', '--job-id', '128', '--raw', '--subdir', 'DAGS_FOLDER/dag_dynamic.py', '--cfg-path', '/tmp/tmpmol3l3ta']
[2025-11-04T20:16:36.741+0000] {standard_task_runner.py:105} INFO - Job 128: Subtask evaluate_models
[2025-11-04T20:16:36.792+0000] {task_command.py:467} INFO - Running <TaskInstance: monthly_hiring_pipeline.evaluate_models scheduled__2025-04-05T15:00:00+00:00 [running]> on host 94ae2b4d245a
[2025-11-04T20:16:36.873+0000] {taskinstance.py:3132} INFO - Exporting env vars: AIRFLOW_CTX_DAG_OWNER='airflow' AIRFLOW_CTX_DAG_ID='monthly_hiring_pipeline' AIRFLOW_CTX_TASK_ID='evaluate_models' AIRFLOW_CTX_EXECUTION_DATE='2025-04-05T15:00:00+00:00' AIRFLOW_CTX_TRY_NUMBER='1' AIRFLOW_CTX_DAG_RUN_ID='scheduled__2025-04-05T15:00:00+00:00'
[2025-11-04T20:16:36.875+0000] {taskinstance.py:731} INFO - ::endgroup::
[2025-11-04T20:16:37.404+0000] {logging_mixin.py:190} INFO - Accuracy random_forest_model.joblib: 0.9267
[2025-11-04T20:16:37.462+0000] {logging_mixin.py:190} INFO - Accuracy gradient_boosting_model.joblib: 0.9300
[2025-11-04T20:16:37.479+0000] {logging_mixin.py:190} INFO - Accuracy logistic_regression_model.joblib: 0.9033
[2025-11-04T20:16:37.504+0000] {logging_mixin.py:190} INFO - Mejor modelo: gradient_boosting_model.joblib
[2025-11-04T20:16:37.505+0000] {logging_mixin.py:190} INFO - Accuracy: 0.9300
[2025-11-04T20:16:37.506+0000] {python.py:240} INFO - Done. Returned value was: None
[2025-11-04T20:16:37.517+0000] {taskinstance.py:340} INFO - ::group::Post task execution logs
[2025-11-04T20:16:37.519+0000] {taskinstance.py:352} INFO - Marking task as SUCCESS. dag_id=monthly_hiring_pipeline, task_id=evaluate_models, run_id=scheduled__2025-04-05T15:00:00+00:00, execution_date=20250405T150000, start_date=20251104T201636, end_date=20251104T201637
[2025-11-04T20:16:37.583+0000] {local_task_job_runner.py:266} INFO - Task exited with return code 0
[2025-11-04T20:16:37.610+0000] {taskinstance.py:3895} INFO - 0 downstream tasks scheduled from follow-on schedule check
[2025-11-04T20:16:37.612+0000] {local_task_job_runner.py:245} INFO - ::endgroup::
