{"timestamp":"2025-12-03T15:17:55.644692Z","level":"info","event":"DAG bundles loaded: dags-folder, example_dags","logger":"airflow.dag_processing.bundles.manager.DagBundlesManager","filename":"manager.py","lineno":179}
{"timestamp":"2025-12-03T15:17:55.644920Z","level":"info","event":"Filling up the DagBag from /Users/jesu/Desktop/Magister/LabProgramacionCientifica/NanSquad/Proyecto/entrega3/airflow/dags/dag.py","logger":"airflow.models.dagbag.DagBag","filename":"dagbag.py","lineno":593}
{"timestamp":"2025-12-03T15:17:55.650588Z","level":"warning","event":"The `airflow.operators.python.PythonOperator` attribute is deprecated. Please use `'airflow.providers.standard.operators.python.PythonOperator'`.","category":"DeprecatedImportWarning","filename":"/Users/jesu/Desktop/Magister/LabProgramacionCientifica/NanSquad/Proyecto/entrega3/airflow/dags/dag.py","lineno":5,"logger":"py.warnings"}
{"timestamp":"2025-12-03T15:17:55.650635Z","level":"warning","event":"The `airflow.operators.python.BranchPythonOperator` attribute is deprecated. Please use `'airflow.providers.standard.operators.python.BranchPythonOperator'`.","category":"DeprecatedImportWarning","filename":"/Users/jesu/Desktop/Magister/LabProgramacionCientifica/NanSquad/Proyecto/entrega3/airflow/dags/dag.py","lineno":5,"logger":"py.warnings"}
{"timestamp":"2025-12-03T15:17:55.650671Z","level":"warning","event":"The `airflow.operators.empty.EmptyOperator` attribute is deprecated. Please use `'airflow.providers.standard.operators.empty.EmptyOperator'`.","category":"DeprecatedImportWarning","filename":"/Users/jesu/Desktop/Magister/LabProgramacionCientifica/NanSquad/Proyecto/entrega3/airflow/dags/dag.py","lineno":6,"logger":"py.warnings"}
{"timestamp":"2025-12-03T15:17:55.650703Z","level":"warning","event":"The `airflow.models.baseoperator.cross_downstream` attribute is deprecated. Please use `'airflow.sdk.bases.operator.cross_downstream'`.","category":"DeprecatedImportWarning","filename":"/Users/jesu/Desktop/Magister/LabProgramacionCientifica/NanSquad/Proyecto/entrega3/airflow/dags/dag.py","lineno":8,"logger":"py.warnings"}
{"timestamp":"2025-12-03T15:17:55.650734Z","level":"warning","event":"No system locale set. Falling back to 'en_US'. Set LANG/LC_ALL or pass locale_code to override.","category":"UserWarning","filename":"/Users/jesu/Desktop/Magister/LabProgramacionCientifica/NanSquad/Proyecto/entrega3/venv/lib/python3.10/site-packages/cron_descriptor/ExpressionDescriptor.py","lineno":69,"logger":"py.warnings"}
{"timestamp":"2025-12-03T15:17:55.683025Z","level":"info","event":"Task instance is in running state","logger":"task.stdout"}
{"timestamp":"2025-12-03T15:17:55.683208Z","level":"info","event":" Previous state of the Task instance: TaskInstanceState.QUEUED","logger":"task.stdout"}
{"timestamp":"2025-12-03T15:17:55.683754Z","level":"info","event":"Current task name:evaluate_and_interpret","logger":"task.stdout"}
{"timestamp":"2025-12-03T15:17:55.683871Z","level":"info","event":"Dag name:product_purchase_prediction","logger":"task.stdout"}
{"timestamp":"2025-12-03T15:17:57.305682Z","level":"warning","event":"Filesystem tracking backend (e.g., './mlruns') is deprecated. Please switch to a database backend (e.g., 'sqlite:///mlflow.db'). For feedback, see: https://github.com/mlflow/mlflow/issues/18534","category":"FutureWarning","filename":"/Users/jesu/Desktop/Magister/LabProgramacionCientifica/NanSquad/Proyecto/entrega3/venv/lib/python3.10/site-packages/mlflow/tracking/_tracking_service/utils.py","lineno":140,"logger":"py.warnings"}
{"timestamp":"2025-12-03T15:21:36.923223Z","level":"info","event":"Iniciando análisis SHAP con 500 muestras...","logger":"task.stdout"}
{"timestamp":"2025-12-03T15:21:37.398400Z","level":"info","event":"num_full_subsets = 2","logger":"shap","filename":"_kernel.py","lineno":424}
{"timestamp":"2025-12-03T15:21:37.398708Z","level":"info","event":"remaining_weight_vector = array([0.19492121, 0.15479038, 0.13157182, 0.11695273, 0.10740557,\n       0.10120909, 0.09746061, 0.0956886 ])","logger":"shap","filename":"_kernel.py","lineno":435}
{"timestamp":"2025-12-03T15:21:37.398758Z","level":"info","event":"num_paired_subset_sizes = 10","logger":"shap","filename":"_kernel.py","lineno":436}
{"timestamp":"2025-12-03T15:21:37.410987Z","level":"info","event":"weight_left = 0.554544872149051","logger":"shap","filename":"_kernel.py","lineno":475}
{"timestamp":"2025-12-03T15:23:16.881026Z","level":"info","event":"np.sum(w_aug) = 21.0","logger":"shap","filename":"_kernel.py","lineno":648}
{"timestamp":"2025-12-03T15:23:16.881127Z","level":"info","event":"np.sum(self.kernelWeights) = 1.0","logger":"shap","filename":"_kernel.py","lineno":649}
{"timestamp":"2025-12-03T15:23:17.412600Z","level":"info","event":"phi = array([ 0.        ,  0.00292388,  0.        ,  0.        ,  0.        ,\n        0.00140648,  0.00758555,  0.        ,  0.        , -0.00421257,\n        0.        ,  0.        ,  0.00326605,  0.00611227,  0.        ,\n        0.        ,  0.        ,  0.00290948,  0.00495178, -0.00626857,\n       -0.05735446])","logger":"shap","filename":"_kernel.py","lineno":730}
{"timestamp":"2025-12-03T15:23:17.412888Z","level":"info","event":"np.sum(w_aug) = 21.0","logger":"shap","filename":"_kernel.py","lineno":648}
{"timestamp":"2025-12-03T15:23:17.412928Z","level":"info","event":"np.sum(self.kernelWeights) = 1.0","logger":"shap","filename":"_kernel.py","lineno":649}
{"timestamp":"2025-12-03T15:23:18.021402Z","level":"info","event":"phi = array([ 0.        , -0.00238289,  0.0053155 ,  0.        , -0.00426843,\n        0.        ,  0.        , -0.00225166,  0.        ,  0.00368553,\n        0.        ,  0.        ,  0.        ,  0.        ,  0.        ,\n       -0.00143135,  0.00837498,  0.        , -0.00335466,  0.01868144,\n       -0.03389635])","logger":"shap","filename":"_kernel.py","lineno":730}
{"timestamp":"2025-12-03T15:23:18.021717Z","level":"info","event":"np.sum(w_aug) = 21.0","logger":"shap","filename":"_kernel.py","lineno":648}
{"timestamp":"2025-12-03T15:23:18.021759Z","level":"info","event":"np.sum(self.kernelWeights) = 1.0","logger":"shap","filename":"_kernel.py","lineno":649}
{"timestamp":"2025-12-03T15:23:18.662154Z","level":"info","event":"phi = array([ 0.        ,  0.00510722, -0.01183885,  0.00148987, -0.0034762 ,\n        0.        , -0.00432325,  0.        ,  0.        , -0.00594134,\n       -0.00124362,  0.        ,  0.        ,  0.        ,  0.        ,\n        0.        , -0.00341054,  0.        ,  0.00197394,  0.03676132,\n        0.        ])","logger":"shap","filename":"_kernel.py","lineno":730}
{"timestamp":"2025-12-03T15:23:18.662545Z","level":"info","event":"np.sum(w_aug) = 21.0","logger":"shap","filename":"_kernel.py","lineno":648}
{"timestamp":"2025-12-03T15:23:18.662595Z","level":"info","event":"np.sum(self.kernelWeights) = 1.0","logger":"shap","filename":"_kernel.py","lineno":649}
{"timestamp":"2025-12-03T15:23:19.366112Z","level":"info","event":"phi = array([ 0.        ,  0.        , -0.00731764,  0.        ,  0.        ,\n       -0.00134655,  0.        ,  0.        ,  0.        , -0.00112544,\n        0.        , -0.00335068,  0.        , -0.00391453,  0.        ,\n        0.00251645, -0.00699796,  0.        ,  0.01082747, -0.00650741,\n       -0.05522891])","logger":"shap","filename":"_kernel.py","lineno":730}
{"timestamp":"2025-12-03T15:23:19.366436Z","level":"info","event":"np.sum(w_aug) = 21.0","logger":"shap","filename":"_kernel.py","lineno":648}
{"timestamp":"2025-12-03T15:23:19.366480Z","level":"info","event":"np.sum(self.kernelWeights) = 1.0","logger":"shap","filename":"_kernel.py","lineno":649}
{"timestamp":"2025-12-03T15:23:20.160999Z","level":"info","event":"phi = array([-0.00381332, -0.00441122,  0.0168228 ,  0.        ,  0.00687596,\n        0.        ,  0.        ,  0.        ,  0.        ,  0.00865441,\n        0.        ,  0.        , -0.00462642,  0.        ,  0.        ,\n        0.        ,  0.        , -0.00393318, -0.01378458, -0.04173245,\n        0.14750264])","logger":"shap","filename":"_kernel.py","lineno":730}
{"timestamp":"2025-12-03T15:23:20.680386Z","level":"info","event":"num_full_subsets = 2","logger":"shap","filename":"_kernel.py","lineno":424}
{"timestamp":"2025-12-03T15:23:20.680558Z","level":"info","event":"remaining_weight_vector = array([0.19492121, 0.15479038, 0.13157182, 0.11695273, 0.10740557,\n       0.10120909, 0.09746061, 0.0956886 ])","logger":"shap","filename":"_kernel.py","lineno":435}
{"timestamp":"2025-12-03T15:23:20.680598Z","level":"info","event":"num_paired_subset_sizes = 10","logger":"shap","filename":"_kernel.py","lineno":436}
{"timestamp":"2025-12-03T15:23:20.690927Z","level":"info","event":"weight_left = 0.554544872149051","logger":"shap","filename":"_kernel.py","lineno":475}
{"timestamp":"2025-12-03T15:24:52.178988Z","level":"info","event":"np.sum(w_aug) = 21.0","logger":"shap","filename":"_kernel.py","lineno":648}
{"timestamp":"2025-12-03T15:24:52.179089Z","level":"info","event":"np.sum(self.kernelWeights) = 1.0","logger":"shap","filename":"_kernel.py","lineno":649}
{"timestamp":"2025-12-03T15:24:52.256390Z","level":"info","event":"phi = array([ 0.        ,  0.        ,  0.00311271,  0.        ,  0.0040024 ,\n        0.00154537,  0.        ,  0.        ,  0.        ,  0.        ,\n        0.        ,  0.02330586,  0.00805896,  0.00163441,  0.00266685,\n        0.        ,  0.00130029,  0.        ,  0.        , -0.02615887,\n       -0.00947865])","logger":"shap","filename":"_kernel.py","lineno":730}
{"timestamp":"2025-12-03T15:24:52.256705Z","level":"info","event":"np.sum(w_aug) = 21.0","logger":"shap","filename":"_kernel.py","lineno":648}
{"timestamp":"2025-12-03T15:24:52.256749Z","level":"info","event":"np.sum(self.kernelWeights) = 1.0","logger":"shap","filename":"_kernel.py","lineno":649}
{"timestamp":"2025-12-03T15:24:52.259936Z","level":"info","event":"phi = array([-0.00132677,  0.        ,  0.        ,  0.        , -0.01344397,\n        0.        ,  0.        , -0.00208293,  0.        ,  0.        ,\n        0.        ,  0.        ,  0.        , -0.00251608, -0.0013122 ,\n        0.        , -0.00269165, -0.00116269, -0.00334828, -0.08814736,\n       -0.0142061 ])","logger":"shap","filename":"_kernel.py","lineno":730}
{"timestamp":"2025-12-03T15:24:52.260868Z","level":"info","event":"np.sum(w_aug) = 21.0","logger":"shap","filename":"_kernel.py","lineno":648}
{"timestamp":"2025-12-03T15:24:52.292882Z","level":"info","event":"np.sum(self.kernelWeights) = 1.0","logger":"shap","filename":"_kernel.py","lineno":649}
{"timestamp":"2025-12-03T15:24:52.298784Z","level":"info","event":"phi = array([ 0.        , -0.00370425, -0.0188137 ,  0.00148784,  0.        ,\n        0.        ,  0.        ,  0.        ,  0.00363444,  0.        ,\n        0.        ,  0.00377252,  0.00237719, -0.00361285,  0.        ,\n        0.00281422,  0.        ,  0.        ,  0.        ,  0.02815427,\n        0.01931892])","logger":"shap","filename":"_kernel.py","lineno":730}
{"timestamp":"2025-12-03T15:24:52.299722Z","level":"info","event":"np.sum(w_aug) = 21.0","logger":"shap","filename":"_kernel.py","lineno":648}
{"timestamp":"2025-12-03T15:24:52.299971Z","level":"info","event":"np.sum(self.kernelWeights) = 1.0","logger":"shap","filename":"_kernel.py","lineno":649}
{"timestamp":"2025-12-03T15:24:52.793445Z","level":"info","event":"phi = array([ 0.00342483, -0.00507613,  0.        ,  0.        ,  0.00290753,\n        0.        ,  0.        ,  0.        , -0.00329143,  0.00597813,\n        0.        ,  0.02164635,  0.        ,  0.        ,  0.        ,\n       -0.00349593,  0.        ,  0.        , -0.00642964, -0.07028735,\n        0.01022503])","logger":"shap","filename":"_kernel.py","lineno":730}
{"timestamp":"2025-12-03T15:24:52.793768Z","level":"info","event":"np.sum(w_aug) = 21.0","logger":"shap","filename":"_kernel.py","lineno":648}
{"timestamp":"2025-12-03T15:24:52.793812Z","level":"info","event":"np.sum(self.kernelWeights) = 1.0","logger":"shap","filename":"_kernel.py","lineno":649}
{"timestamp":"2025-12-03T15:24:53.673106Z","level":"info","event":"phi = array([ 0.        ,  0.00901056,  0.0063501 ,  0.        ,  0.00831308,\n        0.        ,  0.        ,  0.        ,  0.        ,  0.        ,\n        0.        , -0.04871696, -0.01193879,  0.00204444,  0.        ,\n        0.        ,  0.00209842,  0.        ,  0.01205224,  0.15598202,\n       -0.0059764 ])","logger":"shap","filename":"_kernel.py","lineno":730}
{"timestamp":"2025-12-03T15:24:54.247789Z","level":"info","event":"num_full_subsets = 2","logger":"shap","filename":"_kernel.py","lineno":424}
{"timestamp":"2025-12-03T15:24:54.247940Z","level":"info","event":"remaining_weight_vector = array([0.19492121, 0.15479038, 0.13157182, 0.11695273, 0.10740557,\n       0.10120909, 0.09746061, 0.0956886 ])","logger":"shap","filename":"_kernel.py","lineno":435}
{"timestamp":"2025-12-03T15:24:54.247978Z","level":"info","event":"num_paired_subset_sizes = 10","logger":"shap","filename":"_kernel.py","lineno":436}
{"timestamp":"2025-12-03T15:24:54.258366Z","level":"info","event":"weight_left = 0.554544872149051","logger":"shap","filename":"_kernel.py","lineno":475}
{"timestamp":"2025-12-03T15:26:23.021844Z","level":"info","event":"np.sum(w_aug) = 21.0","logger":"shap","filename":"_kernel.py","lineno":648}
{"timestamp":"2025-12-03T15:26:23.021943Z","level":"info","event":"np.sum(self.kernelWeights) = 1.0000000000000002","logger":"shap","filename":"_kernel.py","lineno":649}
{"timestamp":"2025-12-03T15:26:23.084543Z","level":"info","event":"phi = array([0.        , 0.00416546, 0.01246163, 0.        , 0.        ,\n       0.01670076, 0.        , 0.        , 0.        , 0.        ,\n       0.0125037 , 0.        , 0.00452821, 0.        , 0.        ,\n       0.        , 0.00675743, 0.01090964, 0.00869617, 0.02528162,\n       0.05867173])","logger":"shap","filename":"_kernel.py","lineno":730}
{"timestamp":"2025-12-03T15:26:23.086763Z","level":"info","event":"np.sum(w_aug) = 21.0","logger":"shap","filename":"_kernel.py","lineno":648}
{"timestamp":"2025-12-03T15:26:23.086887Z","level":"info","event":"np.sum(self.kernelWeights) = 1.0000000000000002","logger":"shap","filename":"_kernel.py","lineno":649}
{"timestamp":"2025-12-03T15:26:23.107933Z","level":"info","event":"phi = array([-0.00153271,  0.        , -0.00860574,  0.        , -0.00145341,\n        0.        ,  0.        , -0.00160121,  0.        ,  0.        ,\n       -0.00137157,  0.        ,  0.        , -0.00158287,  0.        ,\n        0.        ,  0.        , -0.00179069,  0.0026044 ,  0.04124704,\n        0.01096297])","logger":"shap","filename":"_kernel.py","lineno":730}
{"timestamp":"2025-12-03T15:26:23.108201Z","level":"info","event":"np.sum(w_aug) = 21.0","logger":"shap","filename":"_kernel.py","lineno":648}
{"timestamp":"2025-12-03T15:26:23.108242Z","level":"info","event":"np.sum(self.kernelWeights) = 1.0000000000000002","logger":"shap","filename":"_kernel.py","lineno":649}
{"timestamp":"2025-12-03T15:26:23.121872Z","level":"info","event":"phi = array([ 0.        ,  0.00604999, -0.0087877 ,  0.        ,  0.        ,\n       -0.00633149,  0.        ,  0.        ,  0.        ,  0.        ,\n        0.00567796,  0.        ,  0.        , -0.00398113,  0.        ,\n        0.        ,  0.0035226 ,  0.00244388,  0.00633717,  0.00835095,\n        0.01113528])","logger":"shap","filename":"_kernel.py","lineno":730}
{"timestamp":"2025-12-03T15:26:23.122120Z","level":"info","event":"np.sum(w_aug) = 21.0","logger":"shap","filename":"_kernel.py","lineno":648}
{"timestamp":"2025-12-03T15:26:23.122159Z","level":"info","event":"np.sum(self.kernelWeights) = 1.0000000000000002","logger":"shap","filename":"_kernel.py","lineno":649}
{"timestamp":"2025-12-03T15:26:23.123679Z","level":"info","event":"phi = array([ 0.00354412, -0.00687315,  0.        ,  0.        ,  0.        ,\n        0.00511697,  0.        ,  0.        ,  0.00139267,  0.00297626,\n        0.00155522, -0.004247  ,  0.        ,  0.        ,  0.        ,\n        0.0020025 ,  0.        ,  0.        ,  0.        , -0.00317238,\n        0.0060549 ])","logger":"shap","filename":"_kernel.py","lineno":730}
{"timestamp":"2025-12-03T15:26:23.123925Z","level":"info","event":"np.sum(w_aug) = 21.0","logger":"shap","filename":"_kernel.py","lineno":648}
{"timestamp":"2025-12-03T15:26:23.123964Z","level":"info","event":"np.sum(self.kernelWeights) = 1.0000000000000002","logger":"shap","filename":"_kernel.py","lineno":649}
{"timestamp":"2025-12-03T15:26:23.531366Z","level":"info","event":"phi = array([ 0.        , -0.00407775,  0.        , -0.00235757,  0.        ,\n       -0.01389696,  0.        ,  0.        ,  0.        ,  0.        ,\n       -0.01681669,  0.        , -0.00398676,  0.        ,  0.        ,\n        0.        , -0.00807152, -0.01065055, -0.01456024, -0.07026766,\n       -0.08563445])","logger":"shap","filename":"_kernel.py","lineno":730}
{"timestamp":"2025-12-03T15:26:23.827786Z","level":"info","event":"num_full_subsets = 2","logger":"shap","filename":"_kernel.py","lineno":424}
{"timestamp":"2025-12-03T15:26:23.827980Z","level":"info","event":"remaining_weight_vector = array([0.19492121, 0.15479038, 0.13157182, 0.11695273, 0.10740557,\n       0.10120909, 0.09746061, 0.0956886 ])","logger":"shap","filename":"_kernel.py","lineno":435}
{"timestamp":"2025-12-03T15:26:23.828023Z","level":"info","event":"num_paired_subset_sizes = 10","logger":"shap","filename":"_kernel.py","lineno":436}
{"timestamp":"2025-12-03T15:26:23.845534Z","level":"info","event":"weight_left = 0.554544872149051","logger":"shap","filename":"_kernel.py","lineno":475}
{"timestamp":"2025-12-03T15:27:51.845102Z","level":"info","event":"np.sum(w_aug) = 21.0","logger":"shap","filename":"_kernel.py","lineno":648}
{"timestamp":"2025-12-03T15:27:51.845202Z","level":"info","event":"np.sum(self.kernelWeights) = 1.0","logger":"shap","filename":"_kernel.py","lineno":649}
{"timestamp":"2025-12-03T15:27:51.896754Z","level":"info","event":"phi = array([ 0.        ,  0.00346068,  0.00484412,  0.        ,  0.        ,\n        0.        ,  0.        ,  0.        , -0.00233446, -0.00448747,\n        0.        ,  0.        ,  0.00602372,  0.        ,  0.        ,\n       -0.00253751, -0.00224763,  0.        ,  0.00260534,  0.01387561,\n       -0.03292813])","logger":"shap","filename":"_kernel.py","lineno":730}
{"timestamp":"2025-12-03T15:27:51.897044Z","level":"info","event":"np.sum(w_aug) = 21.0","logger":"shap","filename":"_kernel.py","lineno":648}
{"timestamp":"2025-12-03T15:27:51.897089Z","level":"info","event":"np.sum(self.kernelWeights) = 1.0","logger":"shap","filename":"_kernel.py","lineno":649}
{"timestamp":"2025-12-03T15:27:51.900006Z","level":"info","event":"phi = array([0.        , 0.01091704, 0.        , 0.        , 0.        ,\n       0.        , 0.        , 0.        , 0.00550354, 0.00372051,\n       0.0014896 , 0.        , 0.        , 0.        , 0.        ,\n       0.00586534, 0.00488524, 0.00411534, 0.00329521, 0.07209991,\n       0.04139651])","logger":"shap","filename":"_kernel.py","lineno":730}
{"timestamp":"2025-12-03T15:27:51.900256Z","level":"info","event":"np.sum(w_aug) = 21.0","logger":"shap","filename":"_kernel.py","lineno":648}
{"timestamp":"2025-12-03T15:27:51.900296Z","level":"info","event":"np.sum(self.kernelWeights) = 1.0","logger":"shap","filename":"_kernel.py","lineno":649}
{"timestamp":"2025-12-03T15:27:52.007196Z","level":"info","event":"phi = array([ 0.        , -0.00486546,  0.        ,  0.        ,  0.        ,\n        0.        ,  0.        ,  0.        , -0.00908336, -0.00453984,\n       -0.00148958,  0.        ,  0.        , -0.00339324,  0.        ,\n       -0.00869009, -0.00245953,  0.        , -0.00538108,  0.02104113,\n       -0.01575933])","logger":"shap","filename":"_kernel.py","lineno":730}
{"timestamp":"2025-12-03T15:27:52.007470Z","level":"info","event":"np.sum(w_aug) = 21.0","logger":"shap","filename":"_kernel.py","lineno":648}
{"timestamp":"2025-12-03T15:27:52.007512Z","level":"info","event":"np.sum(self.kernelWeights) = 1.0","logger":"shap","filename":"_kernel.py","lineno":649}
{"timestamp":"2025-12-03T15:27:52.008934Z","level":"info","event":"phi = array([ 0.        , -0.00131294, -0.00287755,  0.        ,  0.        ,\n        0.        ,  0.        ,  0.        , -0.00370384,  0.        ,\n       -0.00202678, -0.0040051 ,  0.        ,  0.        ,  0.        ,\n       -0.00372607, -0.0037184 ,  0.        , -0.00116889,  0.02924916,\n       -0.0388353 ])","logger":"shap","filename":"_kernel.py","lineno":730}
{"timestamp":"2025-12-03T15:27:52.015297Z","level":"info","event":"np.sum(w_aug) = 21.0","logger":"shap","filename":"_kernel.py","lineno":648}
{"timestamp":"2025-12-03T15:27:52.015337Z","level":"info","event":"np.sum(self.kernelWeights) = 1.0","logger":"shap","filename":"_kernel.py","lineno":649}
{"timestamp":"2025-12-03T15:27:52.016695Z","level":"info","event":"phi = array([ 0.        , -0.00742032,  0.00707689,  0.        ,  0.        ,\n        0.        ,  0.        ,  0.        ,  0.01061504,  0.        ,\n        0.        ,  0.        , -0.0078085 ,  0.00346386,  0.        ,\n        0.01002435,  0.00414055, -0.00445977,  0.        , -0.13521216,\n        0.04676367])","logger":"shap","filename":"_kernel.py","lineno":730}
{"timestamp":"2025-12-03T15:27:52.207098Z","level":"info","event":"num_full_subsets = 2","logger":"shap","filename":"_kernel.py","lineno":424}
{"timestamp":"2025-12-03T15:27:52.207244Z","level":"info","event":"remaining_weight_vector = array([0.19492121, 0.15479038, 0.13157182, 0.11695273, 0.10740557,\n       0.10120909, 0.09746061, 0.0956886 ])","logger":"shap","filename":"_kernel.py","lineno":435}
{"timestamp":"2025-12-03T15:27:52.207283Z","level":"info","event":"num_paired_subset_sizes = 10","logger":"shap","filename":"_kernel.py","lineno":436}
{"timestamp":"2025-12-03T15:27:52.217580Z","level":"info","event":"weight_left = 0.554544872149051","logger":"shap","filename":"_kernel.py","lineno":475}
{"timestamp":"2025-12-03T15:29:10.991079Z","level":"info","event":"np.sum(w_aug) = 21.0","logger":"shap","filename":"_kernel.py","lineno":648}
{"timestamp":"2025-12-03T15:29:10.991232Z","level":"info","event":"np.sum(self.kernelWeights) = 1.0","logger":"shap","filename":"_kernel.py","lineno":649}
{"timestamp":"2025-12-03T15:29:11.017228Z","level":"info","event":"phi = array([ 0.00228065,  0.00562877,  0.00420859,  0.        ,  0.        ,\n        0.        ,  0.        ,  0.        ,  0.        ,  0.        ,\n        0.        ,  0.        ,  0.00298088,  0.00179624,  0.        ,\n        0.        ,  0.00858348,  0.00496889,  0.00484812, -0.01190275,\n       -0.08539386])","logger":"shap","filename":"_kernel.py","lineno":730}
{"timestamp":"2025-12-03T15:29:11.017510Z","level":"info","event":"np.sum(w_aug) = 21.0","logger":"shap","filename":"_kernel.py","lineno":648}
{"timestamp":"2025-12-03T15:29:11.017552Z","level":"info","event":"np.sum(self.kernelWeights) = 1.0","logger":"shap","filename":"_kernel.py","lineno":649}
{"timestamp":"2025-12-03T15:29:11.018868Z","level":"info","event":"phi = array([ 0.        ,  0.        , -0.00503308,  0.        ,  0.        ,\n        0.00136068,  0.        , -0.00159329,  0.        ,  0.00355832,\n        0.        ,  0.        , -0.00479032, -0.00359159,  0.        ,\n        0.        , -0.00196003,  0.        ,  0.00251844,  0.0454611 ,\n        0.00775845])","logger":"shap","filename":"_kernel.py","lineno":730}
{"timestamp":"2025-12-03T15:29:11.019117Z","level":"info","event":"np.sum(w_aug) = 21.0","logger":"shap","filename":"_kernel.py","lineno":648}
{"timestamp":"2025-12-03T15:29:11.019157Z","level":"info","event":"np.sum(self.kernelWeights) = 1.0","logger":"shap","filename":"_kernel.py","lineno":649}
{"timestamp":"2025-12-03T15:29:11.020354Z","level":"info","event":"phi = array([ 0.        ,  0.00763074,  0.        ,  0.        , -0.00354167,\n        0.        ,  0.        ,  0.        ,  0.        , -0.00382309,\n        0.        ,  0.00160168,  0.00256487, -0.00341533,  0.        ,\n        0.00144657,  0.        ,  0.        ,  0.00814696,  0.02533977,\n       -0.00533247])","logger":"shap","filename":"_kernel.py","lineno":730}
{"timestamp":"2025-12-03T15:29:11.020594Z","level":"info","event":"np.sum(w_aug) = 21.0","logger":"shap","filename":"_kernel.py","lineno":648}
{"timestamp":"2025-12-03T15:29:11.020632Z","level":"info","event":"np.sum(self.kernelWeights) = 1.0","logger":"shap","filename":"_kernel.py","lineno":649}
{"timestamp":"2025-12-03T15:29:11.021848Z","level":"info","event":"phi = array([ 0.00337804, -0.00337004, -0.00917531,  0.        ,  0.        ,\n        0.        ,  0.        ,  0.        ,  0.        ,  0.00390613,\n        0.        , -0.00584681, -0.00151453,  0.        ,  0.        ,\n        0.        ,  0.00722321,  0.        ,  0.00465627, -0.00312701,\n       -0.08037954])","logger":"shap","filename":"_kernel.py","lineno":730}
{"timestamp":"2025-12-03T15:29:11.022084Z","level":"info","event":"np.sum(w_aug) = 21.0","logger":"shap","filename":"_kernel.py","lineno":648}
{"timestamp":"2025-12-03T15:29:11.022122Z","level":"info","event":"np.sum(self.kernelWeights) = 1.0","logger":"shap","filename":"_kernel.py","lineno":649}
{"timestamp":"2025-12-03T15:29:11.027178Z","level":"info","event":"phi = array([-0.00448728, -0.00834084,  0.01194498,  0.        ,  0.00508342,\n        0.        ,  0.        ,  0.        ,  0.        ,  0.        ,\n        0.        ,  0.        ,  0.        ,  0.        ,  0.        ,\n       -0.00283378, -0.01300743, -0.00664562, -0.01910289, -0.05491448,\n        0.16424778])","logger":"shap","filename":"_kernel.py","lineno":730}
{"timestamp":"2025-12-03T15:29:11.216691Z","level":"info","event":"num_full_subsets = 2","logger":"shap","filename":"_kernel.py","lineno":424}
{"timestamp":"2025-12-03T15:29:11.216807Z","level":"info","event":"remaining_weight_vector = array([0.19492121, 0.15479038, 0.13157182, 0.11695273, 0.10740557,\n       0.10120909, 0.09746061, 0.0956886 ])","logger":"shap","filename":"_kernel.py","lineno":435}
{"timestamp":"2025-12-03T15:29:11.216852Z","level":"info","event":"num_paired_subset_sizes = 10","logger":"shap","filename":"_kernel.py","lineno":436}
{"timestamp":"2025-12-03T15:29:11.227407Z","level":"info","event":"weight_left = 0.554544872149051","logger":"shap","filename":"_kernel.py","lineno":475}
{"timestamp":"2025-12-03T15:30:25.837403Z","level":"info","event":"np.sum(w_aug) = 21.0","logger":"shap","filename":"_kernel.py","lineno":648}
{"timestamp":"2025-12-03T15:30:25.837505Z","level":"info","event":"np.sum(self.kernelWeights) = 1.0000000000000002","logger":"shap","filename":"_kernel.py","lineno":649}
{"timestamp":"2025-12-03T15:30:25.912785Z","level":"info","event":"phi = array([ 0.        ,  0.00588587,  0.00486828,  0.        ,  0.        ,\n        0.0129798 ,  0.        ,  0.00148276,  0.        ,  0.        ,\n        0.        ,  0.00268152,  0.00430428,  0.        ,  0.        ,\n        0.        ,  0.        ,  0.00284046,  0.00201471, -0.02641636,\n       -0.06857372])","logger":"shap","filename":"_kernel.py","lineno":730}
{"timestamp":"2025-12-03T15:30:25.913103Z","level":"info","event":"np.sum(w_aug) = 21.0","logger":"shap","filename":"_kernel.py","lineno":648}
{"timestamp":"2025-12-03T15:30:25.913147Z","level":"info","event":"np.sum(self.kernelWeights) = 1.0000000000000002","logger":"shap","filename":"_kernel.py","lineno":649}
{"timestamp":"2025-12-03T15:30:26.290458Z","level":"info","event":"phi = array([ 0.        , -0.00300972, -0.01741181,  0.        , -0.0040437 ,\n        0.01792443,  0.        , -0.01879677,  0.        ,  0.        ,\n       -0.00376513,  0.        ,  0.        ,  0.        ,  0.        ,\n        0.        ,  0.        , -0.00769211, -0.00498108,  0.01300089,\n       -0.01196468])","logger":"shap","filename":"_kernel.py","lineno":730}
{"timestamp":"2025-12-03T15:30:26.290933Z","level":"info","event":"np.sum(w_aug) = 21.0","logger":"shap","filename":"_kernel.py","lineno":648}
{"timestamp":"2025-12-03T15:30:26.290985Z","level":"info","event":"np.sum(self.kernelWeights) = 1.0000000000000002","logger":"shap","filename":"_kernel.py","lineno":649}
{"timestamp":"2025-12-03T15:30:26.948732Z","level":"info","event":"phi = array([ 0.        ,  0.        , -0.00111965,  0.        , -0.00085903,\n       -0.00053411,  0.        , -0.00914404,  0.        , -0.00257078,\n        0.        ,  0.        ,  0.        , -0.00299378,  0.        ,\n        0.        , -0.00453406, -0.01377876, -0.00254734,  0.        ,\n       -0.04374897])","logger":"shap","filename":"_kernel.py","lineno":730}
{"timestamp":"2025-12-03T15:30:26.949141Z","level":"info","event":"np.sum(w_aug) = 21.0","logger":"shap","filename":"_kernel.py","lineno":648}
{"timestamp":"2025-12-03T15:30:26.949187Z","level":"info","event":"np.sum(self.kernelWeights) = 1.0000000000000002","logger":"shap","filename":"_kernel.py","lineno":649}
{"timestamp":"2025-12-03T15:30:27.484077Z","level":"info","event":"phi = array([ 0.        , -0.00029913, -0.00520327,  0.        ,  0.        ,\n        0.        ,  0.        , -0.00228221,  0.        ,  0.        ,\n       -0.00257301, -0.00277637,  0.        ,  0.        ,  0.        ,\n        0.        , -0.00220927, -0.00089941, -0.00084262, -0.01543214,\n       -0.10748257])","logger":"shap","filename":"_kernel.py","lineno":730}
{"timestamp":"2025-12-03T15:30:27.484387Z","level":"info","event":"np.sum(w_aug) = 21.0","logger":"shap","filename":"_kernel.py","lineno":648}
{"timestamp":"2025-12-03T15:30:27.484430Z","level":"info","event":"np.sum(self.kernelWeights) = 1.0000000000000002","logger":"shap","filename":"_kernel.py","lineno":649}
{"timestamp":"2025-12-03T15:30:28.052634Z","level":"info","event":"phi = array([ 0.        ,  0.        ,  0.0193402 ,  0.        ,  0.00404978,\n       -0.03138909,  0.        ,  0.02932323,  0.        ,  0.        ,\n        0.0061493 ,  0.        ,  0.        ,  0.        ,  0.        ,\n        0.        ,  0.0074193 ,  0.0200021 ,  0.00689031,  0.02632864,\n        0.23238885])","logger":"shap","filename":"_kernel.py","lineno":730}
{"timestamp":"2025-12-03T15:30:28.307274Z","level":"info","event":"num_full_subsets = 2","logger":"shap","filename":"_kernel.py","lineno":424}
{"timestamp":"2025-12-03T15:30:28.307453Z","level":"info","event":"remaining_weight_vector = array([0.19492121, 0.15479038, 0.13157182, 0.11695273, 0.10740557,\n       0.10120909, 0.09746061, 0.0956886 ])","logger":"shap","filename":"_kernel.py","lineno":435}
{"timestamp":"2025-12-03T15:30:28.307493Z","level":"info","event":"num_paired_subset_sizes = 10","logger":"shap","filename":"_kernel.py","lineno":436}
{"timestamp":"2025-12-03T15:30:28.317576Z","level":"info","event":"weight_left = 0.554544872149051","logger":"shap","filename":"_kernel.py","lineno":475}
{"timestamp":"2025-12-03T15:31:42.388603Z","level":"info","event":"np.sum(w_aug) = 21.0","logger":"shap","filename":"_kernel.py","lineno":648}
{"timestamp":"2025-12-03T15:31:42.388701Z","level":"info","event":"np.sum(self.kernelWeights) = 1.0000000000000002","logger":"shap","filename":"_kernel.py","lineno":649}
{"timestamp":"2025-12-03T15:31:42.403342Z","level":"info","event":"phi = array([ 0.        ,  0.00827483, -0.04117848,  0.        ,  0.0050442 ,\n        0.        ,  0.        ,  0.        ,  0.        ,  0.        ,\n        0.        ,  0.03294313,  0.01312115,  0.        ,  0.        ,\n        0.        ,  0.00854448,  0.00609264,  0.00972303,  0.0170048 ,\n        0.0916235 ])","logger":"shap","filename":"_kernel.py","lineno":730}
{"timestamp":"2025-12-03T15:31:42.403617Z","level":"info","event":"np.sum(w_aug) = 21.0","logger":"shap","filename":"_kernel.py","lineno":648}
{"timestamp":"2025-12-03T15:31:42.403657Z","level":"info","event":"np.sum(self.kernelWeights) = 1.0000000000000002","logger":"shap","filename":"_kernel.py","lineno":649}
{"timestamp":"2025-12-03T15:31:42.404731Z","level":"info","event":"phi = array([ 0.        , -0.00662338,  0.04119845,  0.        , -0.00547901,\n        0.        ,  0.        , -0.00169495,  0.        ,  0.        ,\n        0.        , -0.0131921 ,  0.        , -0.0025464 ,  0.        ,\n        0.        , -0.00219494,  0.        , -0.00478962,  0.05849779,\n       -0.02936485])","logger":"shap","filename":"_kernel.py","lineno":730}
{"timestamp":"2025-12-03T15:31:42.404986Z","level":"info","event":"np.sum(w_aug) = 21.0","logger":"shap","filename":"_kernel.py","lineno":648}
{"timestamp":"2025-12-03T15:31:42.405026Z","level":"info","event":"np.sum(self.kernelWeights) = 1.0000000000000002","logger":"shap","filename":"_kernel.py","lineno":649}
{"timestamp":"2025-12-03T15:31:42.406064Z","level":"info","event":"phi = array([ 0.        , -0.00454067,  0.01941851,  0.        ,  0.        ,\n        0.        ,  0.        ,  0.        ,  0.        , -0.00734341,\n       -0.00183634, -0.00766606,  0.        , -0.00295219,  0.        ,\n        0.        , -0.00284571,  0.        , -0.00581473, -0.07164569,\n       -0.02954724])","logger":"shap","filename":"_kernel.py","lineno":730}
{"timestamp":"2025-12-03T15:31:42.406305Z","level":"info","event":"np.sum(w_aug) = 21.0","logger":"shap","filename":"_kernel.py","lineno":648}
{"timestamp":"2025-12-03T15:31:42.406342Z","level":"info","event":"np.sum(self.kernelWeights) = 1.0000000000000002","logger":"shap","filename":"_kernel.py","lineno":649}
{"timestamp":"2025-12-03T15:31:42.407407Z","level":"info","event":"phi = array([ 0.0017358 ,  0.0029412 , -0.0124087 ,  0.        ,  0.        ,\n        0.        ,  0.        ,  0.00166433,  0.        ,  0.0142239 ,\n       -0.00261306,  0.04026691,  0.00167732,  0.        ,  0.        ,\n        0.        ,  0.        ,  0.        ,  0.        ,  0.0629367 ,\n        0.10958772])","logger":"shap","filename":"_kernel.py","lineno":730}
{"timestamp":"2025-12-03T15:31:42.407650Z","level":"info","event":"np.sum(w_aug) = 21.0","logger":"shap","filename":"_kernel.py","lineno":648}
{"timestamp":"2025-12-03T15:31:42.407688Z","level":"info","event":"np.sum(self.kernelWeights) = 1.0000000000000002","logger":"shap","filename":"_kernel.py","lineno":649}
{"timestamp":"2025-12-03T15:31:42.413020Z","level":"info","event":"phi = array([ 0.        ,  0.        , -0.00615305, -0.00231368,  0.        ,\n        0.        , -0.00045589,  0.        ,  0.        , -0.00366038,\n        0.        , -0.05114163, -0.01424606,  0.        , -0.00050177,\n        0.        ,  0.        , -0.0044452 ,  0.        , -0.06619757,\n       -0.14112759])","logger":"shap","filename":"_kernel.py","lineno":730}
{"timestamp":"2025-12-03T15:31:42.782517Z","level":"info","event":"num_full_subsets = 1","logger":"shap","filename":"_kernel.py","lineno":424}
{"timestamp":"2025-12-03T15:31:42.782673Z","level":"info","event":"remaining_weight_vector = array([0.20456372, 0.14355349, 0.11364651, 0.09626528, 0.08523488,\n       0.07792904, 0.07305847, 0.06993632, 0.06818791, 0.06762437])","logger":"shap","filename":"_kernel.py","lineno":435}
{"timestamp":"2025-12-03T15:31:42.782713Z","level":"info","event":"num_paired_subset_sizes = 10","logger":"shap","filename":"_kernel.py","lineno":436}
{"timestamp":"2025-12-03T15:31:42.798969Z","level":"info","event":"weight_left = 0.7126156484270496","logger":"shap","filename":"_kernel.py","lineno":475}
{"timestamp":"2025-12-03T15:32:57.216584Z","level":"info","event":"np.sum(w_aug) = 22.000000000000004","logger":"shap","filename":"_kernel.py","lineno":648}
{"timestamp":"2025-12-03T15:32:57.216692Z","level":"info","event":"np.sum(self.kernelWeights) = 1.0","logger":"shap","filename":"_kernel.py","lineno":649}
{"timestamp":"2025-12-03T15:32:57.239488Z","level":"info","event":"phi = array([ 0.00408085,  0.0020061 ,  0.00824697,  0.        ,  0.00809802,\n        0.        ,  0.        ,  0.        ,  0.        ,  0.        ,\n        0.        ,  0.        ,  0.        ,  0.0038815 ,  0.00229815,\n        0.        ,  0.        ,  0.        , -0.00843932, -0.00483072,\n        0.01716588, -0.04413229])","logger":"shap","filename":"_kernel.py","lineno":730}
{"timestamp":"2025-12-03T15:32:57.248048Z","level":"info","event":"np.sum(w_aug) = 22.000000000000004","logger":"shap","filename":"_kernel.py","lineno":648}
{"timestamp":"2025-12-03T15:32:57.248099Z","level":"info","event":"np.sum(self.kernelWeights) = 1.0","logger":"shap","filename":"_kernel.py","lineno":649}
{"timestamp":"2025-12-03T15:32:57.249595Z","level":"info","event":"phi = array([-0.00292213, -0.00153395,  0.01152613,  0.        ,  0.        ,\n        0.        ,  0.        , -0.0025846 , -0.00835334,  0.        ,\n        0.        ,  0.        ,  0.        ,  0.        , -0.00207149,\n        0.        ,  0.        ,  0.        , -0.00222404, -0.00458765,\n       -0.00984866, -0.0218879 ])","logger":"shap","filename":"_kernel.py","lineno":730}
{"timestamp":"2025-12-03T15:32:57.249862Z","level":"info","event":"np.sum(w_aug) = 22.000000000000004","logger":"shap","filename":"_kernel.py","lineno":648}
{"timestamp":"2025-12-03T15:32:57.249910Z","level":"info","event":"np.sum(self.kernelWeights) = 1.0","logger":"shap","filename":"_kernel.py","lineno":649}
{"timestamp":"2025-12-03T15:32:57.251140Z","level":"info","event":"phi = array([ 0.        ,  0.00368652, -0.00219838,  0.        ,  0.01457203,\n        0.        ,  0.        ,  0.        , -0.0020809 ,  0.        ,\n       -0.00217521,  0.        ,  0.        ,  0.        , -0.0036112 ,\n        0.        ,  0.        ,  0.        , -0.00596286, -0.00435642,\n       -0.01078209, -0.01405259])","logger":"shap","filename":"_kernel.py","lineno":730}
{"timestamp":"2025-12-03T15:32:57.251386Z","level":"info","event":"np.sum(w_aug) = 22.000000000000004","logger":"shap","filename":"_kernel.py","lineno":648}
{"timestamp":"2025-12-03T15:32:57.251425Z","level":"info","event":"np.sum(self.kernelWeights) = 1.0","logger":"shap","filename":"_kernel.py","lineno":649}
{"timestamp":"2025-12-03T15:32:57.272202Z","level":"info","event":"phi = array([ 0.        , -0.00345875,  0.00793367,  0.        ,  0.        ,\n        0.        ,  0.        ,  0.        , -0.00624137,  0.        ,\n        0.        , -0.00370424, -0.00517989,  0.        ,  0.        ,\n        0.        ,  0.        , -0.00515943, -0.00577409, -0.00515448,\n        0.0251343 , -0.0354801 ])","logger":"shap","filename":"_kernel.py","lineno":730}
{"timestamp":"2025-12-03T15:32:57.272471Z","level":"info","event":"np.sum(w_aug) = 22.000000000000004","logger":"shap","filename":"_kernel.py","lineno":648}
{"timestamp":"2025-12-03T15:32:57.272514Z","level":"info","event":"np.sum(self.kernelWeights) = 1.0","logger":"shap","filename":"_kernel.py","lineno":649}
{"timestamp":"2025-12-03T15:32:57.273743Z","level":"info","event":"phi = array([ 0.        ,  0.        , -0.02450996,  0.        , -0.02109996,\n        0.        ,  0.        ,  0.        ,  0.01658698,  0.        ,\n        0.        ,  0.00349102,  0.        ,  0.        ,  0.00171004,\n        0.        ,  0.        ,  0.00414707,  0.02363307,  0.0201936 ,\n       -0.02098615,  0.11699227])","logger":"shap","filename":"_kernel.py","lineno":730}
{"timestamp":"2025-12-03T15:32:57.429120Z","level":"info","event":"num_full_subsets = 2","logger":"shap","filename":"_kernel.py","lineno":424}
{"timestamp":"2025-12-03T15:32:57.429234Z","level":"info","event":"remaining_weight_vector = array([0.19492121, 0.15479038, 0.13157182, 0.11695273, 0.10740557,\n       0.10120909, 0.09746061, 0.0956886 ])","logger":"shap","filename":"_kernel.py","lineno":435}
{"timestamp":"2025-12-03T15:32:57.429269Z","level":"info","event":"num_paired_subset_sizes = 10","logger":"shap","filename":"_kernel.py","lineno":436}
{"timestamp":"2025-12-03T15:32:57.439399Z","level":"info","event":"weight_left = 0.554544872149051","logger":"shap","filename":"_kernel.py","lineno":475}
{"timestamp":"2025-12-03T15:34:11.765147Z","level":"info","event":"np.sum(w_aug) = 21.0","logger":"shap","filename":"_kernel.py","lineno":648}
{"timestamp":"2025-12-03T15:34:11.765250Z","level":"info","event":"np.sum(self.kernelWeights) = 1.0","logger":"shap","filename":"_kernel.py","lineno":649}
{"timestamp":"2025-12-03T15:34:11.800152Z","level":"info","event":"phi = array([0.        , 0.00592435, 0.00377437, 0.        , 0.        ,\n       0.        , 0.        , 0.        , 0.        , 0.        ,\n       0.        , 0.01942355, 0.00824404, 0.00385057, 0.        ,\n       0.        , 0.00724912, 0.00354496, 0.00553934, 0.10756373,\n       0.12466024])","logger":"shap","filename":"_kernel.py","lineno":730}
{"timestamp":"2025-12-03T15:34:11.800450Z","level":"info","event":"np.sum(w_aug) = 21.0","logger":"shap","filename":"_kernel.py","lineno":648}
{"timestamp":"2025-12-03T15:34:11.800496Z","level":"info","event":"np.sum(self.kernelWeights) = 1.0","logger":"shap","filename":"_kernel.py","lineno":649}
{"timestamp":"2025-12-03T15:34:11.807032Z","level":"info","event":"phi = array([-0.00175826,  0.00196059,  0.00548051,  0.        ,  0.        ,\n        0.        ,  0.        , -0.00152359,  0.        ,  0.        ,\n        0.        , -0.01507995,  0.        , -0.00233387,  0.        ,\n        0.        , -0.00400027,  0.        , -0.00286658, -0.01473613,\n       -0.04083328])","logger":"shap","filename":"_kernel.py","lineno":730}
{"timestamp":"2025-12-03T15:34:11.809903Z","level":"info","event":"np.sum(w_aug) = 21.0","logger":"shap","filename":"_kernel.py","lineno":648}
{"timestamp":"2025-12-03T15:34:11.809960Z","level":"info","event":"np.sum(self.kernelWeights) = 1.0","logger":"shap","filename":"_kernel.py","lineno":649}
{"timestamp":"2025-12-03T15:34:11.838308Z","level":"info","event":"phi = array([ 0.        , -0.00784153,  0.01439467,  0.        ,  0.00540792,\n        0.00084147,  0.        ,  0.        ,  0.        ,  0.        ,\n        0.        ,  0.01201739,  0.00164644, -0.00392102,  0.        ,\n        0.00160527,  0.        ,  0.        , -0.00582785,  0.        ,\n        0.00308954])","logger":"shap","filename":"_kernel.py","lineno":730}
{"timestamp":"2025-12-03T15:34:11.838570Z","level":"info","event":"np.sum(w_aug) = 21.0","logger":"shap","filename":"_kernel.py","lineno":648}
{"timestamp":"2025-12-03T15:34:11.838609Z","level":"info","event":"np.sum(self.kernelWeights) = 1.0","logger":"shap","filename":"_kernel.py","lineno":649}
{"timestamp":"2025-12-03T15:34:11.839768Z","level":"info","event":"phi = array([ 0.00292233, -0.0018393 , -0.03712814,  0.        , -0.00613134,\n        0.        ,  0.        ,  0.        ,  0.        ,  0.00671847,\n        0.        ,  0.02230261,  0.00150031,  0.        ,  0.        ,\n        0.        ,  0.        ,  0.        , -0.00501749,  0.03491578,\n        0.07389688])","logger":"shap","filename":"_kernel.py","lineno":730}
{"timestamp":"2025-12-03T15:34:11.845295Z","level":"info","event":"np.sum(w_aug) = 21.0","logger":"shap","filename":"_kernel.py","lineno":648}
{"timestamp":"2025-12-03T15:34:11.845345Z","level":"info","event":"np.sum(self.kernelWeights) = 1.0","logger":"shap","filename":"_kernel.py","lineno":649}
{"timestamp":"2025-12-03T15:34:11.852431Z","level":"info","event":"phi = array([ 0.        ,  0.        ,  0.01391302,  0.        , -0.00250288,\n        0.        ,  0.        ,  0.        ,  0.        , -0.0046466 ,\n        0.        , -0.03782775, -0.010765  ,  0.        ,  0.        ,\n        0.        , -0.00340583, -0.00342953,  0.00896815, -0.12753189,\n       -0.16040756])","logger":"shap","filename":"_kernel.py","lineno":730}
{"timestamp":"2025-12-03T15:34:11.980143Z","level":"info","event":"num_full_subsets = 2","logger":"shap","filename":"_kernel.py","lineno":424}
{"timestamp":"2025-12-03T15:34:11.980293Z","level":"info","event":"remaining_weight_vector = array([0.19492121, 0.15479038, 0.13157182, 0.11695273, 0.10740557,\n       0.10120909, 0.09746061, 0.0956886 ])","logger":"shap","filename":"_kernel.py","lineno":435}
{"timestamp":"2025-12-03T15:34:11.980333Z","level":"info","event":"num_paired_subset_sizes = 10","logger":"shap","filename":"_kernel.py","lineno":436}
{"timestamp":"2025-12-03T15:34:11.990573Z","level":"info","event":"weight_left = 0.554544872149051","logger":"shap","filename":"_kernel.py","lineno":475}
{"timestamp":"2025-12-03T15:35:27.047540Z","level":"info","event":"np.sum(w_aug) = 21.0","logger":"shap","filename":"_kernel.py","lineno":648}
{"timestamp":"2025-12-03T15:35:27.047651Z","level":"info","event":"np.sum(self.kernelWeights) = 1.0000000000000004","logger":"shap","filename":"_kernel.py","lineno":649}
{"timestamp":"2025-12-03T15:35:27.080213Z","level":"info","event":"phi = array([0.        , 0.01005787, 0.        , 0.03821079, 0.        ,\n       0.        , 0.        , 0.        , 0.        , 0.        ,\n       0.01576016, 0.        , 0.00784372, 0.00904678, 0.        ,\n       0.        , 0.00697724, 0.01173439, 0.01137497, 0.08769608,\n       0.0910094 ])","logger":"shap","filename":"_kernel.py","lineno":730}
{"timestamp":"2025-12-03T15:35:27.087954Z","level":"info","event":"np.sum(w_aug) = 21.0","logger":"shap","filename":"_kernel.py","lineno":648}
{"timestamp":"2025-12-03T15:35:27.088021Z","level":"info","event":"np.sum(self.kernelWeights) = 1.0000000000000004","logger":"shap","filename":"_kernel.py","lineno":649}
{"timestamp":"2025-12-03T15:35:27.092186Z","level":"info","event":"phi = array([ 0.        ,  0.        ,  0.00504883, -0.01456907, -0.00298621,\n        0.        ,  0.        , -0.00209962,  0.        ,  0.        ,\n        0.        ,  0.00189105,  0.        , -0.00308081,  0.        ,\n        0.        ,  0.00428782,  0.        ,  0.00393523, -0.03021579,\n       -0.03256436])","logger":"shap","filename":"_kernel.py","lineno":730}
{"timestamp":"2025-12-03T15:35:27.092455Z","level":"info","event":"np.sum(w_aug) = 21.0","logger":"shap","filename":"_kernel.py","lineno":648}
{"timestamp":"2025-12-03T15:35:27.092496Z","level":"info","event":"np.sum(self.kernelWeights) = 1.0000000000000004","logger":"shap","filename":"_kernel.py","lineno":649}
{"timestamp":"2025-12-03T15:35:27.139462Z","level":"info","event":"phi = array([ 0.        ,  0.00324663, -0.01603564,  0.00498562,  0.        ,\n        0.00092106,  0.        ,  0.        ,  0.        ,  0.        ,\n        0.        ,  0.        ,  0.00181861, -0.00366849,  0.        ,\n        0.        ,  0.00372737,  0.        ,  0.00388692,  0.04575119,\n        0.03789438])","logger":"shap","filename":"_kernel.py","lineno":730}
{"timestamp":"2025-12-03T15:35:27.139783Z","level":"info","event":"np.sum(w_aug) = 21.0","logger":"shap","filename":"_kernel.py","lineno":648}
{"timestamp":"2025-12-03T15:35:27.139832Z","level":"info","event":"np.sum(self.kernelWeights) = 1.0000000000000004","logger":"shap","filename":"_kernel.py","lineno":649}
{"timestamp":"2025-12-03T15:35:27.184157Z","level":"info","event":"phi = array([ 0.        , -0.00312115,  0.00405701, -0.00899965, -0.00244495,\n       -0.00339315,  0.        ,  0.        ,  0.        ,  0.        ,\n        0.        , -0.00370743,  0.        ,  0.        ,  0.        ,\n        0.        , -0.00276747, -0.00144227,  0.        , -0.0466624 ,\n        0.01507864])","logger":"shap","filename":"_kernel.py","lineno":730}
{"timestamp":"2025-12-03T15:35:27.184472Z","level":"info","event":"np.sum(w_aug) = 21.0","logger":"shap","filename":"_kernel.py","lineno":648}
{"timestamp":"2025-12-03T15:35:27.184524Z","level":"info","event":"np.sum(self.kernelWeights) = 1.0000000000000004","logger":"shap","filename":"_kernel.py","lineno":649}
{"timestamp":"2025-12-03T15:35:27.185805Z","level":"info","event":"phi = array([-0.00628053, -0.00699556,  0.        , -0.01656251,  0.        ,\n        0.        ,  0.        ,  0.        ,  0.        ,  0.        ,\n       -0.01413018,  0.        , -0.00742671,  0.        ,  0.        ,\n        0.        , -0.00936633, -0.00900796, -0.01734577, -0.05279923,\n       -0.10856848])","logger":"shap","filename":"_kernel.py","lineno":730}
{"timestamp":"2025-12-03T15:35:27.238613Z","level":"info","event":"num_full_subsets = 1","logger":"shap","filename":"_kernel.py","lineno":424}
{"timestamp":"2025-12-03T15:35:27.238764Z","level":"info","event":"remaining_weight_vector = array([0.20701126, 0.14490788, 0.11440096, 0.09660526, 0.08523993,\n       0.07762922, 0.07245394, 0.06900375, 0.06688056, 0.06586722])","logger":"shap","filename":"_kernel.py","lineno":435}
{"timestamp":"2025-12-03T15:35:27.238805Z","level":"info","event":"num_paired_subset_sizes = 11","logger":"shap","filename":"_kernel.py","lineno":436}
{"timestamp":"2025-12-03T15:35:27.252579Z","level":"info","event":"weight_left = 0.7167414131850209","logger":"shap","filename":"_kernel.py","lineno":475}
{"timestamp":"2025-12-03T15:36:42.782345Z","level":"info","event":"np.sum(w_aug) = 23.000000000000004","logger":"shap","filename":"_kernel.py","lineno":648}
{"timestamp":"2025-12-03T15:36:42.782504Z","level":"info","event":"np.sum(self.kernelWeights) = 1.0000000000000002","logger":"shap","filename":"_kernel.py","lineno":649}
{"timestamp":"2025-12-03T15:36:42.786998Z","level":"info","event":"phi = array([0.00336407, 0.00484899, 0.00822887, 0.        , 0.        ,\n       0.        , 0.        , 0.        , 0.00511992, 0.        ,\n       0.        , 0.        , 0.        , 0.00445099, 0.        ,\n       0.        , 0.00522123, 0.        , 0.00570279, 0.        ,\n       0.00354382, 0.12348128, 0.04455645])","logger":"shap","filename":"_kernel.py","lineno":730}
{"timestamp":"2025-12-03T15:36:42.787308Z","level":"info","event":"np.sum(w_aug) = 23.000000000000004","logger":"shap","filename":"_kernel.py","lineno":648}
{"timestamp":"2025-12-03T15:36:42.787356Z","level":"info","event":"np.sum(self.kernelWeights) = 1.0000000000000002","logger":"shap","filename":"_kernel.py","lineno":649}
{"timestamp":"2025-12-03T15:36:42.790805Z","level":"info","event":"phi = array([-0.00116158,  0.        ,  0.00422663,  0.        , -0.00492705,\n        0.        ,  0.        , -0.00118466,  0.        ,  0.        ,\n        0.        ,  0.        ,  0.        ,  0.        , -0.00257031,\n        0.        ,  0.        ,  0.        , -0.00293169,  0.00421146,\n       -0.00422056, -0.09840023, -0.01634159])","logger":"shap","filename":"_kernel.py","lineno":730}
{"timestamp":"2025-12-03T15:36:42.791340Z","level":"info","event":"np.sum(w_aug) = 23.000000000000004","logger":"shap","filename":"_kernel.py","lineno":648}
{"timestamp":"2025-12-03T15:36:42.791407Z","level":"info","event":"np.sum(self.kernelWeights) = 1.0000000000000002","logger":"shap","filename":"_kernel.py","lineno":649}
{"timestamp":"2025-12-03T15:36:42.792824Z","level":"info","event":"phi = array([ 0.        ,  0.00195622,  0.00346375,  0.00142999,  0.        ,\n        0.        ,  0.        ,  0.        ,  0.        ,  0.        ,\n       -0.00335244,  0.        ,  0.        ,  0.00141901, -0.00279956,\n        0.        ,  0.        ,  0.        ,  0.        ,  0.00358717,\n       -0.00379431, -0.06630767, -0.00218478])","logger":"shap","filename":"_kernel.py","lineno":730}
{"timestamp":"2025-12-03T15:36:42.793098Z","level":"info","event":"np.sum(w_aug) = 23.000000000000004","logger":"shap","filename":"_kernel.py","lineno":648}
{"timestamp":"2025-12-03T15:36:42.793140Z","level":"info","event":"np.sum(self.kernelWeights) = 1.0000000000000002","logger":"shap","filename":"_kernel.py","lineno":649}
{"timestamp":"2025-12-03T15:36:42.800522Z","level":"info","event":"phi = array([ 0.        , -0.00475348, -0.0074192 ,  0.        ,  0.        ,\n        0.        ,  0.        ,  0.        , -0.00081056,  0.        ,\n        0.        , -0.00361502, -0.00366541,  0.        ,  0.        ,\n        0.        , -0.00077991,  0.        ,  0.00317813,  0.        ,\n       -0.00646084, -0.05198373,  0.01254952])","logger":"shap","filename":"_kernel.py","lineno":730}
{"timestamp":"2025-12-03T15:36:42.800791Z","level":"info","event":"np.sum(w_aug) = 23.000000000000004","logger":"shap","filename":"_kernel.py","lineno":648}
{"timestamp":"2025-12-03T15:36:42.800831Z","level":"info","event":"np.sum(self.kernelWeights) = 1.0000000000000002","logger":"shap","filename":"_kernel.py","lineno":649}
{"timestamp":"2025-12-03T15:36:42.802051Z","level":"info","event":"phi = array([-0.00223026,  0.        , -0.0057094 ,  0.        ,  0.        ,\n        0.        ,  0.        ,  0.        , -0.00192074,  0.        ,\n        0.        ,  0.        ,  0.        , -0.00474125,  0.        ,\n        0.        , -0.00195595,  0.        , -0.00244823, -0.01027658,\n        0.01377089,  0.09648618, -0.03585038])","logger":"shap","filename":"_kernel.py","lineno":730}
{"timestamp":"2025-12-03T15:36:42.838084Z","level":"info","event":"num_full_subsets = 2","logger":"shap","filename":"_kernel.py","lineno":424}
{"timestamp":"2025-12-03T15:36:42.838265Z","level":"info","event":"remaining_weight_vector = array([0.19492121, 0.15479038, 0.13157182, 0.11695273, 0.10740557,\n       0.10120909, 0.09746061, 0.0956886 ])","logger":"shap","filename":"_kernel.py","lineno":435}
{"timestamp":"2025-12-03T15:36:42.838311Z","level":"info","event":"num_paired_subset_sizes = 10","logger":"shap","filename":"_kernel.py","lineno":436}
{"timestamp":"2025-12-03T15:36:42.868706Z","level":"info","event":"weight_left = 0.554544872149051","logger":"shap","filename":"_kernel.py","lineno":475}
{"timestamp":"2025-12-03T15:37:58.606656Z","level":"info","event":"np.sum(w_aug) = 21.0","logger":"shap","filename":"_kernel.py","lineno":648}
{"timestamp":"2025-12-03T15:37:58.606761Z","level":"info","event":"np.sum(self.kernelWeights) = 1.0","logger":"shap","filename":"_kernel.py","lineno":649}
{"timestamp":"2025-12-03T15:37:58.677183Z","level":"info","event":"phi = array([ 0.        ,  0.0022602 ,  0.01529642,  0.        ,  0.        ,\n        0.00100551,  0.        ,  0.        ,  0.        ,  0.        ,\n        0.00848423,  0.        ,  0.00340375,  0.00162168,  0.        ,\n        0.        ,  0.        ,  0.00526513,  0.00820597, -0.01110098,\n        0.04840434])","logger":"shap","filename":"_kernel.py","lineno":730}
{"timestamp":"2025-12-03T15:37:58.697393Z","level":"info","event":"np.sum(w_aug) = 21.0","logger":"shap","filename":"_kernel.py","lineno":648}
{"timestamp":"2025-12-03T15:37:58.705562Z","level":"info","event":"np.sum(self.kernelWeights) = 1.0","logger":"shap","filename":"_kernel.py","lineno":649}
{"timestamp":"2025-12-03T15:37:58.885751Z","level":"info","event":"phi = array([-0.00251627,  0.        ,  0.        ,  0.        , -0.00546201,\n        0.        ,  0.        ,  0.        ,  0.        ,  0.00240768,\n        0.00889618,  0.        ,  0.        , -0.00413413,  0.        ,\n        0.        ,  0.00944572,  0.00963692,  0.006165  , -0.07119621,\n       -0.01188681])","logger":"shap","filename":"_kernel.py","lineno":730}
{"timestamp":"2025-12-03T15:37:58.886119Z","level":"info","event":"np.sum(w_aug) = 21.0","logger":"shap","filename":"_kernel.py","lineno":648}
{"timestamp":"2025-12-03T15:37:58.886191Z","level":"info","event":"np.sum(self.kernelWeights) = 1.0","logger":"shap","filename":"_kernel.py","lineno":649}
{"timestamp":"2025-12-03T15:37:59.061504Z","level":"info","event":"phi = array([-0.00230208,  0.00449631,  0.01801809,  0.00252621,  0.        ,\n        0.        ,  0.        ,  0.        ,  0.        , -0.00484551,\n       -0.00982288,  0.        ,  0.        , -0.00397941,  0.        ,\n        0.        , -0.00410819, -0.01069893,  0.        ,  0.        ,\n       -0.00335072])","logger":"shap","filename":"_kernel.py","lineno":730}
{"timestamp":"2025-12-03T15:37:59.062220Z","level":"info","event":"np.sum(w_aug) = 21.0","logger":"shap","filename":"_kernel.py","lineno":648}
{"timestamp":"2025-12-03T15:37:59.062322Z","level":"info","event":"np.sum(self.kernelWeights) = 1.0","logger":"shap","filename":"_kernel.py","lineno":649}
{"timestamp":"2025-12-03T15:37:59.320880Z","level":"info","event":"phi = array([ 0.0040293 ,  0.        , -0.04497684,  0.        ,  0.        ,\n        0.        ,  0.        ,  0.        ,  0.        ,  0.00448398,\n        0.01382436,  0.        ,  0.        ,  0.00381366,  0.        ,\n        0.00148622,  0.        ,  0.00992645,  0.00455801,  0.03778425,\n        0.03303597])","logger":"shap","filename":"_kernel.py","lineno":730}
{"timestamp":"2025-12-03T15:37:59.321955Z","level":"info","event":"np.sum(w_aug) = 21.0","logger":"shap","filename":"_kernel.py","lineno":648}
{"timestamp":"2025-12-03T15:37:59.322070Z","level":"info","event":"np.sum(self.kernelWeights) = 1.0","logger":"shap","filename":"_kernel.py","lineno":649}
{"timestamp":"2025-12-03T15:37:59.582797Z","level":"info","event":"phi = array([ 0.        , -0.00246394,  0.00901391,  0.        ,  0.01299875,\n        0.        ,  0.        ,  0.        ,  0.        ,  0.        ,\n       -0.02255431,  0.        , -0.00493242,  0.        ,  0.        ,\n        0.        , -0.00847801, -0.01498427, -0.02123446,  0.04115258,\n       -0.06661842])","logger":"shap","filename":"_kernel.py","lineno":730}
{"timestamp":"2025-12-03T15:37:59.840010Z","level":"info","event":"num_full_subsets = 2","logger":"shap","filename":"_kernel.py","lineno":424}
{"timestamp":"2025-12-03T15:37:59.840198Z","level":"info","event":"remaining_weight_vector = array([0.19492121, 0.15479038, 0.13157182, 0.11695273, 0.10740557,\n       0.10120909, 0.09746061, 0.0956886 ])","logger":"shap","filename":"_kernel.py","lineno":435}
{"timestamp":"2025-12-03T15:37:59.840239Z","level":"info","event":"num_paired_subset_sizes = 10","logger":"shap","filename":"_kernel.py","lineno":436}
{"timestamp":"2025-12-03T15:37:59.855493Z","level":"info","event":"weight_left = 0.554544872149051","logger":"shap","filename":"_kernel.py","lineno":475}
{"timestamp":"2025-12-03T15:39:15.917665Z","level":"info","event":"np.sum(w_aug) = 21.0","logger":"shap","filename":"_kernel.py","lineno":648}
{"timestamp":"2025-12-03T15:39:15.917777Z","level":"info","event":"np.sum(self.kernelWeights) = 1.0","logger":"shap","filename":"_kernel.py","lineno":649}
{"timestamp":"2025-12-03T15:39:16.075510Z","level":"info","event":"phi = array([0.00492836, 0.        , 0.00419614, 0.        , 0.01287889,\n       0.        , 0.0026374 , 0.        , 0.00222907, 0.        ,\n       0.        , 0.        , 0.00339454, 0.        , 0.        ,\n       0.00287807, 0.        , 0.00484666, 0.        , 0.13356217,\n       0.03008476])","logger":"shap","filename":"_kernel.py","lineno":730}
{"timestamp":"2025-12-03T15:39:16.076384Z","level":"info","event":"np.sum(w_aug) = 21.0","logger":"shap","filename":"_kernel.py","lineno":648}
{"timestamp":"2025-12-03T15:39:16.076510Z","level":"info","event":"np.sum(self.kernelWeights) = 1.0","logger":"shap","filename":"_kernel.py","lineno":649}
{"timestamp":"2025-12-03T15:39:16.739058Z","level":"info","event":"phi = array([-0.00603346, -0.00125123, -0.0020727 ,  0.        , -0.00896901,\n        0.        , -0.00017373, -0.00197938, -0.00062833,  0.        ,\n        0.        ,  0.        ,  0.        ,  0.        ,  0.        ,\n       -0.00045136,  0.        ,  0.        ,  0.        , -0.03327844,\n       -0.00245836])","logger":"shap","filename":"_kernel.py","lineno":730}
{"timestamp":"2025-12-03T15:39:16.740029Z","level":"info","event":"np.sum(w_aug) = 21.0","logger":"shap","filename":"_kernel.py","lineno":648}
{"timestamp":"2025-12-03T15:39:16.740155Z","level":"info","event":"np.sum(self.kernelWeights) = 1.0","logger":"shap","filename":"_kernel.py","lineno":649}
{"timestamp":"2025-12-03T15:39:17.297668Z","level":"info","event":"phi = array([ 0.00344124,  0.00719   , -0.00904665,  0.        ,  0.        ,\n        0.        ,  0.        ,  0.        ,  0.00251297, -0.00451225,\n        0.        ,  0.        ,  0.00266184,  0.00133778,  0.        ,\n        0.        ,  0.        ,  0.        ,  0.00587463,  0.0317477 ,\n       -0.02529424])","logger":"shap","filename":"_kernel.py","lineno":730}
{"timestamp":"2025-12-03T15:39:17.298571Z","level":"info","event":"np.sum(w_aug) = 21.0","logger":"shap","filename":"_kernel.py","lineno":648}
{"timestamp":"2025-12-03T15:39:17.298715Z","level":"info","event":"np.sum(self.kernelWeights) = 1.0","logger":"shap","filename":"_kernel.py","lineno":649}
{"timestamp":"2025-12-03T15:39:17.649627Z","level":"info","event":"phi = array([ 0.        , -0.00308087, -0.00662777,  0.        ,  0.00475425,\n        0.        ,  0.        ,  0.        ,  0.        ,  0.        ,\n       -0.00298073, -0.00437458,  0.        , -0.0023281 ,  0.        ,\n        0.        , -0.00442924,  0.        ,  0.00396658,  0.00521298,\n       -0.10123185])","logger":"shap","filename":"_kernel.py","lineno":730}
{"timestamp":"2025-12-03T15:39:17.649939Z","level":"info","event":"np.sum(w_aug) = 21.0","logger":"shap","filename":"_kernel.py","lineno":648}
{"timestamp":"2025-12-03T15:39:17.649995Z","level":"info","event":"np.sum(self.kernelWeights) = 1.0","logger":"shap","filename":"_kernel.py","lineno":649}
{"timestamp":"2025-12-03T15:39:18.101856Z","level":"info","event":"phi = array([-0.00442557,  0.        ,  0.01483738,  0.        , -0.00739181,\n        0.        ,  0.        ,  0.        ,  0.        ,  0.        ,\n        0.        ,  0.        , -0.00431272,  0.        ,  0.        ,\n       -0.00348534,  0.00651833, -0.00513865, -0.01022965, -0.13557865,\n        0.10007294])","logger":"shap","filename":"_kernel.py","lineno":730}
{"timestamp":"2025-12-03T15:39:18.385999Z","level":"info","event":"num_full_subsets = 2","logger":"shap","filename":"_kernel.py","lineno":424}
{"timestamp":"2025-12-03T15:39:18.386241Z","level":"info","event":"remaining_weight_vector = array([0.19492121, 0.15479038, 0.13157182, 0.11695273, 0.10740557,\n       0.10120909, 0.09746061, 0.0956886 ])","logger":"shap","filename":"_kernel.py","lineno":435}
{"timestamp":"2025-12-03T15:39:18.386285Z","level":"info","event":"num_paired_subset_sizes = 10","logger":"shap","filename":"_kernel.py","lineno":436}
{"timestamp":"2025-12-03T15:39:18.404160Z","level":"info","event":"weight_left = 0.554544872149051","logger":"shap","filename":"_kernel.py","lineno":475}
{"timestamp":"2025-12-03T15:40:33.455486Z","level":"info","event":"np.sum(w_aug) = 21.0","logger":"shap","filename":"_kernel.py","lineno":648}
{"timestamp":"2025-12-03T15:40:33.455611Z","level":"info","event":"np.sum(self.kernelWeights) = 1.0","logger":"shap","filename":"_kernel.py","lineno":649}
{"timestamp":"2025-12-03T15:40:33.587012Z","level":"info","event":"phi = array([ 0.        ,  0.00266048,  0.00548817,  0.        ,  0.        ,\n        0.        ,  0.        ,  0.        ,  0.001606  , -0.00333826,\n        0.        ,  0.        ,  0.        ,  0.00312832,  0.        ,\n        0.        ,  0.00664587,  0.00278493,  0.00363866, -0.01806238,\n       -0.05129412])","logger":"shap","filename":"_kernel.py","lineno":730}
{"timestamp":"2025-12-03T15:40:33.589253Z","level":"info","event":"np.sum(w_aug) = 21.0","logger":"shap","filename":"_kernel.py","lineno":648}
{"timestamp":"2025-12-03T15:40:33.589331Z","level":"info","event":"np.sum(self.kernelWeights) = 1.0","logger":"shap","filename":"_kernel.py","lineno":649}
{"timestamp":"2025-12-03T15:40:33.761090Z","level":"info","event":"phi = array([ 0.00303919,  0.00848024, -0.00643653,  0.        , -0.0034251 ,\n        0.00244149,  0.        ,  0.        ,  0.        ,  0.        ,\n        0.        ,  0.        , -0.00426133, -0.00311073,  0.        ,\n        0.        ,  0.        ,  0.00182537,  0.        , -0.02892715,\n       -0.04557485])","logger":"shap","filename":"_kernel.py","lineno":730}
{"timestamp":"2025-12-03T15:40:33.763185Z","level":"info","event":"np.sum(w_aug) = 21.0","logger":"shap","filename":"_kernel.py","lineno":648}
{"timestamp":"2025-12-03T15:40:33.763341Z","level":"info","event":"np.sum(self.kernelWeights) = 1.0","logger":"shap","filename":"_kernel.py","lineno":649}
{"timestamp":"2025-12-03T15:40:34.190519Z","level":"info","event":"phi = array([ 0.        , -0.00844764,  0.0017227 ,  0.        ,  0.        ,\n        0.        ,  0.        ,  0.        ,  0.00244881,  0.        ,\n        0.        ,  0.00196907,  0.        , -0.00325517,  0.        ,\n        0.        ,  0.00189427,  0.0029416 , -0.00594423,  0.08240195,\n        0.01787417])","logger":"shap","filename":"_kernel.py","lineno":730}
{"timestamp":"2025-12-03T15:40:34.191119Z","level":"info","event":"np.sum(w_aug) = 21.0","logger":"shap","filename":"_kernel.py","lineno":648}
{"timestamp":"2025-12-03T15:40:34.191196Z","level":"info","event":"np.sum(self.kernelWeights) = 1.0","logger":"shap","filename":"_kernel.py","lineno":649}
{"timestamp":"2025-12-03T15:40:34.702428Z","level":"info","event":"phi = array([ 0.00362672, -0.00208449, -0.00902955,  0.        ,  0.        ,\n        0.        ,  0.        ,  0.        ,  0.        ,  0.00543391,\n        0.        , -0.00617088, -0.00384094,  0.        ,  0.        ,\n        0.        ,  0.00508905,  0.        , -0.00634461, -0.01946285,\n       -0.05678103])","logger":"shap","filename":"_kernel.py","lineno":730}
{"timestamp":"2025-12-03T15:40:34.702856Z","level":"info","event":"np.sum(w_aug) = 21.0","logger":"shap","filename":"_kernel.py","lineno":648}
{"timestamp":"2025-12-03T15:40:34.702907Z","level":"info","event":"np.sum(self.kernelWeights) = 1.0","logger":"shap","filename":"_kernel.py","lineno":649}
{"timestamp":"2025-12-03T15:40:35.271112Z","level":"info","event":"phi = array([-0.00491849,  0.        ,  0.0087001 ,  0.        ,  0.00283951,\n        0.        ,  0.        ,  0.        ,  0.        ,  0.        ,\n        0.        ,  0.        ,  0.00815123,  0.        ,  0.        ,\n       -0.00278601, -0.01307557, -0.00753116,  0.00686675, -0.01544161,\n        0.13584611])","logger":"shap","filename":"_kernel.py","lineno":730}
{"timestamp":"2025-12-03T15:40:35.552814Z","level":"info","event":"num_full_subsets = 2","logger":"shap","filename":"_kernel.py","lineno":424}
{"timestamp":"2025-12-03T15:40:35.552952Z","level":"info","event":"remaining_weight_vector = array([0.19492121, 0.15479038, 0.13157182, 0.11695273, 0.10740557,\n       0.10120909, 0.09746061, 0.0956886 ])","logger":"shap","filename":"_kernel.py","lineno":435}
{"timestamp":"2025-12-03T15:40:35.552990Z","level":"info","event":"num_paired_subset_sizes = 10","logger":"shap","filename":"_kernel.py","lineno":436}
{"timestamp":"2025-12-03T15:40:35.563592Z","level":"info","event":"weight_left = 0.554544872149051","logger":"shap","filename":"_kernel.py","lineno":475}
{"timestamp":"2025-12-03T15:41:00.641020Z","level":"error","event":"Server indicated the task shouldn't be running anymore. Terminating process","detail":{"detail":{"reason":"not_running","message":"TI is no longer in the running state and task should terminate","current_state":"failed"}},"logger":"task"}
{"timestamp":"2025-12-03T15:41:05.673246Z","level":"error","event":"\r  0%|          | 0/500 [00:00<?, ?it/s]\r  0%|          | 1/500 [01:42<14:15:40, 102.89s/it]\r  0%|          | 2/500 [03:16<13:28:11, 97.37s/it] \r  1%|          | 3/500 [04:46<12:58:08, 93.94s/it]\r  1%|          | 4/500 [06:14<12:38:47, 91.79s/it]\r  1%|          | 5/500 [07:33<11:59:13, 87.18s/it]\r  1%|          | 6/500 [08:50<11:29:21, 83.73s/it]\r  1%|▏         | 7/500 [10:05<11:02:47, 80.66s/it]\r  2%|▏         | 8/500 [11:19<10:46:17, 78.82s/it]\r  2%|▏         | 9/500 [12:34<10:34:08, 77.49s/it]\r  2%|▏         | 10/500 [13:49<10:27:24, 76.83s/it]\r  2%|▏         | 11/500 [15:05<10:23:06, 76.46s/it]\r  2%|▏         | 12/500 [16:22<10:22:38, 76.55s/it]\r  3%|▎         | 13/500 [17:40<10:26:11, 77.15s/it]\r  3%|▎         | 14/500 [18:57<10:24:57, 77.16s/it]","logger":"task.stderr"}
{"timestamp":"2025-12-03T15:41:05.673530Z","level":"error","event":"Task killed!","logger":"task"}
