{"timestamp":"2025-12-03T16:06:04.686091Z","level":"info","event":"DAG bundles loaded: dags-folder, example_dags","logger":"airflow.dag_processing.bundles.manager.DagBundlesManager","filename":"manager.py","lineno":179}
{"timestamp":"2025-12-03T16:06:04.686362Z","level":"info","event":"Filling up the DagBag from /Users/jesu/Desktop/Magister/LabProgramacionCientifica/NanSquad/Proyecto/entrega3/airflow/dags/dag.py","logger":"airflow.models.dagbag.DagBag","filename":"dagbag.py","lineno":593}
{"timestamp":"2025-12-03T16:06:04.692912Z","level":"warning","event":"The `airflow.operators.python.PythonOperator` attribute is deprecated. Please use `'airflow.providers.standard.operators.python.PythonOperator'`.","category":"DeprecatedImportWarning","filename":"/Users/jesu/Desktop/Magister/LabProgramacionCientifica/NanSquad/Proyecto/entrega3/airflow/dags/dag.py","lineno":5,"logger":"py.warnings"}
{"timestamp":"2025-12-03T16:06:04.692965Z","level":"warning","event":"The `airflow.operators.python.BranchPythonOperator` attribute is deprecated. Please use `'airflow.providers.standard.operators.python.BranchPythonOperator'`.","category":"DeprecatedImportWarning","filename":"/Users/jesu/Desktop/Magister/LabProgramacionCientifica/NanSquad/Proyecto/entrega3/airflow/dags/dag.py","lineno":5,"logger":"py.warnings"}
{"timestamp":"2025-12-03T16:06:04.693001Z","level":"warning","event":"The `airflow.operators.empty.EmptyOperator` attribute is deprecated. Please use `'airflow.providers.standard.operators.empty.EmptyOperator'`.","category":"DeprecatedImportWarning","filename":"/Users/jesu/Desktop/Magister/LabProgramacionCientifica/NanSquad/Proyecto/entrega3/airflow/dags/dag.py","lineno":6,"logger":"py.warnings"}
{"timestamp":"2025-12-03T16:06:04.693032Z","level":"warning","event":"The `airflow.models.baseoperator.cross_downstream` attribute is deprecated. Please use `'airflow.sdk.bases.operator.cross_downstream'`.","category":"DeprecatedImportWarning","filename":"/Users/jesu/Desktop/Magister/LabProgramacionCientifica/NanSquad/Proyecto/entrega3/airflow/dags/dag.py","lineno":8,"logger":"py.warnings"}
{"timestamp":"2025-12-03T16:06:04.693062Z","level":"warning","event":"No system locale set. Falling back to 'en_US'. Set LANG/LC_ALL or pass locale_code to override.","category":"UserWarning","filename":"/Users/jesu/Desktop/Magister/LabProgramacionCientifica/NanSquad/Proyecto/entrega3/venv/lib/python3.10/site-packages/cron_descriptor/ExpressionDescriptor.py","lineno":69,"logger":"py.warnings"}
{"timestamp":"2025-12-03T16:06:04.713332Z","level":"info","event":"Task instance is in running state","logger":"task.stdout"}
{"timestamp":"2025-12-03T16:06:04.713404Z","level":"info","event":" Previous state of the Task instance: TaskInstanceState.QUEUED","logger":"task.stdout"}
{"timestamp":"2025-12-03T16:06:04.713657Z","level":"info","event":"Current task name:evaluate_and_interpret","logger":"task.stdout"}
{"timestamp":"2025-12-03T16:06:04.713691Z","level":"info","event":"Dag name:product_purchase_prediction","logger":"task.stdout"}
{"timestamp":"2025-12-03T16:06:05.785767Z","level":"warning","event":"Filesystem tracking backend (e.g., './mlruns') is deprecated. Please switch to a database backend (e.g., 'sqlite:///mlflow.db'). For feedback, see: https://github.com/mlflow/mlflow/issues/18534","category":"FutureWarning","filename":"/Users/jesu/Desktop/Magister/LabProgramacionCientifica/NanSquad/Proyecto/entrega3/venv/lib/python3.10/site-packages/mlflow/tracking/_tracking_service/utils.py","lineno":140,"logger":"py.warnings"}
{"timestamp":"2025-12-03T16:07:23.495427Z","level":"info","event":"Iniciando análisis SHAP con 30 muestras...","logger":"task.stdout"}
{"timestamp":"2025-12-03T16:07:23.532105Z","level":"info","event":"num_full_subsets = 1","logger":"shap","filename":"_kernel.py","lineno":424}
{"timestamp":"2025-12-03T16:07:23.532291Z","level":"info","event":"remaining_weight_vector = array([0.20456372, 0.14355349, 0.11364651, 0.09626528, 0.08523488,\n       0.07792904, 0.07305847, 0.06993632, 0.06818791, 0.06762437])","logger":"shap","filename":"_kernel.py","lineno":435}
{"timestamp":"2025-12-03T16:07:23.532331Z","level":"info","event":"num_paired_subset_sizes = 10","logger":"shap","filename":"_kernel.py","lineno":436}
{"timestamp":"2025-12-03T16:07:23.546701Z","level":"info","event":"weight_left = 0.7126156484270496","logger":"shap","filename":"_kernel.py","lineno":475}
{"timestamp":"2025-12-03T16:08:00.044500Z","level":"info","event":"np.sum(w_aug) = 22.000000000000007","logger":"shap","filename":"_kernel.py","lineno":648}
{"timestamp":"2025-12-03T16:08:00.044639Z","level":"info","event":"np.sum(self.kernelWeights) = 1.0","logger":"shap","filename":"_kernel.py","lineno":649}
{"timestamp":"2025-12-03T16:08:00.069534Z","level":"info","event":"phi = array([ 0.06864125, -0.00607986,  0.00864709, -0.00242666,  0.        ,\n        0.        ,  0.        ,  0.        ,  0.        ,  0.        ,\n       -0.00847912, -0.00226586,  0.        ,  0.        , -0.0285975 ,\n        0.        ,  0.        ,  0.        , -0.01254915,  0.        ,\n        0.06951988, -0.02828446])","logger":"shap","filename":"_kernel.py","lineno":730}
{"timestamp":"2025-12-03T16:08:00.074026Z","level":"info","event":"np.sum(w_aug) = 22.000000000000007","logger":"shap","filename":"_kernel.py","lineno":648}
{"timestamp":"2025-12-03T16:08:00.074125Z","level":"info","event":"np.sum(self.kernelWeights) = 1.0","logger":"shap","filename":"_kernel.py","lineno":649}
{"timestamp":"2025-12-03T16:08:00.089128Z","level":"info","event":"phi = array([-0.02535213,  0.        ,  0.        ,  0.        , -0.00755547,\n        0.        ,  0.        ,  0.00090751,  0.        ,  0.00318582,\n        0.0041689 ,  0.        ,  0.        ,  0.00278831,  0.00666169,\n        0.        ,  0.        ,  0.00373794,  0.        ,  0.        ,\n        0.0322684 ,  0.03878609])","logger":"shap","filename":"_kernel.py","lineno":730}
{"timestamp":"2025-12-03T16:08:00.089436Z","level":"info","event":"np.sum(w_aug) = 22.000000000000007","logger":"shap","filename":"_kernel.py","lineno":648}
{"timestamp":"2025-12-03T16:08:00.089481Z","level":"info","event":"np.sum(self.kernelWeights) = 1.0","logger":"shap","filename":"_kernel.py","lineno":649}
{"timestamp":"2025-12-03T16:08:00.126786Z","level":"info","event":"phi = array([ 0.02853883,  0.00325941, -0.00917254,  0.        ,  0.        ,\n        0.        ,  0.        ,  0.00164252,  0.        ,  0.        ,\n        0.        ,  0.        ,  0.00220358,  0.        ,  0.00505329,\n        0.        ,  0.        ,  0.        ,  0.00325684, -0.00382682,\n        0.02673587, -0.01409947])","logger":"shap","filename":"_kernel.py","lineno":730}
{"timestamp":"2025-12-03T16:08:00.127069Z","level":"info","event":"np.sum(w_aug) = 22.000000000000007","logger":"shap","filename":"_kernel.py","lineno":648}
{"timestamp":"2025-12-03T16:08:00.127111Z","level":"info","event":"np.sum(self.kernelWeights) = 1.0","logger":"shap","filename":"_kernel.py","lineno":649}
{"timestamp":"2025-12-03T16:08:00.131481Z","level":"info","event":"phi = array([ 0.        , -0.00351708, -0.01052877,  0.        ,  0.        ,\n       -0.00270096,  0.        ,  0.        , -0.00250305, -0.00328422,\n        0.        ,  0.        ,  0.        ,  0.        , -0.00679033,\n        0.        ,  0.        , -0.00227487,  0.        , -0.00244612,\n       -0.00280231, -0.08535309])","logger":"shap","filename":"_kernel.py","lineno":730}
{"timestamp":"2025-12-03T16:08:00.131726Z","level":"info","event":"np.sum(w_aug) = 22.000000000000007","logger":"shap","filename":"_kernel.py","lineno":648}
{"timestamp":"2025-12-03T16:08:00.131768Z","level":"info","event":"np.sum(self.kernelWeights) = 1.0","logger":"shap","filename":"_kernel.py","lineno":649}
{"timestamp":"2025-12-03T16:08:00.138147Z","level":"info","event":"phi = array([-0.07953045,  0.0061854 ,  0.01343398,  0.        ,  0.01225296,\n        0.        ,  0.        ,  0.        ,  0.        ,  0.        ,\n        0.00639345,  0.        ,  0.        ,  0.        ,  0.02417174,\n        0.        ,  0.        ,  0.        ,  0.00742531,  0.00636327,\n       -0.12563356,  0.08982448])","logger":"shap","filename":"_kernel.py","lineno":730}
{"timestamp":"2025-12-03T16:08:00.408763Z","level":"info","event":"num_full_subsets = 1","logger":"shap","filename":"_kernel.py","lineno":424}
{"timestamp":"2025-12-03T16:08:00.408906Z","level":"info","event":"remaining_weight_vector = array([0.20456372, 0.14355349, 0.11364651, 0.09626528, 0.08523488,\n       0.07792904, 0.07305847, 0.06993632, 0.06818791, 0.06762437])","logger":"shap","filename":"_kernel.py","lineno":435}
{"timestamp":"2025-12-03T16:08:00.408947Z","level":"info","event":"num_paired_subset_sizes = 10","logger":"shap","filename":"_kernel.py","lineno":436}
{"timestamp":"2025-12-03T16:08:00.422922Z","level":"info","event":"weight_left = 0.7126156484270496","logger":"shap","filename":"_kernel.py","lineno":475}
{"timestamp":"2025-12-03T16:08:37.596519Z","level":"info","event":"np.sum(w_aug) = 22.000000000000007","logger":"shap","filename":"_kernel.py","lineno":648}
{"timestamp":"2025-12-03T16:08:37.596699Z","level":"info","event":"np.sum(self.kernelWeights) = 1.0000000000000004","logger":"shap","filename":"_kernel.py","lineno":649}
{"timestamp":"2025-12-03T16:08:37.628735Z","level":"info","event":"phi = array([ 0.        ,  0.00531149, -0.04275565,  0.        ,  0.00573263,\n        0.        ,  0.        ,  0.        ,  0.00283242,  0.        ,\n        0.01044632,  0.        ,  0.        ,  0.00309844,  0.        ,\n        0.        ,  0.00377468,  0.        ,  0.01298357,  0.        ,\n        0.0304957 , -0.02418618])","logger":"shap","filename":"_kernel.py","lineno":730}
{"timestamp":"2025-12-03T16:08:37.629040Z","level":"info","event":"np.sum(w_aug) = 22.000000000000007","logger":"shap","filename":"_kernel.py","lineno":648}
{"timestamp":"2025-12-03T16:08:37.629084Z","level":"info","event":"np.sum(self.kernelWeights) = 1.0000000000000004","logger":"shap","filename":"_kernel.py","lineno":649}
{"timestamp":"2025-12-03T16:08:37.631359Z","level":"info","event":"phi = array([-0.00603215,  0.        , -0.03377016, -0.00297893, -0.00527052,\n        0.        ,  0.        ,  0.        ,  0.        ,  0.        ,\n       -0.0069523 ,  0.        ,  0.        ,  0.        , -0.00218358,\n        0.        , -0.00111522,  0.        , -0.00542124,  0.        ,\n        0.04428662,  0.04363285])","logger":"shap","filename":"_kernel.py","lineno":730}
{"timestamp":"2025-12-03T16:08:37.631609Z","level":"info","event":"np.sum(w_aug) = 22.000000000000007","logger":"shap","filename":"_kernel.py","lineno":648}
{"timestamp":"2025-12-03T16:08:37.631650Z","level":"info","event":"np.sum(self.kernelWeights) = 1.0000000000000004","logger":"shap","filename":"_kernel.py","lineno":649}
{"timestamp":"2025-12-03T16:08:37.633161Z","level":"info","event":"phi = array([-0.00739504, -0.00809773,  0.03345933,  0.00167919, -0.00783631,\n        0.        ,  0.        ,  0.        ,  0.        ,  0.00293201,\n        0.00308815,  0.        ,  0.        ,  0.        ,  0.        ,\n        0.        ,  0.        ,  0.        ,  0.        , -0.00648425,\n        0.03372798,  0.05822865])","logger":"shap","filename":"_kernel.py","lineno":730}
{"timestamp":"2025-12-03T16:08:37.633402Z","level":"info","event":"np.sum(w_aug) = 22.000000000000007","logger":"shap","filename":"_kernel.py","lineno":648}
{"timestamp":"2025-12-03T16:08:37.633438Z","level":"info","event":"np.sum(self.kernelWeights) = 1.0000000000000004","logger":"shap","filename":"_kernel.py","lineno":649}
{"timestamp":"2025-12-03T16:08:37.636663Z","level":"info","event":"phi = array([ 0.        , -0.00130736, -0.0039929 ,  0.        , -0.00551795,\n        0.        ,  0.        ,  0.        , -0.00165821, -0.00500061,\n       -0.00331216,  0.        ,  0.        ,  0.        ,  0.        ,\n        0.        ,  0.        , -0.00399919, -0.00598908,  0.        ,\n       -0.01260079, -0.10352349])","logger":"shap","filename":"_kernel.py","lineno":730}
{"timestamp":"2025-12-03T16:08:37.636899Z","level":"info","event":"np.sum(w_aug) = 22.000000000000007","logger":"shap","filename":"_kernel.py","lineno":648}
{"timestamp":"2025-12-03T16:08:37.636934Z","level":"info","event":"np.sum(self.kernelWeights) = 1.0000000000000004","logger":"shap","filename":"_kernel.py","lineno":649}
{"timestamp":"2025-12-03T16:08:37.638070Z","level":"info","event":"phi = array([ 0.00734921,  0.00386262,  0.04682606,  0.        ,  0.01297835,\n        0.        ,  0.        ,  0.00317498,  0.        ,  0.00382006,\n        0.        ,  0.        ,  0.        ,  0.        ,  0.00248626,\n        0.        ,  0.        ,  0.        ,  0.        ,  0.0026025 ,\n       -0.09662483,  0.02519571])","logger":"shap","filename":"_kernel.py","lineno":730}
{"timestamp":"2025-12-03T16:08:37.651825Z","level":"info","event":"num_full_subsets = 1","logger":"shap","filename":"_kernel.py","lineno":424}
{"timestamp":"2025-12-03T16:08:37.651933Z","level":"info","event":"remaining_weight_vector = array([0.20456372, 0.14355349, 0.11364651, 0.09626528, 0.08523488,\n       0.07792904, 0.07305847, 0.06993632, 0.06818791, 0.06762437])","logger":"shap","filename":"_kernel.py","lineno":435}
{"timestamp":"2025-12-03T16:08:37.651968Z","level":"info","event":"num_paired_subset_sizes = 10","logger":"shap","filename":"_kernel.py","lineno":436}
{"timestamp":"2025-12-03T16:08:37.665886Z","level":"info","event":"weight_left = 0.7126156484270496","logger":"shap","filename":"_kernel.py","lineno":475}
{"timestamp":"2025-12-03T16:09:14.561205Z","level":"info","event":"np.sum(w_aug) = 22.000000000000004","logger":"shap","filename":"_kernel.py","lineno":648}
{"timestamp":"2025-12-03T16:09:14.561305Z","level":"info","event":"np.sum(self.kernelWeights) = 0.9999999999999999","logger":"shap","filename":"_kernel.py","lineno":649}
{"timestamp":"2025-12-03T16:09:14.562761Z","level":"info","event":"phi = array([ 0.00269369,  0.00326682,  0.01104273,  0.        ,  0.0029783 ,\n        0.        , -0.00338632,  0.        , -0.00355039,  0.        ,\n        0.        ,  0.        ,  0.        ,  0.        ,  0.        ,\n        0.        , -0.00356731,  0.        ,  0.        ,  0.00357875,\n        0.02997989,  0.01205908])","logger":"shap","filename":"_kernel.py","lineno":730}
{"timestamp":"2025-12-03T16:09:14.563033Z","level":"info","event":"np.sum(w_aug) = 22.000000000000004","logger":"shap","filename":"_kernel.py","lineno":648}
{"timestamp":"2025-12-03T16:09:14.563073Z","level":"info","event":"np.sum(self.kernelWeights) = 0.9999999999999999","logger":"shap","filename":"_kernel.py","lineno":649}
{"timestamp":"2025-12-03T16:09:14.564218Z","level":"info","event":"phi = array([-0.00876168, -0.00936073,  0.        ,  0.        , -0.01339121,\n        0.        ,  0.        ,  0.        , -0.01306095,  0.        ,\n        0.        ,  0.        , -0.00403881,  0.        ,  0.        ,\n        0.        , -0.01288977, -0.00619542,  0.        , -0.00830082,\n        0.02879758,  0.0315987 ])","logger":"shap","filename":"_kernel.py","lineno":730}
{"timestamp":"2025-12-03T16:09:14.564464Z","level":"info","event":"np.sum(w_aug) = 22.000000000000004","logger":"shap","filename":"_kernel.py","lineno":648}
{"timestamp":"2025-12-03T16:09:14.564510Z","level":"info","event":"np.sum(self.kernelWeights) = 0.9999999999999999","logger":"shap","filename":"_kernel.py","lineno":649}
{"timestamp":"2025-12-03T16:09:14.565806Z","level":"info","event":"phi = array([-0.00882643,  0.00128288, -0.00838129,  0.        ,  0.00185182,\n        0.00119193,  0.        ,  0.        ,  0.00549882,  0.        ,\n        0.        ,  0.0010605 ,  0.        ,  0.00225943,  0.        ,\n        0.        ,  0.00383932,  0.        ,  0.        ,  0.        ,\n        0.03779765,  0.        ])","logger":"shap","filename":"_kernel.py","lineno":730}
{"timestamp":"2025-12-03T16:09:14.566048Z","level":"info","event":"np.sum(w_aug) = 22.000000000000004","logger":"shap","filename":"_kernel.py","lineno":648}
{"timestamp":"2025-12-03T16:09:14.566091Z","level":"info","event":"np.sum(self.kernelWeights) = 0.9999999999999999","logger":"shap","filename":"_kernel.py","lineno":649}
{"timestamp":"2025-12-03T16:09:14.568524Z","level":"info","event":"phi = array([ 0.        , -0.00462468, -0.0075865 ,  0.        ,  0.        ,\n        0.        ,  0.        ,  0.        , -0.00420647, -0.00285713,\n        0.        ,  0.        ,  0.        ,  0.        , -0.00087269,\n        0.        , -0.00404873, -0.00363148,  0.        , -0.0063263 ,\n       -0.04192378, -0.06871424])","logger":"shap","filename":"_kernel.py","lineno":730}
{"timestamp":"2025-12-03T16:09:14.568759Z","level":"info","event":"np.sum(w_aug) = 22.000000000000004","logger":"shap","filename":"_kernel.py","lineno":648}
{"timestamp":"2025-12-03T16:09:14.568795Z","level":"info","event":"np.sum(self.kernelWeights) = 0.9999999999999999","logger":"shap","filename":"_kernel.py","lineno":649}
{"timestamp":"2025-12-03T16:09:14.569863Z","level":"info","event":"phi = array([ 0.01160556,  0.01038469,  0.        ,  0.        ,  0.01005893,\n        0.        ,  0.        ,  0.        ,  0.01612234,  0.        ,\n        0.        ,  0.        ,  0.        ,  0.        ,  0.        ,\n        0.        ,  0.01760206,  0.00984202,  0.00670358,  0.01379802,\n       -0.05385172,  0.02545978])","logger":"shap","filename":"_kernel.py","lineno":730}
{"timestamp":"2025-12-03T16:09:14.663356Z","level":"info","event":"num_full_subsets = 1","logger":"shap","filename":"_kernel.py","lineno":424}
{"timestamp":"2025-12-03T16:09:14.663510Z","level":"info","event":"remaining_weight_vector = array([0.20456372, 0.14355349, 0.11364651, 0.09626528, 0.08523488,\n       0.07792904, 0.07305847, 0.06993632, 0.06818791, 0.06762437])","logger":"shap","filename":"_kernel.py","lineno":435}
{"timestamp":"2025-12-03T16:09:14.663549Z","level":"info","event":"num_paired_subset_sizes = 10","logger":"shap","filename":"_kernel.py","lineno":436}
{"timestamp":"2025-12-03T16:09:14.678137Z","level":"info","event":"weight_left = 0.7126156484270496","logger":"shap","filename":"_kernel.py","lineno":475}
{"timestamp":"2025-12-03T16:09:52.425873Z","level":"info","event":"np.sum(w_aug) = 22.0","logger":"shap","filename":"_kernel.py","lineno":648}
{"timestamp":"2025-12-03T16:09:52.425976Z","level":"info","event":"np.sum(self.kernelWeights) = 1.0000000000000002","logger":"shap","filename":"_kernel.py","lineno":649}
{"timestamp":"2025-12-03T16:09:52.428367Z","level":"info","event":"phi = array([ 0.00416003,  0.        , -0.00753028,  0.        ,  0.00355593,\n        0.        ,  0.        ,  0.        ,  0.00125067,  0.00336253,\n        0.        ,  0.        ,  0.        ,  0.00154377,  0.00205779,\n        0.        ,  0.        ,  0.        ,  0.        ,  0.00246557,\n       -0.02443304,  0.04553119])","logger":"shap","filename":"_kernel.py","lineno":730}
{"timestamp":"2025-12-03T16:09:52.428642Z","level":"info","event":"np.sum(w_aug) = 22.0","logger":"shap","filename":"_kernel.py","lineno":648}
{"timestamp":"2025-12-03T16:09:52.428685Z","level":"info","event":"np.sum(self.kernelWeights) = 1.0000000000000002","logger":"shap","filename":"_kernel.py","lineno":649}
{"timestamp":"2025-12-03T16:09:52.429784Z","level":"info","event":"phi = array([-0.0063375 , -0.00316648, -0.00431172, -0.00300704, -0.00492837,\n        0.        ,  0.        ,  0.        , -0.00410058,  0.        ,\n        0.        ,  0.        ,  0.        ,  0.        ,  0.        ,\n        0.        , -0.0036777 ,  0.        ,  0.        , -0.00479104,\n       -0.07026669, -0.09397785])","logger":"shap","filename":"_kernel.py","lineno":730}
{"timestamp":"2025-12-03T16:09:52.430032Z","level":"info","event":"np.sum(w_aug) = 22.0","logger":"shap","filename":"_kernel.py","lineno":648}
{"timestamp":"2025-12-03T16:09:52.430076Z","level":"info","event":"np.sum(self.kernelWeights) = 1.0000000000000002","logger":"shap","filename":"_kernel.py","lineno":649}
{"timestamp":"2025-12-03T16:09:52.431192Z","level":"info","event":"phi = array([-0.0121031 , -0.00530751,  0.01024773,  0.        ,  0.00813613,\n        0.        ,  0.        ,  0.        , -0.00660186,  0.        ,\n       -0.00469763,  0.        ,  0.        ,  0.        ,  0.        ,\n        0.        , -0.00531539,  0.        , -0.00331928,  0.        ,\n       -0.03160315, -0.02235747])","logger":"shap","filename":"_kernel.py","lineno":730}
{"timestamp":"2025-12-03T16:09:52.431432Z","level":"info","event":"np.sum(w_aug) = 22.0","logger":"shap","filename":"_kernel.py","lineno":648}
{"timestamp":"2025-12-03T16:09:52.431469Z","level":"info","event":"np.sum(self.kernelWeights) = 1.0000000000000002","logger":"shap","filename":"_kernel.py","lineno":649}
{"timestamp":"2025-12-03T16:09:52.433618Z","level":"info","event":"phi = array([ 0.00531481,  0.00653737, -0.02413343,  0.        , -0.01752013,\n        0.        ,  0.        ,  0.        ,  0.00993445,  0.        ,\n        0.        ,  0.        ,  0.        ,  0.        ,  0.        ,\n        0.        ,  0.00962283,  0.        ,  0.00623548,  0.00979467,\n        0.10690579,  0.29109477])","logger":"shap","filename":"_kernel.py","lineno":730}
{"timestamp":"2025-12-03T16:09:52.433858Z","level":"info","event":"np.sum(w_aug) = 22.0","logger":"shap","filename":"_kernel.py","lineno":648}
{"timestamp":"2025-12-03T16:09:52.433894Z","level":"info","event":"np.sum(self.kernelWeights) = 1.0000000000000002","logger":"shap","filename":"_kernel.py","lineno":649}
{"timestamp":"2025-12-03T16:09:52.436575Z","level":"info","event":"phi = array([ 0.00858254,  0.        ,  0.02563312,  0.00291389,  0.01081863,\n        0.        ,  0.        ,  0.        ,  0.        ,  0.        ,\n        0.        ,  0.        ,  0.        , -0.00561006,  0.        ,\n        0.00238381,  0.        ,  0.        ,  0.00166987, -0.00917442,\n        0.0190751 , -0.22055675])","logger":"shap","filename":"_kernel.py","lineno":730}
{"timestamp":"2025-12-03T16:09:52.455899Z","level":"info","event":"num_full_subsets = 1","logger":"shap","filename":"_kernel.py","lineno":424}
{"timestamp":"2025-12-03T16:09:52.456056Z","level":"info","event":"remaining_weight_vector = array([0.20456372, 0.14355349, 0.11364651, 0.09626528, 0.08523488,\n       0.07792904, 0.07305847, 0.06993632, 0.06818791, 0.06762437])","logger":"shap","filename":"_kernel.py","lineno":435}
{"timestamp":"2025-12-03T16:09:52.456098Z","level":"info","event":"num_paired_subset_sizes = 10","logger":"shap","filename":"_kernel.py","lineno":436}
{"timestamp":"2025-12-03T16:09:52.469334Z","level":"info","event":"weight_left = 0.7126156484270496","logger":"shap","filename":"_kernel.py","lineno":475}
{"timestamp":"2025-12-03T16:10:29.379930Z","level":"info","event":"np.sum(w_aug) = 22.000000000000007","logger":"shap","filename":"_kernel.py","lineno":648}
{"timestamp":"2025-12-03T16:10:29.380034Z","level":"info","event":"np.sum(self.kernelWeights) = 1.0000000000000004","logger":"shap","filename":"_kernel.py","lineno":649}
{"timestamp":"2025-12-03T16:10:29.386140Z","level":"info","event":"phi = array([ 0.00272835, -0.00398492,  0.00509421,  0.        ,  0.        ,\n        0.        ,  0.        ,  0.        ,  0.00217168,  0.00346399,\n        0.        ,  0.        ,  0.        ,  0.00180771,  0.00131731,\n        0.        ,  0.00283823,  0.        ,  0.        ,  0.        ,\n        0.02199584, -0.04798743])","logger":"shap","filename":"_kernel.py","lineno":730}
{"timestamp":"2025-12-03T16:10:29.386429Z","level":"info","event":"np.sum(w_aug) = 22.000000000000007","logger":"shap","filename":"_kernel.py","lineno":648}
{"timestamp":"2025-12-03T16:10:29.386476Z","level":"info","event":"np.sum(self.kernelWeights) = 1.0000000000000004","logger":"shap","filename":"_kernel.py","lineno":649}
{"timestamp":"2025-12-03T16:10:29.387678Z","level":"info","event":"phi = array([-0.00168721, -0.00255601, -0.00922487, -0.00165536, -0.00644689,\n        0.        ,  0.01252682,  0.        ,  0.        ,  0.        ,\n        0.        , -0.00206042,  0.        ,  0.        , -0.00260834,\n        0.        ,  0.        ,  0.        ,  0.        , -0.00691162,\n        0.        , -0.05932653])","logger":"shap","filename":"_kernel.py","lineno":730}
{"timestamp":"2025-12-03T16:10:29.387926Z","level":"info","event":"np.sum(w_aug) = 22.000000000000007","logger":"shap","filename":"_kernel.py","lineno":648}
{"timestamp":"2025-12-03T16:10:29.387965Z","level":"info","event":"np.sum(self.kernelWeights) = 1.0000000000000004","logger":"shap","filename":"_kernel.py","lineno":649}
{"timestamp":"2025-12-03T16:10:29.389187Z","level":"info","event":"phi = array([-0.01038369, -0.00658978, -0.00862548,  0.        ,  0.        ,\n        0.        , -0.0031562 ,  0.        , -0.00188255,  0.        ,\n       -0.00596419,  0.        ,  0.        ,  0.        ,  0.        ,\n        0.        , -0.00278587,  0.        , -0.00416097,  0.        ,\n       -0.08659341, -0.05476172])","logger":"shap","filename":"_kernel.py","lineno":730}
{"timestamp":"2025-12-03T16:10:29.389429Z","level":"info","event":"np.sum(w_aug) = 22.000000000000007","logger":"shap","filename":"_kernel.py","lineno":648}
{"timestamp":"2025-12-03T16:10:29.389476Z","level":"info","event":"np.sum(self.kernelWeights) = 1.0000000000000004","logger":"shap","filename":"_kernel.py","lineno":649}
{"timestamp":"2025-12-03T16:10:29.391196Z","level":"info","event":"phi = array([ 0.        ,  0.00682009, -0.00753377,  0.        ,  0.        ,\n        0.        , -0.00609132, -0.00243691,  0.        , -0.0037537 ,\n        0.        ,  0.        ,  0.        ,  0.        ,  0.        ,\n        0.        ,  0.        , -0.00462933,  0.00619973,  0.00592165,\n       -0.02362992, -0.08183406])","logger":"shap","filename":"_kernel.py","lineno":730}
{"timestamp":"2025-12-03T16:10:29.391526Z","level":"info","event":"np.sum(w_aug) = 22.000000000000007","logger":"shap","filename":"_kernel.py","lineno":648}
{"timestamp":"2025-12-03T16:10:29.391583Z","level":"info","event":"np.sum(self.kernelWeights) = 1.0000000000000004","logger":"shap","filename":"_kernel.py","lineno":649}
{"timestamp":"2025-12-03T16:10:29.395128Z","level":"info","event":"phi = array([0.00794661, 0.00572894, 0.01973327, 0.        , 0.00794813,\n       0.        , 0.        , 0.        , 0.        , 0.        ,\n       0.        , 0.00203875, 0.        , 0.        , 0.00299677,\n       0.        , 0.        , 0.00756384, 0.        , 0.00588415,\n       0.08230322, 0.24423317])","logger":"shap","filename":"_kernel.py","lineno":730}
{"timestamp":"2025-12-03T16:10:29.454592Z","level":"info","event":"num_full_subsets = 1","logger":"shap","filename":"_kernel.py","lineno":424}
{"timestamp":"2025-12-03T16:10:29.454726Z","level":"info","event":"remaining_weight_vector = array([0.20456372, 0.14355349, 0.11364651, 0.09626528, 0.08523488,\n       0.07792904, 0.07305847, 0.06993632, 0.06818791, 0.06762437])","logger":"shap","filename":"_kernel.py","lineno":435}
{"timestamp":"2025-12-03T16:10:29.454763Z","level":"info","event":"num_paired_subset_sizes = 10","logger":"shap","filename":"_kernel.py","lineno":436}
{"timestamp":"2025-12-03T16:10:29.478591Z","level":"info","event":"weight_left = 0.7126156484270496","logger":"shap","filename":"_kernel.py","lineno":475}
{"timestamp":"2025-12-03T16:11:06.847755Z","level":"info","event":"np.sum(w_aug) = 22.000000000000007","logger":"shap","filename":"_kernel.py","lineno":648}
{"timestamp":"2025-12-03T16:11:06.847868Z","level":"info","event":"np.sum(self.kernelWeights) = 1.0000000000000002","logger":"shap","filename":"_kernel.py","lineno":649}
{"timestamp":"2025-12-03T16:11:06.849337Z","level":"info","event":"phi = array([-0.01155701,  0.        , -0.00837386,  0.        ,  0.        ,\n        0.        ,  0.        ,  0.        ,  0.00247545,  0.        ,\n        0.        ,  0.        ,  0.00787245,  0.00304244,  0.        ,\n        0.        ,  0.00183658,  0.00270262,  0.        ,  0.00179799,\n        0.00584463,  0.03798829])","logger":"shap","filename":"_kernel.py","lineno":730}
{"timestamp":"2025-12-03T16:11:06.849603Z","level":"info","event":"np.sum(w_aug) = 22.000000000000007","logger":"shap","filename":"_kernel.py","lineno":648}
{"timestamp":"2025-12-03T16:11:06.849644Z","level":"info","event":"np.sum(self.kernelWeights) = 1.0000000000000002","logger":"shap","filename":"_kernel.py","lineno":649}
{"timestamp":"2025-12-03T16:11:06.850803Z","level":"info","event":"phi = array([-0.0114802 , -0.00132931,  0.01385738, -0.00191582, -0.00583159,\n        0.        ,  0.        ,  0.        ,  0.        ,  0.        ,\n        0.        , -0.00156047,  0.00849764,  0.        ,  0.        ,\n        0.        ,  0.        ,  0.        ,  0.        , -0.00663199,\n       -0.01499964, -0.01684815])","logger":"shap","filename":"_kernel.py","lineno":730}
{"timestamp":"2025-12-03T16:11:06.851050Z","level":"info","event":"np.sum(w_aug) = 22.000000000000007","logger":"shap","filename":"_kernel.py","lineno":648}
{"timestamp":"2025-12-03T16:11:06.851088Z","level":"info","event":"np.sum(self.kernelWeights) = 1.0000000000000002","logger":"shap","filename":"_kernel.py","lineno":649}
{"timestamp":"2025-12-03T16:11:06.853296Z","level":"info","event":"phi = array([ 0.01602295, -0.00409484, -0.00114921,  0.        ,  0.        ,\n        0.        ,  0.        ,  0.        ,  0.        , -0.00132334,\n       -0.00408151,  0.        ,  0.        ,  0.00242362, -0.00136279,\n        0.        ,  0.        , -0.00230117,  0.        ,  0.        ,\n       -0.06227794,  0.02814663])","logger":"shap","filename":"_kernel.py","lineno":730}
{"timestamp":"2025-12-03T16:11:06.853535Z","level":"info","event":"np.sum(w_aug) = 22.000000000000007","logger":"shap","filename":"_kernel.py","lineno":648}
{"timestamp":"2025-12-03T16:11:06.853570Z","level":"info","event":"np.sum(self.kernelWeights) = 1.0000000000000002","logger":"shap","filename":"_kernel.py","lineno":649}
{"timestamp":"2025-12-03T16:11:06.854920Z","level":"info","event":"phi = array([ 0.01274232,  0.0084661 ,  0.        ,  0.        , -0.00803293,\n        0.        ,  0.        ,  0.        ,  0.        , -0.00848991,\n        0.        ,  0.        , -0.04002751,  0.        ,  0.        ,\n        0.        , -0.00875784, -0.02518137,  0.        ,  0.01399142,\n        0.01363065,  0.11256832])","logger":"shap","filename":"_kernel.py","lineno":730}
{"timestamp":"2025-12-03T16:11:06.855156Z","level":"info","event":"np.sum(w_aug) = 22.000000000000007","logger":"shap","filename":"_kernel.py","lineno":648}
{"timestamp":"2025-12-03T16:11:06.855191Z","level":"info","event":"np.sum(self.kernelWeights) = 1.0000000000000002","logger":"shap","filename":"_kernel.py","lineno":649}
{"timestamp":"2025-12-03T16:11:06.856282Z","level":"info","event":"phi = array([ 0.        ,  0.        ,  0.        ,  0.        ,  0.01355322,\n        0.        ,  0.        ,  0.        ,  0.        ,  0.00388095,\n        0.00286817,  0.        ,  0.02122894,  0.        ,  0.00236657,\n        0.        ,  0.00545548,  0.02265482,  0.        , -0.01095169,\n        0.05587465, -0.1632302 ])","logger":"shap","filename":"_kernel.py","lineno":730}
{"timestamp":"2025-12-03T16:11:07.014794Z","level":"info","event":"num_full_subsets = 1","logger":"shap","filename":"_kernel.py","lineno":424}
{"timestamp":"2025-12-03T16:11:07.014908Z","level":"info","event":"remaining_weight_vector = array([0.20456372, 0.14355349, 0.11364651, 0.09626528, 0.08523488,\n       0.07792904, 0.07305847, 0.06993632, 0.06818791, 0.06762437])","logger":"shap","filename":"_kernel.py","lineno":435}
{"timestamp":"2025-12-03T16:11:07.014942Z","level":"info","event":"num_paired_subset_sizes = 10","logger":"shap","filename":"_kernel.py","lineno":436}
{"timestamp":"2025-12-03T16:11:07.028080Z","level":"info","event":"weight_left = 0.7126156484270496","logger":"shap","filename":"_kernel.py","lineno":475}
{"timestamp":"2025-12-03T16:11:46.200451Z","level":"info","event":"np.sum(w_aug) = 22.000000000000004","logger":"shap","filename":"_kernel.py","lineno":648}
{"timestamp":"2025-12-03T16:11:46.200826Z","level":"info","event":"np.sum(self.kernelWeights) = 1.0000000000000004","logger":"shap","filename":"_kernel.py","lineno":649}
{"timestamp":"2025-12-03T16:11:46.237996Z","level":"info","event":"phi = array([ 0.        ,  0.        , -0.02221438,  0.        , -0.00518953,\n        0.        , -0.00202961,  0.00195196,  0.        ,  0.00257366,\n        0.        ,  0.        ,  0.01415369,  0.004653  ,  0.        ,\n        0.        ,  0.        ,  0.        , -0.00376268,  0.        ,\n        0.03552528,  0.07158868])","logger":"shap","filename":"_kernel.py","lineno":730}
{"timestamp":"2025-12-03T16:11:46.238314Z","level":"info","event":"np.sum(w_aug) = 22.000000000000004","logger":"shap","filename":"_kernel.py","lineno":648}
{"timestamp":"2025-12-03T16:11:46.238360Z","level":"info","event":"np.sum(self.kernelWeights) = 1.0000000000000004","logger":"shap","filename":"_kernel.py","lineno":649}
{"timestamp":"2025-12-03T16:11:46.270695Z","level":"info","event":"phi = array([-0.00231156, -0.0014354 ,  0.        , -0.00172031, -0.01136601,\n       -0.00085335,  0.        ,  0.        ,  0.        ,  0.        ,\n        0.        ,  0.        , -0.01320824,  0.        ,  0.        ,\n        0.        ,  0.        , -0.00485453, -0.00126466,  0.        ,\n       -0.08756974, -0.02489331])","logger":"shap","filename":"_kernel.py","lineno":730}
{"timestamp":"2025-12-03T16:11:46.270968Z","level":"info","event":"np.sum(w_aug) = 22.000000000000004","logger":"shap","filename":"_kernel.py","lineno":648}
{"timestamp":"2025-12-03T16:11:46.271011Z","level":"info","event":"np.sum(self.kernelWeights) = 1.0000000000000004","logger":"shap","filename":"_kernel.py","lineno":649}
{"timestamp":"2025-12-03T16:11:46.293964Z","level":"info","event":"phi = array([-0.00696135,  0.        , -0.01054796,  0.        ,  0.        ,\n        0.        ,  0.        ,  0.        ,  0.        , -0.0063359 ,\n       -0.00555828,  0.        , -0.02049123,  0.        ,  0.        ,\n        0.        ,  0.        , -0.00794319, -0.00442156, -0.00610745,\n       -0.04011215, -0.04095635])","logger":"shap","filename":"_kernel.py","lineno":730}
{"timestamp":"2025-12-03T16:11:46.294213Z","level":"info","event":"np.sum(w_aug) = 22.000000000000004","logger":"shap","filename":"_kernel.py","lineno":648}
{"timestamp":"2025-12-03T16:11:46.294256Z","level":"info","event":"np.sum(self.kernelWeights) = 1.0000000000000004","logger":"shap","filename":"_kernel.py","lineno":649}
{"timestamp":"2025-12-03T16:11:46.327085Z","level":"info","event":"phi = array([0.00752257, 0.00829702, 0.00704897, 0.        , 0.00819694,\n       0.        , 0.        , 0.        , 0.        , 0.        ,\n       0.        , 0.        , 0.04067721, 0.01031652, 0.        ,\n       0.        , 0.        , 0.01034673, 0.0108708 , 0.        ,\n       0.11200481, 0.14232446])","logger":"shap","filename":"_kernel.py","lineno":730}
{"timestamp":"2025-12-03T16:11:46.327399Z","level":"info","event":"np.sum(w_aug) = 22.000000000000004","logger":"shap","filename":"_kernel.py","lineno":648}
{"timestamp":"2025-12-03T16:11:46.327442Z","level":"info","event":"np.sum(self.kernelWeights) = 1.0000000000000004","logger":"shap","filename":"_kernel.py","lineno":649}
{"timestamp":"2025-12-03T16:11:46.355083Z","level":"info","event":"phi = array([ 0.00379133,  0.        ,  0.01249043,  0.        ,  0.01212236,\n        0.        ,  0.        ,  0.        ,  0.        ,  0.        ,\n        0.        ,  0.        , -0.01854747, -0.01160117,  0.00248546,\n        0.        ,  0.        ,  0.00420609,  0.        ,  0.00348371,\n       -0.01816626, -0.14620804])","logger":"shap","filename":"_kernel.py","lineno":730}
{"timestamp":"2025-12-03T16:11:46.527396Z","level":"info","event":"num_full_subsets = 1","logger":"shap","filename":"_kernel.py","lineno":424}
{"timestamp":"2025-12-03T16:11:46.527540Z","level":"info","event":"remaining_weight_vector = array([0.20456372, 0.14355349, 0.11364651, 0.09626528, 0.08523488,\n       0.07792904, 0.07305847, 0.06993632, 0.06818791, 0.06762437])","logger":"shap","filename":"_kernel.py","lineno":435}
{"timestamp":"2025-12-03T16:11:46.527579Z","level":"info","event":"num_paired_subset_sizes = 10","logger":"shap","filename":"_kernel.py","lineno":436}
{"timestamp":"2025-12-03T16:11:46.541551Z","level":"info","event":"weight_left = 0.7126156484270496","logger":"shap","filename":"_kernel.py","lineno":475}
{"timestamp":"2025-12-03T16:12:27.055122Z","level":"info","event":"np.sum(w_aug) = 22.000000000000004","logger":"shap","filename":"_kernel.py","lineno":648}
{"timestamp":"2025-12-03T16:12:27.055223Z","level":"info","event":"np.sum(self.kernelWeights) = 1.0000000000000002","logger":"shap","filename":"_kernel.py","lineno":649}
{"timestamp":"2025-12-03T16:12:27.081818Z","level":"info","event":"phi = array([ 0.00282699,  0.        , -0.02498248,  0.        ,  0.00204907,\n        0.        ,  0.        ,  0.        ,  0.00182762,  0.00960315,\n        0.        ,  0.        ,  0.02168155,  0.00246109,  0.00192862,\n        0.        ,  0.        ,  0.        ,  0.        ,  0.        ,\n        0.04521255,  0.05379005])","logger":"shap","filename":"_kernel.py","lineno":730}
{"timestamp":"2025-12-03T16:12:27.082104Z","level":"info","event":"np.sum(w_aug) = 22.000000000000004","logger":"shap","filename":"_kernel.py","lineno":648}
{"timestamp":"2025-12-03T16:12:27.082147Z","level":"info","event":"np.sum(self.kernelWeights) = 1.0000000000000002","logger":"shap","filename":"_kernel.py","lineno":649}
{"timestamp":"2025-12-03T16:12:27.124985Z","level":"info","event":"phi = array([-0.00445884, -0.00232827,  0.        , -0.00191694, -0.01045929,\n        0.        ,  0.        ,  0.        ,  0.        , -0.00442131,\n        0.        ,  0.        , -0.02033086,  0.        ,  0.        ,\n       -0.00154102,  0.        , -0.00455907,  0.        ,  0.        ,\n       -0.02713455, -0.00764748])","logger":"shap","filename":"_kernel.py","lineno":730}
{"timestamp":"2025-12-03T16:12:27.125267Z","level":"info","event":"np.sum(w_aug) = 22.000000000000004","logger":"shap","filename":"_kernel.py","lineno":648}
{"timestamp":"2025-12-03T16:12:27.125315Z","level":"info","event":"np.sum(self.kernelWeights) = 1.0000000000000002","logger":"shap","filename":"_kernel.py","lineno":649}
{"timestamp":"2025-12-03T16:12:27.150864Z","level":"info","event":"phi = array([-0.00845703,  0.00302588,  0.05010563,  0.        ,  0.        ,\n        0.        ,  0.        ,  0.        ,  0.        ,  0.        ,\n       -0.00417421,  0.        ,  0.01046515,  0.        , -0.00268154,\n        0.        ,  0.        , -0.00441899, -0.00287394,  0.        ,\n        0.01557693,  0.05609872])","logger":"shap","filename":"_kernel.py","lineno":730}
{"timestamp":"2025-12-03T16:12:27.151185Z","level":"info","event":"np.sum(w_aug) = 22.000000000000004","logger":"shap","filename":"_kernel.py","lineno":648}
{"timestamp":"2025-12-03T16:12:27.151230Z","level":"info","event":"np.sum(self.kernelWeights) = 1.0000000000000002","logger":"shap","filename":"_kernel.py","lineno":649}
{"timestamp":"2025-12-03T16:12:27.198267Z","level":"info","event":"phi = array([ 0.00144899,  0.        , -0.03099981,  0.00075128,  0.        ,\n        0.        ,  0.        ,  0.        ,  0.        ,  0.        ,\n        0.00405124,  0.        ,  0.01675235,  0.00315838,  0.        ,\n        0.        ,  0.        ,  0.00384621,  0.00657931,  0.        ,\n        0.03347996,  0.08685074])","logger":"shap","filename":"_kernel.py","lineno":730}
{"timestamp":"2025-12-03T16:12:27.198543Z","level":"info","event":"np.sum(w_aug) = 22.000000000000004","logger":"shap","filename":"_kernel.py","lineno":648}
{"timestamp":"2025-12-03T16:12:27.198585Z","level":"info","event":"np.sum(self.kernelWeights) = 1.0000000000000002","logger":"shap","filename":"_kernel.py","lineno":649}
{"timestamp":"2025-12-03T16:12:27.239661Z","level":"info","event":"phi = array([ 0.00798736,  0.        ,  0.        ,  0.        ,  0.00974774,\n        0.        ,  0.        ,  0.        ,  0.00422319, -0.00483299,\n        0.        ,  0.        , -0.02879654, -0.01054913,  0.        ,\n        0.        ,  0.00453564,  0.        ,  0.        ,  0.00406144,\n       -0.06724643, -0.18931608])","logger":"shap","filename":"_kernel.py","lineno":730}
{"timestamp":"2025-12-03T16:12:27.459027Z","level":"info","event":"num_full_subsets = 1","logger":"shap","filename":"_kernel.py","lineno":424}
{"timestamp":"2025-12-03T16:12:27.459151Z","level":"info","event":"remaining_weight_vector = array([0.20456372, 0.14355349, 0.11364651, 0.09626528, 0.08523488,\n       0.07792904, 0.07305847, 0.06993632, 0.06818791, 0.06762437])","logger":"shap","filename":"_kernel.py","lineno":435}
{"timestamp":"2025-12-03T16:12:27.459189Z","level":"info","event":"num_paired_subset_sizes = 10","logger":"shap","filename":"_kernel.py","lineno":436}
{"timestamp":"2025-12-03T16:12:27.482321Z","level":"info","event":"weight_left = 0.7126156484270496","logger":"shap","filename":"_kernel.py","lineno":475}
{"timestamp":"2025-12-03T16:13:08.986431Z","level":"info","event":"np.sum(w_aug) = 22.000000000000004","logger":"shap","filename":"_kernel.py","lineno":648}
{"timestamp":"2025-12-03T16:13:08.986531Z","level":"info","event":"np.sum(self.kernelWeights) = 1.0","logger":"shap","filename":"_kernel.py","lineno":649}
{"timestamp":"2025-12-03T16:13:09.065893Z","level":"info","event":"phi = array([ 0.00433029,  0.00609689, -0.02795268,  0.        ,  0.        ,\n        0.        ,  0.        ,  0.        ,  0.        ,  0.00241743,\n        0.01169049,  0.        ,  0.        ,  0.        ,  0.        ,\n        0.        ,  0.        ,  0.00533122,  0.00977799,  0.00563385,\n        0.0520829 ,  0.0659812 ])","logger":"shap","filename":"_kernel.py","lineno":730}
{"timestamp":"2025-12-03T16:13:09.066237Z","level":"info","event":"np.sum(w_aug) = 22.000000000000004","logger":"shap","filename":"_kernel.py","lineno":648}
{"timestamp":"2025-12-03T16:13:09.066288Z","level":"info","event":"np.sum(self.kernelWeights) = 1.0","logger":"shap","filename":"_kernel.py","lineno":649}
{"timestamp":"2025-12-03T16:13:09.182470Z","level":"info","event":"phi = array([-0.00681853, -0.00488551, -0.02667738, -0.0047942 , -0.00421307,\n        0.        ,  0.        ,  0.        ,  0.        ,  0.        ,\n       -0.00710081,  0.        ,  0.        ,  0.        ,  0.        ,\n        0.        ,  0.        ,  0.        , -0.00668222, -0.0064216 ,\n       -0.05383851, -0.02204418])","logger":"shap","filename":"_kernel.py","lineno":730}
{"timestamp":"2025-12-03T16:13:09.182781Z","level":"info","event":"np.sum(w_aug) = 22.000000000000004","logger":"shap","filename":"_kernel.py","lineno":648}
{"timestamp":"2025-12-03T16:13:09.182834Z","level":"info","event":"np.sum(self.kernelWeights) = 1.0","logger":"shap","filename":"_kernel.py","lineno":649}
{"timestamp":"2025-12-03T16:13:09.237447Z","level":"info","event":"phi = array([-0.01303902, -0.00309912, -0.00800533, -0.00179821,  0.        ,\n        0.        , -0.00289061,  0.        ,  0.        , -0.00111164,\n        0.        ,  0.        ,  0.        ,  0.        , -0.00127709,\n        0.        ,  0.        ,  0.        , -0.00043393,  0.        ,\n       -0.12148707, -0.0048752 ])","logger":"shap","filename":"_kernel.py","lineno":730}
{"timestamp":"2025-12-03T16:13:09.238175Z","level":"info","event":"np.sum(w_aug) = 22.000000000000004","logger":"shap","filename":"_kernel.py","lineno":648}
{"timestamp":"2025-12-03T16:13:09.238277Z","level":"info","event":"np.sum(self.kernelWeights) = 1.0","logger":"shap","filename":"_kernel.py","lineno":649}
{"timestamp":"2025-12-03T16:13:09.257598Z","level":"info","event":"phi = array([ 0.00673876,  0.00264385,  0.03402614,  0.00280624,  0.        ,\n        0.        ,  0.        ,  0.        ,  0.        , -0.00487285,\n        0.        ,  0.        ,  0.00230629,  0.        ,  0.        ,\n        0.00097558,  0.        ,  0.        ,  0.        ,  0.00795275,\n       -0.01590156,  0.02498801])","logger":"shap","filename":"_kernel.py","lineno":730}
{"timestamp":"2025-12-03T16:13:09.263298Z","level":"info","event":"np.sum(w_aug) = 22.000000000000004","logger":"shap","filename":"_kernel.py","lineno":648}
{"timestamp":"2025-12-03T16:13:09.263434Z","level":"info","event":"np.sum(self.kernelWeights) = 1.0","logger":"shap","filename":"_kernel.py","lineno":649}
{"timestamp":"2025-12-03T16:13:09.286031Z","level":"info","event":"phi = array([ 0.0072362 ,  0.        ,  0.02818263,  0.00554086,  0.02077225,\n        0.        ,  0.        ,  0.        ,  0.        ,  0.        ,\n       -0.00792872,  0.        ,  0.        , -0.00668142,  0.        ,\n        0.        ,  0.        , -0.00455966,  0.        , -0.01229934,\n        0.13838953, -0.06421187])","logger":"shap","filename":"_kernel.py","lineno":730}
{"timestamp":"2025-12-03T16:13:09.327778Z","level":"info","event":"num_full_subsets = 1","logger":"shap","filename":"_kernel.py","lineno":424}
{"timestamp":"2025-12-03T16:13:09.329196Z","level":"info","event":"remaining_weight_vector = array([0.20456372, 0.14355349, 0.11364651, 0.09626528, 0.08523488,\n       0.07792904, 0.07305847, 0.06993632, 0.06818791, 0.06762437])","logger":"shap","filename":"_kernel.py","lineno":435}
{"timestamp":"2025-12-03T16:13:09.329443Z","level":"info","event":"num_paired_subset_sizes = 10","logger":"shap","filename":"_kernel.py","lineno":436}
{"timestamp":"2025-12-03T16:13:09.347049Z","level":"info","event":"weight_left = 0.7126156484270496","logger":"shap","filename":"_kernel.py","lineno":475}
{"timestamp":"2025-12-03T16:13:50.557028Z","level":"info","event":"np.sum(w_aug) = 22.0","logger":"shap","filename":"_kernel.py","lineno":648}
{"timestamp":"2025-12-03T16:13:50.557131Z","level":"info","event":"np.sum(self.kernelWeights) = 1.0","logger":"shap","filename":"_kernel.py","lineno":649}
{"timestamp":"2025-12-03T16:13:50.596990Z","level":"info","event":"phi = array([ 0.00278323,  0.        ,  0.00281744,  0.        ,  0.00260353,\n        0.        ,  0.        ,  0.        ,  0.00172985,  0.00374865,\n        0.        ,  0.        ,  0.        ,  0.00526214,  0.00068625,\n        0.        ,  0.00130168,  0.        ,  0.        ,  0.        ,\n        0.01331974, -0.05400415])","logger":"shap","filename":"_kernel.py","lineno":730}
{"timestamp":"2025-12-03T16:13:50.597272Z","level":"info","event":"np.sum(w_aug) = 22.0","logger":"shap","filename":"_kernel.py","lineno":648}
{"timestamp":"2025-12-03T16:13:50.597315Z","level":"info","event":"np.sum(self.kernelWeights) = 1.0","logger":"shap","filename":"_kernel.py","lineno":649}
{"timestamp":"2025-12-03T16:13:50.618212Z","level":"info","event":"phi = array([0.        , 0.        , 0.00987653, 0.        , 0.01735348,\n       0.        , 0.        , 0.        , 0.        , 0.00386094,\n       0.006504  , 0.        , 0.        , 0.00892237, 0.0037212 ,\n       0.        , 0.        , 0.00625544, 0.        , 0.01111752,\n       0.03922262, 0.06177757])","logger":"shap","filename":"_kernel.py","lineno":730}
{"timestamp":"2025-12-03T16:13:50.618483Z","level":"info","event":"np.sum(w_aug) = 22.0","logger":"shap","filename":"_kernel.py","lineno":648}
{"timestamp":"2025-12-03T16:13:50.618525Z","level":"info","event":"np.sum(self.kernelWeights) = 1.0","logger":"shap","filename":"_kernel.py","lineno":649}
{"timestamp":"2025-12-03T16:13:50.669016Z","level":"info","event":"phi = array([-0.00935092,  0.        , -0.00518329,  0.        , -0.01144707,\n        0.        ,  0.        ,  0.        ,  0.        , -0.00262102,\n       -0.00472314,  0.        ,  0.        , -0.00349818, -0.00344342,\n        0.        ,  0.        ,  0.        ,  0.        , -0.00312596,\n        0.03199449, -0.00844643])","logger":"shap","filename":"_kernel.py","lineno":730}
{"timestamp":"2025-12-03T16:13:50.669777Z","level":"info","event":"np.sum(w_aug) = 22.0","logger":"shap","filename":"_kernel.py","lineno":648}
{"timestamp":"2025-12-03T16:13:50.669895Z","level":"info","event":"np.sum(self.kernelWeights) = 1.0","logger":"shap","filename":"_kernel.py","lineno":649}
{"timestamp":"2025-12-03T16:13:50.721253Z","level":"info","event":"phi = array([ 0.        , -0.00227342, -0.00544779,  0.        ,  0.        ,\n        0.        ,  0.        , -0.00128154, -0.00086859, -0.00256254,\n        0.        ,  0.        ,  0.        , -0.00221369,  0.        ,\n        0.        , -0.00086106,  0.        ,  0.        , -0.00512126,\n       -0.03175517, -0.08511378])","logger":"shap","filename":"_kernel.py","lineno":730}
{"timestamp":"2025-12-03T16:13:50.721594Z","level":"info","event":"np.sum(w_aug) = 22.0","logger":"shap","filename":"_kernel.py","lineno":648}
{"timestamp":"2025-12-03T16:13:50.721649Z","level":"info","event":"np.sum(self.kernelWeights) = 1.0","logger":"shap","filename":"_kernel.py","lineno":649}
{"timestamp":"2025-12-03T16:13:50.755916Z","level":"info","event":"phi = array([ 0.        ,  0.        ,  0.        ,  0.00236488, -0.012188  ,\n        0.00244154,  0.        ,  0.        ,  0.        ,  0.        ,\n       -0.00182868,  0.        , -0.00113823, -0.00674889,  0.        ,\n        0.        ,  0.        , -0.0087989 , -0.00240316,  0.        ,\n       -0.05097114,  0.08775435])","logger":"shap","filename":"_kernel.py","lineno":730}
{"timestamp":"2025-12-03T16:13:50.935276Z","level":"info","event":"num_full_subsets = 1","logger":"shap","filename":"_kernel.py","lineno":424}
{"timestamp":"2025-12-03T16:13:50.935419Z","level":"info","event":"remaining_weight_vector = array([0.20456372, 0.14355349, 0.11364651, 0.09626528, 0.08523488,\n       0.07792904, 0.07305847, 0.06993632, 0.06818791, 0.06762437])","logger":"shap","filename":"_kernel.py","lineno":435}
{"timestamp":"2025-12-03T16:13:50.935461Z","level":"info","event":"num_paired_subset_sizes = 10","logger":"shap","filename":"_kernel.py","lineno":436}
{"timestamp":"2025-12-03T16:13:50.948884Z","level":"info","event":"weight_left = 0.7126156484270496","logger":"shap","filename":"_kernel.py","lineno":475}
{"timestamp":"2025-12-03T16:14:31.768953Z","level":"info","event":"np.sum(w_aug) = 22.0","logger":"shap","filename":"_kernel.py","lineno":648}
{"timestamp":"2025-12-03T16:14:31.769053Z","level":"info","event":"np.sum(self.kernelWeights) = 1.0000000000000004","logger":"shap","filename":"_kernel.py","lineno":649}
{"timestamp":"2025-12-03T16:14:31.795423Z","level":"info","event":"phi = array([-0.01784657,  0.00364565,  0.01740688,  0.        ,  0.        ,\n        0.        ,  0.        ,  0.        ,  0.00252189,  0.        ,\n        0.        ,  0.        ,  0.        ,  0.00160379,  0.        ,\n        0.        ,  0.00215452,  0.00267679,  0.        ,  0.00874644,\n       -0.0058472 , -0.02354831])","logger":"shap","filename":"_kernel.py","lineno":730}
{"timestamp":"2025-12-03T16:14:31.795710Z","level":"info","event":"np.sum(w_aug) = 22.0","logger":"shap","filename":"_kernel.py","lineno":648}
{"timestamp":"2025-12-03T16:14:31.796600Z","level":"info","event":"np.sum(self.kernelWeights) = 1.0000000000000004","logger":"shap","filename":"_kernel.py","lineno":649}
{"timestamp":"2025-12-03T16:14:31.832100Z","level":"info","event":"phi = array([-0.00579073, -0.00263885, -0.00345388, -0.00283566, -0.00631798,\n        0.        ,  0.        ,  0.        , -0.00187138,  0.        ,\n        0.        ,  0.        ,  0.        ,  0.        , -0.00215136,\n        0.        ,  0.        , -0.00621438,  0.        ,  0.        ,\n       -0.04295321, -0.02793081])","logger":"shap","filename":"_kernel.py","lineno":730}
{"timestamp":"2025-12-03T16:14:31.833340Z","level":"info","event":"np.sum(w_aug) = 22.0","logger":"shap","filename":"_kernel.py","lineno":648}
{"timestamp":"2025-12-03T16:14:31.833482Z","level":"info","event":"np.sum(self.kernelWeights) = 1.0000000000000004","logger":"shap","filename":"_kernel.py","lineno":649}
{"timestamp":"2025-12-03T16:14:31.880248Z","level":"info","event":"phi = array([-0.02051525, -0.00761563, -0.02300093,  0.        ,  0.        ,\n        0.        ,  0.        ,  0.        ,  0.        , -0.0036094 ,\n       -0.00465932,  0.        ,  0.        ,  0.        ,  0.        ,\n        0.        , -0.00288476, -0.00746306,  0.        , -0.00495543,\n       -0.07064518, -0.01752775])","logger":"shap","filename":"_kernel.py","lineno":730}
{"timestamp":"2025-12-03T16:14:31.880554Z","level":"info","event":"np.sum(w_aug) = 22.0","logger":"shap","filename":"_kernel.py","lineno":648}
{"timestamp":"2025-12-03T16:14:31.880598Z","level":"info","event":"np.sum(self.kernelWeights) = 1.0000000000000004","logger":"shap","filename":"_kernel.py","lineno":649}
{"timestamp":"2025-12-03T16:14:31.912455Z","level":"info","event":"phi = array([-0.00918813,  0.00447718, -0.00273887,  0.        , -0.00177958,\n        0.        ,  0.        ,  0.        ,  0.        ,  0.        ,\n        0.        ,  0.        ,  0.        ,  0.        , -0.00277372,\n        0.        , -0.002613  ,  0.        ,  0.00627179,  0.00684026,\n       -0.04975221, -0.08958475])","logger":"shap","filename":"_kernel.py","lineno":730}
{"timestamp":"2025-12-03T16:14:31.913102Z","level":"info","event":"np.sum(w_aug) = 22.0","logger":"shap","filename":"_kernel.py","lineno":648}
{"timestamp":"2025-12-03T16:14:31.913267Z","level":"info","event":"np.sum(self.kernelWeights) = 1.0000000000000004","logger":"shap","filename":"_kernel.py","lineno":649}
{"timestamp":"2025-12-03T16:14:31.935642Z","level":"info","event":"phi = array([0.05202795, 0.        , 0.01092809, 0.00210418, 0.00688677,\n       0.        , 0.        , 0.        , 0.0017674 , 0.        ,\n       0.        , 0.        , 0.        , 0.        , 0.0081498 ,\n       0.        , 0.00325409, 0.00548968, 0.        , 0.        ,\n       0.16744024, 0.15631386])","logger":"shap","filename":"_kernel.py","lineno":730}
{"timestamp":"2025-12-03T16:14:32.061773Z","level":"info","event":"num_full_subsets = 1","logger":"shap","filename":"_kernel.py","lineno":424}
{"timestamp":"2025-12-03T16:14:32.062116Z","level":"info","event":"remaining_weight_vector = array([0.20456372, 0.14355349, 0.11364651, 0.09626528, 0.08523488,\n       0.07792904, 0.07305847, 0.06993632, 0.06818791, 0.06762437])","logger":"shap","filename":"_kernel.py","lineno":435}
{"timestamp":"2025-12-03T16:14:32.062218Z","level":"info","event":"num_paired_subset_sizes = 10","logger":"shap","filename":"_kernel.py","lineno":436}
{"timestamp":"2025-12-03T16:14:32.090123Z","level":"info","event":"weight_left = 0.7126156484270496","logger":"shap","filename":"_kernel.py","lineno":475}
{"timestamp":"2025-12-03T16:15:13.510247Z","level":"info","event":"np.sum(w_aug) = 22.0","logger":"shap","filename":"_kernel.py","lineno":648}
{"timestamp":"2025-12-03T16:15:13.510355Z","level":"info","event":"np.sum(self.kernelWeights) = 1.0000000000000002","logger":"shap","filename":"_kernel.py","lineno":649}
{"timestamp":"2025-12-03T16:15:13.580389Z","level":"info","event":"phi = array([-0.00352537,  0.        ,  0.        , -0.00099783, -0.00079918,\n        0.        , -0.00106952,  0.        ,  0.        ,  0.0050056 ,\n       -0.00090675,  0.        , -0.00127876,  0.        ,  0.        ,\n        0.        ,  0.        ,  0.        , -0.00130654,  0.        ,\n       -0.00128374, -0.05214445])","logger":"shap","filename":"_kernel.py","lineno":730}
{"timestamp":"2025-12-03T16:15:13.581083Z","level":"info","event":"np.sum(w_aug) = 22.0","logger":"shap","filename":"_kernel.py","lineno":648}
{"timestamp":"2025-12-03T16:15:13.581206Z","level":"info","event":"np.sum(self.kernelWeights) = 1.0000000000000002","logger":"shap","filename":"_kernel.py","lineno":649}
{"timestamp":"2025-12-03T16:15:13.641741Z","level":"info","event":"phi = array([-0.02185939, -0.00290201,  0.        , -0.00144317, -0.00821039,\n        0.        ,  0.        ,  0.        ,  0.        ,  0.        ,\n        0.        ,  0.        ,  0.        , -0.0062846 ,  0.        ,\n        0.        , -0.00274924, -0.00402851, -0.00390498,  0.        ,\n       -0.04926987,  0.03151545])","logger":"shap","filename":"_kernel.py","lineno":730}
{"timestamp":"2025-12-03T16:15:13.642058Z","level":"info","event":"np.sum(w_aug) = 22.0","logger":"shap","filename":"_kernel.py","lineno":648}
{"timestamp":"2025-12-03T16:15:13.642103Z","level":"info","event":"np.sum(self.kernelWeights) = 1.0000000000000002","logger":"shap","filename":"_kernel.py","lineno":649}
{"timestamp":"2025-12-03T16:15:13.658523Z","level":"info","event":"phi = array([ 0.        ,  0.        , -0.01273117,  0.        ,  0.        ,\n        0.        ,  0.        ,  0.        ,  0.        , -0.00425299,\n       -0.0046757 ,  0.        ,  0.        , -0.00893979, -0.00433989,\n        0.        ,  0.        , -0.00625718, -0.00368974, -0.00393355,\n       -0.05668869, -0.03193361])","logger":"shap","filename":"_kernel.py","lineno":730}
{"timestamp":"2025-12-03T16:15:13.658800Z","level":"info","event":"np.sum(w_aug) = 22.0","logger":"shap","filename":"_kernel.py","lineno":648}
{"timestamp":"2025-12-03T16:15:13.658843Z","level":"info","event":"np.sum(self.kernelWeights) = 1.0000000000000002","logger":"shap","filename":"_kernel.py","lineno":649}
{"timestamp":"2025-12-03T16:15:13.701463Z","level":"info","event":"phi = array([-0.00486423, -0.00226019, -0.00714735,  0.        , -0.00346486,\n        0.        ,  0.        ,  0.        , -0.00217982, -0.00264078,\n        0.        ,  0.        ,  0.        , -0.00346531,  0.        ,\n        0.        ,  0.        ,  0.        ,  0.        , -0.00457909,\n       -0.03833682, -0.06708902])","logger":"shap","filename":"_kernel.py","lineno":730}
{"timestamp":"2025-12-03T16:15:13.701717Z","level":"info","event":"np.sum(w_aug) = 22.0","logger":"shap","filename":"_kernel.py","lineno":648}
{"timestamp":"2025-12-03T16:15:13.701757Z","level":"info","event":"np.sum(self.kernelWeights) = 1.0000000000000002","logger":"shap","filename":"_kernel.py","lineno":649}
{"timestamp":"2025-12-03T16:15:13.709940Z","level":"info","event":"phi = array([0.03359277, 0.01059943, 0.01258629, 0.        , 0.01820588,\n       0.        , 0.        , 0.        , 0.        , 0.        ,\n       0.        , 0.        , 0.        , 0.0226008 , 0.00839178,\n       0.        , 0.        , 0.0070989 , 0.        , 0.01310167,\n       0.15005921, 0.12467632])","logger":"shap","filename":"_kernel.py","lineno":730}
{"timestamp":"2025-12-03T16:15:13.720873Z","level":"info","event":"num_full_subsets = 1","logger":"shap","filename":"_kernel.py","lineno":424}
{"timestamp":"2025-12-03T16:15:13.720981Z","level":"info","event":"remaining_weight_vector = array([0.20456372, 0.14355349, 0.11364651, 0.09626528, 0.08523488,\n       0.07792904, 0.07305847, 0.06993632, 0.06818791, 0.06762437])","logger":"shap","filename":"_kernel.py","lineno":435}
{"timestamp":"2025-12-03T16:15:13.721016Z","level":"info","event":"num_paired_subset_sizes = 10","logger":"shap","filename":"_kernel.py","lineno":436}
{"timestamp":"2025-12-03T16:15:13.734330Z","level":"info","event":"weight_left = 0.7126156484270496","logger":"shap","filename":"_kernel.py","lineno":475}
{"timestamp":"2025-12-03T16:15:55.070633Z","level":"info","event":"np.sum(w_aug) = 22.000000000000004","logger":"shap","filename":"_kernel.py","lineno":648}
{"timestamp":"2025-12-03T16:15:55.070733Z","level":"info","event":"np.sum(self.kernelWeights) = 1.0000000000000002","logger":"shap","filename":"_kernel.py","lineno":649}
{"timestamp":"2025-12-03T16:15:55.080432Z","level":"info","event":"phi = array([ 0.00283984,  0.0034595 , -0.00300962,  0.        ,  0.        ,\n        0.        ,  0.        ,  0.        ,  0.        ,  0.00231238,\n        0.        ,  0.        ,  0.        ,  0.01434348,  0.00182883,\n        0.        ,  0.        ,  0.01051484, -0.00362682,  0.        ,\n       -0.04936804, -0.02753837])","logger":"shap","filename":"_kernel.py","lineno":730}
{"timestamp":"2025-12-03T16:15:55.080705Z","level":"info","event":"np.sum(w_aug) = 22.000000000000004","logger":"shap","filename":"_kernel.py","lineno":648}
{"timestamp":"2025-12-03T16:15:55.080745Z","level":"info","event":"np.sum(self.kernelWeights) = 1.0000000000000002","logger":"shap","filename":"_kernel.py","lineno":649}
{"timestamp":"2025-12-03T16:15:55.127059Z","level":"info","event":"phi = array([-0.00698275,  0.        ,  0.        , -0.00242011, -0.00773528,\n       -0.00145578,  0.        ,  0.        ,  0.        ,  0.        ,\n        0.        , -0.00159061,  0.        , -0.00654421,  0.        ,\n        0.        ,  0.        , -0.00718215,  0.        ,  0.00810697,\n       -0.0077973 , -0.01291763])","logger":"shap","filename":"_kernel.py","lineno":730}
{"timestamp":"2025-12-03T16:15:55.127378Z","level":"info","event":"np.sum(w_aug) = 22.000000000000004","logger":"shap","filename":"_kernel.py","lineno":648}
{"timestamp":"2025-12-03T16:15:55.127424Z","level":"info","event":"np.sum(self.kernelWeights) = 1.0000000000000002","logger":"shap","filename":"_kernel.py","lineno":649}
{"timestamp":"2025-12-03T16:15:55.161134Z","level":"info","event":"phi = array([-0.0064078 , -0.00497599,  0.01228387, -0.00132929,  0.        ,\n        0.        ,  0.        ,  0.        ,  0.        , -0.0012474 ,\n       -0.00537189,  0.        ,  0.        ,  0.        ,  0.        ,\n        0.        ,  0.        ,  0.        , -0.00145799, -0.00896942,\n        0.06576361, -0.04398698])","logger":"shap","filename":"_kernel.py","lineno":730}
{"timestamp":"2025-12-03T16:15:55.161419Z","level":"info","event":"np.sum(w_aug) = 22.000000000000004","logger":"shap","filename":"_kernel.py","lineno":648}
{"timestamp":"2025-12-03T16:15:55.161459Z","level":"info","event":"np.sum(self.kernelWeights) = 1.0000000000000002","logger":"shap","filename":"_kernel.py","lineno":649}
{"timestamp":"2025-12-03T16:15:55.164759Z","level":"info","event":"phi = array([ 0.        ,  0.        , -0.01219287,  0.        ,  0.        ,\n       -0.00145388,  0.        , -0.00282512, -0.00144725, -0.00396359,\n        0.        ,  0.        ,  0.        ,  0.        ,  0.        ,\n        0.        ,  0.        ,  0.00491126,  0.00449818, -0.00579496,\n       -0.05570278, -0.08602899])","logger":"shap","filename":"_kernel.py","lineno":730}
{"timestamp":"2025-12-03T16:15:55.166847Z","level":"info","event":"np.sum(w_aug) = 22.000000000000004","logger":"shap","filename":"_kernel.py","lineno":648}
{"timestamp":"2025-12-03T16:15:55.166981Z","level":"info","event":"np.sum(self.kernelWeights) = 1.0000000000000002","logger":"shap","filename":"_kernel.py","lineno":649}
{"timestamp":"2025-12-03T16:15:55.205458Z","level":"info","event":"phi = array([0.00637439, 0.00233907, 0.        , 0.00198144, 0.0083527 ,\n       0.00200359, 0.        , 0.        , 0.        , 0.        ,\n       0.00350896, 0.        , 0.        , 0.        , 0.        ,\n       0.        , 0.        , 0.        , 0.00116553, 0.00825617,\n       0.04643261, 0.17004765])","logger":"shap","filename":"_kernel.py","lineno":730}
{"timestamp":"2025-12-03T16:15:55.260624Z","level":"info","event":"num_full_subsets = 1","logger":"shap","filename":"_kernel.py","lineno":424}
{"timestamp":"2025-12-03T16:15:55.260749Z","level":"info","event":"remaining_weight_vector = array([0.19662066, 0.13732237, 0.10814137, 0.09106641, 0.08010472,\n       0.07270008, 0.06758835, 0.06408377, 0.06179507, 0.06049867,\n       0.06007854])","logger":"shap","filename":"_kernel.py","lineno":435}
{"timestamp":"2025-12-03T16:15:55.260786Z","level":"info","event":"num_paired_subset_sizes = 11","logger":"shap","filename":"_kernel.py","lineno":436}
{"timestamp":"2025-12-03T16:15:55.276315Z","level":"info","event":"weight_left = 0.7205686118045272","logger":"shap","filename":"_kernel.py","lineno":475}
{"timestamp":"2025-12-03T16:16:35.666571Z","level":"info","event":"np.sum(w_aug) = 23.999999999999996","logger":"shap","filename":"_kernel.py","lineno":648}
{"timestamp":"2025-12-03T16:16:35.666712Z","level":"info","event":"np.sum(self.kernelWeights) = 1.0000000000000002","logger":"shap","filename":"_kernel.py","lineno":649}
{"timestamp":"2025-12-03T16:16:35.674472Z","level":"info","event":"phi = array([ 0.00433179,  0.00513845,  0.00302965,  0.        ,  0.        ,\n        0.00112665,  0.        ,  0.        ,  0.0042506 ,  0.        ,\n        0.00202815,  0.        ,  0.        ,  0.        ,  0.        ,\n        0.        ,  0.        ,  0.00306238,  0.        ,  0.        ,\n       -0.00542179,  0.        , -0.02578591, -0.03676472])","logger":"shap","filename":"_kernel.py","lineno":730}
{"timestamp":"2025-12-03T16:16:35.675175Z","level":"info","event":"np.sum(w_aug) = 23.999999999999996","logger":"shap","filename":"_kernel.py","lineno":648}
{"timestamp":"2025-12-03T16:16:35.675289Z","level":"info","event":"np.sum(self.kernelWeights) = 1.0000000000000002","logger":"shap","filename":"_kernel.py","lineno":649}
{"timestamp":"2025-12-03T16:16:35.678926Z","level":"info","event":"phi = array([-0.00367977,  0.        ,  0.        , -0.00211937, -0.00650526,\n       -0.00084494,  0.        ,  0.        , -0.00437088,  0.        ,\n        0.        ,  0.        ,  0.        ,  0.        ,  0.        ,\n        0.        ,  0.        , -0.00329009,  0.        , -0.00223817,\n       -0.00047822,  0.        ,  0.09063255, -0.0077025 ])","logger":"shap","filename":"_kernel.py","lineno":730}
{"timestamp":"2025-12-03T16:16:35.679534Z","level":"info","event":"np.sum(w_aug) = 23.999999999999996","logger":"shap","filename":"_kernel.py","lineno":648}
{"timestamp":"2025-12-03T16:16:35.679630Z","level":"info","event":"np.sum(self.kernelWeights) = 1.0000000000000002","logger":"shap","filename":"_kernel.py","lineno":649}
{"timestamp":"2025-12-03T16:16:35.683352Z","level":"info","event":"phi = array([-0.00562878, -0.00689588, -0.00351218,  0.        ,  0.        ,\n        0.        ,  0.        ,  0.        , -0.00436302,  0.        ,\n        0.        , -0.00268869,  0.        ,  0.        ,  0.        ,\n       -0.0019262 ,  0.        , -0.00169892,  0.        , -0.00169893,\n        0.        , -0.0005413 , -0.03070434,  0.        ])","logger":"shap","filename":"_kernel.py","lineno":730}
{"timestamp":"2025-12-03T16:16:35.683646Z","level":"info","event":"np.sum(w_aug) = 23.999999999999996","logger":"shap","filename":"_kernel.py","lineno":648}
{"timestamp":"2025-12-03T16:16:35.683691Z","level":"info","event":"np.sum(self.kernelWeights) = 1.0000000000000002","logger":"shap","filename":"_kernel.py","lineno":649}
{"timestamp":"2025-12-03T16:16:35.686571Z","level":"info","event":"phi = array([ 0.        , -0.00266936, -0.00554063,  0.        , -0.00129099,\n       -0.00165581,  0.        , -0.00117042,  0.        ,  0.        ,\n       -0.00265516,  0.        ,  0.        ,  0.        ,  0.        ,\n        0.        ,  0.        ,  0.        ,  0.        ,  0.        ,\n        0.00515609, -0.00209885,  0.01908184, -0.06544207])","logger":"shap","filename":"_kernel.py","lineno":730}
{"timestamp":"2025-12-03T16:16:35.686823Z","level":"info","event":"np.sum(w_aug) = 23.999999999999996","logger":"shap","filename":"_kernel.py","lineno":648}
{"timestamp":"2025-12-03T16:16:35.686863Z","level":"info","event":"np.sum(self.kernelWeights) = 1.0000000000000002","logger":"shap","filename":"_kernel.py","lineno":649}
{"timestamp":"2025-12-03T16:16:35.688038Z","level":"info","event":"phi = array([ 0.00635617,  0.00741604,  0.00582756,  0.        ,  0.01011548,\n        0.        ,  0.        ,  0.        ,  0.00787309,  0.        ,\n        0.00269997,  0.        ,  0.        ,  0.        ,  0.        ,\n        0.        ,  0.        ,  0.00570296,  0.        ,  0.        ,\n        0.        ,  0.00538159, -0.05007838,  0.10225051])","logger":"shap","filename":"_kernel.py","lineno":730}
{"timestamp":"2025-12-03T16:16:35.709258Z","level":"info","event":"num_full_subsets = 1","logger":"shap","filename":"_kernel.py","lineno":424}
{"timestamp":"2025-12-03T16:16:35.709422Z","level":"info","event":"remaining_weight_vector = array([0.20456372, 0.14355349, 0.11364651, 0.09626528, 0.08523488,\n       0.07792904, 0.07305847, 0.06993632, 0.06818791, 0.06762437])","logger":"shap","filename":"_kernel.py","lineno":435}
{"timestamp":"2025-12-03T16:16:35.709467Z","level":"info","event":"num_paired_subset_sizes = 10","logger":"shap","filename":"_kernel.py","lineno":436}
{"timestamp":"2025-12-03T16:16:35.722858Z","level":"info","event":"weight_left = 0.7126156484270496","logger":"shap","filename":"_kernel.py","lineno":475}
{"timestamp":"2025-12-03T16:17:14.649740Z","level":"info","event":"np.sum(w_aug) = 22.000000000000004","logger":"shap","filename":"_kernel.py","lineno":648}
{"timestamp":"2025-12-03T16:17:14.650134Z","level":"info","event":"np.sum(self.kernelWeights) = 1.0","logger":"shap","filename":"_kernel.py","lineno":649}
{"timestamp":"2025-12-03T16:17:14.654324Z","level":"info","event":"phi = array([ 0.00791771,  0.        ,  0.00563925,  0.        ,  0.        ,\n        0.        ,  0.        ,  0.        ,  0.00081749,  0.00563289,\n        0.        ,  0.        ,  0.01243506,  0.00144804,  0.00105375,\n        0.        ,  0.        ,  0.        , -0.00347085,  0.        ,\n        0.00433895,  0.0501481 ])","logger":"shap","filename":"_kernel.py","lineno":730}
{"timestamp":"2025-12-03T16:17:14.654608Z","level":"info","event":"np.sum(w_aug) = 22.000000000000004","logger":"shap","filename":"_kernel.py","lineno":648}
{"timestamp":"2025-12-03T16:17:14.654652Z","level":"info","event":"np.sum(self.kernelWeights) = 1.0","logger":"shap","filename":"_kernel.py","lineno":649}
{"timestamp":"2025-12-03T16:17:14.655760Z","level":"info","event":"phi = array([ 0.03719045,  0.        ,  0.01161616, -0.00410397, -0.00685985,\n        0.        ,  0.        ,  0.        ,  0.        ,  0.00259084,\n        0.00212966,  0.        ,  0.        ,  0.        ,  0.        ,\n        0.        ,  0.        , -0.0036687 ,  0.        ,  0.00363688,\n       -0.04456173,  0.01157452])","logger":"shap","filename":"_kernel.py","lineno":730}
{"timestamp":"2025-12-03T16:17:14.656011Z","level":"info","event":"np.sum(w_aug) = 22.000000000000004","logger":"shap","filename":"_kernel.py","lineno":648}
{"timestamp":"2025-12-03T16:17:14.656050Z","level":"info","event":"np.sum(self.kernelWeights) = 1.0","logger":"shap","filename":"_kernel.py","lineno":649}
{"timestamp":"2025-12-03T16:17:14.657133Z","level":"info","event":"phi = array([ 0.0361223 ,  0.        , -0.01485402,  0.        ,  0.        ,\n        0.        ,  0.        ,  0.        , -0.00205493,  0.        ,\n       -0.00527364,  0.        , -0.00187191,  0.        , -0.00272002,\n        0.        ,  0.        , -0.0071107 , -0.00201196, -0.00164816,\n        0.        ,  0.01659606])","logger":"shap","filename":"_kernel.py","lineno":730}
{"timestamp":"2025-12-03T16:17:14.657374Z","level":"info","event":"np.sum(w_aug) = 22.000000000000004","logger":"shap","filename":"_kernel.py","lineno":648}
{"timestamp":"2025-12-03T16:17:14.657413Z","level":"info","event":"np.sum(self.kernelWeights) = 1.0","logger":"shap","filename":"_kernel.py","lineno":649}
{"timestamp":"2025-12-03T16:17:14.658468Z","level":"info","event":"phi = array([-0.07616224,  0.        ,  0.00242094,  0.0044388 ,  0.        ,\n        0.        ,  0.        ,  0.        ,  0.        ,  0.        ,\n        0.        ,  0.        ,  0.01274054,  0.0077431 ,  0.        ,\n       -0.00394011,  0.        ,  0.        ,  0.00421809, -0.00564976,\n        0.02262895,  0.1010095 ])","logger":"shap","filename":"_kernel.py","lineno":730}
{"timestamp":"2025-12-03T16:17:14.658711Z","level":"info","event":"np.sum(w_aug) = 22.000000000000004","logger":"shap","filename":"_kernel.py","lineno":648}
{"timestamp":"2025-12-03T16:17:14.658748Z","level":"info","event":"np.sum(self.kernelWeights) = 1.0","logger":"shap","filename":"_kernel.py","lineno":649}
{"timestamp":"2025-12-03T16:17:14.660761Z","level":"info","event":"phi = array([-0.00383587,  0.        , -0.00459526,  0.        ,  0.00877352,\n        0.        ,  0.        ,  0.        ,  0.        , -0.0029879 ,\n        0.        ,  0.        , -0.02236637, -0.00776416,  0.        ,\n        0.        ,  0.00600937,  0.01047808,  0.        ,  0.        ,\n        0.01489336, -0.17873028])","logger":"shap","filename":"_kernel.py","lineno":730}
{"timestamp":"2025-12-03T16:17:14.726622Z","level":"info","event":"num_full_subsets = 1","logger":"shap","filename":"_kernel.py","lineno":424}
{"timestamp":"2025-12-03T16:17:14.726780Z","level":"info","event":"remaining_weight_vector = array([0.20456372, 0.14355349, 0.11364651, 0.09626528, 0.08523488,\n       0.07792904, 0.07305847, 0.06993632, 0.06818791, 0.06762437])","logger":"shap","filename":"_kernel.py","lineno":435}
{"timestamp":"2025-12-03T16:17:14.726822Z","level":"info","event":"num_paired_subset_sizes = 10","logger":"shap","filename":"_kernel.py","lineno":436}
{"timestamp":"2025-12-03T16:17:14.740355Z","level":"info","event":"weight_left = 0.7126156484270496","logger":"shap","filename":"_kernel.py","lineno":475}
{"timestamp":"2025-12-03T16:18:02.802053Z","level":"info","event":"np.sum(w_aug) = 22.0","logger":"shap","filename":"_kernel.py","lineno":648}
{"timestamp":"2025-12-03T16:18:02.802188Z","level":"info","event":"np.sum(self.kernelWeights) = 0.9999999999999999","logger":"shap","filename":"_kernel.py","lineno":649}
{"timestamp":"2025-12-03T16:18:02.813532Z","level":"info","event":"phi = array([ 0.        ,  0.        ,  0.01020676, -0.00147416,  0.        ,\n        0.        ,  0.        ,  0.        ,  0.00149441,  0.00520196,\n        0.        ,  0.        , -0.00216218,  0.00302988,  0.        ,\n        0.        ,  0.        ,  0.0023464 , -0.00305877,  0.        ,\n        0.02166524, -0.08027856])","logger":"shap","filename":"_kernel.py","lineno":730}
{"timestamp":"2025-12-03T16:18:02.813825Z","level":"info","event":"np.sum(w_aug) = 22.0","logger":"shap","filename":"_kernel.py","lineno":648}
{"timestamp":"2025-12-03T16:18:02.813872Z","level":"info","event":"np.sum(self.kernelWeights) = 0.9999999999999999","logger":"shap","filename":"_kernel.py","lineno":649}
{"timestamp":"2025-12-03T16:18:02.824920Z","level":"info","event":"phi = array([-0.00390555, -0.00610742,  0.00962383, -0.00398067, -0.01113281,\n        0.        ,  0.        ,  0.        ,  0.        ,  0.        ,\n        0.        , -0.0037418 ,  0.        ,  0.        , -0.01044315,\n        0.        ,  0.        ,  0.        , -0.00327227,  0.        ,\n        0.1793971 ,  0.07243668])","logger":"shap","filename":"_kernel.py","lineno":730}
{"timestamp":"2025-12-03T16:18:02.825262Z","level":"info","event":"np.sum(w_aug) = 22.0","logger":"shap","filename":"_kernel.py","lineno":648}
{"timestamp":"2025-12-03T16:18:02.825308Z","level":"info","event":"np.sum(self.kernelWeights) = 0.9999999999999999","logger":"shap","filename":"_kernel.py","lineno":649}
{"timestamp":"2025-12-03T16:18:02.837692Z","level":"info","event":"phi = array([-0.01206366,  0.        , -0.00205021,  0.        ,  0.        ,\n        0.        ,  0.        ,  0.        ,  0.        , -0.00266481,\n       -0.00445846,  0.        ,  0.        ,  0.        , -0.00329227,\n        0.        ,  0.        , -0.00240255, -0.00145677, -0.00443783,\n       -0.10536598, -0.03057144])","logger":"shap","filename":"_kernel.py","lineno":730}
{"timestamp":"2025-12-03T16:18:02.838001Z","level":"info","event":"np.sum(w_aug) = 22.0","logger":"shap","filename":"_kernel.py","lineno":648}
{"timestamp":"2025-12-03T16:18:02.838054Z","level":"info","event":"np.sum(self.kernelWeights) = 0.9999999999999999","logger":"shap","filename":"_kernel.py","lineno":649}
{"timestamp":"2025-12-03T16:18:02.864787Z","level":"info","event":"phi = array([ 0.        ,  0.        , -0.00267137,  0.        , -0.0009785 ,\n       -0.00161104,  0.        , -0.0005354 , -0.00052141, -0.00193546,\n        0.        ,  0.        ,  0.        ,  0.        ,  0.        ,\n        0.        ,  0.        , -0.00112794,  0.        , -0.00038866,\n       -0.05111965, -0.09911057])","logger":"shap","filename":"_kernel.py","lineno":730}
{"timestamp":"2025-12-03T16:18:02.865510Z","level":"info","event":"np.sum(w_aug) = 22.0","logger":"shap","filename":"_kernel.py","lineno":648}
{"timestamp":"2025-12-03T16:18:02.865625Z","level":"info","event":"np.sum(self.kernelWeights) = 0.9999999999999999","logger":"shap","filename":"_kernel.py","lineno":649}
{"timestamp":"2025-12-03T16:18:02.894939Z","level":"info","event":"phi = array([ 0.01179154,  0.00701582,  0.        ,  0.00451799,  0.01232745,\n        0.        ,  0.        ,  0.        ,  0.        ,  0.        ,\n        0.0027235 ,  0.        ,  0.        ,  0.        ,  0.01095887,\n        0.        ,  0.        ,  0.00347721,  0.        ,  0.00585978,\n       -0.04344033,  0.13768723])","logger":"shap","filename":"_kernel.py","lineno":730}
{"timestamp":"2025-12-03T16:18:02.942778Z","level":"info","event":"num_full_subsets = 1","logger":"shap","filename":"_kernel.py","lineno":424}
{"timestamp":"2025-12-03T16:18:02.943164Z","level":"info","event":"remaining_weight_vector = array([0.20456372, 0.14355349, 0.11364651, 0.09626528, 0.08523488,\n       0.07792904, 0.07305847, 0.06993632, 0.06818791, 0.06762437])","logger":"shap","filename":"_kernel.py","lineno":435}
{"timestamp":"2025-12-03T16:18:02.943295Z","level":"info","event":"num_paired_subset_sizes = 10","logger":"shap","filename":"_kernel.py","lineno":436}
{"timestamp":"2025-12-03T16:18:02.968557Z","level":"info","event":"weight_left = 0.7126156484270496","logger":"shap","filename":"_kernel.py","lineno":475}
{"timestamp":"2025-12-03T16:18:53.445631Z","level":"info","event":"np.sum(w_aug) = 22.000000000000004","logger":"shap","filename":"_kernel.py","lineno":648}
{"timestamp":"2025-12-03T16:18:53.446029Z","level":"info","event":"np.sum(self.kernelWeights) = 1.0000000000000004","logger":"shap","filename":"_kernel.py","lineno":649}
{"timestamp":"2025-12-03T16:18:53.448617Z","level":"info","event":"phi = array([0.00234197, 0.0025861 , 0.        , 0.        , 0.0028738 ,\n       0.        , 0.        , 0.        , 0.        , 0.006172  ,\n       0.        , 0.        , 0.01086862, 0.00333789, 0.        ,\n       0.        , 0.        , 0.00295609, 0.        , 0.00341945,\n       0.05075954, 0.08409236])","logger":"shap","filename":"_kernel.py","lineno":730}
{"timestamp":"2025-12-03T16:18:53.448908Z","level":"info","event":"np.sum(w_aug) = 22.000000000000004","logger":"shap","filename":"_kernel.py","lineno":648}
{"timestamp":"2025-12-03T16:18:53.448953Z","level":"info","event":"np.sum(self.kernelWeights) = 1.0000000000000004","logger":"shap","filename":"_kernel.py","lineno":649}
{"timestamp":"2025-12-03T16:18:53.450089Z","level":"info","event":"phi = array([-0.00343868, -0.00194968,  0.        , -0.00219248, -0.00860256,\n        0.        ,  0.        ,  0.        ,  0.        ,  0.        ,\n        0.        , -0.0006968 , -0.00273285,  0.        ,  0.        ,\n        0.        ,  0.        , -0.00627168, -0.00314643,  0.        ,\n       -0.06779871, -0.01114322])","logger":"shap","filename":"_kernel.py","lineno":730}
{"timestamp":"2025-12-03T16:18:53.450336Z","level":"info","event":"np.sum(w_aug) = 22.000000000000004","logger":"shap","filename":"_kernel.py","lineno":648}
{"timestamp":"2025-12-03T16:18:53.450375Z","level":"info","event":"np.sum(self.kernelWeights) = 1.0000000000000004","logger":"shap","filename":"_kernel.py","lineno":649}
{"timestamp":"2025-12-03T16:18:53.454793Z","level":"info","event":"phi = array([-0.00762715,  0.        , -0.01109367,  0.        , -0.00821383,\n        0.        ,  0.        ,  0.        , -0.00230537, -0.00778841,\n       -0.00210115,  0.        , -0.00368499,  0.        ,  0.        ,\n        0.        ,  0.        , -0.00465649,  0.        ,  0.        ,\n        0.05686152,  0.05371655])","logger":"shap","filename":"_kernel.py","lineno":730}
{"timestamp":"2025-12-03T16:18:53.455702Z","level":"info","event":"np.sum(w_aug) = 22.000000000000004","logger":"shap","filename":"_kernel.py","lineno":648}
{"timestamp":"2025-12-03T16:18:53.455992Z","level":"info","event":"np.sum(self.kernelWeights) = 1.0000000000000004","logger":"shap","filename":"_kernel.py","lineno":649}
{"timestamp":"2025-12-03T16:18:53.463631Z","level":"info","event":"phi = array([ 0.00483877,  0.        , -0.01309419,  0.00245036,  0.00397348,\n        0.        ,  0.        ,  0.        ,  0.        , -0.00819301,\n        0.        ,  0.        , -0.00620399,  0.        ,  0.        ,\n        0.        ,  0.        ,  0.00362145,  0.006187  ,  0.        ,\n       -0.00553564,  0.05320289])","logger":"shap","filename":"_kernel.py","lineno":730}
{"timestamp":"2025-12-03T16:18:53.463954Z","level":"info","event":"np.sum(w_aug) = 22.000000000000004","logger":"shap","filename":"_kernel.py","lineno":648}
{"timestamp":"2025-12-03T16:18:53.464004Z","level":"info","event":"np.sum(self.kernelWeights) = 1.0000000000000004","logger":"shap","filename":"_kernel.py","lineno":649}
{"timestamp":"2025-12-03T16:18:53.465332Z","level":"info","event":"phi = array([ 0.00505749,  0.        ,  0.01627158,  0.        ,  0.01115145,\n        0.        ,  0.        ,  0.        ,  0.00398405,  0.00731952,\n        0.        ,  0.        ,  0.        , -0.00831296,  0.        ,\n        0.00328138,  0.        ,  0.00590981,  0.        ,  0.        ,\n       -0.03272765, -0.17772354])","logger":"shap","filename":"_kernel.py","lineno":730}
{"timestamp":"2025-12-03T16:18:53.483401Z","level":"info","event":"num_full_subsets = 1","logger":"shap","filename":"_kernel.py","lineno":424}
{"timestamp":"2025-12-03T16:18:53.483507Z","level":"info","event":"remaining_weight_vector = array([0.20456372, 0.14355349, 0.11364651, 0.09626528, 0.08523488,\n       0.07792904, 0.07305847, 0.06993632, 0.06818791, 0.06762437])","logger":"shap","filename":"_kernel.py","lineno":435}
{"timestamp":"2025-12-03T16:18:53.483542Z","level":"info","event":"num_paired_subset_sizes = 10","logger":"shap","filename":"_kernel.py","lineno":436}
{"timestamp":"2025-12-03T16:18:53.521776Z","level":"info","event":"weight_left = 0.7126156484270496","logger":"shap","filename":"_kernel.py","lineno":475}
{"timestamp":"2025-12-03T16:19:23.790583Z","level":"error","event":"Server indicated the task shouldn't be running anymore. Terminating process","detail":{"detail":{"reason":"not_running","message":"TI is no longer in the running state and task should terminate","current_state":"failed"}},"logger":"task"}
{"timestamp":"2025-12-03T16:19:28.829430Z","level":"error","event":"\r  0%|          | 0/30 [00:00<?, ?it/s]\r  3%|▎         | 1/30 [00:36<17:41, 36.61s/it]\r  7%|▋         | 2/30 [01:14<17:19, 37.13s/it]\r 10%|█         | 3/30 [01:51<16:40, 37.04s/it]\r 13%|█▎        | 4/30 [02:28<16:11, 37.37s/it]\r 17%|█▋        | 5/30 [03:05<15:30, 37.22s/it]\r 20%|██        | 6/30 [03:43<14:55, 37.30s/it]\r 23%|██▎       | 7/30 [04:22<14:34, 38.02s/it]\r 27%|██▋       | 8/30 [05:03<14:16, 38.93s/it]\r 30%|███       | 9/30 [05:45<13:58, 39.91s/it]\r 33%|███▎      | 10/30 [06:27<13:27, 40.39s/it]\r 37%|███▋      | 11/30 [07:08<12:51, 40.63s/it]\r 40%|████      | 12/30 [07:50<12:17, 40.98s/it]\r 43%|████▎     | 13/30 [08:31<11:39, 41.14s/it]\r 47%|████▋     | 14/30 [09:12<10:55, 40.94s/it]\r 50%|█████     | 15/30 [09:51<10:05, 40.35s/it]\r 53%|█████▎    | 16/30 [10:39<09:58, 42.72s/it]\r 57%|█████▋    | 17/30 [11:29<09:46, 45.08s/it]","logger":"task.stderr"}
{"timestamp":"2025-12-03T16:19:28.829770Z","level":"error","event":"Task killed!","logger":"task"}
