{"timestamp":"2025-12-03T15:59:51.107720Z","level":"info","event":"DAG bundles loaded: dags-folder, example_dags","logger":"airflow.dag_processing.bundles.manager.DagBundlesManager","filename":"manager.py","lineno":179}
{"timestamp":"2025-12-03T15:59:51.107975Z","level":"info","event":"Filling up the DagBag from /Users/jesu/Desktop/Magister/LabProgramacionCientifica/NanSquad/Proyecto/entrega3/airflow/dags/dag.py","logger":"airflow.models.dagbag.DagBag","filename":"dagbag.py","lineno":593}
{"timestamp":"2025-12-03T15:59:51.115161Z","level":"warning","event":"The `airflow.operators.python.PythonOperator` attribute is deprecated. Please use `'airflow.providers.standard.operators.python.PythonOperator'`.","category":"DeprecatedImportWarning","filename":"/Users/jesu/Desktop/Magister/LabProgramacionCientifica/NanSquad/Proyecto/entrega3/airflow/dags/dag.py","lineno":5,"logger":"py.warnings"}
{"timestamp":"2025-12-03T15:59:51.115218Z","level":"warning","event":"The `airflow.operators.python.BranchPythonOperator` attribute is deprecated. Please use `'airflow.providers.standard.operators.python.BranchPythonOperator'`.","category":"DeprecatedImportWarning","filename":"/Users/jesu/Desktop/Magister/LabProgramacionCientifica/NanSquad/Proyecto/entrega3/airflow/dags/dag.py","lineno":5,"logger":"py.warnings"}
{"timestamp":"2025-12-03T15:59:51.115257Z","level":"warning","event":"The `airflow.operators.empty.EmptyOperator` attribute is deprecated. Please use `'airflow.providers.standard.operators.empty.EmptyOperator'`.","category":"DeprecatedImportWarning","filename":"/Users/jesu/Desktop/Magister/LabProgramacionCientifica/NanSquad/Proyecto/entrega3/airflow/dags/dag.py","lineno":6,"logger":"py.warnings"}
{"timestamp":"2025-12-03T15:59:51.115290Z","level":"warning","event":"The `airflow.models.baseoperator.cross_downstream` attribute is deprecated. Please use `'airflow.sdk.bases.operator.cross_downstream'`.","category":"DeprecatedImportWarning","filename":"/Users/jesu/Desktop/Magister/LabProgramacionCientifica/NanSquad/Proyecto/entrega3/airflow/dags/dag.py","lineno":8,"logger":"py.warnings"}
{"timestamp":"2025-12-03T15:59:51.115323Z","level":"warning","event":"No system locale set. Falling back to 'en_US'. Set LANG/LC_ALL or pass locale_code to override.","category":"UserWarning","filename":"/Users/jesu/Desktop/Magister/LabProgramacionCientifica/NanSquad/Proyecto/entrega3/venv/lib/python3.10/site-packages/cron_descriptor/ExpressionDescriptor.py","lineno":69,"logger":"py.warnings"}
{"timestamp":"2025-12-03T15:59:51.136674Z","level":"info","event":"Task instance is in running state","logger":"task.stdout"}
{"timestamp":"2025-12-03T15:59:51.136751Z","level":"info","event":" Previous state of the Task instance: TaskInstanceState.QUEUED","logger":"task.stdout"}
{"timestamp":"2025-12-03T15:59:51.136922Z","level":"info","event":"Current task name:evaluate_and_interpret","logger":"task.stdout"}
{"timestamp":"2025-12-03T15:59:51.136954Z","level":"info","event":"Dag name:product_purchase_prediction","logger":"task.stdout"}
{"timestamp":"2025-12-03T15:59:52.189024Z","level":"warning","event":"Filesystem tracking backend (e.g., './mlruns') is deprecated. Please switch to a database backend (e.g., 'sqlite:///mlflow.db'). For feedback, see: https://github.com/mlflow/mlflow/issues/18534","category":"FutureWarning","filename":"/Users/jesu/Desktop/Magister/LabProgramacionCientifica/NanSquad/Proyecto/entrega3/venv/lib/python3.10/site-packages/mlflow/tracking/_tracking_service/utils.py","lineno":140,"logger":"py.warnings"}
{"timestamp":"2025-12-03T16:01:09.985334Z","level":"info","event":"Iniciando análisis SHAP con 50 muestras...","logger":"task.stdout"}
{"timestamp":"2025-12-03T16:01:10.029589Z","level":"info","event":"num_full_subsets = 1","logger":"shap","filename":"_kernel.py","lineno":424}
{"timestamp":"2025-12-03T16:01:10.029952Z","level":"info","event":"remaining_weight_vector = array([0.20456372, 0.14355349, 0.11364651, 0.09626528, 0.08523488,\n       0.07792904, 0.07305847, 0.06993632, 0.06818791, 0.06762437])","logger":"shap","filename":"_kernel.py","lineno":435}
{"timestamp":"2025-12-03T16:01:10.029995Z","level":"info","event":"num_paired_subset_sizes = 10","logger":"shap","filename":"_kernel.py","lineno":436}
{"timestamp":"2025-12-03T16:01:10.046860Z","level":"info","event":"weight_left = 0.7126156484270496","logger":"shap","filename":"_kernel.py","lineno":475}
{"timestamp":"2025-12-03T16:01:47.034946Z","level":"info","event":"np.sum(w_aug) = 22.000000000000004","logger":"shap","filename":"_kernel.py","lineno":648}
{"timestamp":"2025-12-03T16:01:47.035052Z","level":"info","event":"np.sum(self.kernelWeights) = 0.9999999999999999","logger":"shap","filename":"_kernel.py","lineno":649}
{"timestamp":"2025-12-03T16:01:47.036972Z","level":"info","event":"phi = array([ 0.06931179, -0.00593219,  0.01111046,  0.        ,  0.        ,\n        0.        , -0.00250986,  0.        ,  0.        ,  0.        ,\n       -0.01067718,  0.        , -0.00442387,  0.        , -0.03105027,\n        0.        ,  0.        ,  0.        , -0.01405603,  0.        ,\n        0.07230733, -0.02595458])","logger":"shap","filename":"_kernel.py","lineno":730}
{"timestamp":"2025-12-03T16:01:47.037243Z","level":"info","event":"np.sum(w_aug) = 22.000000000000004","logger":"shap","filename":"_kernel.py","lineno":648}
{"timestamp":"2025-12-03T16:01:47.037285Z","level":"info","event":"np.sum(self.kernelWeights) = 0.9999999999999999","logger":"shap","filename":"_kernel.py","lineno":649}
{"timestamp":"2025-12-03T16:01:47.038877Z","level":"info","event":"phi = array([-0.02514387,  0.        ,  0.        ,  0.        , -0.00660341,\n        0.        ,  0.        ,  0.        ,  0.        ,  0.        ,\n        0.00386496,  0.        ,  0.        ,  0.00325126,  0.00886304,\n        0.        ,  0.        ,  0.00353791,  0.00173884,  0.00190818,\n        0.0303394 ,  0.03784076])","logger":"shap","filename":"_kernel.py","lineno":730}
{"timestamp":"2025-12-03T16:01:47.039125Z","level":"info","event":"np.sum(w_aug) = 22.000000000000004","logger":"shap","filename":"_kernel.py","lineno":648}
{"timestamp":"2025-12-03T16:01:47.039163Z","level":"info","event":"np.sum(self.kernelWeights) = 0.9999999999999999","logger":"shap","filename":"_kernel.py","lineno":649}
{"timestamp":"2025-12-03T16:01:47.040254Z","level":"info","event":"phi = array([ 0.0307623 ,  0.00464049, -0.01080481,  0.        ,  0.        ,\n        0.00156339,  0.        ,  0.00186866,  0.        ,  0.        ,\n        0.        ,  0.        ,  0.        ,  0.        ,  0.00442851,\n        0.        ,  0.        ,  0.        ,  0.00230261, -0.00437421,\n        0.02727213, -0.01406753])","logger":"shap","filename":"_kernel.py","lineno":730}
{"timestamp":"2025-12-03T16:01:47.040495Z","level":"info","event":"np.sum(w_aug) = 22.000000000000004","logger":"shap","filename":"_kernel.py","lineno":648}
{"timestamp":"2025-12-03T16:01:47.040531Z","level":"info","event":"np.sum(self.kernelWeights) = 0.9999999999999999","logger":"shap","filename":"_kernel.py","lineno":649}
{"timestamp":"2025-12-03T16:01:47.041621Z","level":"info","event":"phi = array([ 0.        , -0.00361769, -0.0108007 ,  0.        ,  0.        ,\n       -0.00192548,  0.        , -0.00194032,  0.        , -0.00349228,\n        0.        ,  0.        ,  0.        ,  0.        , -0.00797019,\n        0.        ,  0.        , -0.00264995,  0.        , -0.00305275,\n       -0.00235315, -0.08439828])","logger":"shap","filename":"_kernel.py","lineno":730}
{"timestamp":"2025-12-03T16:01:47.041859Z","level":"info","event":"np.sum(w_aug) = 22.000000000000004","logger":"shap","filename":"_kernel.py","lineno":648}
{"timestamp":"2025-12-03T16:01:47.041895Z","level":"info","event":"np.sum(self.kernelWeights) = 0.9999999999999999","logger":"shap","filename":"_kernel.py","lineno":649}
{"timestamp":"2025-12-03T16:01:47.042993Z","level":"info","event":"phi = array([-0.08203736,  0.        ,  0.01319565,  0.00534723,  0.01132703,\n        0.        ,  0.        ,  0.        ,  0.        ,  0.        ,\n        0.01007475,  0.        ,  0.        ,  0.        ,  0.02624825,\n        0.        ,  0.        ,  0.        ,  0.00862949,  0.00774567,\n       -0.12747349,  0.08782937])","logger":"shap","filename":"_kernel.py","lineno":730}
{"timestamp":"2025-12-03T16:01:47.064735Z","level":"info","event":"num_full_subsets = 1","logger":"shap","filename":"_kernel.py","lineno":424}
{"timestamp":"2025-12-03T16:01:47.064863Z","level":"info","event":"remaining_weight_vector = array([0.20456372, 0.14355349, 0.11364651, 0.09626528, 0.08523488,\n       0.07792904, 0.07305847, 0.06993632, 0.06818791, 0.06762437])","logger":"shap","filename":"_kernel.py","lineno":435}
{"timestamp":"2025-12-03T16:01:47.064901Z","level":"info","event":"num_paired_subset_sizes = 10","logger":"shap","filename":"_kernel.py","lineno":436}
{"timestamp":"2025-12-03T16:01:47.083125Z","level":"info","event":"weight_left = 0.7126156484270496","logger":"shap","filename":"_kernel.py","lineno":475}
{"timestamp":"2025-12-03T16:02:25.055125Z","level":"info","event":"np.sum(w_aug) = 22.0","logger":"shap","filename":"_kernel.py","lineno":648}
{"timestamp":"2025-12-03T16:02:25.055247Z","level":"info","event":"np.sum(self.kernelWeights) = 1.0000000000000002","logger":"shap","filename":"_kernel.py","lineno":649}
{"timestamp":"2025-12-03T16:02:25.057655Z","level":"info","event":"phi = array([ 0.        ,  0.00648673, -0.04220534,  0.        ,  0.00505452,\n        0.        ,  0.        ,  0.        ,  0.        ,  0.00385099,\n        0.0115713 ,  0.        ,  0.        ,  0.00218252,  0.00320208,\n        0.        ,  0.        ,  0.        ,  0.01209388,  0.        ,\n        0.03015782, -0.02466108])","logger":"shap","filename":"_kernel.py","lineno":730}
{"timestamp":"2025-12-03T16:02:25.057921Z","level":"info","event":"np.sum(w_aug) = 22.0","logger":"shap","filename":"_kernel.py","lineno":648}
{"timestamp":"2025-12-03T16:02:25.057963Z","level":"info","event":"np.sum(self.kernelWeights) = 1.0000000000000002","logger":"shap","filename":"_kernel.py","lineno":649}
{"timestamp":"2025-12-03T16:02:25.059102Z","level":"info","event":"phi = array([-0.0063692 ,  0.        , -0.03291245, -0.00349887, -0.00423829,\n        0.        ,  0.        ,  0.        ,  0.        ,  0.        ,\n       -0.00638169, -0.00121395,  0.        ,  0.        ,  0.        ,\n       -0.00233202,  0.        ,  0.        , -0.00335731,  0.        ,\n        0.04278596,  0.04171319])","logger":"shap","filename":"_kernel.py","lineno":730}
{"timestamp":"2025-12-03T16:02:25.059349Z","level":"info","event":"np.sum(w_aug) = 22.0","logger":"shap","filename":"_kernel.py","lineno":648}
{"timestamp":"2025-12-03T16:02:25.059394Z","level":"info","event":"np.sum(self.kernelWeights) = 1.0000000000000002","logger":"shap","filename":"_kernel.py","lineno":649}
{"timestamp":"2025-12-03T16:02:25.060481Z","level":"info","event":"phi = array([-0.00583049, -0.00645388,  0.03342714,  0.        , -0.0042826 ,\n        0.        ,  0.        ,  0.        ,  0.        , -0.00173811,\n        0.        ,  0.        , -0.00154521,  0.        ,  0.        ,\n        0.        , -0.00221338,  0.        ,  0.        , -0.00268569,\n        0.03528419,  0.05934001])","logger":"shap","filename":"_kernel.py","lineno":730}
{"timestamp":"2025-12-03T16:02:25.060720Z","level":"info","event":"np.sum(w_aug) = 22.0","logger":"shap","filename":"_kernel.py","lineno":648}
{"timestamp":"2025-12-03T16:02:25.060756Z","level":"info","event":"np.sum(self.kernelWeights) = 1.0000000000000002","logger":"shap","filename":"_kernel.py","lineno":649}
{"timestamp":"2025-12-03T16:02:25.061833Z","level":"info","event":"phi = array([ 0.        ,  0.        , -0.00339649,  0.        , -0.00648676,\n        0.        ,  0.        , -0.00115625,  0.        , -0.00529161,\n       -0.00332417,  0.        ,  0.        ,  0.        , -0.00150089,\n        0.        ,  0.        , -0.00378124, -0.00572459,  0.        ,\n       -0.01211937, -0.10412035])","logger":"shap","filename":"_kernel.py","lineno":730}
{"timestamp":"2025-12-03T16:02:25.062070Z","level":"info","event":"np.sum(w_aug) = 22.0","logger":"shap","filename":"_kernel.py","lineno":648}
{"timestamp":"2025-12-03T16:02:25.062105Z","level":"info","event":"np.sum(self.kernelWeights) = 1.0000000000000002","logger":"shap","filename":"_kernel.py","lineno":649}
{"timestamp":"2025-12-03T16:02:25.065263Z","level":"info","event":"phi = array([ 0.00690118,  0.00201979,  0.04585371,  0.00391031,  0.01064478,\n        0.        ,  0.        ,  0.        ,  0.        ,  0.00400817,\n        0.        ,  0.        ,  0.        ,  0.        ,  0.        ,\n        0.        ,  0.00210433,  0.        ,  0.        ,  0.00342108,\n       -0.09542133,  0.02822892])","logger":"shap","filename":"_kernel.py","lineno":730}
{"timestamp":"2025-12-03T16:02:25.092869Z","level":"info","event":"num_full_subsets = 1","logger":"shap","filename":"_kernel.py","lineno":424}
{"timestamp":"2025-12-03T16:02:25.092994Z","level":"info","event":"remaining_weight_vector = array([0.20456372, 0.14355349, 0.11364651, 0.09626528, 0.08523488,\n       0.07792904, 0.07305847, 0.06993632, 0.06818791, 0.06762437])","logger":"shap","filename":"_kernel.py","lineno":435}
{"timestamp":"2025-12-03T16:02:25.093032Z","level":"info","event":"num_paired_subset_sizes = 10","logger":"shap","filename":"_kernel.py","lineno":436}
{"timestamp":"2025-12-03T16:02:25.106457Z","level":"info","event":"weight_left = 0.7126156484270496","logger":"shap","filename":"_kernel.py","lineno":475}
{"timestamp":"2025-12-03T16:03:03.043673Z","level":"info","event":"np.sum(w_aug) = 22.000000000000004","logger":"shap","filename":"_kernel.py","lineno":648}
{"timestamp":"2025-12-03T16:03:03.043773Z","level":"info","event":"np.sum(self.kernelWeights) = 1.0","logger":"shap","filename":"_kernel.py","lineno":649}
{"timestamp":"2025-12-03T16:03:03.045238Z","level":"info","event":"phi = array([ 0.00351638,  0.00186617,  0.01038716,  0.        ,  0.00113549,\n        0.        , -0.00307229,  0.        ,  0.        ,  0.        ,\n        0.        ,  0.        ,  0.        ,  0.00093648,  0.        ,\n        0.        ,  0.        ,  0.        , -0.00347006,  0.00218891,\n        0.03019208,  0.0114149 ])","logger":"shap","filename":"_kernel.py","lineno":730}
{"timestamp":"2025-12-03T16:03:03.045505Z","level":"info","event":"np.sum(w_aug) = 22.000000000000004","logger":"shap","filename":"_kernel.py","lineno":648}
{"timestamp":"2025-12-03T16:03:03.045545Z","level":"info","event":"np.sum(self.kernelWeights) = 1.0","logger":"shap","filename":"_kernel.py","lineno":649}
{"timestamp":"2025-12-03T16:03:03.057945Z","level":"info","event":"phi = array([-0.00821575, -0.00751982,  0.        ,  0.        , -0.0135059 ,\n        0.        ,  0.        ,  0.        , -0.0158693 ,  0.        ,\n       -0.0045645 , -0.00509138, -0.00397114,  0.        ,  0.        ,\n        0.        , -0.0152265 ,  0.        ,  0.        ,  0.        ,\n        0.02781558,  0.03054564])","logger":"shap","filename":"_kernel.py","lineno":730}
{"timestamp":"2025-12-03T16:03:03.058626Z","level":"info","event":"np.sum(w_aug) = 22.000000000000004","logger":"shap","filename":"_kernel.py","lineno":648}
{"timestamp":"2025-12-03T16:03:03.058734Z","level":"info","event":"np.sum(self.kernelWeights) = 1.0","logger":"shap","filename":"_kernel.py","lineno":649}
{"timestamp":"2025-12-03T16:03:03.061869Z","level":"info","event":"phi = array([-0.00875199,  0.00207836, -0.00713992,  0.        ,  0.        ,\n        0.        ,  0.        ,  0.        ,  0.00361108,  0.        ,\n       -0.0036399 ,  0.        ,  0.00290999,  0.00129714,  0.        ,\n        0.        ,  0.0042332 ,  0.00304758,  0.        ,  0.        ,\n        0.03992908,  0.        ])","logger":"shap","filename":"_kernel.py","lineno":730}
{"timestamp":"2025-12-03T16:03:03.062879Z","level":"info","event":"np.sum(w_aug) = 22.000000000000004","logger":"shap","filename":"_kernel.py","lineno":648}
{"timestamp":"2025-12-03T16:03:03.062982Z","level":"info","event":"np.sum(self.kernelWeights) = 1.0","logger":"shap","filename":"_kernel.py","lineno":649}
{"timestamp":"2025-12-03T16:03:03.076465Z","level":"info","event":"phi = array([ 0.        , -0.00414869, -0.00761098,  0.        ,  0.        ,\n       -0.00084578,  0.        ,  0.        , -0.00404408, -0.00294758,\n        0.        ,  0.        ,  0.        ,  0.        ,  0.        ,\n        0.        , -0.0037798 , -0.00411794,  0.        , -0.00673401,\n       -0.04156627, -0.06899689])","logger":"shap","filename":"_kernel.py","lineno":730}
{"timestamp":"2025-12-03T16:03:03.077154Z","level":"info","event":"np.sum(w_aug) = 22.000000000000004","logger":"shap","filename":"_kernel.py","lineno":648}
{"timestamp":"2025-12-03T16:03:03.077263Z","level":"info","event":"np.sum(self.kernelWeights) = 1.0","logger":"shap","filename":"_kernel.py","lineno":649}
{"timestamp":"2025-12-03T16:03:03.083622Z","level":"info","event":"phi = array([ 0.00995736,  0.00970975,  0.        ,  0.        ,  0.01258354,\n        0.        ,  0.        ,  0.        ,  0.01847759,  0.00725909,\n        0.        ,  0.        ,  0.        ,  0.        ,  0.00506747,\n        0.        ,  0.01768624,  0.        ,  0.        ,  0.01202518,\n       -0.05410027,  0.0290593 ])","logger":"shap","filename":"_kernel.py","lineno":730}
{"timestamp":"2025-12-03T16:03:03.108054Z","level":"info","event":"num_full_subsets = 1","logger":"shap","filename":"_kernel.py","lineno":424}
{"timestamp":"2025-12-03T16:03:03.108180Z","level":"info","event":"remaining_weight_vector = array([0.20456372, 0.14355349, 0.11364651, 0.09626528, 0.08523488,\n       0.07792904, 0.07305847, 0.06993632, 0.06818791, 0.06762437])","logger":"shap","filename":"_kernel.py","lineno":435}
{"timestamp":"2025-12-03T16:03:03.108218Z","level":"info","event":"num_paired_subset_sizes = 10","logger":"shap","filename":"_kernel.py","lineno":436}
{"timestamp":"2025-12-03T16:03:03.126533Z","level":"info","event":"weight_left = 0.7126156484270496","logger":"shap","filename":"_kernel.py","lineno":475}
{"timestamp":"2025-12-03T16:03:40.526923Z","level":"info","event":"np.sum(w_aug) = 22.0","logger":"shap","filename":"_kernel.py","lineno":648}
{"timestamp":"2025-12-03T16:03:40.527021Z","level":"info","event":"np.sum(self.kernelWeights) = 1.0","logger":"shap","filename":"_kernel.py","lineno":649}
{"timestamp":"2025-12-03T16:03:40.538612Z","level":"info","event":"phi = array([ 0.00456345,  0.00112146, -0.00844053,  0.        ,  0.00398458,\n        0.        ,  0.        ,  0.        ,  0.00148191,  0.        ,\n        0.        ,  0.        ,  0.        ,  0.0024186 ,  0.00265138,\n        0.        ,  0.        ,  0.        ,  0.        ,  0.00259423,\n       -0.02550244,  0.04709152])","logger":"shap","filename":"_kernel.py","lineno":730}
{"timestamp":"2025-12-03T16:03:40.538908Z","level":"info","event":"np.sum(w_aug) = 22.0","logger":"shap","filename":"_kernel.py","lineno":648}
{"timestamp":"2025-12-03T16:03:40.538955Z","level":"info","event":"np.sum(self.kernelWeights) = 1.0","logger":"shap","filename":"_kernel.py","lineno":649}
{"timestamp":"2025-12-03T16:03:40.549987Z","level":"info","event":"phi = array([-0.00592774, -0.00293084, -0.00434278, -0.00340168, -0.00366417,\n        0.        ,  0.        ,  0.        , -0.00450635,  0.        ,\n        0.        ,  0.        ,  0.        ,  0.        ,  0.        ,\n        0.        , -0.00396679,  0.        ,  0.        , -0.00556866,\n       -0.07005924, -0.09419674])","logger":"shap","filename":"_kernel.py","lineno":730}
{"timestamp":"2025-12-03T16:03:40.550262Z","level":"info","event":"np.sum(w_aug) = 22.0","logger":"shap","filename":"_kernel.py","lineno":648}
{"timestamp":"2025-12-03T16:03:40.550307Z","level":"info","event":"np.sum(self.kernelWeights) = 1.0","logger":"shap","filename":"_kernel.py","lineno":649}
{"timestamp":"2025-12-03T16:03:40.551619Z","level":"info","event":"phi = array([-0.01045345, -0.00442165,  0.0089237 ,  0.        ,  0.00810384,\n        0.        ,  0.        ,  0.        , -0.00603008,  0.        ,\n       -0.00400145,  0.        ,  0.        ,  0.        ,  0.        ,\n        0.        , -0.00541073,  0.        , -0.0027837 ,  0.        ,\n       -0.03273373, -0.02411428])","logger":"shap","filename":"_kernel.py","lineno":730}
{"timestamp":"2025-12-03T16:03:40.551871Z","level":"info","event":"np.sum(w_aug) = 22.0","logger":"shap","filename":"_kernel.py","lineno":648}
{"timestamp":"2025-12-03T16:03:40.551911Z","level":"info","event":"np.sum(self.kernelWeights) = 1.0","logger":"shap","filename":"_kernel.py","lineno":649}
{"timestamp":"2025-12-03T16:03:40.553164Z","level":"info","event":"phi = array([ 0.00592774,  0.00691805, -0.0236247 ,  0.        , -0.0180136 ,\n        0.        ,  0.        ,  0.        ,  0.01017776,  0.        ,\n        0.        ,  0.        ,  0.        ,  0.        ,  0.        ,\n        0.        ,  0.0099399 ,  0.        ,  0.00594343,  0.00906348,\n        0.10924561,  0.28820895])","logger":"shap","filename":"_kernel.py","lineno":730}
{"timestamp":"2025-12-03T16:03:40.553409Z","level":"info","event":"np.sum(w_aug) = 22.0","logger":"shap","filename":"_kernel.py","lineno":648}
{"timestamp":"2025-12-03T16:03:40.553447Z","level":"info","event":"np.sum(self.kernelWeights) = 1.0","logger":"shap","filename":"_kernel.py","lineno":649}
{"timestamp":"2025-12-03T16:03:40.554654Z","level":"info","event":"phi = array([ 0.00552599,  0.        ,  0.02704619,  0.00163916,  0.00895366,\n        0.00125653,  0.        ,  0.        ,  0.        ,  0.        ,\n        0.        ,  0.0014029 ,  0.        , -0.00453448,  0.        ,\n        0.        ,  0.        ,  0.        ,  0.        , -0.006707  ,\n        0.0184543 , -0.21730151])","logger":"shap","filename":"_kernel.py","lineno":730}
{"timestamp":"2025-12-03T16:03:40.571049Z","level":"info","event":"num_full_subsets = 1","logger":"shap","filename":"_kernel.py","lineno":424}
{"timestamp":"2025-12-03T16:03:40.571163Z","level":"info","event":"remaining_weight_vector = array([0.20456372, 0.14355349, 0.11364651, 0.09626528, 0.08523488,\n       0.07792904, 0.07305847, 0.06993632, 0.06818791, 0.06762437])","logger":"shap","filename":"_kernel.py","lineno":435}
{"timestamp":"2025-12-03T16:03:40.571198Z","level":"info","event":"num_paired_subset_sizes = 10","logger":"shap","filename":"_kernel.py","lineno":436}
{"timestamp":"2025-12-03T16:03:40.584685Z","level":"info","event":"weight_left = 0.7126156484270496","logger":"shap","filename":"_kernel.py","lineno":475}
{"timestamp":"2025-12-03T16:04:18.442308Z","level":"info","event":"np.sum(w_aug) = 22.000000000000007","logger":"shap","filename":"_kernel.py","lineno":648}
{"timestamp":"2025-12-03T16:04:18.442723Z","level":"info","event":"np.sum(self.kernelWeights) = 1.0","logger":"shap","filename":"_kernel.py","lineno":649}
{"timestamp":"2025-12-03T16:04:18.445318Z","level":"info","event":"phi = array([ 0.00315346, -0.00454394,  0.00451491,  0.        ,  0.        ,\n        0.        ,  0.        ,  0.        ,  0.00172745,  0.00394525,\n        0.        ,  0.        ,  0.        ,  0.00179261,  0.00162732,\n        0.        ,  0.00235368,  0.        ,  0.        ,  0.        ,\n        0.02120511, -0.04633089])","logger":"shap","filename":"_kernel.py","lineno":730}
{"timestamp":"2025-12-03T16:04:18.445599Z","level":"info","event":"np.sum(w_aug) = 22.000000000000007","logger":"shap","filename":"_kernel.py","lineno":648}
{"timestamp":"2025-12-03T16:04:18.445640Z","level":"info","event":"np.sum(self.kernelWeights) = 1.0","logger":"shap","filename":"_kernel.py","lineno":649}
{"timestamp":"2025-12-03T16:04:18.446813Z","level":"info","event":"phi = array([-0.00191721,  0.        , -0.00944333,  0.        , -0.00588029,\n        0.        ,  0.01211774,  0.        ,  0.        , -0.00203821,\n        0.        ,  0.        ,  0.        ,  0.        , -0.00356448,\n       -0.00145276,  0.        , -0.00121182,  0.        , -0.00432112,\n        0.        , -0.06223895])","logger":"shap","filename":"_kernel.py","lineno":730}
{"timestamp":"2025-12-03T16:04:18.447063Z","level":"info","event":"np.sum(w_aug) = 22.000000000000007","logger":"shap","filename":"_kernel.py","lineno":648}
{"timestamp":"2025-12-03T16:04:18.447102Z","level":"info","event":"np.sum(self.kernelWeights) = 1.0","logger":"shap","filename":"_kernel.py","lineno":649}
{"timestamp":"2025-12-03T16:04:18.449406Z","level":"info","event":"phi = array([-0.01016726, -0.0051557 , -0.00696589,  0.        ,  0.        ,\n        0.        , -0.00372519,  0.        ,  0.        , -0.00205296,\n       -0.00611127,  0.        ,  0.        ,  0.        , -0.00305976,\n        0.        ,  0.        ,  0.        , -0.00258342,  0.        ,\n       -0.08821292, -0.05686948])","logger":"shap","filename":"_kernel.py","lineno":730}
{"timestamp":"2025-12-03T16:04:18.449654Z","level":"info","event":"np.sum(w_aug) = 22.000000000000007","logger":"shap","filename":"_kernel.py","lineno":648}
{"timestamp":"2025-12-03T16:04:18.449690Z","level":"info","event":"np.sum(self.kernelWeights) = 1.0","logger":"shap","filename":"_kernel.py","lineno":649}
{"timestamp":"2025-12-03T16:04:18.450751Z","level":"info","event":"phi = array([ 0.        ,  0.00607443, -0.00774351,  0.        ,  0.        ,\n       -0.00253395, -0.00587309,  0.        ,  0.        , -0.00302826,\n        0.        ,  0.        ,  0.        ,  0.        ,  0.        ,\n        0.        ,  0.        , -0.00479904,  0.00589006,  0.00581567,\n       -0.02335034, -0.08141952])","logger":"shap","filename":"_kernel.py","lineno":730}
{"timestamp":"2025-12-03T16:04:18.450992Z","level":"info","event":"np.sum(w_aug) = 22.000000000000007","logger":"shap","filename":"_kernel.py","lineno":648}
{"timestamp":"2025-12-03T16:04:18.451027Z","level":"info","event":"np.sum(self.kernelWeights) = 1.0","logger":"shap","filename":"_kernel.py","lineno":649}
{"timestamp":"2025-12-03T16:04:18.452189Z","level":"info","event":"phi = array([0.00892029, 0.00410086, 0.01860111, 0.        , 0.0082762 ,\n       0.        , 0.        , 0.00199553, 0.        , 0.        ,\n       0.        , 0.        , 0.        , 0.        , 0.00399322,\n       0.        , 0.        , 0.0079369 , 0.        , 0.00258953,\n       0.08422745, 0.24573577])","logger":"shap","filename":"_kernel.py","lineno":730}
{"timestamp":"2025-12-03T16:04:18.470853Z","level":"info","event":"num_full_subsets = 1","logger":"shap","filename":"_kernel.py","lineno":424}
{"timestamp":"2025-12-03T16:04:18.470993Z","level":"info","event":"remaining_weight_vector = array([0.20456372, 0.14355349, 0.11364651, 0.09626528, 0.08523488,\n       0.07792904, 0.07305847, 0.06993632, 0.06818791, 0.06762437])","logger":"shap","filename":"_kernel.py","lineno":435}
{"timestamp":"2025-12-03T16:04:18.471032Z","level":"info","event":"num_paired_subset_sizes = 10","logger":"shap","filename":"_kernel.py","lineno":436}
{"timestamp":"2025-12-03T16:04:18.484547Z","level":"info","event":"weight_left = 0.7126156484270496","logger":"shap","filename":"_kernel.py","lineno":475}
{"timestamp":"2025-12-03T16:04:55.349363Z","level":"info","event":"np.sum(w_aug) = 22.000000000000007","logger":"shap","filename":"_kernel.py","lineno":648}
{"timestamp":"2025-12-03T16:04:55.349465Z","level":"info","event":"np.sum(self.kernelWeights) = 1.0","logger":"shap","filename":"_kernel.py","lineno":649}
{"timestamp":"2025-12-03T16:04:55.351046Z","level":"info","event":"phi = array([-0.00949354,  0.        , -0.00960725,  0.        ,  0.        ,\n        0.        ,  0.        ,  0.00197902,  0.00148213,  0.00206102,\n        0.        ,  0.        ,  0.00837937,  0.0028154 ,  0.00240075,\n        0.        ,  0.        ,  0.        ,  0.        ,  0.        ,\n        0.0062582 ,  0.0373545 ])","logger":"shap","filename":"_kernel.py","lineno":730}
{"timestamp":"2025-12-03T16:04:55.351330Z","level":"info","event":"np.sum(w_aug) = 22.000000000000007","logger":"shap","filename":"_kernel.py","lineno":648}
{"timestamp":"2025-12-03T16:04:55.351371Z","level":"info","event":"np.sum(self.kernelWeights) = 1.0","logger":"shap","filename":"_kernel.py","lineno":649}
{"timestamp":"2025-12-03T16:04:55.352607Z","level":"info","event":"phi = array([-0.01293296, -0.00194905,  0.01503395, -0.00199562, -0.00596952,\n        0.        ,  0.        ,  0.        ,  0.        ,  0.        ,\n        0.        , -0.00161812,  0.0093357 ,  0.        ,  0.        ,\n        0.        ,  0.        ,  0.        ,  0.        , -0.00569269,\n       -0.0161756 , -0.01627824])","logger":"shap","filename":"_kernel.py","lineno":730}
{"timestamp":"2025-12-03T16:04:55.352857Z","level":"info","event":"np.sum(w_aug) = 22.000000000000007","logger":"shap","filename":"_kernel.py","lineno":648}
{"timestamp":"2025-12-03T16:04:55.352902Z","level":"info","event":"np.sum(self.kernelWeights) = 1.0","logger":"shap","filename":"_kernel.py","lineno":649}
{"timestamp":"2025-12-03T16:04:55.354175Z","level":"info","event":"phi = array([ 0.01581101, -0.00311746, -0.0015606 ,  0.        ,  0.        ,\n        0.        ,  0.        ,  0.        ,  0.        , -0.00144577,\n       -0.00342134,  0.        ,  0.00281352,  0.        , -0.00187047,\n        0.        ,  0.        ,  0.        , -0.00288139,  0.        ,\n       -0.0622748 ,  0.0279497 ])","logger":"shap","filename":"_kernel.py","lineno":730}
{"timestamp":"2025-12-03T16:04:55.354421Z","level":"info","event":"np.sum(w_aug) = 22.000000000000007","logger":"shap","filename":"_kernel.py","lineno":648}
{"timestamp":"2025-12-03T16:04:55.354470Z","level":"info","event":"np.sum(self.kernelWeights) = 1.0","logger":"shap","filename":"_kernel.py","lineno":649}
{"timestamp":"2025-12-03T16:04:55.355544Z","level":"info","event":"phi = array([ 0.01069541,  0.00913057,  0.        ,  0.        , -0.00733236,\n        0.        ,  0.        ,  0.        , -0.00779757,  0.        ,\n        0.        ,  0.        , -0.04206434,  0.        ,  0.        ,\n        0.        , -0.00866981, -0.02382864,  0.        ,  0.01632812,\n        0.01301743,  0.11143042])","logger":"shap","filename":"_kernel.py","lineno":730}
{"timestamp":"2025-12-03T16:04:55.355786Z","level":"info","event":"np.sum(w_aug) = 22.000000000000007","logger":"shap","filename":"_kernel.py","lineno":648}
{"timestamp":"2025-12-03T16:04:55.355826Z","level":"info","event":"np.sum(self.kernelWeights) = 1.0","logger":"shap","filename":"_kernel.py","lineno":649}
{"timestamp":"2025-12-03T16:04:55.358507Z","level":"info","event":"phi = array([ 0.        ,  0.        ,  0.        ,  0.        ,  0.01110957,\n        0.        ,  0.        ,  0.        ,  0.        ,  0.        ,\n        0.00543307,  0.        ,  0.02002303,  0.        ,  0.00460804,\n        0.        ,  0.00454286,  0.02194432,  0.00528154, -0.01444275,\n        0.05725658, -0.16205534])","logger":"shap","filename":"_kernel.py","lineno":730}
{"timestamp":"2025-12-03T16:04:55.374032Z","level":"info","event":"num_full_subsets = 1","logger":"shap","filename":"_kernel.py","lineno":424}
{"timestamp":"2025-12-03T16:04:55.374184Z","level":"info","event":"remaining_weight_vector = array([0.20456372, 0.14355349, 0.11364651, 0.09626528, 0.08523488,\n       0.07792904, 0.07305847, 0.06993632, 0.06818791, 0.06762437])","logger":"shap","filename":"_kernel.py","lineno":435}
{"timestamp":"2025-12-03T16:04:55.374227Z","level":"info","event":"num_paired_subset_sizes = 10","logger":"shap","filename":"_kernel.py","lineno":436}
{"timestamp":"2025-12-03T16:04:55.397172Z","level":"info","event":"weight_left = 0.7126156484270496","logger":"shap","filename":"_kernel.py","lineno":475}
{"timestamp":"2025-12-03T16:05:32.285855Z","level":"info","event":"np.sum(w_aug) = 22.000000000000004","logger":"shap","filename":"_kernel.py","lineno":648}
{"timestamp":"2025-12-03T16:05:32.285954Z","level":"info","event":"np.sum(self.kernelWeights) = 1.0000000000000002","logger":"shap","filename":"_kernel.py","lineno":649}
{"timestamp":"2025-12-03T16:05:32.287346Z","level":"info","event":"phi = array([ 0.        ,  0.        , -0.02127502,  0.        , -0.00510959,\n        0.        , -0.00221409,  0.        ,  0.00210496,  0.00283677,\n        0.        ,  0.        ,  0.01463877,  0.0028847 ,  0.        ,\n        0.        ,  0.        ,  0.        , -0.0023669 ,  0.        ,\n        0.03518905,  0.07056143])","logger":"shap","filename":"_kernel.py","lineno":730}
{"timestamp":"2025-12-03T16:05:32.287610Z","level":"info","event":"np.sum(w_aug) = 22.000000000000004","logger":"shap","filename":"_kernel.py","lineno":648}
{"timestamp":"2025-12-03T16:05:32.287651Z","level":"info","event":"np.sum(self.kernelWeights) = 1.0000000000000002","logger":"shap","filename":"_kernel.py","lineno":649}
{"timestamp":"2025-12-03T16:05:32.288774Z","level":"info","event":"phi = array([-0.00467394, -0.00309769,  0.01434329, -0.0039379 , -0.01490827,\n       -0.00234335,  0.        ,  0.        ,  0.        ,  0.        ,\n        0.        ,  0.        , -0.0146028 ,  0.        ,  0.        ,\n        0.        ,  0.        , -0.00678968,  0.        ,  0.        ,\n       -0.08791309, -0.02555367])","logger":"shap","filename":"_kernel.py","lineno":730}
{"timestamp":"2025-12-03T16:05:32.289033Z","level":"info","event":"np.sum(w_aug) = 22.000000000000004","logger":"shap","filename":"_kernel.py","lineno":648}
{"timestamp":"2025-12-03T16:05:32.289070Z","level":"info","event":"np.sum(self.kernelWeights) = 1.0000000000000002","logger":"shap","filename":"_kernel.py","lineno":649}
{"timestamp":"2025-12-03T16:05:32.293519Z","level":"info","event":"phi = array([-0.00863115,  0.        , -0.00857829,  0.        ,  0.        ,\n        0.        ,  0.        ,  0.        ,  0.        , -0.00693665,\n       -0.00665706,  0.        , -0.0209893 ,  0.        ,  0.        ,\n        0.        ,  0.        , -0.00843853, -0.00394914, -0.00640422,\n       -0.03878709, -0.04006399])","logger":"shap","filename":"_kernel.py","lineno":730}
{"timestamp":"2025-12-03T16:05:32.294210Z","level":"info","event":"np.sum(w_aug) = 22.000000000000004","logger":"shap","filename":"_kernel.py","lineno":648}
{"timestamp":"2025-12-03T16:05:32.294317Z","level":"info","event":"np.sum(self.kernelWeights) = 1.0000000000000002","logger":"shap","filename":"_kernel.py","lineno":649}
{"timestamp":"2025-12-03T16:05:32.297842Z","level":"info","event":"phi = array([0.00759131, 0.00724156, 0.        , 0.00658169, 0.00848162,\n       0.        , 0.        , 0.        , 0.        , 0.        ,\n       0.        , 0.        , 0.04019108, 0.01254079, 0.        ,\n       0.        , 0.        , 0.01365702, 0.00825159, 0.        ,\n       0.11167195, 0.14139741])","logger":"shap","filename":"_kernel.py","lineno":730}
{"timestamp":"2025-12-03T16:05:32.298131Z","level":"info","event":"np.sum(w_aug) = 22.000000000000004","logger":"shap","filename":"_kernel.py","lineno":648}
{"timestamp":"2025-12-03T16:05:32.298180Z","level":"info","event":"np.sum(self.kernelWeights) = 1.0000000000000002","logger":"shap","filename":"_kernel.py","lineno":649}
{"timestamp":"2025-12-03T16:05:32.300298Z","level":"info","event":"phi = array([ 0.00482228,  0.        ,  0.01183565,  0.        ,  0.01125598,\n        0.        ,  0.        ,  0.        ,  0.        ,  0.00481874,\n        0.        ,  0.        , -0.01828176, -0.01196177,  0.        ,\n        0.        ,  0.0034346 ,  0.0027407 ,  0.        ,  0.        ,\n       -0.01903789, -0.1455701 ])","logger":"shap","filename":"_kernel.py","lineno":730}
{"timestamp":"2025-12-03T16:05:32.360489Z","level":"info","event":"num_full_subsets = 1","logger":"shap","filename":"_kernel.py","lineno":424}
{"timestamp":"2025-12-03T16:05:32.360647Z","level":"info","event":"remaining_weight_vector = array([0.20456372, 0.14355349, 0.11364651, 0.09626528, 0.08523488,\n       0.07792904, 0.07305847, 0.06993632, 0.06818791, 0.06762437])","logger":"shap","filename":"_kernel.py","lineno":435}
{"timestamp":"2025-12-03T16:05:32.360694Z","level":"info","event":"num_paired_subset_sizes = 10","logger":"shap","filename":"_kernel.py","lineno":436}
{"timestamp":"2025-12-03T16:05:32.375241Z","level":"info","event":"weight_left = 0.7126156484270496","logger":"shap","filename":"_kernel.py","lineno":475}
{"timestamp":"2025-12-03T16:05:37.425914Z","level":"error","event":"Server indicated the task shouldn't be running anymore. Terminating process","detail":{"detail":{"reason":"not_running","message":"TI is no longer in the running state and task should terminate","current_state":"failed"}},"logger":"task"}
{"timestamp":"2025-12-03T16:05:37.864529Z","level":"error","event":"Process terminated by signal. For more information, see https://airflow.apache.org/docs/apache-airflow/stable/troubleshooting.html#process-terminated-by-signal.","signal":-2,"signal_name":"SIGINT","logger":"task"}
{"timestamp":"2025-12-03T16:05:37.864721Z","level":"error","event":"Task killed!","logger":"task"}
{"timestamp":"2025-12-03T16:05:37.864777Z","level":"error","event":"\r  0%|          | 0/50 [00:00<?, ?it/s]\r  2%|▏         | 1/50 [00:37<30:14, 37.02s/it]\r  4%|▍         | 2/50 [01:15<30:05, 37.61s/it]\r  6%|▌         | 3/50 [01:53<29:36, 37.80s/it]\r  8%|▊         | 4/50 [02:30<28:52, 37.67s/it]\r 10%|█         | 5/50 [03:08<28:18, 37.75s/it]\r 12%|█▏        | 6/50 [03:45<27:28, 37.46s/it]\r 14%|█▍        | 7/50 [04:22<26:43, 37.29s/it]","logger":"task.stderr"}
