[2025-11-04T20:10:07.552+0000] {local_task_job_runner.py:123} INFO - ::group::Pre task execution logs
[2025-11-04T20:10:07.577+0000] {taskinstance.py:2613} INFO - Dependencies all met for dep_context=non-requeueable deps ti=<TaskInstance: monthly_hiring_pipeline.merge_data scheduled__2024-12-05T15:00:00+00:00 [queued]>
[2025-11-04T20:10:07.592+0000] {taskinstance.py:2613} INFO - Dependencies all met for dep_context=requeueable deps ti=<TaskInstance: monthly_hiring_pipeline.merge_data scheduled__2024-12-05T15:00:00+00:00 [queued]>
[2025-11-04T20:10:07.594+0000] {taskinstance.py:2866} INFO - Starting attempt 1 of 1
[2025-11-04T20:10:07.616+0000] {taskinstance.py:2889} INFO - Executing <Task(PythonOperator): merge_data> on 2024-12-05 15:00:00+00:00
[2025-11-04T20:10:07.633+0000] {standard_task_runner.py:72} INFO - Started process 5649 to run task
[2025-11-04T20:10:07.640+0000] {standard_task_runner.py:104} INFO - Running: ['airflow', 'tasks', 'run', 'monthly_hiring_pipeline', 'merge_data', 'scheduled__2024-12-05T15:00:00+00:00', '--job-id', '66', '--raw', '--subdir', 'DAGS_FOLDER/dag_dynamic.py', '--cfg-path', '/tmp/tmp0swj2znb']
[2025-11-04T20:10:07.644+0000] {standard_task_runner.py:105} INFO - Job 66: Subtask merge_data
[2025-11-04T20:10:07.705+0000] {task_command.py:467} INFO - Running <TaskInstance: monthly_hiring_pipeline.merge_data scheduled__2024-12-05T15:00:00+00:00 [running]> on host 94ae2b4d245a
[2025-11-04T20:10:07.801+0000] {taskinstance.py:3132} INFO - Exporting env vars: AIRFLOW_CTX_DAG_OWNER='airflow' AIRFLOW_CTX_DAG_ID='monthly_hiring_pipeline' AIRFLOW_CTX_TASK_ID='merge_data' AIRFLOW_CTX_EXECUTION_DATE='2024-12-05T15:00:00+00:00' AIRFLOW_CTX_TRY_NUMBER='1' AIRFLOW_CTX_DAG_RUN_ID='scheduled__2024-12-05T15:00:00+00:00'
[2025-11-04T20:10:07.803+0000] {taskinstance.py:731} INFO - ::endgroup::
[2025-11-04T20:10:07.830+0000] {logging_mixin.py:190} INFO - data_1.csv cargado
[2025-11-04T20:10:07.835+0000] {logging_mixin.py:190} INFO - data_2.csv cargado
[2025-11-04T20:10:07.852+0000] {logging_mixin.py:190} INFO - Archivo fusionado guardado: /opt/airflow/dags/2024-12-05/preprocessed/merged_data.csv
[2025-11-04T20:10:07.853+0000] {python.py:240} INFO - Done. Returned value was: /opt/airflow/dags/2024-12-05/preprocessed/merged_data.csv
[2025-11-04T20:10:07.873+0000] {taskinstance.py:340} INFO - ::group::Post task execution logs
[2025-11-04T20:10:07.874+0000] {taskinstance.py:352} INFO - Marking task as SUCCESS. dag_id=monthly_hiring_pipeline, task_id=merge_data, run_id=scheduled__2024-12-05T15:00:00+00:00, execution_date=20241205T150000, start_date=20251104T201007, end_date=20251104T201007
[2025-11-04T20:10:07.908+0000] {local_task_job_runner.py:266} INFO - Task exited with return code 0
[2025-11-04T20:10:07.938+0000] {taskinstance.py:3895} INFO - 1 downstream tasks scheduled from follow-on schedule check
[2025-11-04T20:10:07.944+0000] {local_task_job_runner.py:245} INFO - ::endgroup::
