[2025-11-04T20:08:11.589+0000] {local_task_job_runner.py:123} INFO - ::group::Pre task execution logs
[2025-11-04T20:08:11.603+0000] {taskinstance.py:2613} INFO - Dependencies all met for dep_context=non-requeueable deps ti=<TaskInstance: monthly_hiring_pipeline.branching scheduled__2024-10-05T15:00:00+00:00 [queued]>
[2025-11-04T20:08:11.611+0000] {taskinstance.py:2613} INFO - Dependencies all met for dep_context=requeueable deps ti=<TaskInstance: monthly_hiring_pipeline.branching scheduled__2024-10-05T15:00:00+00:00 [queued]>
[2025-11-04T20:08:11.612+0000] {taskinstance.py:2866} INFO - Starting attempt 1 of 1
[2025-11-04T20:08:11.629+0000] {taskinstance.py:2889} INFO - Executing <Task(BranchPythonOperator): branching> on 2024-10-05 15:00:00+00:00
[2025-11-04T20:08:11.638+0000] {standard_task_runner.py:72} INFO - Started process 5287 to run task
[2025-11-04T20:08:11.643+0000] {standard_task_runner.py:104} INFO - Running: ['airflow', 'tasks', 'run', 'monthly_hiring_pipeline', 'branching', 'scheduled__2024-10-05T15:00:00+00:00', '--job-id', '50', '--raw', '--subdir', 'DAGS_FOLDER/dag_dynamic.py', '--cfg-path', '/tmp/tmp63ve3u_c']
[2025-11-04T20:08:11.645+0000] {standard_task_runner.py:105} INFO - Job 50: Subtask branching
[2025-11-04T20:08:11.697+0000] {task_command.py:467} INFO - Running <TaskInstance: monthly_hiring_pipeline.branching scheduled__2024-10-05T15:00:00+00:00 [running]> on host 94ae2b4d245a
[2025-11-04T20:08:11.797+0000] {taskinstance.py:3132} INFO - Exporting env vars: AIRFLOW_CTX_DAG_OWNER='airflow' AIRFLOW_CTX_DAG_ID='monthly_hiring_pipeline' AIRFLOW_CTX_TASK_ID='branching' AIRFLOW_CTX_EXECUTION_DATE='2024-10-05T15:00:00+00:00' AIRFLOW_CTX_TRY_NUMBER='1' AIRFLOW_CTX_DAG_RUN_ID='scheduled__2024-10-05T15:00:00+00:00'
[2025-11-04T20:08:11.799+0000] {taskinstance.py:731} INFO - ::endgroup::
[2025-11-04T20:08:11.817+0000] {baseoperator.py:416} WARNING - BranchPythonOperator.execute cannot be called outside TaskInstance!
[2025-11-04T20:08:11.818+0000] {python.py:240} INFO - Done. Returned value was: download_data_1_only
[2025-11-04T20:08:11.819+0000] {branch.py:38} INFO - Branch into download_data_1_only
[2025-11-04T20:08:11.820+0000] {skipmixin.py:230} INFO - Following branch ('download_data_1_only',)
[2025-11-04T20:08:11.829+0000] {skipmixin.py:278} INFO - Skipping tasks [('download_both_data', -1)]
[2025-11-04T20:08:11.858+0000] {taskinstance.py:340} INFO - ::group::Post task execution logs
[2025-11-04T20:08:11.859+0000] {taskinstance.py:352} INFO - Marking task as SUCCESS. dag_id=monthly_hiring_pipeline, task_id=branching, run_id=scheduled__2024-10-05T15:00:00+00:00, execution_date=20241005T150000, start_date=20251104T200811, end_date=20251104T200811
[2025-11-04T20:08:11.908+0000] {local_task_job_runner.py:266} INFO - Task exited with return code 0
[2025-11-04T20:08:11.938+0000] {taskinstance.py:3895} INFO - 1 downstream tasks scheduled from follow-on schedule check
[2025-11-04T20:08:11.944+0000] {local_task_job_runner.py:245} INFO - ::endgroup::
