[2025-11-04T20:11:52.787+0000] {local_task_job_runner.py:123} INFO - ::group::Pre task execution logs
[2025-11-04T20:11:52.811+0000] {taskinstance.py:2613} INFO - Dependencies all met for dep_context=non-requeueable deps ti=<TaskInstance: monthly_hiring_pipeline.merge_data scheduled__2025-02-05T15:00:00+00:00 [queued]>
[2025-11-04T20:11:52.861+0000] {taskinstance.py:2613} INFO - Dependencies all met for dep_context=requeueable deps ti=<TaskInstance: monthly_hiring_pipeline.merge_data scheduled__2025-02-05T15:00:00+00:00 [queued]>
[2025-11-04T20:11:52.862+0000] {taskinstance.py:2866} INFO - Starting attempt 1 of 1
[2025-11-04T20:11:52.888+0000] {taskinstance.py:2889} INFO - Executing <Task(PythonOperator): merge_data> on 2025-02-05 15:00:00+00:00
[2025-11-04T20:11:52.900+0000] {standard_task_runner.py:72} INFO - Started process 6009 to run task
[2025-11-04T20:11:52.907+0000] {standard_task_runner.py:104} INFO - Running: ['airflow', 'tasks', 'run', 'monthly_hiring_pipeline', 'merge_data', 'scheduled__2025-02-05T15:00:00+00:00', '--job-id', '83', '--raw', '--subdir', 'DAGS_FOLDER/dag_dynamic.py', '--cfg-path', '/tmp/tmp8eu357ig']
[2025-11-04T20:11:52.912+0000] {standard_task_runner.py:105} INFO - Job 83: Subtask merge_data
[2025-11-04T20:11:52.974+0000] {task_command.py:467} INFO - Running <TaskInstance: monthly_hiring_pipeline.merge_data scheduled__2025-02-05T15:00:00+00:00 [running]> on host 94ae2b4d245a
[2025-11-04T20:11:53.073+0000] {taskinstance.py:3132} INFO - Exporting env vars: AIRFLOW_CTX_DAG_OWNER='airflow' AIRFLOW_CTX_DAG_ID='monthly_hiring_pipeline' AIRFLOW_CTX_TASK_ID='merge_data' AIRFLOW_CTX_EXECUTION_DATE='2025-02-05T15:00:00+00:00' AIRFLOW_CTX_TRY_NUMBER='1' AIRFLOW_CTX_DAG_RUN_ID='scheduled__2025-02-05T15:00:00+00:00'
[2025-11-04T20:11:53.075+0000] {taskinstance.py:731} INFO - ::endgroup::
[2025-11-04T20:11:53.097+0000] {logging_mixin.py:190} INFO - data_1.csv cargado
[2025-11-04T20:11:53.101+0000] {logging_mixin.py:190} INFO - data_2.csv cargado
[2025-11-04T20:11:53.119+0000] {logging_mixin.py:190} INFO - Archivo fusionado guardado: /opt/airflow/dags/2025-02-05/preprocessed/merged_data.csv
[2025-11-04T20:11:53.119+0000] {python.py:240} INFO - Done. Returned value was: /opt/airflow/dags/2025-02-05/preprocessed/merged_data.csv
[2025-11-04T20:11:53.138+0000] {taskinstance.py:340} INFO - ::group::Post task execution logs
[2025-11-04T20:11:53.139+0000] {taskinstance.py:352} INFO - Marking task as SUCCESS. dag_id=monthly_hiring_pipeline, task_id=merge_data, run_id=scheduled__2025-02-05T15:00:00+00:00, execution_date=20250205T150000, start_date=20251104T201152, end_date=20251104T201153
[2025-11-04T20:11:53.176+0000] {local_task_job_runner.py:266} INFO - Task exited with return code 0
[2025-11-04T20:11:53.205+0000] {taskinstance.py:3895} INFO - 1 downstream tasks scheduled from follow-on schedule check
[2025-11-04T20:11:53.211+0000] {local_task_job_runner.py:245} INFO - ::endgroup::
