[2025-11-04T20:17:49.931+0000] {local_task_job_runner.py:123} INFO - ::group::Pre task execution logs
[2025-11-04T20:17:49.946+0000] {taskinstance.py:2613} INFO - Dependencies all met for dep_context=non-requeueable deps ti=<TaskInstance: monthly_hiring_pipeline.evaluate_models scheduled__2025-06-05T15:00:00+00:00 [queued]>
[2025-11-04T20:17:49.958+0000] {taskinstance.py:2613} INFO - Dependencies all met for dep_context=requeueable deps ti=<TaskInstance: monthly_hiring_pipeline.evaluate_models scheduled__2025-06-05T15:00:00+00:00 [queued]>
[2025-11-04T20:17:49.960+0000] {taskinstance.py:2866} INFO - Starting attempt 1 of 1
[2025-11-04T20:17:49.980+0000] {taskinstance.py:2889} INFO - Executing <Task(PythonOperator): evaluate_models> on 2025-06-05 15:00:00+00:00
[2025-11-04T20:17:49.990+0000] {standard_task_runner.py:72} INFO - Started process 7193 to run task
[2025-11-04T20:17:49.996+0000] {standard_task_runner.py:104} INFO - Running: ['airflow', 'tasks', 'run', 'monthly_hiring_pipeline', 'evaluate_models', 'scheduled__2025-06-05T15:00:00+00:00', '--job-id', '139', '--raw', '--subdir', 'DAGS_FOLDER/dag_dynamic.py', '--cfg-path', '/tmp/tmpcv3qn76h']
[2025-11-04T20:17:50.000+0000] {standard_task_runner.py:105} INFO - Job 139: Subtask evaluate_models
[2025-11-04T20:17:50.060+0000] {task_command.py:467} INFO - Running <TaskInstance: monthly_hiring_pipeline.evaluate_models scheduled__2025-06-05T15:00:00+00:00 [running]> on host 94ae2b4d245a
[2025-11-04T20:17:50.195+0000] {taskinstance.py:3132} INFO - Exporting env vars: AIRFLOW_CTX_DAG_OWNER='airflow' AIRFLOW_CTX_DAG_ID='monthly_hiring_pipeline' AIRFLOW_CTX_TASK_ID='evaluate_models' AIRFLOW_CTX_EXECUTION_DATE='2025-06-05T15:00:00+00:00' AIRFLOW_CTX_TRY_NUMBER='1' AIRFLOW_CTX_DAG_RUN_ID='scheduled__2025-06-05T15:00:00+00:00'
[2025-11-04T20:17:50.198+0000] {taskinstance.py:731} INFO - ::endgroup::
[2025-11-04T20:17:50.446+0000] {logging_mixin.py:190} INFO - Accuracy random_forest_model.joblib: 0.9267
[2025-11-04T20:17:50.472+0000] {logging_mixin.py:190} INFO - Accuracy gradient_boosting_model.joblib: 0.9300
[2025-11-04T20:17:50.488+0000] {logging_mixin.py:190} INFO - Accuracy logistic_regression_model.joblib: 0.9033
[2025-11-04T20:17:50.505+0000] {logging_mixin.py:190} INFO - Mejor modelo: gradient_boosting_model.joblib
[2025-11-04T20:17:50.506+0000] {logging_mixin.py:190} INFO - Accuracy: 0.9300
[2025-11-04T20:17:50.507+0000] {python.py:240} INFO - Done. Returned value was: None
[2025-11-04T20:17:50.513+0000] {taskinstance.py:340} INFO - ::group::Post task execution logs
[2025-11-04T20:17:50.514+0000] {taskinstance.py:352} INFO - Marking task as SUCCESS. dag_id=monthly_hiring_pipeline, task_id=evaluate_models, run_id=scheduled__2025-06-05T15:00:00+00:00, execution_date=20250605T150000, start_date=20251104T201749, end_date=20251104T201750
[2025-11-04T20:17:50.555+0000] {local_task_job_runner.py:266} INFO - Task exited with return code 0
[2025-11-04T20:17:50.571+0000] {taskinstance.py:3895} INFO - 0 downstream tasks scheduled from follow-on schedule check
[2025-11-04T20:17:50.572+0000] {local_task_job_runner.py:245} INFO - ::endgroup::
