[2025-11-04T20:15:28.411+0000] {local_task_job_runner.py:123} INFO - ::group::Pre task execution logs
[2025-11-04T20:15:28.423+0000] {taskinstance.py:2613} INFO - Dependencies all met for dep_context=non-requeueable deps ti=<TaskInstance: monthly_hiring_pipeline.branching scheduled__2025-07-05T15:00:00+00:00 [queued]>
[2025-11-04T20:15:28.431+0000] {taskinstance.py:2613} INFO - Dependencies all met for dep_context=requeueable deps ti=<TaskInstance: monthly_hiring_pipeline.branching scheduled__2025-07-05T15:00:00+00:00 [queued]>
[2025-11-04T20:15:28.432+0000] {taskinstance.py:2866} INFO - Starting attempt 1 of 1
[2025-11-04T20:15:28.450+0000] {taskinstance.py:2889} INFO - Executing <Task(BranchPythonOperator): branching> on 2025-07-05 15:00:00+00:00
[2025-11-04T20:15:28.458+0000] {standard_task_runner.py:72} INFO - Started process 6687 to run task
[2025-11-04T20:15:28.464+0000] {standard_task_runner.py:104} INFO - Running: ['airflow', 'tasks', 'run', 'monthly_hiring_pipeline', 'branching', 'scheduled__2025-07-05T15:00:00+00:00', '--job-id', '115', '--raw', '--subdir', 'DAGS_FOLDER/dag_dynamic.py', '--cfg-path', '/tmp/tmp0fk7i4so']
[2025-11-04T20:15:28.467+0000] {standard_task_runner.py:105} INFO - Job 115: Subtask branching
[2025-11-04T20:15:28.515+0000] {task_command.py:467} INFO - Running <TaskInstance: monthly_hiring_pipeline.branching scheduled__2025-07-05T15:00:00+00:00 [running]> on host 94ae2b4d245a
[2025-11-04T20:15:28.614+0000] {taskinstance.py:3132} INFO - Exporting env vars: AIRFLOW_CTX_DAG_OWNER='airflow' AIRFLOW_CTX_DAG_ID='monthly_hiring_pipeline' AIRFLOW_CTX_TASK_ID='branching' AIRFLOW_CTX_EXECUTION_DATE='2025-07-05T15:00:00+00:00' AIRFLOW_CTX_TRY_NUMBER='1' AIRFLOW_CTX_DAG_RUN_ID='scheduled__2025-07-05T15:00:00+00:00'
[2025-11-04T20:15:28.616+0000] {taskinstance.py:731} INFO - ::endgroup::
[2025-11-04T20:15:28.632+0000] {baseoperator.py:416} WARNING - BranchPythonOperator.execute cannot be called outside TaskInstance!
[2025-11-04T20:15:28.633+0000] {python.py:240} INFO - Done. Returned value was: download_both_data
[2025-11-04T20:15:28.634+0000] {branch.py:38} INFO - Branch into download_both_data
[2025-11-04T20:15:28.635+0000] {skipmixin.py:230} INFO - Following branch ('download_both_data',)
[2025-11-04T20:15:28.641+0000] {skipmixin.py:278} INFO - Skipping tasks [('download_data_1_only', -1)]
[2025-11-04T20:15:28.667+0000] {taskinstance.py:340} INFO - ::group::Post task execution logs
[2025-11-04T20:15:28.668+0000] {taskinstance.py:352} INFO - Marking task as SUCCESS. dag_id=monthly_hiring_pipeline, task_id=branching, run_id=scheduled__2025-07-05T15:00:00+00:00, execution_date=20250705T150000, start_date=20251104T201528, end_date=20251104T201528
[2025-11-04T20:15:28.690+0000] {local_task_job_runner.py:266} INFO - Task exited with return code 0
[2025-11-04T20:15:28.720+0000] {taskinstance.py:3895} INFO - 1 downstream tasks scheduled from follow-on schedule check
[2025-11-04T20:15:28.725+0000] {local_task_job_runner.py:245} INFO - ::endgroup::
