[2025-11-04T18:20:25.419+0000] {local_task_job_runner.py:123} INFO - ::group::Pre task execution logs
[2025-11-04T18:20:25.442+0000] {taskinstance.py:2613} INFO - Dependencies all met for dep_context=non-requeueable deps ti=<TaskInstance: hiring_lineal.gradio_interface manual__2025-11-04T18:19:07.441934+00:00 [queued]>
[2025-11-04T18:20:25.459+0000] {taskinstance.py:2613} INFO - Dependencies all met for dep_context=requeueable deps ti=<TaskInstance: hiring_lineal.gradio_interface manual__2025-11-04T18:19:07.441934+00:00 [queued]>
[2025-11-04T18:20:25.461+0000] {taskinstance.py:2866} INFO - Starting attempt 1 of 1
[2025-11-04T18:20:25.489+0000] {taskinstance.py:2889} INFO - Executing <Task(PythonOperator): gradio_interface> on 2025-11-04 18:19:07.441934+00:00
[2025-11-04T18:20:25.505+0000] {standard_task_runner.py:72} INFO - Started process 977 to run task
[2025-11-04T18:20:25.514+0000] {standard_task_runner.py:104} INFO - Running: ['airflow', 'tasks', 'run', 'hiring_lineal', 'gradio_interface', 'manual__2025-11-04T18:19:07.441934+00:00', '--job-id', '22', '--raw', '--subdir', 'DAGS_FOLDER/dag_lineal.py', '--cfg-path', '/tmp/tmpd3o9qf6a']
[2025-11-04T18:20:25.520+0000] {standard_task_runner.py:105} INFO - Job 22: Subtask gradio_interface
[2025-11-04T18:20:25.595+0000] {task_command.py:467} INFO - Running <TaskInstance: hiring_lineal.gradio_interface manual__2025-11-04T18:19:07.441934+00:00 [running]> on host 94ae2b4d245a
[2025-11-04T18:20:25.825+0000] {taskinstance.py:3132} INFO - Exporting env vars: AIRFLOW_CTX_DAG_OWNER='airflow' AIRFLOW_CTX_DAG_ID='hiring_lineal' AIRFLOW_CTX_TASK_ID='gradio_interface' AIRFLOW_CTX_EXECUTION_DATE='2025-11-04T18:19:07.441934+00:00' AIRFLOW_CTX_TRY_NUMBER='1' AIRFLOW_CTX_DAG_RUN_ID='manual__2025-11-04T18:19:07.441934+00:00'
[2025-11-04T18:20:25.827+0000] {taskinstance.py:731} INFO - ::endgroup::
[2025-11-04T18:20:26.682+0000] {_client.py:1025} INFO - HTTP Request: HEAD https://huggingface.co/api/telemetry/https%3A/api.gradio.app/gradio-initiated-analytics "HTTP/1.1 200 OK"
[2025-11-04T18:20:28.586+0000] {_client.py:1025} INFO - HTTP Request: GET https://api.gradio.app/pkg-version "HTTP/1.1 200 OK"
[2025-11-04T18:20:28.913+0000] {logging_mixin.py:190} INFO - * Running on local URL:  http://127.0.0.1:7860
[2025-11-04T18:20:28.939+0000] {_client.py:1025} INFO - HTTP Request: GET http://127.0.0.1:7860/gradio_api/startup-events "HTTP/1.1 200 OK"
[2025-11-04T18:20:28.998+0000] {_client.py:1025} INFO - HTTP Request: HEAD http://127.0.0.1:7860/ "HTTP/1.1 200 OK"
[2025-11-04T18:20:29.818+0000] {_client.py:1025} INFO - HTTP Request: GET https://api.gradio.app/v3/tunnel-request "HTTP/1.1 200 OK"
[2025-11-04T18:20:30.031+0000] {_client.py:1025} INFO - HTTP Request: GET https://cdn-media.huggingface.co/frpc-gradio-0.3/frpc_linux_amd64 "HTTP/1.1 200 OK"
[2025-11-04T18:20:34.134+0000] {logging_mixin.py:190} INFO - * Running on public URL: https://2834e9a3ba0fb1d716.gradio.live
[2025-11-04T18:20:34.136+0000] {logging_mixin.py:190} INFO - 
This share link expires in 1 week. For free permanent hosting and GPU upgrades, run `gradio deploy` from the terminal in the working directory to deploy to Hugging Face Spaces (https://huggingface.co/spaces)
[2025-11-04T18:20:34.360+0000] {_client.py:1025} INFO - HTTP Request: HEAD https://huggingface.co/api/telemetry/https%3A/api.gradio.app/gradio-launched-telemetry "HTTP/1.1 200 OK"
[2025-11-04T18:26:59.057+0000] {logging_mixin.py:190} INFO - La prediccion es: [0]
