[2025-11-04T19:19:45.613+0000] {local_task_job_runner.py:123} INFO - ::group::Pre task execution logs
[2025-11-04T19:19:45.637+0000] {taskinstance.py:2613} INFO - Dependencies all met for dep_context=non-requeueable deps ti=<TaskInstance: hiring_lineal.gradio_interface manual__2025-11-04T18:19:07.441934+00:00 [queued]>
[2025-11-04T19:19:45.653+0000] {taskinstance.py:2613} INFO - Dependencies all met for dep_context=requeueable deps ti=<TaskInstance: hiring_lineal.gradio_interface manual__2025-11-04T18:19:07.441934+00:00 [queued]>
[2025-11-04T19:19:45.654+0000] {taskinstance.py:2866} INFO - Starting attempt 2 of 1
[2025-11-04T19:19:45.677+0000] {taskinstance.py:2889} INFO - Executing <Task(PythonOperator): gradio_interface> on 2025-11-04 18:19:07.441934+00:00
[2025-11-04T19:19:45.724+0000] {standard_task_runner.py:72} INFO - Started process 58 to run task
[2025-11-04T19:19:45.779+0000] {standard_task_runner.py:104} INFO - Running: ['airflow', 'tasks', 'run', 'hiring_lineal', 'gradio_interface', 'manual__2025-11-04T18:19:07.441934+00:00', '--job-id', '24', '--raw', '--subdir', 'DAGS_FOLDER/dag_lineal.py', '--cfg-path', '/tmp/tmprsvpgm90']
[2025-11-04T19:19:45.830+0000] {standard_task_runner.py:105} INFO - Job 24: Subtask gradio_interface
[2025-11-04T19:19:46.207+0000] {task_command.py:467} INFO - Running <TaskInstance: hiring_lineal.gradio_interface manual__2025-11-04T18:19:07.441934+00:00 [running]> on host 94ae2b4d245a
[2025-11-04T19:19:46.720+0000] {taskinstance.py:3132} INFO - Exporting env vars: AIRFLOW_CTX_DAG_OWNER='airflow' AIRFLOW_CTX_DAG_ID='hiring_lineal' AIRFLOW_CTX_TASK_ID='gradio_interface' AIRFLOW_CTX_EXECUTION_DATE='2025-11-04T18:19:07.441934+00:00' AIRFLOW_CTX_TRY_NUMBER='2' AIRFLOW_CTX_DAG_RUN_ID='manual__2025-11-04T18:19:07.441934+00:00'
[2025-11-04T19:19:46.783+0000] {taskinstance.py:731} INFO - ::endgroup::
[2025-11-04T19:19:47.631+0000] {_client.py:1025} INFO - HTTP Request: HEAD https://huggingface.co/api/telemetry/https%3A/api.gradio.app/gradio-initiated-analytics "HTTP/1.1 200 OK"
[2025-11-04T19:19:48.374+0000] {_client.py:1025} INFO - HTTP Request: GET https://api.gradio.app/pkg-version "HTTP/1.1 200 OK"
[2025-11-04T19:19:52.593+0000] {logging_mixin.py:190} INFO - * Running on local URL:  http://127.0.0.1:7860
[2025-11-04T19:19:52.712+0000] {_client.py:1025} INFO - HTTP Request: GET http://127.0.0.1:7860/gradio_api/startup-events "HTTP/1.1 200 OK"
[2025-11-04T19:19:52.826+0000] {_client.py:1025} INFO - HTTP Request: HEAD http://127.0.0.1:7860/ "HTTP/1.1 200 OK"
[2025-11-04T19:19:53.714+0000] {_client.py:1025} INFO - HTTP Request: GET https://api.gradio.app/v3/tunnel-request "HTTP/1.1 200 OK"
[2025-11-04T19:19:55.248+0000] {logging_mixin.py:190} INFO - * Running on public URL: https://c8890a63b25d0a959b.gradio.live
[2025-11-04T19:19:55.250+0000] {logging_mixin.py:190} INFO - 
This share link expires in 1 week. For free permanent hosting and GPU upgrades, run `gradio deploy` from the terminal in the working directory to deploy to Hugging Face Spaces (https://huggingface.co/spaces)
[2025-11-04T19:19:55.447+0000] {_client.py:1025} INFO - HTTP Request: HEAD https://huggingface.co/api/telemetry/https%3A/api.gradio.app/gradio-launched-telemetry "HTTP/1.1 200 OK"
[2025-11-04T19:20:47.132+0000] {local_task_job_runner.py:346} WARNING - State of this instance has been externally set to success. Terminating instance.
[2025-11-04T19:20:47.137+0000] {local_task_job_runner.py:245} INFO - ::endgroup::
[2025-11-04T19:20:47.141+0000] {process_utils.py:132} INFO - Sending 15 to group 58. PIDs of all processes in the group: [64, 58]
[2025-11-04T19:20:47.143+0000] {process_utils.py:87} INFO - Sending the signal 15 to group 58
[2025-11-04T19:20:47.146+0000] {taskinstance.py:3093} ERROR - Received SIGTERM. Terminating subprocesses.
[2025-11-04T19:20:47.186+0000] {taskinstance.py:340} INFO - ::group::Post task execution logs
[2025-11-04T19:20:47.204+0000] {process_utils.py:80} INFO - Process psutil.Process(pid=64, status='terminated', started='19:19:53') (64) terminated with exit code None
[2025-11-04T19:20:47.205+0000] {process_utils.py:80} INFO - Process psutil.Process(pid=58, status='terminated', exitcode=0) (58) terminated with exit code 0
