{"timestamp":"2025-12-03T15:11:04.495131Z","level":"info","event":"DAG bundles loaded: dags-folder, example_dags","logger":"airflow.dag_processing.bundles.manager.DagBundlesManager","filename":"manager.py","lineno":179}
{"timestamp":"2025-12-03T15:11:04.495398Z","level":"info","event":"Filling up the DagBag from /Users/jesu/Desktop/Magister/LabProgramacionCientifica/NanSquad/Proyecto/entrega3/airflow/dags/dag.py","logger":"airflow.models.dagbag.DagBag","filename":"dagbag.py","lineno":593}
{"timestamp":"2025-12-03T15:11:04.500674Z","level":"warning","event":"The `airflow.operators.python.PythonOperator` attribute is deprecated. Please use `'airflow.providers.standard.operators.python.PythonOperator'`.","category":"DeprecatedImportWarning","filename":"/Users/jesu/Desktop/Magister/LabProgramacionCientifica/NanSquad/Proyecto/entrega3/airflow/dags/dag.py","lineno":5,"logger":"py.warnings"}
{"timestamp":"2025-12-03T15:11:04.500728Z","level":"warning","event":"The `airflow.operators.python.BranchPythonOperator` attribute is deprecated. Please use `'airflow.providers.standard.operators.python.BranchPythonOperator'`.","category":"DeprecatedImportWarning","filename":"/Users/jesu/Desktop/Magister/LabProgramacionCientifica/NanSquad/Proyecto/entrega3/airflow/dags/dag.py","lineno":5,"logger":"py.warnings"}
{"timestamp":"2025-12-03T15:11:04.500764Z","level":"warning","event":"The `airflow.operators.empty.EmptyOperator` attribute is deprecated. Please use `'airflow.providers.standard.operators.empty.EmptyOperator'`.","category":"DeprecatedImportWarning","filename":"/Users/jesu/Desktop/Magister/LabProgramacionCientifica/NanSquad/Proyecto/entrega3/airflow/dags/dag.py","lineno":6,"logger":"py.warnings"}
{"timestamp":"2025-12-03T15:11:04.500795Z","level":"warning","event":"The `airflow.models.baseoperator.cross_downstream` attribute is deprecated. Please use `'airflow.sdk.bases.operator.cross_downstream'`.","category":"DeprecatedImportWarning","filename":"/Users/jesu/Desktop/Magister/LabProgramacionCientifica/NanSquad/Proyecto/entrega3/airflow/dags/dag.py","lineno":8,"logger":"py.warnings"}
{"timestamp":"2025-12-03T15:11:04.500829Z","level":"warning","event":"No system locale set. Falling back to 'en_US'. Set LANG/LC_ALL or pass locale_code to override.","category":"UserWarning","filename":"/Users/jesu/Desktop/Magister/LabProgramacionCientifica/NanSquad/Proyecto/entrega3/venv/lib/python3.10/site-packages/cron_descriptor/ExpressionDescriptor.py","lineno":69,"logger":"py.warnings"}
{"timestamp":"2025-12-03T15:11:04.507927Z","level":"info","event":"Task instance is in running state","logger":"task.stdout"}
{"timestamp":"2025-12-03T15:11:04.507970Z","level":"info","event":" Previous state of the Task instance: TaskInstanceState.QUEUED","logger":"task.stdout"}
{"timestamp":"2025-12-03T15:11:04.508150Z","level":"info","event":"Current task name:split_data","logger":"task.stdout"}
{"timestamp":"2025-12-03T15:11:04.508180Z","level":"info","event":"Dag name:product_purchase_prediction","logger":"task.stdout"}
{"timestamp":"2025-12-03T15:11:05.022000Z","level":"info","event":"Done. Returned value was: /Users/jesu/Desktop/Magister/LabProgramacionCientifica/NanSquad/Proyecto/entrega3/airflow/data/splits","logger":"airflow.task.operators.airflow.providers.standard.operators.python.PythonOperator","filename":"python.py","lineno":218}
{"timestamp":"2025-12-03T15:11:05.022173Z","level":"info","event":"Pushing xcom","ti":"RuntimeTaskInstance(id=UUID('019ae4c4-1a52-7ef6-8c3d-d19ed6d8fcb8'), task_id='split_data', dag_id='product_purchase_prediction', run_id='scheduled__2025-11-30T00:00:00+00:00', try_number=1, dag_version_id=UUID('019ae4bf-4b40-705e-8c04-320d92a4b308'), map_index=-1, hostname='mac-mini-de-maria.local', context_carrier={}, task=<Task(PythonOperator): split_data>, bundle_instance=LocalDagBundle(name=dags-folder), max_tries=1, start_date=datetime.datetime(2025, 12, 3, 15, 11, 3, 589036, tzinfo=datetime.timezone.utc), end_date=None, state=<TaskInstanceState.RUNNING: 'running'>, is_mapped=False, rendered_map_index=None)","logger":"task","filename":"task_runner.py","lineno":1360}
{"timestamp":"2025-12-03T15:11:05.031487Z","level":"info","event":"Task instance in success state","logger":"task.stdout"}
{"timestamp":"2025-12-03T15:11:05.031534Z","level":"info","event":" Previous state of the Task instance: TaskInstanceState.RUNNING","logger":"task.stdout"}
{"timestamp":"2025-12-03T15:11:05.031815Z","level":"info","event":"Task operator:<Task(PythonOperator): split_data>","logger":"task.stdout"}
{"timestamp":"2025-12-03T15:50:59.800683Z","level":"info","event":"DAG bundles loaded: dags-folder, example_dags","logger":"airflow.dag_processing.bundles.manager.DagBundlesManager","filename":"manager.py","lineno":179}
{"timestamp":"2025-12-03T15:50:59.800957Z","level":"info","event":"Filling up the DagBag from /Users/jesu/Desktop/Magister/LabProgramacionCientifica/NanSquad/Proyecto/entrega3/airflow/dags/dag.py","logger":"airflow.models.dagbag.DagBag","filename":"dagbag.py","lineno":593}
{"timestamp":"2025-12-03T15:50:59.806309Z","level":"warning","event":"The `airflow.operators.python.PythonOperator` attribute is deprecated. Please use `'airflow.providers.standard.operators.python.PythonOperator'`.","category":"DeprecatedImportWarning","filename":"/Users/jesu/Desktop/Magister/LabProgramacionCientifica/NanSquad/Proyecto/entrega3/airflow/dags/dag.py","lineno":5,"logger":"py.warnings"}
{"timestamp":"2025-12-03T15:50:59.806360Z","level":"warning","event":"The `airflow.operators.python.BranchPythonOperator` attribute is deprecated. Please use `'airflow.providers.standard.operators.python.BranchPythonOperator'`.","category":"DeprecatedImportWarning","filename":"/Users/jesu/Desktop/Magister/LabProgramacionCientifica/NanSquad/Proyecto/entrega3/airflow/dags/dag.py","lineno":5,"logger":"py.warnings"}
{"timestamp":"2025-12-03T15:50:59.806395Z","level":"warning","event":"The `airflow.operators.empty.EmptyOperator` attribute is deprecated. Please use `'airflow.providers.standard.operators.empty.EmptyOperator'`.","category":"DeprecatedImportWarning","filename":"/Users/jesu/Desktop/Magister/LabProgramacionCientifica/NanSquad/Proyecto/entrega3/airflow/dags/dag.py","lineno":6,"logger":"py.warnings"}
{"timestamp":"2025-12-03T15:50:59.806430Z","level":"warning","event":"The `airflow.models.baseoperator.cross_downstream` attribute is deprecated. Please use `'airflow.sdk.bases.operator.cross_downstream'`.","category":"DeprecatedImportWarning","filename":"/Users/jesu/Desktop/Magister/LabProgramacionCientifica/NanSquad/Proyecto/entrega3/airflow/dags/dag.py","lineno":8,"logger":"py.warnings"}
{"timestamp":"2025-12-03T15:50:59.806460Z","level":"warning","event":"No system locale set. Falling back to 'en_US'. Set LANG/LC_ALL or pass locale_code to override.","category":"UserWarning","filename":"/Users/jesu/Desktop/Magister/LabProgramacionCientifica/NanSquad/Proyecto/entrega3/venv/lib/python3.10/site-packages/cron_descriptor/ExpressionDescriptor.py","lineno":69,"logger":"py.warnings"}
{"timestamp":"2025-12-03T15:50:59.814158Z","level":"info","event":"Task instance is in running state","logger":"task.stdout"}
{"timestamp":"2025-12-03T15:50:59.814208Z","level":"info","event":" Previous state of the Task instance: TaskInstanceState.QUEUED","logger":"task.stdout"}
{"timestamp":"2025-12-03T15:50:59.814407Z","level":"info","event":"Current task name:split_data","logger":"task.stdout"}
{"timestamp":"2025-12-03T15:50:59.814439Z","level":"info","event":"Dag name:product_purchase_prediction","logger":"task.stdout"}
{"timestamp":"2025-12-03T15:51:00.314606Z","level":"info","event":"Done. Returned value was: /Users/jesu/Desktop/Magister/LabProgramacionCientifica/NanSquad/Proyecto/entrega3/airflow/data/splits","logger":"airflow.task.operators.airflow.providers.standard.operators.python.PythonOperator","filename":"python.py","lineno":218}
{"timestamp":"2025-12-03T15:51:00.314755Z","level":"info","event":"Pushing xcom","ti":"RuntimeTaskInstance(id=UUID('019ae4e8-5733-7a4e-982a-d113223681f4'), task_id='split_data', dag_id='product_purchase_prediction', run_id='scheduled__2025-11-30T00:00:00+00:00', try_number=1, dag_version_id=UUID('019ae4e5-16ac-7c31-af70-38c071eaffc9'), map_index=-1, hostname='mac-mini-de-maria.local', context_carrier={}, task=<Task(PythonOperator): split_data>, bundle_instance=LocalDagBundle(name=dags-folder), max_tries=1, start_date=datetime.datetime(2025, 12, 3, 15, 50, 58, 832936, tzinfo=datetime.timezone.utc), end_date=None, state=<TaskInstanceState.RUNNING: 'running'>, is_mapped=False, rendered_map_index=None)","logger":"task","filename":"task_runner.py","lineno":1360}
{"timestamp":"2025-12-03T15:51:00.324241Z","level":"info","event":"Task instance in success state","logger":"task.stdout"}
{"timestamp":"2025-12-03T15:51:00.324285Z","level":"info","event":" Previous state of the Task instance: TaskInstanceState.RUNNING","logger":"task.stdout"}
{"timestamp":"2025-12-03T15:51:00.324567Z","level":"info","event":"Task operator:<Task(PythonOperator): split_data>","logger":"task.stdout"}
