[2025-11-04T20:11:27.682+0000] {local_task_job_runner.py:123} INFO - ::group::Pre task execution logs
[2025-11-04T20:11:27.697+0000] {taskinstance.py:2613} INFO - Dependencies all met for dep_context=non-requeueable deps ti=<TaskInstance: monthly_hiring_pipeline.evaluate_models scheduled__2024-10-05T15:00:00+00:00 [queued]>
[2025-11-04T20:11:27.707+0000] {taskinstance.py:2613} INFO - Dependencies all met for dep_context=requeueable deps ti=<TaskInstance: monthly_hiring_pipeline.evaluate_models scheduled__2024-10-05T15:00:00+00:00 [queued]>
[2025-11-04T20:11:27.708+0000] {taskinstance.py:2866} INFO - Starting attempt 1 of 1
[2025-11-04T20:11:27.729+0000] {taskinstance.py:2889} INFO - Executing <Task(PythonOperator): evaluate_models> on 2024-10-05 15:00:00+00:00
[2025-11-04T20:11:27.738+0000] {standard_task_runner.py:72} INFO - Started process 5917 to run task
[2025-11-04T20:11:27.745+0000] {standard_task_runner.py:104} INFO - Running: ['airflow', 'tasks', 'run', 'monthly_hiring_pipeline', 'evaluate_models', 'scheduled__2024-10-05T15:00:00+00:00', '--job-id', '79', '--raw', '--subdir', 'DAGS_FOLDER/dag_dynamic.py', '--cfg-path', '/tmp/tmpayunh418']
[2025-11-04T20:11:27.748+0000] {standard_task_runner.py:105} INFO - Job 79: Subtask evaluate_models
[2025-11-04T20:11:27.818+0000] {task_command.py:467} INFO - Running <TaskInstance: monthly_hiring_pipeline.evaluate_models scheduled__2024-10-05T15:00:00+00:00 [running]> on host 94ae2b4d245a
[2025-11-04T20:11:27.924+0000] {taskinstance.py:3132} INFO - Exporting env vars: AIRFLOW_CTX_DAG_OWNER='airflow' AIRFLOW_CTX_DAG_ID='monthly_hiring_pipeline' AIRFLOW_CTX_TASK_ID='evaluate_models' AIRFLOW_CTX_EXECUTION_DATE='2024-10-05T15:00:00+00:00' AIRFLOW_CTX_TRY_NUMBER='1' AIRFLOW_CTX_DAG_RUN_ID='scheduled__2024-10-05T15:00:00+00:00'
[2025-11-04T20:11:27.926+0000] {taskinstance.py:731} INFO - ::endgroup::
[2025-11-04T20:11:28.036+0000] {logging_mixin.py:190} INFO - Accuracy random_forest_model.joblib: 0.9000
[2025-11-04T20:11:28.062+0000] {logging_mixin.py:190} INFO - Accuracy gradient_boosting_model.joblib: 0.8867
[2025-11-04T20:11:28.078+0000] {logging_mixin.py:190} INFO - Accuracy logistic_regression_model.joblib: 0.9067
[2025-11-04T20:11:28.088+0000] {logging_mixin.py:190} INFO - Mejor modelo: logistic_regression_model.joblib
[2025-11-04T20:11:28.089+0000] {logging_mixin.py:190} INFO - Accuracy: 0.9067
[2025-11-04T20:11:28.090+0000] {python.py:240} INFO - Done. Returned value was: None
[2025-11-04T20:11:28.097+0000] {taskinstance.py:340} INFO - ::group::Post task execution logs
[2025-11-04T20:11:28.098+0000] {taskinstance.py:352} INFO - Marking task as SUCCESS. dag_id=monthly_hiring_pipeline, task_id=evaluate_models, run_id=scheduled__2024-10-05T15:00:00+00:00, execution_date=20241005T150000, start_date=20251104T201127, end_date=20251104T201128
[2025-11-04T20:11:28.139+0000] {local_task_job_runner.py:266} INFO - Task exited with return code 0
[2025-11-04T20:11:28.158+0000] {taskinstance.py:3895} INFO - 0 downstream tasks scheduled from follow-on schedule check
[2025-11-04T20:11:28.159+0000] {local_task_job_runner.py:245} INFO - ::endgroup::
