{"timestamp":"2025-12-03T15:51:07.462515Z","level":"info","event":"DAG bundles loaded: dags-folder, example_dags","logger":"airflow.dag_processing.bundles.manager.DagBundlesManager","filename":"manager.py","lineno":179}
{"timestamp":"2025-12-03T15:51:07.462763Z","level":"info","event":"Filling up the DagBag from /Users/jesu/Desktop/Magister/LabProgramacionCientifica/NanSquad/Proyecto/entrega3/airflow/dags/dag.py","logger":"airflow.models.dagbag.DagBag","filename":"dagbag.py","lineno":593}
{"timestamp":"2025-12-03T15:51:07.469416Z","level":"warning","event":"The `airflow.operators.python.PythonOperator` attribute is deprecated. Please use `'airflow.providers.standard.operators.python.PythonOperator'`.","category":"DeprecatedImportWarning","filename":"/Users/jesu/Desktop/Magister/LabProgramacionCientifica/NanSquad/Proyecto/entrega3/airflow/dags/dag.py","lineno":5,"logger":"py.warnings"}
{"timestamp":"2025-12-03T15:51:07.469482Z","level":"warning","event":"The `airflow.operators.python.BranchPythonOperator` attribute is deprecated. Please use `'airflow.providers.standard.operators.python.BranchPythonOperator'`.","category":"DeprecatedImportWarning","filename":"/Users/jesu/Desktop/Magister/LabProgramacionCientifica/NanSquad/Proyecto/entrega3/airflow/dags/dag.py","lineno":5,"logger":"py.warnings"}
{"timestamp":"2025-12-03T15:51:07.469522Z","level":"warning","event":"The `airflow.operators.empty.EmptyOperator` attribute is deprecated. Please use `'airflow.providers.standard.operators.empty.EmptyOperator'`.","category":"DeprecatedImportWarning","filename":"/Users/jesu/Desktop/Magister/LabProgramacionCientifica/NanSquad/Proyecto/entrega3/airflow/dags/dag.py","lineno":6,"logger":"py.warnings"}
{"timestamp":"2025-12-03T15:51:07.469555Z","level":"warning","event":"The `airflow.models.baseoperator.cross_downstream` attribute is deprecated. Please use `'airflow.sdk.bases.operator.cross_downstream'`.","category":"DeprecatedImportWarning","filename":"/Users/jesu/Desktop/Magister/LabProgramacionCientifica/NanSquad/Proyecto/entrega3/airflow/dags/dag.py","lineno":8,"logger":"py.warnings"}
{"timestamp":"2025-12-03T15:51:07.469588Z","level":"warning","event":"No system locale set. Falling back to 'en_US'. Set LANG/LC_ALL or pass locale_code to override.","category":"UserWarning","filename":"/Users/jesu/Desktop/Magister/LabProgramacionCientifica/NanSquad/Proyecto/entrega3/venv/lib/python3.10/site-packages/cron_descriptor/ExpressionDescriptor.py","lineno":69,"logger":"py.warnings"}
{"timestamp":"2025-12-03T15:51:07.481587Z","level":"info","event":"Task instance is in running state","logger":"task.stdout"}
{"timestamp":"2025-12-03T15:51:07.481664Z","level":"info","event":" Previous state of the Task instance: TaskInstanceState.QUEUED","logger":"task.stdout"}
{"timestamp":"2025-12-03T15:51:07.481907Z","level":"info","event":"Current task name:load_best_params","logger":"task.stdout"}
{"timestamp":"2025-12-03T15:51:07.481940Z","level":"info","event":"Dag name:product_purchase_prediction","logger":"task.stdout"}
{"timestamp":"2025-12-03T15:51:07.482698Z","level":"info","event":"Hiperparámetros cargados desde /Users/jesu/Desktop/Magister/LabProgramacionCientifica/NanSquad/Proyecto/entrega3/airflow/models/best_hyperparameters.json","logger":"task.stdout"}
{"timestamp":"2025-12-03T15:51:07.482738Z","level":"info","event":"  - Optimizados el: 2024-12-31","logger":"task.stdout"}
{"timestamp":"2025-12-03T15:51:07.482762Z","level":"info","event":"  - Mejor F1-score: N/A","logger":"task.stdout"}
{"timestamp":"2025-12-03T15:51:07.482792Z","level":"info","event":"  - Parámetros: {'n_neighbors': 50, 'weights': 'distance', 'p': 1, 'leaf_size': 39, 'algorithm': 'brute'}","logger":"task.stdout"}
{"timestamp":"2025-12-03T15:51:07.482740Z","level":"info","event":"Done. Returned value was: {'n_neighbors': 50, 'weights': 'distance', 'p': 1, 'leaf_size': 39, 'algorithm': 'brute'}","logger":"airflow.task.operators.airflow.providers.standard.operators.python.PythonOperator","filename":"python.py","lineno":218}
{"timestamp":"2025-12-03T15:51:07.482845Z","level":"info","event":"Pushing xcom","ti":"RuntimeTaskInstance(id=UUID('019ae4e8-5736-7cee-8cde-edbac1659ad6'), task_id='load_best_params', dag_id='product_purchase_prediction', run_id='scheduled__2025-11-30T00:00:00+00:00', try_number=1, dag_version_id=UUID('019ae4e5-16ac-7c31-af70-38c071eaffc9'), map_index=-1, hostname='mac-mini-de-maria.local', context_carrier={}, task=<Task(PythonOperator): load_best_params>, bundle_instance=LocalDagBundle(name=dags-folder), max_tries=1, start_date=datetime.datetime(2025, 12, 3, 15, 51, 6, 503532, tzinfo=datetime.timezone.utc), end_date=None, state=<TaskInstanceState.RUNNING: 'running'>, is_mapped=False, rendered_map_index=None)","logger":"task","filename":"task_runner.py","lineno":1360}
{"timestamp":"2025-12-03T15:51:07.491939Z","level":"info","event":"Task instance in success state","logger":"task.stdout"}
{"timestamp":"2025-12-03T15:51:07.492002Z","level":"info","event":" Previous state of the Task instance: TaskInstanceState.RUNNING","logger":"task.stdout"}
{"timestamp":"2025-12-03T15:51:07.492263Z","level":"info","event":"Task operator:<Task(PythonOperator): load_best_params>","logger":"task.stdout"}
