[2025-11-04T19:19:12.437+0000] {processor.py:186} INFO - Started process (PID=21) to work on /opt/airflow/dags/dag_dynamic.py
[2025-11-04T19:19:12.448+0000] {processor.py:914} INFO - Processing file /opt/airflow/dags/dag_dynamic.py for tasks to queue
[2025-11-04T19:19:12.474+0000] {logging_mixin.py:190} INFO - [2025-11-04T19:19:12.471+0000] {dagbag.py:588} INFO - Filling up the DagBag from /opt/airflow/dags/dag_dynamic.py
[2025-11-04T19:19:23.035+0000] {processor.py:925} INFO - DAG(s) 'monthly_hiring_pipeline' retrieved from /opt/airflow/dags/dag_dynamic.py
[2025-11-04T19:19:23.603+0000] {logging_mixin.py:190} INFO - [2025-11-04T19:19:23.600+0000] {override.py:1930} INFO - Created Permission View: can edit on DAG:monthly_hiring_pipeline
[2025-11-04T19:19:23.644+0000] {logging_mixin.py:190} INFO - [2025-11-04T19:19:23.643+0000] {override.py:1930} INFO - Created Permission View: can delete on DAG:monthly_hiring_pipeline
[2025-11-04T19:19:23.678+0000] {logging_mixin.py:190} INFO - [2025-11-04T19:19:23.677+0000] {override.py:1930} INFO - Created Permission View: can read on DAG:monthly_hiring_pipeline
[2025-11-04T19:19:23.749+0000] {logging_mixin.py:190} INFO - [2025-11-04T19:19:23.748+0000] {override.py:1930} INFO - Created Permission View: menu access on DAG Run:monthly_hiring_pipeline
[2025-11-04T19:19:23.801+0000] {logging_mixin.py:190} INFO - [2025-11-04T19:19:23.800+0000] {override.py:1930} INFO - Created Permission View: can delete on DAG Run:monthly_hiring_pipeline
[2025-11-04T19:19:23.832+0000] {logging_mixin.py:190} INFO - [2025-11-04T19:19:23.832+0000] {override.py:1930} INFO - Created Permission View: can create on DAG Run:monthly_hiring_pipeline
[2025-11-04T19:19:23.865+0000] {logging_mixin.py:190} INFO - [2025-11-04T19:19:23.864+0000] {override.py:1930} INFO - Created Permission View: can read on DAG Run:monthly_hiring_pipeline
[2025-11-04T19:19:23.867+0000] {logging_mixin.py:190} INFO - [2025-11-04T19:19:23.866+0000] {dag.py:3239} INFO - Sync 1 DAGs
[2025-11-04T19:19:24.140+0000] {logging_mixin.py:190} INFO - [2025-11-04T19:19:24.134+0000] {dag.py:3262} INFO - Creating ORM DAG for monthly_hiring_pipeline
[2025-11-04T19:19:24.386+0000] {logging_mixin.py:190} INFO - [2025-11-04T19:19:24.384+0000] {dag.py:4180} INFO - Setting next_dagrun for monthly_hiring_pipeline to 2024-10-05 15:00:00+00:00, run_after=2024-11-05 15:00:00+00:00
[2025-11-04T19:19:24.527+0000] {processor.py:208} INFO - Processing /opt/airflow/dags/dag_dynamic.py took 12.183 seconds
[2025-11-04T19:20:50.534+0000] {processor.py:186} INFO - Started process (PID=72) to work on /opt/airflow/dags/dag_dynamic.py
[2025-11-04T19:20:50.539+0000] {processor.py:914} INFO - Processing file /opt/airflow/dags/dag_dynamic.py for tasks to queue
[2025-11-04T19:20:50.545+0000] {logging_mixin.py:190} INFO - [2025-11-04T19:20:50.544+0000] {dagbag.py:588} INFO - Filling up the DagBag from /opt/airflow/dags/dag_dynamic.py
[2025-11-04T19:20:52.900+0000] {processor.py:925} INFO - DAG(s) 'monthly_hiring_pipeline' retrieved from /opt/airflow/dags/dag_dynamic.py
[2025-11-04T19:20:52.939+0000] {logging_mixin.py:190} INFO - [2025-11-04T19:20:52.938+0000] {dag.py:3239} INFO - Sync 1 DAGs
[2025-11-04T19:20:52.967+0000] {logging_mixin.py:190} INFO - [2025-11-04T19:20:52.967+0000] {dag.py:4180} INFO - Setting next_dagrun for monthly_hiring_pipeline to 2024-10-05 15:00:00+00:00, run_after=2024-11-05 15:00:00+00:00
[2025-11-04T19:20:53.000+0000] {processor.py:208} INFO - Processing /opt/airflow/dags/dag_dynamic.py took 2.513 seconds
[2025-11-04T19:21:45.127+0000] {processor.py:186} INFO - Started process (PID=192) to work on /opt/airflow/dags/dag_dynamic.py
[2025-11-04T19:21:45.129+0000] {processor.py:914} INFO - Processing file /opt/airflow/dags/dag_dynamic.py for tasks to queue
[2025-11-04T19:21:45.131+0000] {logging_mixin.py:190} INFO - [2025-11-04T19:21:45.131+0000] {dagbag.py:588} INFO - Filling up the DagBag from /opt/airflow/dags/dag_dynamic.py
[2025-11-04T19:21:47.426+0000] {processor.py:925} INFO - DAG(s) 'monthly_hiring_pipeline' retrieved from /opt/airflow/dags/dag_dynamic.py
[2025-11-04T19:21:47.485+0000] {logging_mixin.py:190} INFO - [2025-11-04T19:21:47.484+0000] {dag.py:3239} INFO - Sync 1 DAGs
[2025-11-04T19:21:47.515+0000] {logging_mixin.py:190} INFO - [2025-11-04T19:21:47.514+0000] {dag.py:4180} INFO - Setting next_dagrun for monthly_hiring_pipeline to 2025-01-05 15:00:00+00:00, run_after=2025-02-05 15:00:00+00:00
[2025-11-04T19:21:47.544+0000] {processor.py:208} INFO - Processing /opt/airflow/dags/dag_dynamic.py took 2.425 seconds
[2025-11-04T19:22:27.177+0000] {processor.py:186} INFO - Started process (PID=294) to work on /opt/airflow/dags/dag_dynamic.py
[2025-11-04T19:22:27.182+0000] {processor.py:914} INFO - Processing file /opt/airflow/dags/dag_dynamic.py for tasks to queue
[2025-11-04T19:22:27.189+0000] {logging_mixin.py:190} INFO - [2025-11-04T19:22:27.187+0000] {dagbag.py:588} INFO - Filling up the DagBag from /opt/airflow/dags/dag_dynamic.py
[2025-11-04T19:22:35.898+0000] {processor.py:925} INFO - DAG(s) 'monthly_hiring_pipeline' retrieved from /opt/airflow/dags/dag_dynamic.py
[2025-11-04T19:22:35.959+0000] {logging_mixin.py:190} INFO - [2025-11-04T19:22:35.959+0000] {dag.py:3239} INFO - Sync 1 DAGs
[2025-11-04T19:22:36.025+0000] {logging_mixin.py:190} INFO - [2025-11-04T19:22:36.022+0000] {dag.py:4180} INFO - Setting next_dagrun for monthly_hiring_pipeline to 2025-03-05 15:00:00+00:00, run_after=2025-04-05 15:00:00+00:00
[2025-11-04T19:22:36.091+0000] {processor.py:208} INFO - Processing /opt/airflow/dags/dag_dynamic.py took 8.954 seconds
[2025-11-04T19:23:43.973+0000] {processor.py:186} INFO - Started process (PID=392) to work on /opt/airflow/dags/dag_dynamic.py
[2025-11-04T19:23:43.976+0000] {processor.py:914} INFO - Processing file /opt/airflow/dags/dag_dynamic.py for tasks to queue
[2025-11-04T19:23:43.981+0000] {logging_mixin.py:190} INFO - [2025-11-04T19:23:43.980+0000] {dagbag.py:588} INFO - Filling up the DagBag from /opt/airflow/dags/dag_dynamic.py
[2025-11-04T19:23:45.952+0000] {logging_mixin.py:190} INFO - [2025-11-04T19:23:45.949+0000] {dagbag.py:387} ERROR - Failed to import: /opt/airflow/dags/dag_dynamic.py
Traceback (most recent call last):
  File "/usr/local/lib/python3.10/site-packages/airflow/models/dagbag.py", line 383, in parse
    loader.exec_module(new_module)
  File "<frozen importlib._bootstrap_external>", line 883, in exec_module
  File "<frozen importlib._bootstrap>", line 241, in _call_with_frames_removed
  File "/opt/airflow/dags/dag_dynamic.py", line 34, in <module>
    start_date=datetime(2024, 10, 1, tz='UTC'),
TypeError: 'tz' is an invalid keyword argument for this function
[2025-11-04T19:23:45.952+0000] {processor.py:927} WARNING - No viable dags retrieved from /opt/airflow/dags/dag_dynamic.py
[2025-11-04T19:23:45.971+0000] {processor.py:208} INFO - Processing /opt/airflow/dags/dag_dynamic.py took 2.014 seconds
[2025-11-04T19:24:13.694+0000] {processor.py:186} INFO - Started process (PID=454) to work on /opt/airflow/dags/dag_dynamic.py
[2025-11-04T19:24:13.699+0000] {processor.py:914} INFO - Processing file /opt/airflow/dags/dag_dynamic.py for tasks to queue
[2025-11-04T19:24:13.705+0000] {logging_mixin.py:190} INFO - [2025-11-04T19:24:13.704+0000] {dagbag.py:588} INFO - Filling up the DagBag from /opt/airflow/dags/dag_dynamic.py
[2025-11-04T19:24:19.693+0000] {logging_mixin.py:190} INFO - [2025-11-04T19:24:19.688+0000] {dagbag.py:387} ERROR - Failed to import: /opt/airflow/dags/dag_dynamic.py
Traceback (most recent call last):
  File "/usr/local/lib/python3.10/site-packages/airflow/models/dagbag.py", line 383, in parse
    loader.exec_module(new_module)
  File "<frozen importlib._bootstrap_external>", line 883, in exec_module
  File "<frozen importlib._bootstrap>", line 241, in _call_with_frames_removed
  File "/opt/airflow/dags/dag_dynamic.py", line 34, in <module>
    start_date=datetime(2024, 10, 1, tz='UTC'),
TypeError: 'tz' is an invalid keyword argument for this function
[2025-11-04T19:24:19.695+0000] {processor.py:927} WARNING - No viable dags retrieved from /opt/airflow/dags/dag_dynamic.py
[2025-11-04T19:24:19.732+0000] {processor.py:208} INFO - Processing /opt/airflow/dags/dag_dynamic.py took 6.078 seconds
[2025-11-04T19:24:50.174+0000] {processor.py:186} INFO - Started process (PID=484) to work on /opt/airflow/dags/dag_dynamic.py
[2025-11-04T19:24:50.176+0000] {processor.py:914} INFO - Processing file /opt/airflow/dags/dag_dynamic.py for tasks to queue
[2025-11-04T19:24:50.179+0000] {logging_mixin.py:190} INFO - [2025-11-04T19:24:50.178+0000] {dagbag.py:588} INFO - Filling up the DagBag from /opt/airflow/dags/dag_dynamic.py
[2025-11-04T19:24:52.656+0000] {logging_mixin.py:190} INFO - [2025-11-04T19:24:52.652+0000] {dagbag.py:387} ERROR - Failed to import: /opt/airflow/dags/dag_dynamic.py
Traceback (most recent call last):
  File "/usr/local/lib/python3.10/site-packages/airflow/models/dagbag.py", line 383, in parse
    loader.exec_module(new_module)
  File "<frozen importlib._bootstrap_external>", line 883, in exec_module
  File "<frozen importlib._bootstrap>", line 241, in _call_with_frames_removed
  File "/opt/airflow/dags/dag_dynamic.py", line 34, in <module>
    start_date=datetime(2024, 10, 1, tz='UTC'),
TypeError: 'tz' is an invalid keyword argument for this function
[2025-11-04T19:24:52.657+0000] {processor.py:927} WARNING - No viable dags retrieved from /opt/airflow/dags/dag_dynamic.py
[2025-11-04T19:24:52.682+0000] {processor.py:208} INFO - Processing /opt/airflow/dags/dag_dynamic.py took 2.520 seconds
[2025-11-04T19:26:02.269+0000] {processor.py:186} INFO - Started process (PID=21) to work on /opt/airflow/dags/dag_dynamic.py
[2025-11-04T19:26:02.274+0000] {processor.py:914} INFO - Processing file /opt/airflow/dags/dag_dynamic.py for tasks to queue
[2025-11-04T19:26:02.282+0000] {logging_mixin.py:190} INFO - [2025-11-04T19:26:02.281+0000] {dagbag.py:588} INFO - Filling up the DagBag from /opt/airflow/dags/dag_dynamic.py
[2025-11-04T19:26:05.933+0000] {logging_mixin.py:190} INFO - [2025-11-04T19:26:05.930+0000] {dagbag.py:387} ERROR - Failed to import: /opt/airflow/dags/dag_dynamic.py
Traceback (most recent call last):
  File "/usr/local/lib/python3.10/site-packages/airflow/models/dagbag.py", line 383, in parse
    loader.exec_module(new_module)
  File "<frozen importlib._bootstrap_external>", line 883, in exec_module
  File "<frozen importlib._bootstrap>", line 241, in _call_with_frames_removed
  File "/opt/airflow/dags/dag_dynamic.py", line 34, in <module>
    start_date=datetime(2024, 10, 1, tz='UTC'),
TypeError: 'tz' is an invalid keyword argument for this function
[2025-11-04T19:26:05.934+0000] {processor.py:927} WARNING - No viable dags retrieved from /opt/airflow/dags/dag_dynamic.py
[2025-11-04T19:26:05.963+0000] {processor.py:208} INFO - Processing /opt/airflow/dags/dag_dynamic.py took 3.719 seconds
[2025-11-04T19:26:36.151+0000] {processor.py:186} INFO - Started process (PID=57) to work on /opt/airflow/dags/dag_dynamic.py
[2025-11-04T19:26:36.156+0000] {processor.py:914} INFO - Processing file /opt/airflow/dags/dag_dynamic.py for tasks to queue
[2025-11-04T19:26:36.178+0000] {logging_mixin.py:190} INFO - [2025-11-04T19:26:36.174+0000] {dagbag.py:588} INFO - Filling up the DagBag from /opt/airflow/dags/dag_dynamic.py
[2025-11-04T19:26:39.377+0000] {logging_mixin.py:190} INFO - [2025-11-04T19:26:39.373+0000] {dagbag.py:387} ERROR - Failed to import: /opt/airflow/dags/dag_dynamic.py
Traceback (most recent call last):
  File "/usr/local/lib/python3.10/site-packages/airflow/models/dagbag.py", line 383, in parse
    loader.exec_module(new_module)
  File "<frozen importlib._bootstrap_external>", line 883, in exec_module
  File "<frozen importlib._bootstrap>", line 241, in _call_with_frames_removed
  File "/opt/airflow/dags/dag_dynamic.py", line 34, in <module>
    start_date=datetime(2024, 10, 1, tz='UTC'),
TypeError: 'tz' is an invalid keyword argument for this function
[2025-11-04T19:26:39.378+0000] {processor.py:927} WARNING - No viable dags retrieved from /opt/airflow/dags/dag_dynamic.py
[2025-11-04T19:26:39.414+0000] {processor.py:208} INFO - Processing /opt/airflow/dags/dag_dynamic.py took 3.280 seconds
[2025-11-04T19:27:10.409+0000] {processor.py:186} INFO - Started process (PID=87) to work on /opt/airflow/dags/dag_dynamic.py
[2025-11-04T19:27:10.412+0000] {processor.py:914} INFO - Processing file /opt/airflow/dags/dag_dynamic.py for tasks to queue
[2025-11-04T19:27:10.418+0000] {logging_mixin.py:190} INFO - [2025-11-04T19:27:10.417+0000] {dagbag.py:588} INFO - Filling up the DagBag from /opt/airflow/dags/dag_dynamic.py
[2025-11-04T19:27:12.170+0000] {logging_mixin.py:190} INFO - [2025-11-04T19:27:12.168+0000] {dagbag.py:387} ERROR - Failed to import: /opt/airflow/dags/dag_dynamic.py
Traceback (most recent call last):
  File "/usr/local/lib/python3.10/site-packages/airflow/models/dagbag.py", line 383, in parse
    loader.exec_module(new_module)
  File "<frozen importlib._bootstrap_external>", line 883, in exec_module
  File "<frozen importlib._bootstrap>", line 241, in _call_with_frames_removed
  File "/opt/airflow/dags/dag_dynamic.py", line 34, in <module>
    start_date=datetime(2024, 10, 1, tz='UTC'),
TypeError: 'tz' is an invalid keyword argument for this function
[2025-11-04T19:27:12.172+0000] {processor.py:927} WARNING - No viable dags retrieved from /opt/airflow/dags/dag_dynamic.py
[2025-11-04T19:27:12.190+0000] {processor.py:208} INFO - Processing /opt/airflow/dags/dag_dynamic.py took 1.793 seconds
[2025-11-04T19:27:35.883+0000] {processor.py:186} INFO - Started process (PID=117) to work on /opt/airflow/dags/dag_dynamic.py
[2025-11-04T19:27:35.886+0000] {processor.py:914} INFO - Processing file /opt/airflow/dags/dag_dynamic.py for tasks to queue
[2025-11-04T19:27:35.891+0000] {logging_mixin.py:190} INFO - [2025-11-04T19:27:35.890+0000] {dagbag.py:588} INFO - Filling up the DagBag from /opt/airflow/dags/dag_dynamic.py
[2025-11-04T19:27:39.055+0000] {processor.py:925} INFO - DAG(s) 'monthly_hiring_pipeline' retrieved from /opt/airflow/dags/dag_dynamic.py
[2025-11-04T19:27:39.331+0000] {logging_mixin.py:190} INFO - [2025-11-04T19:27:39.331+0000] {dag.py:3239} INFO - Sync 1 DAGs
[2025-11-04T19:27:39.359+0000] {logging_mixin.py:190} INFO - [2025-11-04T19:27:39.359+0000] {dag.py:4180} INFO - Setting next_dagrun for monthly_hiring_pipeline to 2025-05-05 15:00:00+00:00, run_after=2025-06-05 15:00:00+00:00
[2025-11-04T19:27:39.405+0000] {processor.py:208} INFO - Processing /opt/airflow/dags/dag_dynamic.py took 3.535 seconds
[2025-11-04T19:28:20.316+0000] {processor.py:186} INFO - Started process (PID=244) to work on /opt/airflow/dags/dag_dynamic.py
[2025-11-04T19:28:20.320+0000] {processor.py:914} INFO - Processing file /opt/airflow/dags/dag_dynamic.py for tasks to queue
[2025-11-04T19:28:20.326+0000] {logging_mixin.py:190} INFO - [2025-11-04T19:28:20.325+0000] {dagbag.py:588} INFO - Filling up the DagBag from /opt/airflow/dags/dag_dynamic.py
[2025-11-04T19:28:22.837+0000] {processor.py:925} INFO - DAG(s) 'monthly_hiring_pipeline' retrieved from /opt/airflow/dags/dag_dynamic.py
[2025-11-04T19:28:23.126+0000] {logging_mixin.py:190} INFO - [2025-11-04T19:28:23.125+0000] {dag.py:3239} INFO - Sync 1 DAGs
[2025-11-04T19:28:23.180+0000] {logging_mixin.py:190} INFO - [2025-11-04T19:28:23.180+0000] {dag.py:4180} INFO - Setting next_dagrun for monthly_hiring_pipeline to 2025-09-05 15:00:00+00:00, run_after=2025-10-05 15:00:00+00:00
[2025-11-04T19:28:23.246+0000] {processor.py:208} INFO - Processing /opt/airflow/dags/dag_dynamic.py took 2.945 seconds
[2025-11-04T19:29:12.002+0000] {processor.py:186} INFO - Started process (PID=21) to work on /opt/airflow/dags/dag_dynamic.py
[2025-11-04T19:29:12.005+0000] {processor.py:914} INFO - Processing file /opt/airflow/dags/dag_dynamic.py for tasks to queue
[2025-11-04T19:29:12.009+0000] {logging_mixin.py:190} INFO - [2025-11-04T19:29:12.008+0000] {dagbag.py:588} INFO - Filling up the DagBag from /opt/airflow/dags/dag_dynamic.py
[2025-11-04T19:29:14.628+0000] {processor.py:925} INFO - DAG(s) 'monthly_hiring_pipeline' retrieved from /opt/airflow/dags/dag_dynamic.py
[2025-11-04T19:29:14.694+0000] {logging_mixin.py:190} INFO - [2025-11-04T19:29:14.693+0000] {dag.py:3239} INFO - Sync 1 DAGs
[2025-11-04T19:29:14.847+0000] {logging_mixin.py:190} INFO - [2025-11-04T19:29:14.847+0000] {dag.py:4180} INFO - Setting next_dagrun for monthly_hiring_pipeline to 2025-10-05 15:00:00+00:00, run_after=2025-11-05 15:00:00+00:00
[2025-11-04T19:29:14.875+0000] {processor.py:208} INFO - Processing /opt/airflow/dags/dag_dynamic.py took 2.891 seconds
[2025-11-04T19:30:18.154+0000] {processor.py:186} INFO - Started process (PID=209) to work on /opt/airflow/dags/dag_dynamic.py
[2025-11-04T19:30:18.156+0000] {processor.py:914} INFO - Processing file /opt/airflow/dags/dag_dynamic.py for tasks to queue
[2025-11-04T19:30:18.162+0000] {logging_mixin.py:190} INFO - [2025-11-04T19:30:18.161+0000] {dagbag.py:588} INFO - Filling up the DagBag from /opt/airflow/dags/dag_dynamic.py
[2025-11-04T19:30:21.361+0000] {processor.py:925} INFO - DAG(s) 'monthly_hiring_pipeline' retrieved from /opt/airflow/dags/dag_dynamic.py
[2025-11-04T19:30:21.386+0000] {logging_mixin.py:190} INFO - [2025-11-04T19:30:21.386+0000] {dag.py:3239} INFO - Sync 1 DAGs
[2025-11-04T19:30:21.527+0000] {logging_mixin.py:190} INFO - [2025-11-04T19:30:21.527+0000] {dag.py:4180} INFO - Setting next_dagrun for monthly_hiring_pipeline to 2025-10-05 15:00:00+00:00, run_after=2025-11-05 15:00:00+00:00
[2025-11-04T19:30:21.561+0000] {processor.py:208} INFO - Processing /opt/airflow/dags/dag_dynamic.py took 3.419 seconds
[2025-11-04T19:30:54.656+0000] {processor.py:186} INFO - Started process (PID=275) to work on /opt/airflow/dags/dag_dynamic.py
[2025-11-04T19:30:54.657+0000] {processor.py:914} INFO - Processing file /opt/airflow/dags/dag_dynamic.py for tasks to queue
[2025-11-04T19:30:54.662+0000] {logging_mixin.py:190} INFO - [2025-11-04T19:30:54.661+0000] {dagbag.py:588} INFO - Filling up the DagBag from /opt/airflow/dags/dag_dynamic.py
[2025-11-04T19:30:56.505+0000] {processor.py:925} INFO - DAG(s) 'monthly_hiring_pipeline' retrieved from /opt/airflow/dags/dag_dynamic.py
[2025-11-04T19:30:56.539+0000] {logging_mixin.py:190} INFO - [2025-11-04T19:30:56.539+0000] {dag.py:3239} INFO - Sync 1 DAGs
[2025-11-04T19:30:56.670+0000] {logging_mixin.py:190} INFO - [2025-11-04T19:30:56.670+0000] {dag.py:4180} INFO - Setting next_dagrun for monthly_hiring_pipeline to 2024-10-05 15:00:00+00:00, run_after=2024-11-05 15:00:00+00:00
[2025-11-04T19:30:56.695+0000] {processor.py:208} INFO - Processing /opt/airflow/dags/dag_dynamic.py took 2.053 seconds
[2025-11-04T19:31:39.950+0000] {processor.py:186} INFO - Started process (PID=399) to work on /opt/airflow/dags/dag_dynamic.py
[2025-11-04T19:31:39.953+0000] {processor.py:914} INFO - Processing file /opt/airflow/dags/dag_dynamic.py for tasks to queue
[2025-11-04T19:31:39.957+0000] {logging_mixin.py:190} INFO - [2025-11-04T19:31:39.957+0000] {dagbag.py:588} INFO - Filling up the DagBag from /opt/airflow/dags/dag_dynamic.py
[2025-11-04T19:31:42.316+0000] {processor.py:925} INFO - DAG(s) 'monthly_hiring_pipeline' retrieved from /opt/airflow/dags/dag_dynamic.py
[2025-11-04T19:31:42.350+0000] {logging_mixin.py:190} INFO - [2025-11-04T19:31:42.350+0000] {dag.py:3239} INFO - Sync 1 DAGs
[2025-11-04T19:31:42.490+0000] {logging_mixin.py:190} INFO - [2025-11-04T19:31:42.490+0000] {dag.py:4180} INFO - Setting next_dagrun for monthly_hiring_pipeline to 2025-01-05 15:00:00+00:00, run_after=2025-02-05 15:00:00+00:00
[2025-11-04T19:31:42.517+0000] {processor.py:208} INFO - Processing /opt/airflow/dags/dag_dynamic.py took 2.580 seconds
[2025-11-04T19:32:37.167+0000] {processor.py:186} INFO - Started process (PID=561) to work on /opt/airflow/dags/dag_dynamic.py
[2025-11-04T19:32:37.170+0000] {processor.py:914} INFO - Processing file /opt/airflow/dags/dag_dynamic.py for tasks to queue
[2025-11-04T19:32:37.175+0000] {logging_mixin.py:190} INFO - [2025-11-04T19:32:37.175+0000] {dagbag.py:588} INFO - Filling up the DagBag from /opt/airflow/dags/dag_dynamic.py
[2025-11-04T19:32:39.849+0000] {processor.py:925} INFO - DAG(s) 'monthly_hiring_pipeline' retrieved from /opt/airflow/dags/dag_dynamic.py
[2025-11-04T19:32:39.895+0000] {logging_mixin.py:190} INFO - [2025-11-04T19:32:39.895+0000] {dag.py:3239} INFO - Sync 1 DAGs
[2025-11-04T19:32:40.175+0000] {logging_mixin.py:190} INFO - [2025-11-04T19:32:40.175+0000] {dag.py:4180} INFO - Setting next_dagrun for monthly_hiring_pipeline to 2025-03-05 15:00:00+00:00, run_after=2025-04-05 15:00:00+00:00
[2025-11-04T19:32:40.208+0000] {processor.py:208} INFO - Processing /opt/airflow/dags/dag_dynamic.py took 3.057 seconds
[2025-11-04T19:33:10.722+0000] {processor.py:186} INFO - Started process (PID=591) to work on /opt/airflow/dags/dag_dynamic.py
[2025-11-04T19:33:10.725+0000] {processor.py:914} INFO - Processing file /opt/airflow/dags/dag_dynamic.py for tasks to queue
[2025-11-04T19:33:10.738+0000] {logging_mixin.py:190} INFO - [2025-11-04T19:33:10.736+0000] {dagbag.py:588} INFO - Filling up the DagBag from /opt/airflow/dags/dag_dynamic.py
[2025-11-04T19:33:12.529+0000] {processor.py:925} INFO - DAG(s) 'monthly_hiring_pipeline' retrieved from /opt/airflow/dags/dag_dynamic.py
[2025-11-04T19:33:12.606+0000] {logging_mixin.py:190} INFO - [2025-11-04T19:33:12.605+0000] {dag.py:3239} INFO - Sync 1 DAGs
[2025-11-04T19:33:12.878+0000] {logging_mixin.py:190} INFO - [2025-11-04T19:33:12.877+0000] {dag.py:4180} INFO - Setting next_dagrun for monthly_hiring_pipeline to 2025-03-05 15:00:00+00:00, run_after=2025-04-05 15:00:00+00:00
[2025-11-04T19:33:12.936+0000] {processor.py:208} INFO - Processing /opt/airflow/dags/dag_dynamic.py took 2.230 seconds
[2025-11-04T19:33:43.812+0000] {processor.py:186} INFO - Started process (PID=621) to work on /opt/airflow/dags/dag_dynamic.py
[2025-11-04T19:33:43.813+0000] {processor.py:914} INFO - Processing file /opt/airflow/dags/dag_dynamic.py for tasks to queue
[2025-11-04T19:33:43.819+0000] {logging_mixin.py:190} INFO - [2025-11-04T19:33:43.818+0000] {dagbag.py:588} INFO - Filling up the DagBag from /opt/airflow/dags/dag_dynamic.py
[2025-11-04T19:33:45.346+0000] {processor.py:925} INFO - DAG(s) 'monthly_hiring_pipeline' retrieved from /opt/airflow/dags/dag_dynamic.py
[2025-11-04T19:33:45.521+0000] {logging_mixin.py:190} INFO - [2025-11-04T19:33:45.521+0000] {dag.py:3239} INFO - Sync 1 DAGs
[2025-11-04T19:33:45.543+0000] {logging_mixin.py:190} INFO - [2025-11-04T19:33:45.542+0000] {dag.py:4180} INFO - Setting next_dagrun for monthly_hiring_pipeline to 2025-03-05 15:00:00+00:00, run_after=2025-04-05 15:00:00+00:00
[2025-11-04T19:33:45.567+0000] {processor.py:208} INFO - Processing /opt/airflow/dags/dag_dynamic.py took 1.771 seconds
[2025-11-04T19:34:16.396+0000] {processor.py:186} INFO - Started process (PID=651) to work on /opt/airflow/dags/dag_dynamic.py
[2025-11-04T19:34:16.401+0000] {processor.py:914} INFO - Processing file /opt/airflow/dags/dag_dynamic.py for tasks to queue
[2025-11-04T19:34:16.407+0000] {logging_mixin.py:190} INFO - [2025-11-04T19:34:16.406+0000] {dagbag.py:588} INFO - Filling up the DagBag from /opt/airflow/dags/dag_dynamic.py
[2025-11-04T19:34:18.076+0000] {processor.py:925} INFO - DAG(s) 'monthly_hiring_pipeline' retrieved from /opt/airflow/dags/dag_dynamic.py
[2025-11-04T19:34:18.193+0000] {logging_mixin.py:190} INFO - [2025-11-04T19:34:18.192+0000] {dag.py:3239} INFO - Sync 1 DAGs
[2025-11-04T19:34:18.210+0000] {logging_mixin.py:190} INFO - [2025-11-04T19:34:18.210+0000] {dag.py:4180} INFO - Setting next_dagrun for monthly_hiring_pipeline to 2025-03-05 15:00:00+00:00, run_after=2025-04-05 15:00:00+00:00
[2025-11-04T19:34:18.233+0000] {processor.py:208} INFO - Processing /opt/airflow/dags/dag_dynamic.py took 1.852 seconds
[2025-11-04T19:34:48.501+0000] {processor.py:186} INFO - Started process (PID=681) to work on /opt/airflow/dags/dag_dynamic.py
[2025-11-04T19:34:48.504+0000] {processor.py:914} INFO - Processing file /opt/airflow/dags/dag_dynamic.py for tasks to queue
[2025-11-04T19:34:48.510+0000] {logging_mixin.py:190} INFO - [2025-11-04T19:34:48.509+0000] {dagbag.py:588} INFO - Filling up the DagBag from /opt/airflow/dags/dag_dynamic.py
[2025-11-04T19:34:51.156+0000] {processor.py:925} INFO - DAG(s) 'monthly_hiring_pipeline' retrieved from /opt/airflow/dags/dag_dynamic.py
[2025-11-04T19:34:51.180+0000] {logging_mixin.py:190} INFO - [2025-11-04T19:34:51.180+0000] {dag.py:3239} INFO - Sync 1 DAGs
[2025-11-04T19:34:51.200+0000] {logging_mixin.py:190} INFO - [2025-11-04T19:34:51.200+0000] {dag.py:4180} INFO - Setting next_dagrun for monthly_hiring_pipeline to 2025-03-05 15:00:00+00:00, run_after=2025-04-05 15:00:00+00:00
[2025-11-04T19:34:51.220+0000] {processor.py:208} INFO - Processing /opt/airflow/dags/dag_dynamic.py took 2.733 seconds
[2025-11-04T19:34:56.762+0000] {processor.py:186} INFO - Started process (PID=696) to work on /opt/airflow/dags/dag_dynamic.py
[2025-11-04T19:34:56.764+0000] {processor.py:914} INFO - Processing file /opt/airflow/dags/dag_dynamic.py for tasks to queue
[2025-11-04T19:34:56.771+0000] {logging_mixin.py:190} INFO - [2025-11-04T19:34:56.770+0000] {dagbag.py:588} INFO - Filling up the DagBag from /opt/airflow/dags/dag_dynamic.py
[2025-11-04T19:34:58.495+0000] {processor.py:925} INFO - DAG(s) 'monthly_hiring_pipeline' retrieved from /opt/airflow/dags/dag_dynamic.py
[2025-11-04T19:34:58.517+0000] {logging_mixin.py:190} INFO - [2025-11-04T19:34:58.517+0000] {dag.py:3239} INFO - Sync 1 DAGs
[2025-11-04T19:34:58.535+0000] {logging_mixin.py:190} INFO - [2025-11-04T19:34:58.535+0000] {dag.py:4180} INFO - Setting next_dagrun for monthly_hiring_pipeline to 2025-03-05 15:00:00+00:00, run_after=2025-04-05 15:00:00+00:00
[2025-11-04T19:34:58.557+0000] {processor.py:208} INFO - Processing /opt/airflow/dags/dag_dynamic.py took 1.851 seconds
[2025-11-04T19:35:29.073+0000] {processor.py:186} INFO - Started process (PID=726) to work on /opt/airflow/dags/dag_dynamic.py
[2025-11-04T19:35:29.075+0000] {processor.py:914} INFO - Processing file /opt/airflow/dags/dag_dynamic.py for tasks to queue
[2025-11-04T19:35:29.081+0000] {logging_mixin.py:190} INFO - [2025-11-04T19:35:29.080+0000] {dagbag.py:588} INFO - Filling up the DagBag from /opt/airflow/dags/dag_dynamic.py
[2025-11-04T19:35:31.556+0000] {processor.py:925} INFO - DAG(s) 'monthly_hiring_pipeline' retrieved from /opt/airflow/dags/dag_dynamic.py
[2025-11-04T19:35:31.581+0000] {logging_mixin.py:190} INFO - [2025-11-04T19:35:31.581+0000] {dag.py:3239} INFO - Sync 1 DAGs
[2025-11-04T19:35:31.601+0000] {logging_mixin.py:190} INFO - [2025-11-04T19:35:31.600+0000] {dag.py:4180} INFO - Setting next_dagrun for monthly_hiring_pipeline to 2025-03-05 15:00:00+00:00, run_after=2025-04-05 15:00:00+00:00
[2025-11-04T19:35:31.722+0000] {processor.py:208} INFO - Processing /opt/airflow/dags/dag_dynamic.py took 2.736 seconds
[2025-11-04T19:36:02.089+0000] {processor.py:186} INFO - Started process (PID=756) to work on /opt/airflow/dags/dag_dynamic.py
[2025-11-04T19:36:02.091+0000] {processor.py:914} INFO - Processing file /opt/airflow/dags/dag_dynamic.py for tasks to queue
[2025-11-04T19:36:02.097+0000] {logging_mixin.py:190} INFO - [2025-11-04T19:36:02.096+0000] {dagbag.py:588} INFO - Filling up the DagBag from /opt/airflow/dags/dag_dynamic.py
[2025-11-04T19:36:03.649+0000] {processor.py:925} INFO - DAG(s) 'monthly_hiring_pipeline' retrieved from /opt/airflow/dags/dag_dynamic.py
[2025-11-04T19:36:03.671+0000] {logging_mixin.py:190} INFO - [2025-11-04T19:36:03.671+0000] {dag.py:3239} INFO - Sync 1 DAGs
[2025-11-04T19:36:03.692+0000] {logging_mixin.py:190} INFO - [2025-11-04T19:36:03.691+0000] {dag.py:4180} INFO - Setting next_dagrun for monthly_hiring_pipeline to 2025-03-05 15:00:00+00:00, run_after=2025-04-05 15:00:00+00:00
[2025-11-04T19:36:03.812+0000] {processor.py:208} INFO - Processing /opt/airflow/dags/dag_dynamic.py took 1.739 seconds
[2025-11-04T19:36:42.132+0000] {processor.py:186} INFO - Started process (PID=822) to work on /opt/airflow/dags/dag_dynamic.py
[2025-11-04T19:36:42.135+0000] {processor.py:914} INFO - Processing file /opt/airflow/dags/dag_dynamic.py for tasks to queue
[2025-11-04T19:36:42.138+0000] {logging_mixin.py:190} INFO - [2025-11-04T19:36:42.138+0000] {dagbag.py:588} INFO - Filling up the DagBag from /opt/airflow/dags/dag_dynamic.py
[2025-11-04T19:36:43.887+0000] {processor.py:925} INFO - DAG(s) 'monthly_hiring_pipeline' retrieved from /opt/airflow/dags/dag_dynamic.py
[2025-11-04T19:36:43.915+0000] {logging_mixin.py:190} INFO - [2025-11-04T19:36:43.914+0000] {dag.py:3239} INFO - Sync 1 DAGs
[2025-11-04T19:36:44.039+0000] {logging_mixin.py:190} INFO - [2025-11-04T19:36:44.039+0000] {dag.py:4180} INFO - Setting next_dagrun for monthly_hiring_pipeline to 2025-05-05 15:00:00+00:00, run_after=2025-06-05 15:00:00+00:00
[2025-11-04T19:36:44.063+0000] {processor.py:208} INFO - Processing /opt/airflow/dags/dag_dynamic.py took 1.945 seconds
[2025-11-04T19:37:37.151+0000] {processor.py:186} INFO - Started process (PID=986) to work on /opt/airflow/dags/dag_dynamic.py
[2025-11-04T19:37:37.156+0000] {processor.py:914} INFO - Processing file /opt/airflow/dags/dag_dynamic.py for tasks to queue
[2025-11-04T19:37:37.164+0000] {logging_mixin.py:190} INFO - [2025-11-04T19:37:37.163+0000] {dagbag.py:588} INFO - Filling up the DagBag from /opt/airflow/dags/dag_dynamic.py
[2025-11-04T19:37:40.977+0000] {processor.py:925} INFO - DAG(s) 'monthly_hiring_pipeline' retrieved from /opt/airflow/dags/dag_dynamic.py
[2025-11-04T19:37:41.026+0000] {logging_mixin.py:190} INFO - [2025-11-04T19:37:41.026+0000] {dag.py:3239} INFO - Sync 1 DAGs
[2025-11-04T19:37:41.196+0000] {logging_mixin.py:190} INFO - [2025-11-04T19:37:41.196+0000] {dag.py:4180} INFO - Setting next_dagrun for monthly_hiring_pipeline to 2025-07-05 15:00:00+00:00, run_after=2025-08-05 15:00:00+00:00
[2025-11-04T19:37:41.223+0000] {processor.py:208} INFO - Processing /opt/airflow/dags/dag_dynamic.py took 4.091 seconds
[2025-11-04T19:38:14.180+0000] {processor.py:186} INFO - Started process (PID=1095) to work on /opt/airflow/dags/dag_dynamic.py
[2025-11-04T19:38:14.182+0000] {processor.py:914} INFO - Processing file /opt/airflow/dags/dag_dynamic.py for tasks to queue
[2025-11-04T19:38:14.186+0000] {logging_mixin.py:190} INFO - [2025-11-04T19:38:14.185+0000] {dagbag.py:588} INFO - Filling up the DagBag from /opt/airflow/dags/dag_dynamic.py
[2025-11-04T19:38:15.815+0000] {processor.py:925} INFO - DAG(s) 'monthly_hiring_pipeline' retrieved from /opt/airflow/dags/dag_dynamic.py
[2025-11-04T19:38:15.841+0000] {logging_mixin.py:190} INFO - [2025-11-04T19:38:15.840+0000] {dag.py:3239} INFO - Sync 1 DAGs
[2025-11-04T19:38:15.982+0000] {logging_mixin.py:190} INFO - [2025-11-04T19:38:15.982+0000] {dag.py:4180} INFO - Setting next_dagrun for monthly_hiring_pipeline to 2025-08-05 15:00:00+00:00, run_after=2025-09-05 15:00:00+00:00
[2025-11-04T19:38:16.012+0000] {processor.py:208} INFO - Processing /opt/airflow/dags/dag_dynamic.py took 1.841 seconds
[2025-11-04T19:40:30.547+0000] {processor.py:186} INFO - Started process (PID=1490) to work on /opt/airflow/dags/dag_dynamic.py
[2025-11-04T19:40:30.549+0000] {processor.py:914} INFO - Processing file /opt/airflow/dags/dag_dynamic.py for tasks to queue
[2025-11-04T19:40:30.552+0000] {logging_mixin.py:190} INFO - [2025-11-04T19:40:30.551+0000] {dagbag.py:588} INFO - Filling up the DagBag from /opt/airflow/dags/dag_dynamic.py
[2025-11-04T19:40:32.915+0000] {processor.py:925} INFO - DAG(s) 'monthly_hiring_pipeline' retrieved from /opt/airflow/dags/dag_dynamic.py
[2025-11-04T19:40:32.951+0000] {logging_mixin.py:190} INFO - [2025-11-04T19:40:32.951+0000] {dag.py:3239} INFO - Sync 1 DAGs
[2025-11-04T19:40:32.980+0000] {logging_mixin.py:190} INFO - [2025-11-04T19:40:32.980+0000] {dag.py:4180} INFO - Setting next_dagrun for monthly_hiring_pipeline to 2025-10-05 15:00:00+00:00, run_after=2025-11-05 15:00:00+00:00
[2025-11-04T19:40:33.008+0000] {processor.py:208} INFO - Processing /opt/airflow/dags/dag_dynamic.py took 2.474 seconds
[2025-11-04T19:41:43.654+0000] {processor.py:186} INFO - Started process (PID=1719) to work on /opt/airflow/dags/dag_dynamic.py
[2025-11-04T19:41:43.656+0000] {processor.py:914} INFO - Processing file /opt/airflow/dags/dag_dynamic.py for tasks to queue
[2025-11-04T19:41:43.659+0000] {logging_mixin.py:190} INFO - [2025-11-04T19:41:43.658+0000] {dagbag.py:588} INFO - Filling up the DagBag from /opt/airflow/dags/dag_dynamic.py
[2025-11-04T19:41:45.554+0000] {processor.py:925} INFO - DAG(s) 'monthly_hiring_pipeline' retrieved from /opt/airflow/dags/dag_dynamic.py
[2025-11-04T19:41:45.582+0000] {logging_mixin.py:190} INFO - [2025-11-04T19:41:45.582+0000] {dag.py:3239} INFO - Sync 1 DAGs
[2025-11-04T19:41:45.609+0000] {logging_mixin.py:190} INFO - [2025-11-04T19:41:45.608+0000] {dag.py:4180} INFO - Setting next_dagrun for monthly_hiring_pipeline to 2025-10-05 15:00:00+00:00, run_after=2025-11-05 15:00:00+00:00
[2025-11-04T19:41:45.634+0000] {processor.py:208} INFO - Processing /opt/airflow/dags/dag_dynamic.py took 1.990 seconds
[2025-11-04T19:42:46.036+0000] {processor.py:186} INFO - Started process (PID=1908) to work on /opt/airflow/dags/dag_dynamic.py
[2025-11-04T19:42:46.037+0000] {processor.py:914} INFO - Processing file /opt/airflow/dags/dag_dynamic.py for tasks to queue
[2025-11-04T19:42:46.040+0000] {logging_mixin.py:190} INFO - [2025-11-04T19:42:46.039+0000] {dagbag.py:588} INFO - Filling up the DagBag from /opt/airflow/dags/dag_dynamic.py
[2025-11-04T19:42:48.065+0000] {processor.py:925} INFO - DAG(s) 'monthly_hiring_pipeline' retrieved from /opt/airflow/dags/dag_dynamic.py
[2025-11-04T19:42:48.103+0000] {logging_mixin.py:190} INFO - [2025-11-04T19:42:48.102+0000] {dag.py:3239} INFO - Sync 1 DAGs
[2025-11-04T19:42:48.136+0000] {logging_mixin.py:190} INFO - [2025-11-04T19:42:48.136+0000] {dag.py:4180} INFO - Setting next_dagrun for monthly_hiring_pipeline to 2025-10-05 15:00:00+00:00, run_after=2025-11-05 15:00:00+00:00
[2025-11-04T19:42:48.174+0000] {processor.py:208} INFO - Processing /opt/airflow/dags/dag_dynamic.py took 2.149 seconds
[2025-11-04T19:43:19.029+0000] {processor.py:186} INFO - Started process (PID=1938) to work on /opt/airflow/dags/dag_dynamic.py
[2025-11-04T19:43:19.031+0000] {processor.py:914} INFO - Processing file /opt/airflow/dags/dag_dynamic.py for tasks to queue
[2025-11-04T19:43:19.034+0000] {logging_mixin.py:190} INFO - [2025-11-04T19:43:19.033+0000] {dagbag.py:588} INFO - Filling up the DagBag from /opt/airflow/dags/dag_dynamic.py
[2025-11-04T19:43:21.363+0000] {processor.py:925} INFO - DAG(s) 'monthly_hiring_pipeline' retrieved from /opt/airflow/dags/dag_dynamic.py
[2025-11-04T19:43:21.410+0000] {logging_mixin.py:190} INFO - [2025-11-04T19:43:21.410+0000] {dag.py:3239} INFO - Sync 1 DAGs
[2025-11-04T19:43:21.450+0000] {logging_mixin.py:190} INFO - [2025-11-04T19:43:21.450+0000] {dag.py:4180} INFO - Setting next_dagrun for monthly_hiring_pipeline to 2025-10-05 15:00:00+00:00, run_after=2025-11-05 15:00:00+00:00
[2025-11-04T19:43:21.504+0000] {processor.py:208} INFO - Processing /opt/airflow/dags/dag_dynamic.py took 2.488 seconds
[2025-11-04T19:43:51.625+0000] {processor.py:186} INFO - Started process (PID=1968) to work on /opt/airflow/dags/dag_dynamic.py
[2025-11-04T19:43:51.628+0000] {processor.py:914} INFO - Processing file /opt/airflow/dags/dag_dynamic.py for tasks to queue
[2025-11-04T19:43:51.631+0000] {logging_mixin.py:190} INFO - [2025-11-04T19:43:51.631+0000] {dagbag.py:588} INFO - Filling up the DagBag from /opt/airflow/dags/dag_dynamic.py
[2025-11-04T19:43:55.140+0000] {processor.py:925} INFO - DAG(s) 'monthly_hiring_pipeline' retrieved from /opt/airflow/dags/dag_dynamic.py
[2025-11-04T19:43:55.223+0000] {logging_mixin.py:190} INFO - [2025-11-04T19:43:55.222+0000] {dag.py:3239} INFO - Sync 1 DAGs
[2025-11-04T19:43:55.279+0000] {logging_mixin.py:190} INFO - [2025-11-04T19:43:55.277+0000] {dag.py:4180} INFO - Setting next_dagrun for monthly_hiring_pipeline to 2025-10-05 15:00:00+00:00, run_after=2025-11-05 15:00:00+00:00
[2025-11-04T19:43:55.336+0000] {processor.py:208} INFO - Processing /opt/airflow/dags/dag_dynamic.py took 3.727 seconds
[2025-11-04T19:44:56.537+0000] {processor.py:186} INFO - Started process (PID=2106) to work on /opt/airflow/dags/dag_dynamic.py
[2025-11-04T19:44:56.540+0000] {processor.py:914} INFO - Processing file /opt/airflow/dags/dag_dynamic.py for tasks to queue
[2025-11-04T19:44:56.543+0000] {logging_mixin.py:190} INFO - [2025-11-04T19:44:56.542+0000] {dagbag.py:588} INFO - Filling up the DagBag from /opt/airflow/dags/dag_dynamic.py
[2025-11-04T19:44:58.251+0000] {processor.py:925} INFO - DAG(s) 'monthly_hiring_pipeline' retrieved from /opt/airflow/dags/dag_dynamic.py
[2025-11-04T19:44:58.282+0000] {logging_mixin.py:190} INFO - [2025-11-04T19:44:58.282+0000] {dag.py:3239} INFO - Sync 1 DAGs
[2025-11-04T19:44:58.303+0000] {logging_mixin.py:190} INFO - [2025-11-04T19:44:58.302+0000] {dag.py:4180} INFO - Setting next_dagrun for monthly_hiring_pipeline to 2025-10-05 15:00:00+00:00, run_after=2025-11-05 15:00:00+00:00
[2025-11-04T19:44:58.325+0000] {processor.py:208} INFO - Processing /opt/airflow/dags/dag_dynamic.py took 1.805 seconds
[2025-11-04T19:45:45.709+0000] {processor.py:186} INFO - Started process (PID=2240) to work on /opt/airflow/dags/dag_dynamic.py
[2025-11-04T19:45:45.711+0000] {processor.py:914} INFO - Processing file /opt/airflow/dags/dag_dynamic.py for tasks to queue
[2025-11-04T19:45:45.713+0000] {logging_mixin.py:190} INFO - [2025-11-04T19:45:45.713+0000] {dagbag.py:588} INFO - Filling up the DagBag from /opt/airflow/dags/dag_dynamic.py
[2025-11-04T19:45:48.417+0000] {processor.py:925} INFO - DAG(s) 'monthly_hiring_pipeline' retrieved from /opt/airflow/dags/dag_dynamic.py
[2025-11-04T19:45:48.464+0000] {logging_mixin.py:190} INFO - [2025-11-04T19:45:48.463+0000] {dag.py:3239} INFO - Sync 1 DAGs
[2025-11-04T19:45:48.502+0000] {logging_mixin.py:190} INFO - [2025-11-04T19:45:48.501+0000] {dag.py:4180} INFO - Setting next_dagrun for monthly_hiring_pipeline to 2025-05-05 15:00:00+00:00, run_after=2025-06-05 15:00:00+00:00
[2025-11-04T19:45:48.540+0000] {processor.py:208} INFO - Processing /opt/airflow/dags/dag_dynamic.py took 2.844 seconds
[2025-11-04T19:46:30.974+0000] {processor.py:186} INFO - Started process (PID=2345) to work on /opt/airflow/dags/dag_dynamic.py
[2025-11-04T19:46:30.977+0000] {processor.py:914} INFO - Processing file /opt/airflow/dags/dag_dynamic.py for tasks to queue
[2025-11-04T19:46:30.980+0000] {logging_mixin.py:190} INFO - [2025-11-04T19:46:30.979+0000] {dagbag.py:588} INFO - Filling up the DagBag from /opt/airflow/dags/dag_dynamic.py
[2025-11-04T19:46:34.239+0000] {processor.py:925} INFO - DAG(s) 'monthly_hiring_pipeline' retrieved from /opt/airflow/dags/dag_dynamic.py
[2025-11-04T19:46:34.294+0000] {logging_mixin.py:190} INFO - [2025-11-04T19:46:34.293+0000] {dag.py:3239} INFO - Sync 1 DAGs
[2025-11-04T19:46:34.326+0000] {logging_mixin.py:190} INFO - [2025-11-04T19:46:34.326+0000] {dag.py:4180} INFO - Setting next_dagrun for monthly_hiring_pipeline to 2025-08-05 15:00:00+00:00, run_after=2025-09-05 15:00:00+00:00
[2025-11-04T19:46:34.358+0000] {processor.py:208} INFO - Processing /opt/airflow/dags/dag_dynamic.py took 3.399 seconds
[2025-11-04T19:48:01.818+0000] {processor.py:186} INFO - Started process (PID=2549) to work on /opt/airflow/dags/dag_dynamic.py
[2025-11-04T19:48:01.822+0000] {processor.py:914} INFO - Processing file /opt/airflow/dags/dag_dynamic.py for tasks to queue
[2025-11-04T19:48:01.825+0000] {logging_mixin.py:190} INFO - [2025-11-04T19:48:01.824+0000] {dagbag.py:588} INFO - Filling up the DagBag from /opt/airflow/dags/dag_dynamic.py
[2025-11-04T19:48:03.849+0000] {processor.py:925} INFO - DAG(s) 'monthly_hiring_pipeline' retrieved from /opt/airflow/dags/dag_dynamic.py
[2025-11-04T19:48:03.882+0000] {logging_mixin.py:190} INFO - [2025-11-04T19:48:03.881+0000] {dag.py:3239} INFO - Sync 1 DAGs
[2025-11-04T19:48:03.906+0000] {logging_mixin.py:190} INFO - [2025-11-04T19:48:03.906+0000] {dag.py:4180} INFO - Setting next_dagrun for monthly_hiring_pipeline to 2025-10-05 15:00:00+00:00, run_after=2025-11-05 15:00:00+00:00
[2025-11-04T19:48:03.937+0000] {processor.py:208} INFO - Processing /opt/airflow/dags/dag_dynamic.py took 2.133 seconds
[2025-11-04T19:48:58.541+0000] {processor.py:186} INFO - Started process (PID=2691) to work on /opt/airflow/dags/dag_dynamic.py
[2025-11-04T19:48:58.544+0000] {processor.py:914} INFO - Processing file /opt/airflow/dags/dag_dynamic.py for tasks to queue
[2025-11-04T19:48:58.548+0000] {logging_mixin.py:190} INFO - [2025-11-04T19:48:58.547+0000] {dagbag.py:588} INFO - Filling up the DagBag from /opt/airflow/dags/dag_dynamic.py
[2025-11-04T19:49:00.436+0000] {processor.py:925} INFO - DAG(s) 'monthly_hiring_pipeline' retrieved from /opt/airflow/dags/dag_dynamic.py
[2025-11-04T19:49:00.467+0000] {logging_mixin.py:190} INFO - [2025-11-04T19:49:00.467+0000] {dag.py:3239} INFO - Sync 1 DAGs
[2025-11-04T19:49:00.496+0000] {logging_mixin.py:190} INFO - [2025-11-04T19:49:00.495+0000] {dag.py:4180} INFO - Setting next_dagrun for monthly_hiring_pipeline to 2025-10-05 15:00:00+00:00, run_after=2025-11-05 15:00:00+00:00
[2025-11-04T19:49:00.529+0000] {processor.py:208} INFO - Processing /opt/airflow/dags/dag_dynamic.py took 2.000 seconds
[2025-11-04T19:49:33.586+0000] {processor.py:186} INFO - Started process (PID=2721) to work on /opt/airflow/dags/dag_dynamic.py
[2025-11-04T19:49:33.588+0000] {processor.py:914} INFO - Processing file /opt/airflow/dags/dag_dynamic.py for tasks to queue
[2025-11-04T19:49:33.591+0000] {logging_mixin.py:190} INFO - [2025-11-04T19:49:33.591+0000] {dagbag.py:588} INFO - Filling up the DagBag from /opt/airflow/dags/dag_dynamic.py
[2025-11-04T19:49:35.021+0000] {processor.py:925} INFO - DAG(s) 'monthly_hiring_pipeline' retrieved from /opt/airflow/dags/dag_dynamic.py
[2025-11-04T19:49:35.046+0000] {logging_mixin.py:190} INFO - [2025-11-04T19:49:35.046+0000] {dag.py:3239} INFO - Sync 1 DAGs
[2025-11-04T19:49:35.066+0000] {logging_mixin.py:190} INFO - [2025-11-04T19:49:35.066+0000] {dag.py:4180} INFO - Setting next_dagrun for monthly_hiring_pipeline to 2025-10-05 15:00:00+00:00, run_after=2025-11-05 15:00:00+00:00
[2025-11-04T19:49:35.086+0000] {processor.py:208} INFO - Processing /opt/airflow/dags/dag_dynamic.py took 1.511 seconds
[2025-11-04T19:50:07.120+0000] {processor.py:186} INFO - Started process (PID=2751) to work on /opt/airflow/dags/dag_dynamic.py
[2025-11-04T19:50:07.122+0000] {processor.py:914} INFO - Processing file /opt/airflow/dags/dag_dynamic.py for tasks to queue
[2025-11-04T19:50:07.125+0000] {logging_mixin.py:190} INFO - [2025-11-04T19:50:07.124+0000] {dagbag.py:588} INFO - Filling up the DagBag from /opt/airflow/dags/dag_dynamic.py
[2025-11-04T19:50:08.589+0000] {processor.py:925} INFO - DAG(s) 'monthly_hiring_pipeline' retrieved from /opt/airflow/dags/dag_dynamic.py
[2025-11-04T19:50:08.610+0000] {logging_mixin.py:190} INFO - [2025-11-04T19:50:08.610+0000] {dag.py:3239} INFO - Sync 1 DAGs
[2025-11-04T19:50:08.628+0000] {logging_mixin.py:190} INFO - [2025-11-04T19:50:08.628+0000] {dag.py:4180} INFO - Setting next_dagrun for monthly_hiring_pipeline to 2025-10-05 15:00:00+00:00, run_after=2025-11-05 15:00:00+00:00
[2025-11-04T19:50:08.649+0000] {processor.py:208} INFO - Processing /opt/airflow/dags/dag_dynamic.py took 1.544 seconds
[2025-11-04T19:50:42.722+0000] {processor.py:186} INFO - Started process (PID=2781) to work on /opt/airflow/dags/dag_dynamic.py
[2025-11-04T19:50:42.727+0000] {processor.py:914} INFO - Processing file /opt/airflow/dags/dag_dynamic.py for tasks to queue
[2025-11-04T19:50:42.731+0000] {logging_mixin.py:190} INFO - [2025-11-04T19:50:42.730+0000] {dagbag.py:588} INFO - Filling up the DagBag from /opt/airflow/dags/dag_dynamic.py
[2025-11-04T19:50:44.177+0000] {processor.py:925} INFO - DAG(s) 'monthly_hiring_pipeline' retrieved from /opt/airflow/dags/dag_dynamic.py
[2025-11-04T19:50:44.198+0000] {logging_mixin.py:190} INFO - [2025-11-04T19:50:44.198+0000] {dag.py:3239} INFO - Sync 1 DAGs
[2025-11-04T19:50:44.219+0000] {logging_mixin.py:190} INFO - [2025-11-04T19:50:44.219+0000] {dag.py:4180} INFO - Setting next_dagrun for monthly_hiring_pipeline to 2025-05-05 15:00:00+00:00, run_after=2025-06-05 15:00:00+00:00
[2025-11-04T19:50:44.245+0000] {processor.py:208} INFO - Processing /opt/airflow/dags/dag_dynamic.py took 1.537 seconds
[2025-11-04T19:51:24.071+0000] {processor.py:186} INFO - Started process (PID=2908) to work on /opt/airflow/dags/dag_dynamic.py
[2025-11-04T19:51:24.074+0000] {processor.py:914} INFO - Processing file /opt/airflow/dags/dag_dynamic.py for tasks to queue
[2025-11-04T19:51:24.077+0000] {logging_mixin.py:190} INFO - [2025-11-04T19:51:24.076+0000] {dagbag.py:588} INFO - Filling up the DagBag from /opt/airflow/dags/dag_dynamic.py
[2025-11-04T19:51:26.059+0000] {processor.py:925} INFO - DAG(s) 'monthly_hiring_pipeline' retrieved from /opt/airflow/dags/dag_dynamic.py
[2025-11-04T19:51:26.093+0000] {logging_mixin.py:190} INFO - [2025-11-04T19:51:26.093+0000] {dag.py:3239} INFO - Sync 1 DAGs
[2025-11-04T19:51:26.120+0000] {logging_mixin.py:190} INFO - [2025-11-04T19:51:26.119+0000] {dag.py:4180} INFO - Setting next_dagrun for monthly_hiring_pipeline to 2025-09-05 15:00:00+00:00, run_after=2025-10-05 15:00:00+00:00
[2025-11-04T19:51:26.154+0000] {processor.py:208} INFO - Processing /opt/airflow/dags/dag_dynamic.py took 2.101 seconds
[2025-11-04T19:52:17.605+0000] {processor.py:186} INFO - Started process (PID=3014) to work on /opt/airflow/dags/dag_dynamic.py
[2025-11-04T19:52:17.608+0000] {processor.py:914} INFO - Processing file /opt/airflow/dags/dag_dynamic.py for tasks to queue
[2025-11-04T19:52:17.611+0000] {logging_mixin.py:190} INFO - [2025-11-04T19:52:17.610+0000] {dagbag.py:588} INFO - Filling up the DagBag from /opt/airflow/dags/dag_dynamic.py
[2025-11-04T19:52:19.342+0000] {processor.py:925} INFO - DAG(s) 'monthly_hiring_pipeline' retrieved from /opt/airflow/dags/dag_dynamic.py
[2025-11-04T19:52:19.667+0000] {logging_mixin.py:190} INFO - [2025-11-04T19:52:19.664+0000] {dag.py:3239} INFO - Sync 1 DAGs
[2025-11-04T19:52:19.772+0000] {logging_mixin.py:190} INFO - [2025-11-04T19:52:19.769+0000] {dag.py:3262} INFO - Creating ORM DAG for monthly_hiring_pipeline
[2025-11-04T19:52:19.817+0000] {logging_mixin.py:190} INFO - [2025-11-04T19:52:19.815+0000] {dag.py:4180} INFO - Setting next_dagrun for monthly_hiring_pipeline to 2024-10-05 15:00:00+00:00, run_after=2024-11-05 15:00:00+00:00
[2025-11-04T19:52:19.904+0000] {processor.py:208} INFO - Processing /opt/airflow/dags/dag_dynamic.py took 2.312 seconds
[2025-11-04T19:53:17.994+0000] {processor.py:186} INFO - Started process (PID=3154) to work on /opt/airflow/dags/dag_dynamic.py
[2025-11-04T19:53:17.996+0000] {processor.py:914} INFO - Processing file /opt/airflow/dags/dag_dynamic.py for tasks to queue
[2025-11-04T19:53:17.999+0000] {logging_mixin.py:190} INFO - [2025-11-04T19:53:17.998+0000] {dagbag.py:588} INFO - Filling up the DagBag from /opt/airflow/dags/dag_dynamic.py
[2025-11-04T19:53:20.938+0000] {processor.py:925} INFO - DAG(s) 'monthly_hiring_pipeline' retrieved from /opt/airflow/dags/dag_dynamic.py
[2025-11-04T19:53:20.979+0000] {logging_mixin.py:190} INFO - [2025-11-04T19:53:20.978+0000] {dag.py:3239} INFO - Sync 1 DAGs
[2025-11-04T19:53:21.006+0000] {logging_mixin.py:190} INFO - [2025-11-04T19:53:21.006+0000] {dag.py:4180} INFO - Setting next_dagrun for monthly_hiring_pipeline to 2025-02-05 15:00:00+00:00, run_after=2025-03-05 15:00:00+00:00
[2025-11-04T19:53:21.031+0000] {processor.py:208} INFO - Processing /opt/airflow/dags/dag_dynamic.py took 3.047 seconds
[2025-11-04T19:54:26.032+0000] {processor.py:186} INFO - Started process (PID=3354) to work on /opt/airflow/dags/dag_dynamic.py
[2025-11-04T19:54:26.034+0000] {processor.py:914} INFO - Processing file /opt/airflow/dags/dag_dynamic.py for tasks to queue
[2025-11-04T19:54:26.036+0000] {logging_mixin.py:190} INFO - [2025-11-04T19:54:26.036+0000] {dagbag.py:588} INFO - Filling up the DagBag from /opt/airflow/dags/dag_dynamic.py
[2025-11-04T19:54:28.408+0000] {processor.py:925} INFO - DAG(s) 'monthly_hiring_pipeline' retrieved from /opt/airflow/dags/dag_dynamic.py
[2025-11-04T19:54:28.443+0000] {logging_mixin.py:190} INFO - [2025-11-04T19:54:28.443+0000] {dag.py:3239} INFO - Sync 1 DAGs
[2025-11-04T19:54:28.470+0000] {logging_mixin.py:190} INFO - [2025-11-04T19:54:28.470+0000] {dag.py:4180} INFO - Setting next_dagrun for monthly_hiring_pipeline to 2025-04-05 15:00:00+00:00, run_after=2025-05-05 15:00:00+00:00
[2025-11-04T19:54:28.502+0000] {processor.py:208} INFO - Processing /opt/airflow/dags/dag_dynamic.py took 2.480 seconds
[2025-11-04T19:55:27.366+0000] {processor.py:186} INFO - Started process (PID=3525) to work on /opt/airflow/dags/dag_dynamic.py
[2025-11-04T19:55:27.369+0000] {processor.py:914} INFO - Processing file /opt/airflow/dags/dag_dynamic.py for tasks to queue
[2025-11-04T19:55:27.372+0000] {logging_mixin.py:190} INFO - [2025-11-04T19:55:27.371+0000] {dagbag.py:588} INFO - Filling up the DagBag from /opt/airflow/dags/dag_dynamic.py
[2025-11-04T19:55:29.604+0000] {processor.py:925} INFO - DAG(s) 'monthly_hiring_pipeline' retrieved from /opt/airflow/dags/dag_dynamic.py
[2025-11-04T19:55:29.636+0000] {logging_mixin.py:190} INFO - [2025-11-04T19:55:29.636+0000] {dag.py:3239} INFO - Sync 1 DAGs
[2025-11-04T19:55:29.659+0000] {logging_mixin.py:190} INFO - [2025-11-04T19:55:29.659+0000] {dag.py:4180} INFO - Setting next_dagrun for monthly_hiring_pipeline to 2025-05-05 15:00:00+00:00, run_after=2025-06-05 15:00:00+00:00
[2025-11-04T19:55:29.687+0000] {processor.py:208} INFO - Processing /opt/airflow/dags/dag_dynamic.py took 2.333 seconds
[2025-11-04T19:56:48.689+0000] {processor.py:186} INFO - Started process (PID=3714) to work on /opt/airflow/dags/dag_dynamic.py
[2025-11-04T19:56:48.692+0000] {processor.py:914} INFO - Processing file /opt/airflow/dags/dag_dynamic.py for tasks to queue
[2025-11-04T19:56:48.694+0000] {logging_mixin.py:190} INFO - [2025-11-04T19:56:48.693+0000] {dagbag.py:588} INFO - Filling up the DagBag from /opt/airflow/dags/dag_dynamic.py
[2025-11-04T19:56:51.334+0000] {processor.py:925} INFO - DAG(s) 'monthly_hiring_pipeline' retrieved from /opt/airflow/dags/dag_dynamic.py
[2025-11-04T19:56:51.611+0000] {logging_mixin.py:190} INFO - [2025-11-04T19:56:51.610+0000] {dag.py:3239} INFO - Sync 1 DAGs
[2025-11-04T19:56:51.823+0000] {logging_mixin.py:190} INFO - [2025-11-04T19:56:51.821+0000] {dag.py:4180} INFO - Setting next_dagrun for monthly_hiring_pipeline to 2025-06-05 15:00:00+00:00, run_after=2025-07-05 15:00:00+00:00
[2025-11-04T19:56:51.913+0000] {processor.py:208} INFO - Processing /opt/airflow/dags/dag_dynamic.py took 3.233 seconds
[2025-11-04T19:57:22.882+0000] {processor.py:186} INFO - Started process (PID=3744) to work on /opt/airflow/dags/dag_dynamic.py
[2025-11-04T19:57:22.885+0000] {processor.py:914} INFO - Processing file /opt/airflow/dags/dag_dynamic.py for tasks to queue
[2025-11-04T19:57:22.889+0000] {logging_mixin.py:190} INFO - [2025-11-04T19:57:22.888+0000] {dagbag.py:588} INFO - Filling up the DagBag from /opt/airflow/dags/dag_dynamic.py
[2025-11-04T19:57:25.477+0000] {processor.py:925} INFO - DAG(s) 'monthly_hiring_pipeline' retrieved from /opt/airflow/dags/dag_dynamic.py
[2025-11-04T19:57:25.578+0000] {logging_mixin.py:190} INFO - [2025-11-04T19:57:25.577+0000] {dag.py:3239} INFO - Sync 1 DAGs
[2025-11-04T19:57:25.692+0000] {logging_mixin.py:190} INFO - [2025-11-04T19:57:25.692+0000] {dag.py:4180} INFO - Setting next_dagrun for monthly_hiring_pipeline to 2025-06-05 15:00:00+00:00, run_after=2025-07-05 15:00:00+00:00
[2025-11-04T19:57:25.889+0000] {processor.py:208} INFO - Processing /opt/airflow/dags/dag_dynamic.py took 3.021 seconds
[2025-11-04T19:57:56.074+0000] {processor.py:186} INFO - Started process (PID=3774) to work on /opt/airflow/dags/dag_dynamic.py
[2025-11-04T19:57:56.075+0000] {processor.py:914} INFO - Processing file /opt/airflow/dags/dag_dynamic.py for tasks to queue
[2025-11-04T19:57:56.077+0000] {logging_mixin.py:190} INFO - [2025-11-04T19:57:56.076+0000] {dagbag.py:588} INFO - Filling up the DagBag from /opt/airflow/dags/dag_dynamic.py
[2025-11-04T19:57:57.762+0000] {processor.py:925} INFO - DAG(s) 'monthly_hiring_pipeline' retrieved from /opt/airflow/dags/dag_dynamic.py
[2025-11-04T19:57:57.788+0000] {logging_mixin.py:190} INFO - [2025-11-04T19:57:57.788+0000] {dag.py:3239} INFO - Sync 1 DAGs
[2025-11-04T19:57:57.807+0000] {logging_mixin.py:190} INFO - [2025-11-04T19:57:57.806+0000] {dag.py:4180} INFO - Setting next_dagrun for monthly_hiring_pipeline to 2025-06-05 15:00:00+00:00, run_after=2025-07-05 15:00:00+00:00
[2025-11-04T19:57:57.826+0000] {processor.py:208} INFO - Processing /opt/airflow/dags/dag_dynamic.py took 1.762 seconds
[2025-11-04T19:58:18.731+0000] {processor.py:186} INFO - Started process (PID=3804) to work on /opt/airflow/dags/dag_dynamic.py
[2025-11-04T19:58:18.734+0000] {processor.py:914} INFO - Processing file /opt/airflow/dags/dag_dynamic.py for tasks to queue
[2025-11-04T19:58:18.737+0000] {logging_mixin.py:190} INFO - [2025-11-04T19:58:18.737+0000] {dagbag.py:588} INFO - Filling up the DagBag from /opt/airflow/dags/dag_dynamic.py
[2025-11-04T19:58:21.192+0000] {processor.py:925} INFO - DAG(s) 'monthly_hiring_pipeline' retrieved from /opt/airflow/dags/dag_dynamic.py
[2025-11-04T19:58:21.444+0000] {logging_mixin.py:190} INFO - [2025-11-04T19:58:21.444+0000] {dag.py:3239} INFO - Sync 1 DAGs
[2025-11-04T19:58:21.485+0000] {logging_mixin.py:190} INFO - [2025-11-04T19:58:21.484+0000] {dag.py:4180} INFO - Setting next_dagrun for monthly_hiring_pipeline to 2025-06-05 15:00:00+00:00, run_after=2025-07-05 15:00:00+00:00
[2025-11-04T19:58:21.538+0000] {processor.py:208} INFO - Processing /opt/airflow/dags/dag_dynamic.py took 2.822 seconds
[2025-11-04T19:58:55.925+0000] {processor.py:186} INFO - Started process (PID=3834) to work on /opt/airflow/dags/dag_dynamic.py
[2025-11-04T19:58:55.928+0000] {processor.py:914} INFO - Processing file /opt/airflow/dags/dag_dynamic.py for tasks to queue
[2025-11-04T19:58:55.931+0000] {logging_mixin.py:190} INFO - [2025-11-04T19:58:55.930+0000] {dagbag.py:588} INFO - Filling up the DagBag from /opt/airflow/dags/dag_dynamic.py
[2025-11-04T19:58:57.702+0000] {processor.py:925} INFO - DAG(s) 'monthly_hiring_pipeline' retrieved from /opt/airflow/dags/dag_dynamic.py
[2025-11-04T19:58:57.823+0000] {logging_mixin.py:190} INFO - [2025-11-04T19:58:57.823+0000] {dag.py:3239} INFO - Sync 1 DAGs
[2025-11-04T19:58:57.834+0000] {logging_mixin.py:190} INFO - [2025-11-04T19:58:57.834+0000] {dag.py:3262} INFO - Creating ORM DAG for monthly_hiring_pipeline
[2025-11-04T19:58:57.842+0000] {logging_mixin.py:190} INFO - [2025-11-04T19:58:57.842+0000] {dag.py:4180} INFO - Setting next_dagrun for monthly_hiring_pipeline to 2024-10-05 15:00:00+00:00, run_after=2024-11-05 15:00:00+00:00
[2025-11-04T19:58:57.861+0000] {processor.py:208} INFO - Processing /opt/airflow/dags/dag_dynamic.py took 1.958 seconds
[2025-11-04T19:59:41.021+0000] {processor.py:186} INFO - Started process (PID=3959) to work on /opt/airflow/dags/dag_dynamic.py
[2025-11-04T19:59:41.023+0000] {processor.py:914} INFO - Processing file /opt/airflow/dags/dag_dynamic.py for tasks to queue
[2025-11-04T19:59:41.026+0000] {logging_mixin.py:190} INFO - [2025-11-04T19:59:41.025+0000] {dagbag.py:588} INFO - Filling up the DagBag from /opt/airflow/dags/dag_dynamic.py
[2025-11-04T19:59:43.248+0000] {processor.py:925} INFO - DAG(s) 'monthly_hiring_pipeline' retrieved from /opt/airflow/dags/dag_dynamic.py
[2025-11-04T19:59:43.278+0000] {logging_mixin.py:190} INFO - [2025-11-04T19:59:43.277+0000] {dag.py:3239} INFO - Sync 1 DAGs
[2025-11-04T19:59:43.301+0000] {logging_mixin.py:190} INFO - [2025-11-04T19:59:43.301+0000] {dag.py:4180} INFO - Setting next_dagrun for monthly_hiring_pipeline to 2025-02-05 15:00:00+00:00, run_after=2025-03-05 15:00:00+00:00
[2025-11-04T19:59:43.330+0000] {processor.py:208} INFO - Processing /opt/airflow/dags/dag_dynamic.py took 2.321 seconds
[2025-11-04T20:00:40.337+0000] {processor.py:186} INFO - Started process (PID=4159) to work on /opt/airflow/dags/dag_dynamic.py
[2025-11-04T20:00:40.339+0000] {processor.py:914} INFO - Processing file /opt/airflow/dags/dag_dynamic.py for tasks to queue
[2025-11-04T20:00:40.341+0000] {logging_mixin.py:190} INFO - [2025-11-04T20:00:40.341+0000] {dagbag.py:588} INFO - Filling up the DagBag from /opt/airflow/dags/dag_dynamic.py
[2025-11-04T20:00:42.374+0000] {processor.py:925} INFO - DAG(s) 'monthly_hiring_pipeline' retrieved from /opt/airflow/dags/dag_dynamic.py
[2025-11-04T20:00:42.409+0000] {logging_mixin.py:190} INFO - [2025-11-04T20:00:42.409+0000] {dag.py:3239} INFO - Sync 1 DAGs
[2025-11-04T20:00:42.435+0000] {logging_mixin.py:190} INFO - [2025-11-04T20:00:42.435+0000] {dag.py:4180} INFO - Setting next_dagrun for monthly_hiring_pipeline to 2025-04-05 15:00:00+00:00, run_after=2025-05-05 15:00:00+00:00
[2025-11-04T20:00:42.463+0000] {processor.py:208} INFO - Processing /opt/airflow/dags/dag_dynamic.py took 2.135 seconds
[2025-11-04T20:01:29.199+0000] {processor.py:186} INFO - Started process (PID=4329) to work on /opt/airflow/dags/dag_dynamic.py
[2025-11-04T20:01:29.201+0000] {processor.py:914} INFO - Processing file /opt/airflow/dags/dag_dynamic.py for tasks to queue
[2025-11-04T20:01:29.204+0000] {logging_mixin.py:190} INFO - [2025-11-04T20:01:29.203+0000] {dagbag.py:588} INFO - Filling up the DagBag from /opt/airflow/dags/dag_dynamic.py
[2025-11-04T20:01:31.620+0000] {processor.py:925} INFO - DAG(s) 'monthly_hiring_pipeline' retrieved from /opt/airflow/dags/dag_dynamic.py
[2025-11-04T20:01:31.681+0000] {logging_mixin.py:190} INFO - [2025-11-04T20:01:31.679+0000] {dag.py:3239} INFO - Sync 1 DAGs
[2025-11-04T20:01:31.799+0000] {logging_mixin.py:190} INFO - [2025-11-04T20:01:31.798+0000] {dag.py:4180} INFO - Setting next_dagrun for monthly_hiring_pipeline to 2025-05-05 15:00:00+00:00, run_after=2025-06-05 15:00:00+00:00
[2025-11-04T20:01:31.860+0000] {processor.py:208} INFO - Processing /opt/airflow/dags/dag_dynamic.py took 2.673 seconds
[2025-11-04T20:02:22.646+0000] {processor.py:186} INFO - Started process (PID=4518) to work on /opt/airflow/dags/dag_dynamic.py
[2025-11-04T20:02:22.649+0000] {processor.py:914} INFO - Processing file /opt/airflow/dags/dag_dynamic.py for tasks to queue
[2025-11-04T20:02:22.653+0000] {logging_mixin.py:190} INFO - [2025-11-04T20:02:22.652+0000] {dagbag.py:588} INFO - Filling up the DagBag from /opt/airflow/dags/dag_dynamic.py
[2025-11-04T20:02:24.725+0000] {processor.py:925} INFO - DAG(s) 'monthly_hiring_pipeline' retrieved from /opt/airflow/dags/dag_dynamic.py
[2025-11-04T20:02:24.757+0000] {logging_mixin.py:190} INFO - [2025-11-04T20:02:24.757+0000] {dag.py:3239} INFO - Sync 1 DAGs
[2025-11-04T20:02:24.789+0000] {logging_mixin.py:190} INFO - [2025-11-04T20:02:24.789+0000] {dag.py:4180} INFO - Setting next_dagrun for monthly_hiring_pipeline to 2025-06-05 15:00:00+00:00, run_after=2025-07-05 15:00:00+00:00
[2025-11-04T20:02:24.821+0000] {processor.py:208} INFO - Processing /opt/airflow/dags/dag_dynamic.py took 2.186 seconds
[2025-11-04T20:03:15.521+0000] {processor.py:186} INFO - Started process (PID=4707) to work on /opt/airflow/dags/dag_dynamic.py
[2025-11-04T20:03:15.523+0000] {processor.py:914} INFO - Processing file /opt/airflow/dags/dag_dynamic.py for tasks to queue
[2025-11-04T20:03:15.527+0000] {logging_mixin.py:190} INFO - [2025-11-04T20:03:15.526+0000] {dagbag.py:588} INFO - Filling up the DagBag from /opt/airflow/dags/dag_dynamic.py
[2025-11-04T20:03:17.533+0000] {processor.py:925} INFO - DAG(s) 'monthly_hiring_pipeline' retrieved from /opt/airflow/dags/dag_dynamic.py
[2025-11-04T20:03:17.562+0000] {logging_mixin.py:190} INFO - [2025-11-04T20:03:17.562+0000] {dag.py:3239} INFO - Sync 1 DAGs
[2025-11-04T20:03:17.589+0000] {logging_mixin.py:190} INFO - [2025-11-04T20:03:17.589+0000] {dag.py:4180} INFO - Setting next_dagrun for monthly_hiring_pipeline to 2025-07-05 15:00:00+00:00, run_after=2025-08-05 15:00:00+00:00
[2025-11-04T20:03:17.617+0000] {processor.py:208} INFO - Processing /opt/airflow/dags/dag_dynamic.py took 2.110 seconds
[2025-11-04T20:04:26.114+0000] {processor.py:186} INFO - Started process (PID=4896) to work on /opt/airflow/dags/dag_dynamic.py
[2025-11-04T20:04:26.117+0000] {processor.py:914} INFO - Processing file /opt/airflow/dags/dag_dynamic.py for tasks to queue
[2025-11-04T20:04:26.120+0000] {logging_mixin.py:190} INFO - [2025-11-04T20:04:26.119+0000] {dagbag.py:588} INFO - Filling up the DagBag from /opt/airflow/dags/dag_dynamic.py
[2025-11-04T20:04:28.400+0000] {processor.py:925} INFO - DAG(s) 'monthly_hiring_pipeline' retrieved from /opt/airflow/dags/dag_dynamic.py
[2025-11-04T20:04:28.433+0000] {logging_mixin.py:190} INFO - [2025-11-04T20:04:28.433+0000] {dag.py:3239} INFO - Sync 1 DAGs
[2025-11-04T20:04:28.464+0000] {logging_mixin.py:190} INFO - [2025-11-04T20:04:28.464+0000] {dag.py:4180} INFO - Setting next_dagrun for monthly_hiring_pipeline to 2025-08-05 15:00:00+00:00, run_after=2025-09-05 15:00:00+00:00
[2025-11-04T20:04:28.493+0000] {processor.py:208} INFO - Processing /opt/airflow/dags/dag_dynamic.py took 2.391 seconds
[2025-11-04T20:05:26.293+0000] {processor.py:186} INFO - Started process (PID=5085) to work on /opt/airflow/dags/dag_dynamic.py
[2025-11-04T20:05:26.295+0000] {processor.py:914} INFO - Processing file /opt/airflow/dags/dag_dynamic.py for tasks to queue
[2025-11-04T20:05:26.297+0000] {logging_mixin.py:190} INFO - [2025-11-04T20:05:26.296+0000] {dagbag.py:588} INFO - Filling up the DagBag from /opt/airflow/dags/dag_dynamic.py
[2025-11-04T20:05:28.031+0000] {processor.py:925} INFO - DAG(s) 'monthly_hiring_pipeline' retrieved from /opt/airflow/dags/dag_dynamic.py
[2025-11-04T20:05:28.058+0000] {logging_mixin.py:190} INFO - [2025-11-04T20:05:28.058+0000] {dag.py:3239} INFO - Sync 1 DAGs
[2025-11-04T20:05:28.082+0000] {logging_mixin.py:190} INFO - [2025-11-04T20:05:28.081+0000] {dag.py:4180} INFO - Setting next_dagrun for monthly_hiring_pipeline to 2025-09-05 15:00:00+00:00, run_after=2025-10-05 15:00:00+00:00
[2025-11-04T20:05:28.103+0000] {processor.py:208} INFO - Processing /opt/airflow/dags/dag_dynamic.py took 1.820 seconds
[2025-11-04T20:05:59.261+0000] {processor.py:186} INFO - Started process (PID=5115) to work on /opt/airflow/dags/dag_dynamic.py
[2025-11-04T20:05:59.263+0000] {processor.py:914} INFO - Processing file /opt/airflow/dags/dag_dynamic.py for tasks to queue
[2025-11-04T20:05:59.265+0000] {logging_mixin.py:190} INFO - [2025-11-04T20:05:59.265+0000] {dagbag.py:588} INFO - Filling up the DagBag from /opt/airflow/dags/dag_dynamic.py
[2025-11-04T20:06:01.172+0000] {processor.py:925} INFO - DAG(s) 'monthly_hiring_pipeline' retrieved from /opt/airflow/dags/dag_dynamic.py
[2025-11-04T20:06:01.196+0000] {logging_mixin.py:190} INFO - [2025-11-04T20:06:01.196+0000] {dag.py:3239} INFO - Sync 1 DAGs
[2025-11-04T20:06:01.214+0000] {logging_mixin.py:190} INFO - [2025-11-04T20:06:01.214+0000] {dag.py:4180} INFO - Setting next_dagrun for monthly_hiring_pipeline to 2025-09-05 15:00:00+00:00, run_after=2025-10-05 15:00:00+00:00
[2025-11-04T20:06:01.242+0000] {processor.py:208} INFO - Processing /opt/airflow/dags/dag_dynamic.py took 1.995 seconds
[2025-11-04T20:06:32.101+0000] {processor.py:186} INFO - Started process (PID=5145) to work on /opt/airflow/dags/dag_dynamic.py
[2025-11-04T20:06:32.103+0000] {processor.py:914} INFO - Processing file /opt/airflow/dags/dag_dynamic.py for tasks to queue
[2025-11-04T20:06:32.106+0000] {logging_mixin.py:190} INFO - [2025-11-04T20:06:32.105+0000] {dagbag.py:588} INFO - Filling up the DagBag from /opt/airflow/dags/dag_dynamic.py
[2025-11-04T20:06:33.957+0000] {processor.py:925} INFO - DAG(s) 'monthly_hiring_pipeline' retrieved from /opt/airflow/dags/dag_dynamic.py
[2025-11-04T20:06:33.982+0000] {logging_mixin.py:190} INFO - [2025-11-04T20:06:33.982+0000] {dag.py:3239} INFO - Sync 1 DAGs
[2025-11-04T20:06:34.000+0000] {logging_mixin.py:190} INFO - [2025-11-04T20:06:34.000+0000] {dag.py:4180} INFO - Setting next_dagrun for monthly_hiring_pipeline to 2025-09-05 15:00:00+00:00, run_after=2025-10-05 15:00:00+00:00
[2025-11-04T20:06:34.019+0000] {processor.py:208} INFO - Processing /opt/airflow/dags/dag_dynamic.py took 1.931 seconds
[2025-11-04T20:07:04.651+0000] {processor.py:186} INFO - Started process (PID=5175) to work on /opt/airflow/dags/dag_dynamic.py
[2025-11-04T20:07:04.653+0000] {processor.py:914} INFO - Processing file /opt/airflow/dags/dag_dynamic.py for tasks to queue
[2025-11-04T20:07:04.656+0000] {logging_mixin.py:190} INFO - [2025-11-04T20:07:04.655+0000] {dagbag.py:588} INFO - Filling up the DagBag from /opt/airflow/dags/dag_dynamic.py
[2025-11-04T20:07:06.250+0000] {processor.py:925} INFO - DAG(s) 'monthly_hiring_pipeline' retrieved from /opt/airflow/dags/dag_dynamic.py
[2025-11-04T20:07:06.292+0000] {logging_mixin.py:190} INFO - [2025-11-04T20:07:06.292+0000] {dag.py:3239} INFO - Sync 1 DAGs
[2025-11-04T20:07:06.341+0000] {logging_mixin.py:190} INFO - [2025-11-04T20:07:06.341+0000] {dag.py:4180} INFO - Setting next_dagrun for monthly_hiring_pipeline to 2025-09-05 15:00:00+00:00, run_after=2025-10-05 15:00:00+00:00
[2025-11-04T20:07:06.391+0000] {processor.py:208} INFO - Processing /opt/airflow/dags/dag_dynamic.py took 1.757 seconds
[2025-11-04T20:07:36.864+0000] {processor.py:186} INFO - Started process (PID=5205) to work on /opt/airflow/dags/dag_dynamic.py
[2025-11-04T20:07:36.866+0000] {processor.py:914} INFO - Processing file /opt/airflow/dags/dag_dynamic.py for tasks to queue
[2025-11-04T20:07:36.869+0000] {logging_mixin.py:190} INFO - [2025-11-04T20:07:36.869+0000] {dagbag.py:588} INFO - Filling up the DagBag from /opt/airflow/dags/dag_dynamic.py
[2025-11-04T20:07:38.436+0000] {processor.py:925} INFO - DAG(s) 'monthly_hiring_pipeline' retrieved from /opt/airflow/dags/dag_dynamic.py
[2025-11-04T20:07:38.538+0000] {logging_mixin.py:190} INFO - [2025-11-04T20:07:38.537+0000] {dag.py:3239} INFO - Sync 1 DAGs
[2025-11-04T20:07:38.548+0000] {logging_mixin.py:190} INFO - [2025-11-04T20:07:38.548+0000] {dag.py:3262} INFO - Creating ORM DAG for monthly_hiring_pipeline
[2025-11-04T20:07:38.556+0000] {logging_mixin.py:190} INFO - [2025-11-04T20:07:38.555+0000] {dag.py:4180} INFO - Setting next_dagrun for monthly_hiring_pipeline to 2024-10-05 15:00:00+00:00, run_after=2024-11-05 15:00:00+00:00
[2025-11-04T20:07:38.576+0000] {processor.py:208} INFO - Processing /opt/airflow/dags/dag_dynamic.py took 1.726 seconds
[2025-11-04T20:08:12.635+0000] {processor.py:186} INFO - Started process (PID=5289) to work on /opt/airflow/dags/dag_dynamic.py
[2025-11-04T20:08:12.637+0000] {processor.py:914} INFO - Processing file /opt/airflow/dags/dag_dynamic.py for tasks to queue
[2025-11-04T20:08:12.639+0000] {logging_mixin.py:190} INFO - [2025-11-04T20:08:12.638+0000] {dagbag.py:588} INFO - Filling up the DagBag from /opt/airflow/dags/dag_dynamic.py
[2025-11-04T20:08:15.009+0000] {processor.py:925} INFO - DAG(s) 'monthly_hiring_pipeline' retrieved from /opt/airflow/dags/dag_dynamic.py
[2025-11-04T20:08:15.204+0000] {logging_mixin.py:190} INFO - [2025-11-04T20:08:15.204+0000] {dag.py:3239} INFO - Sync 1 DAGs
[2025-11-04T20:08:15.298+0000] {logging_mixin.py:190} INFO - [2025-11-04T20:08:15.297+0000] {dag.py:4180} INFO - Setting next_dagrun for monthly_hiring_pipeline to 2025-01-05 15:00:00+00:00, run_after=2025-02-05 15:00:00+00:00
[2025-11-04T20:08:15.365+0000] {processor.py:208} INFO - Processing /opt/airflow/dags/dag_dynamic.py took 2.740 seconds
[2025-11-04T20:09:03.696+0000] {processor.py:186} INFO - Started process (PID=5451) to work on /opt/airflow/dags/dag_dynamic.py
[2025-11-04T20:09:03.698+0000] {processor.py:914} INFO - Processing file /opt/airflow/dags/dag_dynamic.py for tasks to queue
[2025-11-04T20:09:03.700+0000] {logging_mixin.py:190} INFO - [2025-11-04T20:09:03.700+0000] {dagbag.py:588} INFO - Filling up the DagBag from /opt/airflow/dags/dag_dynamic.py
[2025-11-04T20:09:05.713+0000] {processor.py:925} INFO - DAG(s) 'monthly_hiring_pipeline' retrieved from /opt/airflow/dags/dag_dynamic.py
[2025-11-04T20:09:05.744+0000] {logging_mixin.py:190} INFO - [2025-11-04T20:09:05.743+0000] {dag.py:3239} INFO - Sync 1 DAGs
[2025-11-04T20:09:05.766+0000] {logging_mixin.py:190} INFO - [2025-11-04T20:09:05.766+0000] {dag.py:4180} INFO - Setting next_dagrun for monthly_hiring_pipeline to 2025-03-05 15:00:00+00:00, run_after=2025-04-05 15:00:00+00:00
[2025-11-04T20:09:05.788+0000] {processor.py:208} INFO - Processing /opt/airflow/dags/dag_dynamic.py took 2.103 seconds
[2025-11-04T20:09:36.678+0000] {processor.py:186} INFO - Started process (PID=5560) to work on /opt/airflow/dags/dag_dynamic.py
[2025-11-04T20:09:36.681+0000] {processor.py:914} INFO - Processing file /opt/airflow/dags/dag_dynamic.py for tasks to queue
[2025-11-04T20:09:36.684+0000] {logging_mixin.py:190} INFO - [2025-11-04T20:09:36.683+0000] {dagbag.py:588} INFO - Filling up the DagBag from /opt/airflow/dags/dag_dynamic.py
[2025-11-04T20:09:40.594+0000] {processor.py:925} INFO - DAG(s) 'monthly_hiring_pipeline' retrieved from /opt/airflow/dags/dag_dynamic.py
[2025-11-04T20:09:40.841+0000] {logging_mixin.py:190} INFO - [2025-11-04T20:09:40.841+0000] {dag.py:3239} INFO - Sync 1 DAGs
[2025-11-04T20:09:40.976+0000] {logging_mixin.py:190} INFO - [2025-11-04T20:09:40.976+0000] {dag.py:4180} INFO - Setting next_dagrun for monthly_hiring_pipeline to 2025-04-05 15:00:00+00:00, run_after=2025-05-05 15:00:00+00:00
[2025-11-04T20:09:41.017+0000] {processor.py:208} INFO - Processing /opt/airflow/dags/dag_dynamic.py took 4.351 seconds
[2025-11-04T20:10:33.965+0000] {processor.py:186} INFO - Started process (PID=5731) to work on /opt/airflow/dags/dag_dynamic.py
[2025-11-04T20:10:33.971+0000] {processor.py:914} INFO - Processing file /opt/airflow/dags/dag_dynamic.py for tasks to queue
[2025-11-04T20:10:33.980+0000] {logging_mixin.py:190} INFO - [2025-11-04T20:10:33.979+0000] {dagbag.py:588} INFO - Filling up the DagBag from /opt/airflow/dags/dag_dynamic.py
[2025-11-04T20:10:35.976+0000] {processor.py:925} INFO - DAG(s) 'monthly_hiring_pipeline' retrieved from /opt/airflow/dags/dag_dynamic.py
[2025-11-04T20:10:36.024+0000] {logging_mixin.py:190} INFO - [2025-11-04T20:10:36.024+0000] {dag.py:3239} INFO - Sync 1 DAGs
[2025-11-04T20:10:36.056+0000] {logging_mixin.py:190} INFO - [2025-11-04T20:10:36.056+0000] {dag.py:4180} INFO - Setting next_dagrun for monthly_hiring_pipeline to 2025-05-05 15:00:00+00:00, run_after=2025-06-05 15:00:00+00:00
[2025-11-04T20:10:36.087+0000] {processor.py:208} INFO - Processing /opt/airflow/dags/dag_dynamic.py took 2.202 seconds
[2025-11-04T20:11:29.542+0000] {processor.py:186} INFO - Started process (PID=5920) to work on /opt/airflow/dags/dag_dynamic.py
[2025-11-04T20:11:29.545+0000] {processor.py:914} INFO - Processing file /opt/airflow/dags/dag_dynamic.py for tasks to queue
[2025-11-04T20:11:29.547+0000] {logging_mixin.py:190} INFO - [2025-11-04T20:11:29.547+0000] {dagbag.py:588} INFO - Filling up the DagBag from /opt/airflow/dags/dag_dynamic.py
[2025-11-04T20:11:31.487+0000] {processor.py:925} INFO - DAG(s) 'monthly_hiring_pipeline' retrieved from /opt/airflow/dags/dag_dynamic.py
[2025-11-04T20:11:31.516+0000] {logging_mixin.py:190} INFO - [2025-11-04T20:11:31.516+0000] {dag.py:3239} INFO - Sync 1 DAGs
[2025-11-04T20:11:31.548+0000] {logging_mixin.py:190} INFO - [2025-11-04T20:11:31.547+0000] {dag.py:4180} INFO - Setting next_dagrun for monthly_hiring_pipeline to 2025-06-05 15:00:00+00:00, run_after=2025-07-05 15:00:00+00:00
[2025-11-04T20:11:31.574+0000] {processor.py:208} INFO - Processing /opt/airflow/dags/dag_dynamic.py took 2.042 seconds
[2025-11-04T20:13:18.832+0000] {processor.py:186} INFO - Started process (PID=6297) to work on /opt/airflow/dags/dag_dynamic.py
[2025-11-04T20:13:18.835+0000] {processor.py:914} INFO - Processing file /opt/airflow/dags/dag_dynamic.py for tasks to queue
[2025-11-04T20:13:18.838+0000] {logging_mixin.py:190} INFO - [2025-11-04T20:13:18.837+0000] {dagbag.py:588} INFO - Filling up the DagBag from /opt/airflow/dags/dag_dynamic.py
[2025-11-04T20:13:21.293+0000] {processor.py:925} INFO - DAG(s) 'monthly_hiring_pipeline' retrieved from /opt/airflow/dags/dag_dynamic.py
[2025-11-04T20:13:21.328+0000] {logging_mixin.py:190} INFO - [2025-11-04T20:13:21.327+0000] {dag.py:3239} INFO - Sync 1 DAGs
[2025-11-04T20:13:21.358+0000] {logging_mixin.py:190} INFO - [2025-11-04T20:13:21.357+0000] {dag.py:4180} INFO - Setting next_dagrun for monthly_hiring_pipeline to 2025-07-05 15:00:00+00:00, run_after=2025-08-05 15:00:00+00:00
[2025-11-04T20:13:21.388+0000] {processor.py:208} INFO - Processing /opt/airflow/dags/dag_dynamic.py took 2.569 seconds
[2025-11-04T20:14:18.432+0000] {processor.py:186} INFO - Started process (PID=6468) to work on /opt/airflow/dags/dag_dynamic.py
[2025-11-04T20:14:18.436+0000] {processor.py:914} INFO - Processing file /opt/airflow/dags/dag_dynamic.py for tasks to queue
[2025-11-04T20:14:18.439+0000] {logging_mixin.py:190} INFO - [2025-11-04T20:14:18.439+0000] {dagbag.py:588} INFO - Filling up the DagBag from /opt/airflow/dags/dag_dynamic.py
[2025-11-04T20:14:20.975+0000] {processor.py:925} INFO - DAG(s) 'monthly_hiring_pipeline' retrieved from /opt/airflow/dags/dag_dynamic.py
[2025-11-04T20:14:21.006+0000] {logging_mixin.py:190} INFO - [2025-11-04T20:14:21.005+0000] {dag.py:3239} INFO - Sync 1 DAGs
[2025-11-04T20:14:21.031+0000] {logging_mixin.py:190} INFO - [2025-11-04T20:14:21.031+0000] {dag.py:4180} INFO - Setting next_dagrun for monthly_hiring_pipeline to 2025-08-05 15:00:00+00:00, run_after=2025-09-05 15:00:00+00:00
[2025-11-04T20:14:21.059+0000] {processor.py:208} INFO - Processing /opt/airflow/dags/dag_dynamic.py took 2.639 seconds
[2025-11-04T20:15:58.571+0000] {processor.py:186} INFO - Started process (PID=6804) to work on /opt/airflow/dags/dag_dynamic.py
[2025-11-04T20:15:58.573+0000] {processor.py:914} INFO - Processing file /opt/airflow/dags/dag_dynamic.py for tasks to queue
[2025-11-04T20:15:58.575+0000] {logging_mixin.py:190} INFO - [2025-11-04T20:15:58.575+0000] {dagbag.py:588} INFO - Filling up the DagBag from /opt/airflow/dags/dag_dynamic.py
[2025-11-04T20:16:00.459+0000] {processor.py:925} INFO - DAG(s) 'monthly_hiring_pipeline' retrieved from /opt/airflow/dags/dag_dynamic.py
[2025-11-04T20:16:00.483+0000] {logging_mixin.py:190} INFO - [2025-11-04T20:16:00.483+0000] {dag.py:3239} INFO - Sync 1 DAGs
[2025-11-04T20:16:00.501+0000] {logging_mixin.py:190} INFO - [2025-11-04T20:16:00.501+0000] {dag.py:4180} INFO - Setting next_dagrun for monthly_hiring_pipeline to 2025-09-05 15:00:00+00:00, run_after=2025-10-05 15:00:00+00:00
[2025-11-04T20:16:00.524+0000] {processor.py:208} INFO - Processing /opt/airflow/dags/dag_dynamic.py took 1.962 seconds
[2025-11-04T20:17:24.897+0000] {processor.py:186} INFO - Started process (PID=7108) to work on /opt/airflow/dags/dag_dynamic.py
[2025-11-04T20:17:24.898+0000] {processor.py:914} INFO - Processing file /opt/airflow/dags/dag_dynamic.py for tasks to queue
[2025-11-04T20:17:24.901+0000] {logging_mixin.py:190} INFO - [2025-11-04T20:17:24.900+0000] {dagbag.py:588} INFO - Filling up the DagBag from /opt/airflow/dags/dag_dynamic.py
[2025-11-04T20:17:26.842+0000] {processor.py:925} INFO - DAG(s) 'monthly_hiring_pipeline' retrieved from /opt/airflow/dags/dag_dynamic.py
[2025-11-04T20:17:26.878+0000] {logging_mixin.py:190} INFO - [2025-11-04T20:17:26.877+0000] {dag.py:3239} INFO - Sync 1 DAGs
[2025-11-04T20:17:26.905+0000] {logging_mixin.py:190} INFO - [2025-11-04T20:17:26.904+0000] {dag.py:4180} INFO - Setting next_dagrun for monthly_hiring_pipeline to 2025-10-05 15:00:00+00:00, run_after=2025-11-05 15:00:00+00:00
[2025-11-04T20:17:26.930+0000] {processor.py:208} INFO - Processing /opt/airflow/dags/dag_dynamic.py took 2.044 seconds
[2025-11-04T20:18:33.371+0000] {processor.py:186} INFO - Started process (PID=7311) to work on /opt/airflow/dags/dag_dynamic.py
[2025-11-04T20:18:33.374+0000] {processor.py:914} INFO - Processing file /opt/airflow/dags/dag_dynamic.py for tasks to queue
[2025-11-04T20:18:33.376+0000] {logging_mixin.py:190} INFO - [2025-11-04T20:18:33.376+0000] {dagbag.py:588} INFO - Filling up the DagBag from /opt/airflow/dags/dag_dynamic.py
[2025-11-04T20:18:35.545+0000] {processor.py:925} INFO - DAG(s) 'monthly_hiring_pipeline' retrieved from /opt/airflow/dags/dag_dynamic.py
[2025-11-04T20:18:35.590+0000] {logging_mixin.py:190} INFO - [2025-11-04T20:18:35.590+0000] {dag.py:3239} INFO - Sync 1 DAGs
[2025-11-04T20:18:35.623+0000] {logging_mixin.py:190} INFO - [2025-11-04T20:18:35.623+0000] {dag.py:4180} INFO - Setting next_dagrun for monthly_hiring_pipeline to 2025-10-05 15:00:00+00:00, run_after=2025-11-05 15:00:00+00:00
[2025-11-04T20:18:35.656+0000] {processor.py:208} INFO - Processing /opt/airflow/dags/dag_dynamic.py took 2.295 seconds
[2025-11-04T20:19:30.649+0000] {processor.py:186} INFO - Started process (PID=7474) to work on /opt/airflow/dags/dag_dynamic.py
[2025-11-04T20:19:30.652+0000] {processor.py:914} INFO - Processing file /opt/airflow/dags/dag_dynamic.py for tasks to queue
[2025-11-04T20:19:30.654+0000] {logging_mixin.py:190} INFO - [2025-11-04T20:19:30.654+0000] {dagbag.py:588} INFO - Filling up the DagBag from /opt/airflow/dags/dag_dynamic.py
[2025-11-04T20:19:32.621+0000] {processor.py:925} INFO - DAG(s) 'monthly_hiring_pipeline' retrieved from /opt/airflow/dags/dag_dynamic.py
[2025-11-04T20:19:32.654+0000] {logging_mixin.py:190} INFO - [2025-11-04T20:19:32.653+0000] {dag.py:3239} INFO - Sync 1 DAGs
[2025-11-04T20:19:32.675+0000] {logging_mixin.py:190} INFO - [2025-11-04T20:19:32.675+0000] {dag.py:4180} INFO - Setting next_dagrun for monthly_hiring_pipeline to 2025-10-05 15:00:00+00:00, run_after=2025-11-05 15:00:00+00:00
[2025-11-04T20:19:32.699+0000] {processor.py:208} INFO - Processing /opt/airflow/dags/dag_dynamic.py took 2.061 seconds
[2025-11-04T20:20:08.415+0000] {processor.py:186} INFO - Started process (PID=7583) to work on /opt/airflow/dags/dag_dynamic.py
[2025-11-04T20:20:08.416+0000] {processor.py:914} INFO - Processing file /opt/airflow/dags/dag_dynamic.py for tasks to queue
[2025-11-04T20:20:08.419+0000] {logging_mixin.py:190} INFO - [2025-11-04T20:20:08.418+0000] {dagbag.py:588} INFO - Filling up the DagBag from /opt/airflow/dags/dag_dynamic.py
[2025-11-04T20:20:10.541+0000] {processor.py:925} INFO - DAG(s) 'monthly_hiring_pipeline' retrieved from /opt/airflow/dags/dag_dynamic.py
[2025-11-04T20:20:10.570+0000] {logging_mixin.py:190} INFO - [2025-11-04T20:20:10.569+0000] {dag.py:3239} INFO - Sync 1 DAGs
[2025-11-04T20:20:10.593+0000] {logging_mixin.py:190} INFO - [2025-11-04T20:20:10.593+0000] {dag.py:4180} INFO - Setting next_dagrun for monthly_hiring_pipeline to 2025-10-05 15:00:00+00:00, run_after=2025-11-05 15:00:00+00:00
[2025-11-04T20:20:10.619+0000] {processor.py:208} INFO - Processing /opt/airflow/dags/dag_dynamic.py took 2.214 seconds
[2025-11-04T20:20:41.153+0000] {processor.py:186} INFO - Started process (PID=7613) to work on /opt/airflow/dags/dag_dynamic.py
[2025-11-04T20:20:41.159+0000] {processor.py:914} INFO - Processing file /opt/airflow/dags/dag_dynamic.py for tasks to queue
[2025-11-04T20:20:41.163+0000] {logging_mixin.py:190} INFO - [2025-11-04T20:20:41.162+0000] {dagbag.py:588} INFO - Filling up the DagBag from /opt/airflow/dags/dag_dynamic.py
[2025-11-04T20:20:43.129+0000] {processor.py:925} INFO - DAG(s) 'monthly_hiring_pipeline' retrieved from /opt/airflow/dags/dag_dynamic.py
[2025-11-04T20:20:43.157+0000] {logging_mixin.py:190} INFO - [2025-11-04T20:20:43.157+0000] {dag.py:3239} INFO - Sync 1 DAGs
[2025-11-04T20:20:43.179+0000] {logging_mixin.py:190} INFO - [2025-11-04T20:20:43.179+0000] {dag.py:4180} INFO - Setting next_dagrun for monthly_hiring_pipeline to 2025-10-05 15:00:00+00:00, run_after=2025-11-05 15:00:00+00:00
[2025-11-04T20:20:43.206+0000] {processor.py:208} INFO - Processing /opt/airflow/dags/dag_dynamic.py took 2.075 seconds
[2025-11-04T20:21:17.792+0000] {processor.py:186} INFO - Started process (PID=7643) to work on /opt/airflow/dags/dag_dynamic.py
[2025-11-04T20:21:17.794+0000] {processor.py:914} INFO - Processing file /opt/airflow/dags/dag_dynamic.py for tasks to queue
[2025-11-04T20:21:17.796+0000] {logging_mixin.py:190} INFO - [2025-11-04T20:21:17.795+0000] {dagbag.py:588} INFO - Filling up the DagBag from /opt/airflow/dags/dag_dynamic.py
[2025-11-04T20:21:19.566+0000] {processor.py:925} INFO - DAG(s) 'monthly_hiring_pipeline' retrieved from /opt/airflow/dags/dag_dynamic.py
[2025-11-04T20:21:19.621+0000] {logging_mixin.py:190} INFO - [2025-11-04T20:21:19.621+0000] {dag.py:3239} INFO - Sync 1 DAGs
[2025-11-04T20:21:19.673+0000] {logging_mixin.py:190} INFO - [2025-11-04T20:21:19.672+0000] {dag.py:4180} INFO - Setting next_dagrun for monthly_hiring_pipeline to 2025-10-05 15:00:00+00:00, run_after=2025-11-05 15:00:00+00:00
[2025-11-04T20:21:19.713+0000] {processor.py:208} INFO - Processing /opt/airflow/dags/dag_dynamic.py took 1.931 seconds
