{"timestamp":"2025-12-03T17:01:10.212230Z","level":"info","event":"DAG bundles loaded: dags-folder, example_dags","logger":"airflow.dag_processing.bundles.manager.DagBundlesManager","filename":"manager.py","lineno":179}
{"timestamp":"2025-12-03T17:01:10.212514Z","level":"info","event":"Filling up the DagBag from /Users/jesu/Desktop/Magister/LabProgramacionCientifica/NanSquad/Proyecto/entrega3/airflow/dags/dag.py","logger":"airflow.models.dagbag.DagBag","filename":"dagbag.py","lineno":593}
{"timestamp":"2025-12-03T17:01:10.218208Z","level":"warning","event":"The `airflow.operators.python.PythonOperator` attribute is deprecated. Please use `'airflow.providers.standard.operators.python.PythonOperator'`.","category":"DeprecatedImportWarning","filename":"/Users/jesu/Desktop/Magister/LabProgramacionCientifica/NanSquad/Proyecto/entrega3/airflow/dags/dag.py","lineno":5,"logger":"py.warnings"}
{"timestamp":"2025-12-03T17:01:10.218265Z","level":"warning","event":"The `airflow.operators.python.BranchPythonOperator` attribute is deprecated. Please use `'airflow.providers.standard.operators.python.BranchPythonOperator'`.","category":"DeprecatedImportWarning","filename":"/Users/jesu/Desktop/Magister/LabProgramacionCientifica/NanSquad/Proyecto/entrega3/airflow/dags/dag.py","lineno":5,"logger":"py.warnings"}
{"timestamp":"2025-12-03T17:01:10.218305Z","level":"warning","event":"The `airflow.operators.empty.EmptyOperator` attribute is deprecated. Please use `'airflow.providers.standard.operators.empty.EmptyOperator'`.","category":"DeprecatedImportWarning","filename":"/Users/jesu/Desktop/Magister/LabProgramacionCientifica/NanSquad/Proyecto/entrega3/airflow/dags/dag.py","lineno":6,"logger":"py.warnings"}
{"timestamp":"2025-12-03T17:01:10.218340Z","level":"warning","event":"The `airflow.models.baseoperator.cross_downstream` attribute is deprecated. Please use `'airflow.sdk.bases.operator.cross_downstream'`.","category":"DeprecatedImportWarning","filename":"/Users/jesu/Desktop/Magister/LabProgramacionCientifica/NanSquad/Proyecto/entrega3/airflow/dags/dag.py","lineno":8,"logger":"py.warnings"}
{"timestamp":"2025-12-03T17:01:10.218372Z","level":"warning","event":"No system locale set. Falling back to 'en_US'. Set LANG/LC_ALL or pass locale_code to override.","category":"UserWarning","filename":"/Users/jesu/Desktop/Magister/LabProgramacionCientifica/NanSquad/Proyecto/entrega3/venv/lib/python3.10/site-packages/cron_descriptor/ExpressionDescriptor.py","lineno":69,"logger":"py.warnings"}
{"timestamp":"2025-12-03T17:01:10.226945Z","level":"info","event":"Task instance is in running state","logger":"task.stdout"}
{"timestamp":"2025-12-03T17:01:10.226992Z","level":"info","event":" Previous state of the Task instance: TaskInstanceState.QUEUED","logger":"task.stdout"}
{"timestamp":"2025-12-03T17:01:10.227223Z","level":"info","event":"Current task name:prepare_data","logger":"task.stdout"}
{"timestamp":"2025-12-03T17:01:10.227255Z","level":"info","event":"Dag name:product_purchase_prediction","logger":"task.stdout"}
{"timestamp":"2025-12-03T17:01:10.264769Z","level":"info","event":"Metadata guardada: fecha más reciente en datos = 2025-01-12","logger":"task.stdout"}
{"timestamp":"2025-12-03T17:01:10.603246Z","level":"info","event":"Generando registros sintéticos de productos no comprados...","logger":"task.stdout"}
{"timestamp":"2025-12-03T17:01:13.044536Z","level":"info","event":"Agregados 4491 registros sintéticos de productos no comprados","logger":"task.stdout"}
{"timestamp":"2025-12-03T17:01:13.044622Z","level":"info","event":"Tamaño del dataset: 218797 registros totales","logger":"task.stdout"}
{"timestamp":"2025-12-03T17:01:13.458015Z","level":"info","event":"Done. Returned value was: /Users/jesu/Desktop/Magister/LabProgramacionCientifica/NanSquad/Proyecto/entrega3/airflow/data/transformed","logger":"airflow.task.operators.airflow.providers.standard.operators.python.PythonOperator","filename":"python.py","lineno":218}
{"timestamp":"2025-12-03T17:01:13.458189Z","level":"info","event":"Pushing xcom","ti":"RuntimeTaskInstance(id=UUID('019ae529-0287-748f-b28a-5c3c926046a0'), task_id='prepare_data', dag_id='product_purchase_prediction', run_id='manual__2025-12-03T17:01:00+00:00', try_number=1, dag_version_id=UUID('019ae4f4-bd48-7665-b403-659e6387b87f'), map_index=-1, hostname='mac-mini-de-maria.local', context_carrier={}, task=<Task(PythonOperator): prepare_data>, bundle_instance=LocalDagBundle(name=dags-folder), max_tries=1, start_date=datetime.datetime(2025, 12, 3, 17, 1, 9, 166294, tzinfo=datetime.timezone.utc), end_date=None, state=<TaskInstanceState.RUNNING: 'running'>, is_mapped=False, rendered_map_index=None)","logger":"task","filename":"task_runner.py","lineno":1360}
{"timestamp":"2025-12-03T17:01:13.472742Z","level":"info","event":"Task instance in success state","logger":"task.stdout"}
{"timestamp":"2025-12-03T17:01:13.472810Z","level":"info","event":" Previous state of the Task instance: TaskInstanceState.RUNNING","logger":"task.stdout"}
{"timestamp":"2025-12-03T17:01:13.473082Z","level":"info","event":"Task operator:<Task(PythonOperator): prepare_data>","logger":"task.stdout"}
